[2023-05-26 22:11:49,906] multiqc                                            [DEBUG  ]  This is MultiQC v1.13
[2023-05-26 22:11:49,907] multiqc                                            [DEBUG  ]  Command used: /shared/ifbstor1/software/miniconda/envs/multiqc-1.13/bin/multiqc --force --title rgrochowski sample sub-set ../data/merged_pairs/ ./fastqc/ ./rgrochowski_flash2.log ./bowtie/
[2023-05-26 22:11:50,406] multiqc                                            [WARNING]  MultiQC Version v1.14 now available!
[2023-05-26 22:11:50,406] multiqc                                            [DEBUG  ]  Working dir : /shared/ifbstor1/projects/2314_medbioinfo/radoslaw/MedBioinfo/analyses
[2023-05-26 22:11:50,406] multiqc                                            [DEBUG  ]  Template    : default
[2023-05-26 22:11:50,406] multiqc                                            [DEBUG  ]  Running Python 3.10.6 | packaged by conda-forge | (main, Aug 22 2022, 20:36:39) [GCC 10.4.0]
[2023-05-26 22:11:50,407] multiqc                                            [INFO   ]  Report title: rgrochowski sample sub-set
[2023-05-26 22:11:50,408] multiqc                                            [DEBUG  ]  Analysing modules: custom_content, ccs, ngsderive, purple, conpair, lima, peddy, somalier, methylQA, mosdepth, phantompeakqualtools, qualimap, preseq, quast, qorts, rna_seqc, rockhopper, rsem, rseqc, busco, bustools, goleft_indexcov, gffcompare, disambiguate, supernova, deeptools, sargasso, verifybamid, mirtrace, happy, mirtop, sambamba, homer, hops, macs2, theta2, snpeff, gatk, htseq, bcftools, featureCounts, fgbio, dragen, dedup, pbmarkdup, damageprofiler, biobambam2, jcvi, mtnucratio, picard, vep, sentieon, prokka, qc3C, nanostat, samblaster, samtools, sexdeterrmine, eigenstratdatabasetools, bamtools, jellyfish, vcftools, longranger, stacks, varscan2, snippy, bbmap, bismark, biscuit, hicexplorer, hicup, hicpro, salmon, kallisto, slamdunk, star, hisat2, tophat, bowtie2, bowtie1, snpsplit, odgi, pangolin, kat, leehom, adapterRemoval, clipandmerge, cutadapt, flexbar, kaiju, kraken, malt, trimmomatic, sickle, skewer, sortmerna, biobloomtools, fastq_screen, afterqc, fastp, fastqc, pychopper, pycoqc, minionqc, multivcfanalyzer, clusterflow, checkqc, bcl2fastq, bclconvert, interop, ivar, flash, seqyclean, optitype, whatshap
[2023-05-26 22:11:50,443] multiqc                                            [DEBUG  ]  Using temporary directory for creating report: /tmp/tmpdpekmjd9
[2023-05-26 22:11:50,864] multiqc                                            [INFO   ]  Search path : /shared/ifbstor1/projects/2314_medbioinfo/radoslaw/MedBioinfo/data/merged_pairs
[2023-05-26 22:11:50,864] multiqc                                            [INFO   ]  Search path : /shared/ifbstor1/projects/2314_medbioinfo/radoslaw/MedBioinfo/analyses/fastqc
[2023-05-26 22:11:50,864] multiqc                                            [INFO   ]  Search path : /shared/ifbstor1/projects/2314_medbioinfo/radoslaw/MedBioinfo/analyses/rgrochowski_flash2.log
[2023-05-26 22:11:50,864] multiqc                                            [INFO   ]  Search path : /shared/ifbstor1/projects/2314_medbioinfo/radoslaw/MedBioinfo/analyses/bowtie
[2023-05-26 22:11:55,833] multiqc                                            [DEBUG  ]  Summary of files that were skipped by the search: [skipped_module_specific_max_filesize: 198] // [skipped_no_match: 54] // [skipped_ignore_pattern: 30]
[2023-05-26 22:11:57,918] multiqc.plots.bargraph                             [DEBUG  ]  Using matplotlib version 3.6.1
[2023-05-26 22:11:57,920] multiqc.plots.linegraph                            [DEBUG  ]  Using matplotlib version 3.6.1
[2023-05-26 22:11:57,924] multiqc                                            [DEBUG  ]  No samples found: custom_content
[2023-05-26 22:11:57,939] multiqc.modules.bowtie2.bowtie2                    [DEBUG  ]  Duplicate sample name found! Overwriting: rgrochowski_bowtie2_sc2
[2023-05-26 22:11:57,940] multiqc.modules.bowtie2.bowtie2                    [DEBUG  ]  Duplicate sample name found! Overwriting: rgrochowski_bowtie2_sc2
[2023-05-26 22:11:57,940] multiqc.modules.bowtie2.bowtie2                    [DEBUG  ]  Duplicate sample name found! Overwriting: rgrochowski_bowtie2_sc2
[2023-05-26 22:11:57,941] multiqc.modules.bowtie2.bowtie2                    [DEBUG  ]  Duplicate sample name found! Overwriting: rgrochowski_bowtie2_PhiX
[2023-05-26 22:11:57,942] multiqc.modules.bowtie2.bowtie2                    [DEBUG  ]  Duplicate sample name found! Overwriting: rgrochowski_bowtie2_PhiX
[2023-05-26 22:11:57,942] multiqc.modules.bowtie2.bowtie2                    [DEBUG  ]  Duplicate sample name found! Overwriting: rgrochowski_bowtie2_PhiX
[2023-05-26 22:11:57,942] multiqc.modules.bowtie2.bowtie2                    [INFO   ]  Found 2 reports
[2023-05-26 22:11:58,091] multiqc.modules.fastqc.fastqc                      [INFO   ]  Found 16 reports
[2023-05-26 22:11:58,472] multiqc.modules.flash.flash                        [INFO   ]  Found 8 log reports
[2023-05-26 22:11:58,482] multiqc.modules.flash.flash                        [INFO   ]  Found 8 histogram reports
[2023-05-26 22:11:58,526] multiqc                                            [INFO   ]  Compressing plot data
[2023-05-26 22:11:58,751] multiqc                                            [WARNING]  Deleting    : rgrochowski-sample-sub-set_multiqc_report.html   (-f was specified)
[2023-05-26 22:11:58,754] multiqc                                            [WARNING]  Deleting    : rgrochowski-sample-sub-set_multiqc_report_data   (-f was specified)
[2023-05-26 22:11:58,764] multiqc                                            [INFO   ]  Report      : rgrochowski-sample-sub-set_multiqc_report.html
[2023-05-26 22:11:58,764] multiqc                                            [INFO   ]  Data        : rgrochowski-sample-sub-set_multiqc_report_data
[2023-05-26 22:11:58,764] multiqc                                            [DEBUG  ]  Moving data file from '/tmp/tmpdpekmjd9/multiqc_data' to '/shared/ifbstor1/projects/2314_medbioinfo/radoslaw/MedBioinfo/analyses/rgrochowski-sample-sub-set_multiqc_report_data'
[2023-05-26 22:11:59,063] multiqc                                            [INFO   ]  MultiQC complete
