srun: job 33560863 queued and waiting for resources
srun: job 33560863 has been allocated resources
2752527 reads; of these:
  2752527 (100.00%) were unpaired; of these:
    2750243 (99.92%) aligned 0 times
    2284 (0.08%) aligned exactly 1 time
    0 (0.00%) aligned >1 times
0.08% overall alignment rate
srun: job 33563387 queued and waiting for resources
srun: job 33563387 has been allocated resources
70 reads; of these:
  70 (100.00%) were unpaired; of these:
    69 (98.57%) aligned 0 times
    1 (1.43%) aligned exactly 1 time
    0 (0.00%) aligned >1 times
1.43% overall alignment rate
srun: job 33563696 queued and waiting for resources
srun: job 33563696 has been allocated resources
70 reads; of these:
  70 (100.00%) were unpaired; of these:
    69 (98.57%) aligned 0 times
    1 (1.43%) aligned exactly 1 time
    0 (0.00%) aligned >1 times
1.43% overall alignment rate
srun: job 33563838 queued and waiting for resources
srun: job 33563838 has been allocated resources
70 reads; of these:
  70 (100.00%) were unpaired; of these:
    69 (98.57%) aligned 0 times
    1 (1.43%) aligned exactly 1 time
    0 (0.00%) aligned >1 times
1.43% overall alignment rate
