ERR6913113.734.1	NC_019917.1	80.899	89	13	4	14	100	31180	31266	2.14e-10	67.6
ERR6913113.849.1	NC_027981.1	100.000	106	0	0	1	106	11321	11426	2.08e-49	196
ERR6913113.946.1	NC_023688.1	94.286	35	1	1	14	47	149535	149569	5.70e-06	52.8
ERR6913113.2149.1	NC_054956.1	81.879	149	25	2	1	148	15936	15789	1.53e-27	124
ERR6913113.3598.1	NC_042103.1	89.610	77	8	0	1	77	12934	13010	4.24e-20	99.0
ERR6913113.3903.1	NC_027981.1	99.153	118	1	0	1	118	23215	23098	2.37e-54	213
ERR6913113.3903.1	NC_019722.1	98.305	118	2	0	1	118	22319	22202	1.10e-52	207
ERR6913113.3981.1	NC_027981.1	100.000	144	0	0	1	144	5900	6043	2.27e-70	267
ERR6913113.3981.1	NC_019722.1	99.306	144	1	0	1	144	5900	6043	1.06e-68	261
ERR6913113.3981.1	NC_004456.1	99.310	145	0	1	1	144	21417	21561	1.06e-68	261
ERR6913113.4140.1	NC_054714.1	85.542	83	12	0	3	85	151867	151785	9.66e-17	87.9
ERR6913113.4156.1	NC_023734.1	85.027	187	26	2	16	201	22478	22293	7.51e-47	189
ERR6913113.4613.1	NC_027981.1	100.000	82	0	0	1	82	12160	12241	3.21e-36	152
ERR6913113.4807.1	NC_062771.1	93.939	66	4	0	64	129	66046	65981	2.48e-20	100
ERR6913113.5056.1	NC_027981.1	99.194	124	1	0	1	124	13832	13955	1.16e-57	224
ERR6913113.5056.1	NC_004456.1	94.444	126	4	3	2	124	29336	29461	1.18e-47	191
ERR6913113.5718.1	NC_019722.1	97.872	94	2	0	1	94	26064	25971	1.79e-39	163
ERR6913113.5718.1	NC_004456.1	97.826	92	2	0	1	92	43045	42954	2.32e-38	159
ERR6913113.5718.1	NC_027981.1	90.426	94	9	0	1	94	27341	27248	8.47e-28	124
ERR6913113.7549.1	NC_054662.1	91.525	59	4	1	8	65	48702	48644	2.18e-14	80.5
ERR6913113.8144.1	NC_030940.1	88.889	63	6	1	2	63	2916	2854	2.79e-13	76.8
ERR6913113.8671.1	NC_005355.1	100.000	28	0	0	42	69	27475	27502	4.70e-06	52.8
ERR6913113.11417.1	NC_019722.1	100.000	62	0	0	1	62	27738	27677	2.81e-25	115
ERR6913113.11417.1	NC_027981.1	100.000	62	0	0	1	62	29015	28954	2.81e-25	115
ERR6913113.11417.1	NC_004456.1	100.000	62	0	0	1	62	1486	1425	2.81e-25	115
ERR6913113.11420.1	NC_019722.1	100.000	62	0	0	1	62	27738	27677	2.81e-25	115
ERR6913113.11420.1	NC_027981.1	100.000	62	0	0	1	62	29015	28954	2.81e-25	115
ERR6913113.11420.1	NC_004456.1	100.000	62	0	0	1	62	1486	1425	2.81e-25	115
ERR6913113.12105.1	NC_049977.1	100.000	85	0	0	1	85	30111	30195	7.50e-38	158
ERR6913113.14168.1	NC_003309.1	100.000	28	0	0	40	67	43540	43567	5.64e-06	52.8
ERR6913113.14703.1	NC_019722.1	100.000	39	0	0	64	102	9745	9783	3.47e-12	73.1
ERR6913113.14703.1	NC_027981.1	100.000	39	0	0	64	102	9745	9783	3.47e-12	73.1
ERR6913113.14703.1	NC_004456.1	100.000	39	0	0	64	102	25228	25266	3.47e-12	73.1
ERR6913113.16376.1	NC_027981.1	99.248	133	1	0	1	133	26616	26484	1.26e-62	241
ERR6913113.16376.1	NC_004456.1	83.333	96	16	0	1	96	42317	42222	4.84e-17	89.8
ERR6913113.16591.1	NC_016571.1	92.308	52	4	0	54	105	16843	16894	1.39e-12	75.0
ERR6913113.17261.1	NC_027981.1	100.000	110	0	0	1	110	8849	8740	1.30e-51	204
ERR6913113.17261.1	NC_019722.1	99.091	110	1	0	1	110	8849	8740	6.06e-50	198
ERR6913113.17261.1	NC_004456.1	98.182	110	2	0	1	110	24332	24223	2.82e-48	193
ERR6913113.18899.1	NC_004456.1	99.559	227	1	0	1	227	16855	17081	1.31e-114	414
ERR6913113.18899.1	NC_027981.1	99.119	227	2	0	1	227	1337	1563	6.08e-113	409
ERR6913113.18899.1	NC_019722.1	98.678	227	3	0	1	227	1337	1563	2.83e-111	403
ERR6913113.19033.1	NC_019722.1	100.000	105	0	0	1	105	2016	2120	7.38e-49	195
ERR6913113.19033.1	NC_027981.1	100.000	105	0	0	1	105	2016	2120	7.38e-49	195
ERR6913113.19033.1	NC_004456.1	100.000	105	0	0	1	105	17534	17638	7.38e-49	195
ERR6913113.23007.1	NC_004456.1	99.065	107	1	0	1	107	40932	41038	2.72e-48	193
ERR6913113.23007.1	NC_019722.1	98.131	107	2	0	1	107	23956	24062	1.27e-46	187
ERR6913113.23007.1	NC_027981.1	98.131	107	2	0	1	107	25233	25339	1.27e-46	187
ERR6913113.23964.1	NC_054662.1	89.655	58	5	1	93	149	48702	48645	8.61e-12	73.1
ERR6913113.24722.1	NC_027299.1	81.696	224	37	4	29	250	24907	25128	5.27e-45	183
ERR6913113.24722.1	NC_020858.2	81.696	224	37	4	29	250	9462	9683	5.27e-45	183
ERR6913113.24722.1	NC_020856.2	80.000	255	45	6	29	280	37905	37654	5.27e-45	183
ERR6913113.25051.1	NC_019722.1	99.259	135	1	0	1	135	33393	33527	9.93e-64	244
ERR6913113.25051.1	NC_027981.1	99.259	135	1	0	1	135	34673	34807	9.93e-64	244
ERR6913113.25051.1	NC_004456.1	99.259	135	1	0	1	135	7145	7279	9.93e-64	244
ERR6913113.25523.1	NC_027981.1	100.000	192	0	0	1	192	35675	35866	6.64e-97	355
ERR6913113.25523.1	NC_019722.1	99.479	192	1	0	1	192	34395	34586	3.09e-95	350
ERR6913113.25523.1	NC_004456.1	98.958	192	2	0	1	192	8148	8339	1.44e-93	344
ERR6913113.25639.1	NC_019722.1	100.000	160	0	0	1	160	37434	37275	3.29e-79	296
ERR6913113.25639.1	NC_027981.1	100.000	160	0	0	1	160	38714	38555	3.29e-79	296
ERR6913113.25639.1	NC_004456.1	99.375	160	1	0	1	160	11601	11442	1.53e-77	291
ERR6913113.25772.1	NC_008721.2	88.550	131	13	2	1	130	19728	19599	1.27e-37	158
ERR6913113.27933.1	NC_048844.1	96.721	61	0	2	1	60	3661	3602	1.61e-20	100
ERR6913113.27933.1	NC_048837.1	96.721	61	0	2	1	60	3231	3172	1.61e-20	100
ERR6913113.27933.1	NC_048831.1	96.721	61	0	2	1	60	5224	5165	1.61e-20	100
ERR6913113.29012.1	NC_048828.1	90.476	42	4	0	33	74	57087	57128	4.63e-07	56.5
ERR6913113.29012.1	NC_048807.1	90.476	42	4	0	33	74	74960	74919	4.63e-07	56.5
ERR6913113.32281.1	NC_024711.1	97.973	148	3	0	1	148	83717	83864	1.42e-67	257
ERR6913113.32281.1	NC_062771.1	93.919	148	9	0	1	148	81429	81282	1.44e-57	224
ERR6913113.32281.1	NC_062770.1	89.344	122	13	0	24	145	80605	80726	1.91e-36	154
ERR6913113.33244.1	NC_031929.1	90.714	140	13	0	50	189	31847	31986	2.52e-46	187
ERR6913113.33244.1	NC_031910.1	90.714	140	13	0	50	189	33495	33634	2.52e-46	187
ERR6913113.33244.1	NC_024370.1	90.714	140	13	0	50	189	31882	32021	2.52e-46	187
ERR6913113.33244.1	NC_024361.1	90.714	140	13	0	50	189	28904	29043	2.52e-46	187
ERR6913113.34980.1	NC_019722.1	97.778	45	1	0	1	45	27172	27216	2.23e-14	78.7
ERR6913113.35196.1	NC_027981.1	98.701	77	1	0	1	77	5475	5399	8.20e-32	137
ERR6913113.35196.1	NC_019722.1	97.403	77	2	0	1	77	5475	5399	3.81e-30	132
ERR6913113.35196.1	NC_004456.1	97.403	77	2	0	1	77	20996	20920	3.81e-30	132
ERR6913113.35198.1	NC_027981.1	98.701	77	1	0	1	77	5475	5399	8.20e-32	137
ERR6913113.35198.1	NC_019722.1	97.403	77	2	0	1	77	5475	5399	3.81e-30	132
ERR6913113.35198.1	NC_004456.1	97.403	77	2	0	1	77	20996	20920	3.81e-30	132
ERR6913113.35443.1	NC_019722.1	100.000	95	0	0	1	95	28683	28777	2.34e-43	176
ERR6913113.35443.1	NC_027981.1	97.895	95	2	0	1	95	29975	30069	5.06e-40	165
ERR6913113.35443.1	NC_004456.1	97.895	95	2	0	1	95	2447	2541	5.06e-40	165
ERR6913113.35862.1	NC_008168.1	98.039	51	1	0	13	63	20004	19954	1.79e-17	89.8
ERR6913113.35863.1	NC_008168.1	98.039	51	1	0	13	63	20004	19954	1.79e-17	89.8
ERR6913113.36500.1	NC_027981.1	89.655	58	6	0	12	69	12858	12801	5.64e-13	75.0
ERR6913113.36982.1	NC_047880.1	98.551	138	2	0	1	138	99350	99213	1.01e-63	244
ERR6913113.36982.1	NC_047995.1	85.393	89	13	0	12	100	98733	98645	3.88e-18	93.5
ERR6913113.37011.1	NC_047880.1	98.551	138	2	0	1	138	99350	99213	1.01e-63	244
ERR6913113.37011.1	NC_047995.1	85.393	89	13	0	12	100	98733	98645	3.88e-18	93.5
ERR6913113.37620.1	NC_019722.1	100.000	62	0	0	1	62	1290	1229	2.81e-25	115
ERR6913113.37620.1	NC_027981.1	100.000	62	0	0	1	62	1290	1229	2.81e-25	115
ERR6913113.37620.1	NC_004456.1	98.387	62	1	0	1	62	16808	16747	1.31e-23	110
ERR6913113.37744.1	NC_027925.1	100.000	33	0	0	54	86	441166	441198	6.05e-09	62.1
ERR6913113.37762.1	NC_027925.1	100.000	33	0	0	54	86	441166	441198	6.05e-09	62.1
ERR6913113.39148.1	NC_027981.1	99.099	111	1	0	1	111	24086	24196	1.71e-50	200
ERR6913113.39695.1	NC_023859.1	91.589	107	9	0	1	107	26501	26607	6.63e-35	148
ERR6913113.39428.1	NC_027981.1	98.529	68	1	0	1	68	21599	21666	6.99e-27	121
ERR6913113.39428.1	NC_019722.1	97.059	68	2	0	1	68	20702	20769	3.25e-25	115
ERR6913113.40268.1	NC_027981.1	97.938	97	2	0	1	97	23492	23588	4.92e-41	169
ERR6913113.40825.1	NC_019722.1	100.000	87	0	0	1	87	2176	2090	5.80e-39	161
ERR6913113.40825.1	NC_027981.1	100.000	87	0	0	1	87	2176	2090	5.80e-39	161
ERR6913113.40825.1	NC_004456.1	100.000	87	0	0	1	87	17694	17608	5.80e-39	161
ERR6913113.41163.1	NC_049444.1	100.000	39	0	0	15	53	66241	66203	3.47e-12	73.1
ERR6913113.41163.1	NC_055921.1	97.436	39	1	0	15	53	31799	31837	1.62e-10	67.6
ERR6913113.41163.1	NC_049467.1	97.436	39	1	0	15	53	4744	4782	1.62e-10	67.6
ERR6913113.41163.1	NC_021782.1	94.872	39	2	0	15	53	63151	63113	7.52e-09	62.1
ERR6913113.41163.1	NC_021772.1	94.872	39	2	0	15	53	68282	68244	7.52e-09	62.1
ERR6913113.41264.1	NC_019722.1	100.000	132	0	0	1	132	6267	6398	9.66e-64	244
ERR6913113.41264.1	NC_027981.1	100.000	132	0	0	1	132	6267	6398	9.66e-64	244
ERR6913113.41264.1	NC_004456.1	99.242	132	1	0	1	132	21785	21916	4.50e-62	239
ERR6913113.43624.1	NC_049451.1	91.011	89	8	0	3	91	29333	29245	1.05e-26	121
ERR6913113.43624.1	NC_049453.1	89.888	89	9	0	3	91	4809	4897	4.88e-25	115
ERR6913113.43660.1	NC_049451.1	91.011	89	8	0	3	91	29333	29245	1.05e-26	121
ERR6913113.43660.1	NC_049453.1	89.888	89	9	0	3	91	4809	4897	4.88e-25	115
ERR6913113.43805.1	NC_028976.1	82.474	97	15	2	1	96	40582	40677	2.06e-15	84.2
ERR6913113.43805.1	NC_042051.1	84.524	84	11	2	1	83	40045	40127	7.42e-15	82.4
ERR6913113.43805.1	NC_054655.1	89.062	64	7	0	27	90	38713	38776	2.67e-14	80.5
ERR6913113.43805.1	NC_042052.1	81.915	94	15	2	4	96	40700	40792	9.60e-14	78.7
ERR6913113.43805.1	NC_028892.1	83.333	84	12	2	1	83	40149	40231	3.45e-13	76.8
ERR6913113.44043.1	NC_019722.1	97.531	81	2	0	1	81	14425	14505	2.45e-32	139
ERR6913113.44043.1	NC_004456.1	97.531	81	2	0	1	81	30812	30892	2.45e-32	139
ERR6913113.44043.1	NC_027981.1	96.296	81	3	0	1	81	15318	15398	1.14e-30	134
ERR6913113.45915.1	NC_019722.1	100.000	101	0	0	1	101	17643	17743	1.28e-46	187
ERR6913113.45915.1	NC_027981.1	100.000	101	0	0	1	101	18540	18640	1.28e-46	187
ERR6913113.46227.1	NC_024711.1	100.000	120	0	0	1	120	84556	84437	4.27e-57	222
ERR6913113.46227.1	NC_062771.1	93.333	120	8	0	1	120	80590	80709	9.38e-44	178
ERR6913113.46327.1	NC_004456.1	100.000	118	0	0	1	118	12183	12300	5.09e-56	219
ERR6913113.46327.1	NC_019722.1	99.153	118	1	0	1	118	38017	38134	2.37e-54	213
ERR6913113.46327.1	NC_027981.1	99.153	118	1	0	1	118	39297	39414	2.37e-54	213
