ERR6913349.346.1	NC_054662.1	89.655	58	5	1	52	108	48645	48702	8.57e-12	73.1
ERR6913349.1190.1	NC_054662.1	89.655	58	5	1	61	117	48645	48702	7.76e-12	73.1
ERR6913349.1349.1	NC_054662.1	97.297	37	1	0	186	222	48702	48666	5.35e-09	63.9
ERR6913349.1397.1	NC_054662.1	89.655	58	5	1	72	128	48702	48645	5.86e-12	73.1
ERR6913349.1582.1	NC_054662.1	89.655	58	5	1	11	67	48645	48702	1.01e-11	73.1
ERR6913349.3407.1	NC_054662.1	89.655	58	5	1	147	203	48702	48645	9.33e-12	73.1
ERR6913349.3410.1	NC_054662.1	89.655	58	5	1	147	203	48702	48645	9.33e-12	73.1
ERR6913349.3457.1	NC_054662.1	89.655	58	5	1	6	62	48702	48645	4.06e-12	73.1
ERR6913349.4203.1	NC_054662.1	89.655	58	5	1	105	161	48645	48702	1.18e-11	73.1
ERR6913349.5082.1	NC_054662.1	87.931	58	6	1	46	102	48645	48702	4.05e-10	67.6
ERR6913349.5235.1	NC_054662.1	89.655	58	5	1	10	66	48645	48702	5.95e-12	73.1
ERR6913349.5283.1	NC_054662.1	89.655	58	5	1	173	229	48702	48645	1.05e-11	73.1
ERR6913349.6752.1	NC_054662.1	97.222	36	1	0	1	36	48667	48702	9.47e-09	62.1
ERR6913349.7161.1	NC_054662.1	89.655	58	5	1	63	119	48645	48702	1.06e-11	73.1
ERR6913349.7407.1	NC_054662.1	89.655	58	5	1	61	117	48645	48702	1.07e-11	73.1
ERR6913349.8149.1	NC_054662.1	90.196	51	4	1	1	50	48695	48645	6.04e-10	65.8
ERR6913349.8442.1	NC_054662.1	89.655	58	5	1	11	67	48645	48702	5.01e-12	73.1
ERR6913349.8739.1	NC_027364.1	86.154	65	9	0	165	229	207837	207901	3.29e-11	71.3
ERR6913349.8739.1	NC_022096.1	85.294	68	10	0	162	229	120304	120237	3.29e-11	71.3
ERR6913349.8739.1	NC_028999.1	84.058	69	10	1	162	229	294860	294928	1.53e-09	65.8
ERR6913349.8739.1	NC_048660.1	86.792	53	7	0	177	229	79658	79710	7.13e-08	60.2
ERR6913349.8931.1	NC_054662.1	89.655	58	5	1	102	158	48702	48645	1.01e-11	73.1
ERR6913349.10052.1	NC_054662.1	89.655	58	5	1	179	235	48702	48645	1.18e-11	73.1
ERR6913349.10116.1	NC_054662.1	89.655	58	5	1	179	235	48702	48645	1.18e-11	73.1
ERR6913349.10251.1	NC_054662.1	91.837	49	2	2	73	119	48702	48654	1.97e-10	67.6
ERR6913349.10780.1	NC_054662.1	94.915	59	2	1	33	90	48644	48702	1.47e-17	91.6
ERR6913349.10866.1	NC_054662.1	86.441	59	7	1	102	159	48644	48702	6.22e-09	63.9
ERR6913349.11032.1	NC_054662.1	89.655	58	5	1	37	93	48645	48702	3.61e-12	73.1
ERR6913349.11283.1	NC_054662.1	89.655	58	5	1	11	67	48645	48702	9.70e-12	73.1
ERR6913349.14119.1	NC_054662.1	89.655	58	5	1	84	140	48702	48645	6.45e-12	73.1
ERR6913349.14597.1	NC_054662.1	86.441	59	7	1	89	146	48644	48702	3.58e-09	63.9
ERR6913349.14632.1	NC_054662.1	86.441	59	7	1	89	146	48644	48702	3.58e-09	63.9
ERR6913349.14664.1	NC_054662.1	86.441	59	7	1	89	146	48644	48702	3.58e-09	63.9
ERR6913349.15199.1	NC_054662.1	89.655	58	5	1	96	152	48702	48645	8.12e-12	73.1
ERR6913349.16047.1	NC_055849.1	92.308	39	3	0	35	73	73160	73122	2.59e-07	56.5
ERR6913349.16047.1	NC_055851.1	92.308	39	3	0	35	73	73114	73076	2.59e-07	56.5
ERR6913349.16047.1	NC_055848.1	92.308	39	3	0	35	73	72593	72555	2.59e-07	56.5
ERR6913349.16047.1	NC_055830.1	92.308	39	3	0	35	73	73718	73680	2.59e-07	56.5
ERR6913349.16969.1	NC_054662.1	89.655	58	5	1	98	154	48645	48702	6.40e-12	73.1
ERR6913349.17524.1	NC_054662.1	89.655	58	5	1	25	81	48645	48702	4.69e-12	73.1
ERR6913349.17537.1	NC_054662.1	89.655	58	5	1	25	81	48645	48702	4.69e-12	73.1
ERR6913349.17722.1	NC_054662.1	89.655	58	5	1	84	140	48702	48645	7.31e-12	73.1
ERR6913349.18156.1	NC_054662.1	89.655	58	5	1	103	159	48645	48702	8.93e-12	73.1
ERR6913349.19522.1	NC_054662.1	89.655	58	5	1	30	86	48645	48702	1.06e-11	73.1
ERR6913349.19840.1	NC_054662.1	89.655	58	5	1	64	120	48645	48702	4.92e-12	73.1
ERR6913349.20465.1	NC_054662.1	86.441	59	7	1	54	111	48644	48702	5.29e-09	63.9
ERR6913349.20511.1	NC_054662.1	89.655	58	5	1	50	106	48702	48645	3.83e-12	73.1
ERR6913349.21027.1	NC_054662.1	89.655	58	5	1	131	187	48702	48645	8.12e-12	73.1
ERR6913349.21962.1	NC_049949.1	100.000	46	0	0	1	46	9503	9458	1.27e-16	86.1
ERR6913349.21962.1	NC_049948.1	100.000	46	0	0	1	46	9780	9735	1.27e-16	86.1
ERR6913349.21962.1	NC_049951.1	100.000	46	0	0	1	46	9511	9466	1.27e-16	86.1
ERR6913349.21962.1	NC_019711.1	100.000	46	0	0	1	46	9321	9276	1.27e-16	86.1
ERR6913349.21962.1	NC_019723.1	100.000	46	0	0	1	46	9321	9276	1.27e-16	86.1
ERR6913349.21962.1	NC_042057.1	100.000	46	0	0	1	46	29590	29545	1.27e-16	86.1
ERR6913349.21962.1	NC_001416.1	100.000	46	0	0	1	46	9511	9466	1.27e-16	86.1
ERR6913349.21962.1	NC_049950.1	97.826	46	1	0	1	46	10252	10207	5.93e-15	80.5
ERR6913349.21962.1	NC_049955.1	93.182	44	3	0	1	44	9505	9462	1.66e-10	65.8
ERR6913349.21962.1	NC_049954.1	93.182	44	3	0	1	44	9507	9464	1.66e-10	65.8
ERR6913349.21962.1	NC_049952.1	93.182	44	3	0	1	44	9455	9412	1.66e-10	65.8
ERR6913349.21962.1	NC_049947.1	93.182	44	3	0	1	44	9508	9465	1.66e-10	65.8
ERR6913349.22259.1	NC_054662.1	89.655	58	5	1	61	117	48702	48645	6.04e-12	73.1
ERR6913349.22872.1	NC_054662.1	89.655	58	5	1	209	265	48645	48702	1.12e-11	73.1
ERR6913349.23546.1	NC_054662.1	91.837	49	2	2	5	51	48654	48702	2.29e-10	67.6
ERR6913349.23973.1	NC_049953.1	100.000	152	0	0	1	152	39149	38998	8.67e-75	281
ERR6913349.23973.1	NC_049946.1	100.000	152	0	0	1	152	38785	38634	8.67e-75	281
ERR6913349.23973.1	NC_049954.1	100.000	152	0	0	1	152	39941	39790	8.67e-75	281
ERR6913349.23973.1	NC_049952.1	100.000	152	0	0	1	152	39440	39289	8.67e-75	281
ERR6913349.23973.1	NC_049951.1	100.000	152	0	0	1	152	33677	33526	8.67e-75	281
ERR6913349.23973.1	NC_019710.1	100.000	152	0	0	1	152	33727	33576	8.67e-75	281
ERR6913349.23973.1	NC_042057.1	100.000	152	0	0	1	152	14594	14443	8.67e-75	281
ERR6913349.23973.1	NC_001416.1	100.000	152	0	0	1	152	40210	40059	8.67e-75	281
ERR6913349.23973.1	NC_049947.1	100.000	152	0	0	1	152	38320	38169	8.67e-75	281
ERR6913349.23973.1	NC_041935.1	94.737	152	8	0	1	152	15916	15765	1.90e-61	237
ERR6913349.23973.1	NC_049942.1	94.737	152	8	0	1	152	16038	15887	1.90e-61	237
ERR6913349.23973.1	NC_049955.1	90.850	153	12	2	1	152	38360	38209	1.93e-51	204
ERR6913349.23973.1	NC_049949.1	88.889	153	15	2	1	152	39459	39308	1.94e-46	187
ERR6913349.23973.1	NC_049948.1	88.889	153	15	2	1	152	42002	41851	1.94e-46	187
ERR6913349.23973.1	NC_049921.1	88.889	153	15	2	1	152	13506	13355	1.94e-46	187
ERR6913349.23973.1	NC_049920.1	88.889	153	15	2	1	152	15834	15683	1.94e-46	187
ERR6913349.23973.1	NC_049922.1	88.889	153	15	2	1	152	15946	15795	1.94e-46	187
ERR6913349.23973.1	NC_049925.1	88.889	153	15	2	1	152	14907	14756	1.94e-46	187
ERR6913349.23973.1	NC_049923.1	88.889	153	15	2	1	152	9574	9423	1.94e-46	187
ERR6913349.23973.1	NC_004813.1	88.889	153	15	2	1	152	13280	13129	1.94e-46	187
ERR6913349.23973.1	NC_000924.1	88.889	153	15	2	1	152	15119	14968	1.94e-46	187
ERR6913349.24094.1	NC_049953.1	100.000	152	0	0	1	152	39149	38998	8.67e-75	281
ERR6913349.24094.1	NC_049946.1	100.000	152	0	0	1	152	38785	38634	8.67e-75	281
ERR6913349.24094.1	NC_049954.1	100.000	152	0	0	1	152	39941	39790	8.67e-75	281
ERR6913349.24094.1	NC_049952.1	100.000	152	0	0	1	152	39440	39289	8.67e-75	281
ERR6913349.24094.1	NC_049951.1	100.000	152	0	0	1	152	33677	33526	8.67e-75	281
ERR6913349.24094.1	NC_019710.1	100.000	152	0	0	1	152	33727	33576	8.67e-75	281
ERR6913349.24094.1	NC_042057.1	100.000	152	0	0	1	152	14594	14443	8.67e-75	281
ERR6913349.24094.1	NC_001416.1	100.000	152	0	0	1	152	40210	40059	8.67e-75	281
ERR6913349.24094.1	NC_049947.1	100.000	152	0	0	1	152	38320	38169	8.67e-75	281
ERR6913349.24094.1	NC_041935.1	94.737	152	8	0	1	152	15916	15765	1.90e-61	237
ERR6913349.24094.1	NC_049942.1	94.737	152	8	0	1	152	16038	15887	1.90e-61	237
ERR6913349.24094.1	NC_049955.1	90.850	153	12	2	1	152	38360	38209	1.93e-51	204
ERR6913349.24094.1	NC_049949.1	88.889	153	15	2	1	152	39459	39308	1.94e-46	187
ERR6913349.24094.1	NC_049948.1	88.889	153	15	2	1	152	42002	41851	1.94e-46	187
ERR6913349.24094.1	NC_049921.1	88.889	153	15	2	1	152	13506	13355	1.94e-46	187
ERR6913349.24094.1	NC_049920.1	88.889	153	15	2	1	152	15834	15683	1.94e-46	187
ERR6913349.24094.1	NC_049922.1	88.889	153	15	2	1	152	15946	15795	1.94e-46	187
ERR6913349.24094.1	NC_049925.1	88.889	153	15	2	1	152	14907	14756	1.94e-46	187
ERR6913349.24094.1	NC_049923.1	88.889	153	15	2	1	152	9574	9423	1.94e-46	187
ERR6913349.24094.1	NC_004813.1	88.889	153	15	2	1	152	13280	13129	1.94e-46	187
ERR6913349.24094.1	NC_000924.1	88.889	153	15	2	1	152	15119	14968	1.94e-46	187
ERR6913349.24628.1	NC_054662.1	89.655	58	5	1	133	189	48645	48702	1.12e-11	73.1
ERR6913349.25799.1	NC_054662.1	89.655	58	5	1	204	260	48645	48702	1.13e-11	73.1
ERR6913349.26089.1	NC_054662.1	89.655	58	5	1	129	185	48702	48645	9.56e-12	73.1
ERR6913349.26281.1	NC_054662.1	89.655	58	5	1	103	159	48702	48645	6.99e-12	73.1
ERR6913349.26893.1	NC_054662.1	89.655	58	5	1	93	149	48702	48645	7.49e-12	73.1
ERR6913349.28740.1	NC_054662.1	89.655	58	5	1	75	131	48645	48702	8.39e-12	73.1
ERR6913349.29075.1	NC_031906.1	89.189	74	6	2	81	154	19331	19402	2.70e-17	91.6
ERR6913349.29075.1	NC_047887.1	100.000	28	0	0	130	157	33617	33590	1.27e-05	52.8
ERR6913349.29290.1	NC_054662.1	89.655	58	5	1	64	120	48702	48645	6.94e-12	73.1
ERR6913349.29554.1	NC_054662.1	89.655	58	5	1	49	105	48702	48645	6.00e-12	73.1
ERR6913349.31464.1	NC_054662.1	86.441	59	7	1	60	117	48644	48702	5.48e-09	63.9
ERR6913349.31693.1	NC_054662.1	89.655	58	5	1	84	140	48702	48645	8.03e-12	73.1
ERR6913349.32529.1	NC_054662.1	89.655	58	5	1	103	159	48645	48702	6.58e-12	73.1
ERR6913349.32969.1	NC_048660.1	94.737	57	3	0	9	65	79658	79714	3.67e-17	89.8
ERR6913349.32969.1	NC_022096.1	93.750	48	3	0	24	71	120274	120227	3.70e-12	73.1
ERR6913349.32969.1	NC_028999.1	87.500	64	7	1	9	71	294875	294938	3.70e-12	73.1
ERR6913349.33174.1	NC_054662.1	89.655	58	5	1	34	90	48702	48645	7.58e-12	73.1
ERR6913349.33789.1	NC_054662.1	89.655	58	5	1	18	74	48702	48645	8.07e-12	73.1
ERR6913349.36432.1	NC_054662.1	89.655	58	5	1	139	195	48702	48645	9.88e-12	73.1
ERR6913349.36480.1	NC_054662.1	89.655	58	5	1	139	195	48702	48645	9.88e-12	73.1
ERR6913349.36635.1	NC_054662.1	93.333	45	2	1	241	284	48702	48658	1.95e-09	65.8
ERR6913349.37961.1	NC_054662.1	89.655	58	5	1	82	138	48702	48645	9.65e-12	73.1
ERR6913349.37940.1	NC_054662.1	89.655	58	5	1	6	62	48702	48645	3.83e-12	73.1
ERR6913349.38843.1	NC_054662.1	89.655	58	5	1	38	94	48702	48645	7.44e-12	73.1
ERR6913349.39028.1	NC_054662.1	89.655	58	5	1	31	87	48645	48702	5.01e-12	73.1
ERR6913349.39084.1	NC_045512.2	100.000	28	0	0	1	28	27129	27102	3.82e-06	52.8
ERR6913349.39748.1	NC_041869.1	98.611	72	1	0	1	72	11824	11895	4.55e-29	128
ERR6913349.39748.1	NC_028248.1	97.222	72	2	0	1	72	24664	24593	2.12e-27	122
ERR6913349.39748.1	NC_041871.1	97.222	72	2	0	1	72	126051	125980	2.12e-27	122
ERR6913349.39748.1	NC_019517.1	97.222	72	2	0	1	72	127543	127472	2.12e-27	122
ERR6913349.39748.1	NC_041937.1	94.444	72	4	0	1	72	119579	119508	4.59e-24	111
ERR6913349.39748.1	NC_011041.1	94.444	72	4	0	1	72	128606	128535	4.59e-24	111
ERR6913349.39748.1	NC_024134.1	94.366	71	4	0	2	72	128948	128878	1.65e-23	110
ERR6913349.39748.1	NC_022323.1	94.366	71	4	0	2	72	126835	126765	1.65e-23	110
ERR6913349.41782.1	NC_018464.1	96.875	32	1	0	18	49	842	873	2.53e-06	54.7
ERR6913349.42038.1	NC_054662.1	90.566	53	4	1	30	81	48645	48697	3.38e-11	69.4
ERR6913349.42536.1	NC_054662.1	89.655	58	5	1	71	127	48645	48702	8.84e-12	73.1
ERR6913349.43024.1	NC_054662.1	89.655	58	5	1	32	88	48645	48702	8.93e-12	73.1
ERR6913349.44855.1	NC_060132.1	100.000	28	0	0	71	98	61178	61205	5.46e-06	52.8
ERR6913349.44855.1	NC_060134.1	100.000	28	0	0	71	98	57967	57994	5.46e-06	52.8
ERR6913349.44855.1	NC_060131.1	100.000	28	0	0	71	98	60183	60210	5.46e-06	52.8
ERR6913349.45499.1	NC_055849.1	92.308	39	3	0	83	121	73160	73122	4.77e-07	56.5
ERR6913349.45499.1	NC_055851.1	92.308	39	3	0	83	121	73114	73076	4.77e-07	56.5
ERR6913349.45499.1	NC_055848.1	92.308	39	3	0	83	121	72593	72555	4.77e-07	56.5
ERR6913349.45499.1	NC_055830.1	92.308	39	3	0	83	121	73718	73680	4.77e-07	56.5
ERR6913349.47581.1	NC_054662.1	86.441	59	7	1	18	75	48702	48644	2.63e-09	63.9
ERR6913349.48418.1	NC_054662.1	90.196	51	4	1	1	50	48695	48645	8.53e-10	65.8
ERR6913349.48455.1	NC_049464.1	97.297	37	1	0	54	90	66515	66479	3.09e-09	63.9
ERR6913349.49347.1	NC_054662.1	89.655	58	5	1	103	159	48645	48702	8.79e-12	73.1
ERR6913349.49572.1	NC_054662.1	89.655	58	5	1	52	108	48645	48702	6.49e-12	73.1
ERR6913349.49671.1	NC_054662.1	89.655	58	5	1	52	108	48645	48702	6.49e-12	73.1
ERR6913349.50453.1	NC_054662.1	89.655	58	5	1	43	99	48645	48702	7.98e-12	73.1
ERR6913349.52283.1	NC_054662.1	89.655	58	5	1	10	66	48702	48645	6.18e-12	73.1
ERR6913349.53251.1	NC_054662.1	89.655	58	5	1	49	105	48645	48702	7.76e-12	73.1
ERR6913349.54854.1	NC_022096.1	86.441	59	8	0	1	59	120246	120304	1.06e-09	65.8
ERR6913349.54854.1	NC_028999.1	85.000	60	8	1	1	59	294919	294860	4.92e-08	60.2
ERR6913349.54854.1	NC_027364.1	100.000	31	0	0	26	56	207867	207837	1.77e-07	58.4
ERR6913349.54854.1	NC_048660.1	88.636	44	5	0	1	44	79701	79658	2.29e-06	54.7
ERR6913349.55642.1	NC_054662.1	89.655	58	5	1	51	107	48645	48702	6.45e-12	73.1
ERR6913349.55692.1	NC_054662.1	89.655	58	5	1	51	107	48645	48702	6.45e-12	73.1
ERR6913349.55983.1	NC_054662.1	89.655	58	5	1	81	137	48702	48645	6.58e-12	73.1
ERR6913349.56256.1	NC_054662.1	89.655	58	5	1	93	149	48702	48645	5.95e-12	73.1
ERR6913349.56333.1	NC_054662.1	89.655	58	5	1	65	121	48702	48645	8.84e-12	73.1
ERR6913349.56339.1	NC_054662.1	89.655	58	5	1	65	121	48702	48645	8.84e-12	73.1
ERR6913349.57023.1	NC_055744.1	91.549	71	4	2	1	71	137017	137085	3.05e-19	97.1
ERR6913349.57023.1	NC_055719.1	90.541	74	5	2	1	74	38127	38056	3.05e-19	97.1
ERR6913349.57023.1	NC_015282.1	90.625	64	5	1	1	64	19496	19558	2.37e-15	84.2
ERR6913349.57023.1	NC_021072.1	87.500	64	7	1	1	64	35884	35822	5.14e-12	73.1
ERR6913349.57023.1	NC_055847.1	86.567	67	5	4	1	65	74801	74865	1.85e-11	71.3
ERR6913349.57023.1	NC_055801.1	86.567	67	5	4	1	65	74852	74916	1.85e-11	71.3
ERR6913349.57953.1	NC_054662.1	89.655	58	5	1	11	67	48645	48702	5.91e-12	73.1
ERR6913349.57971.1	NC_054662.1	89.655	58	5	1	11	67	48645	48702	5.91e-12	73.1
ERR6913349.58095.1	NC_045512.2	100.000	28	0	0	44	71	9096	9123	2.76e-06	52.8
ERR6913349.58566.1	NC_054662.1	89.655	58	5	1	7	63	48645	48702	5.41e-12	73.1
ERR6913349.59742.1	NC_054662.1	89.655	58	5	1	30	86	48645	48702	5.23e-12	73.1
ERR6913349.60217.1	NC_054662.1	89.655	58	5	1	61	117	48645	48702	1.18e-11	73.1
ERR6913349.60185.1	NC_054662.1	89.655	58	5	1	61	117	48645	48702	1.18e-11	73.1
ERR6913349.60606.1	NC_054662.1	89.655	58	5	1	33	89	48645	48702	8.16e-12	73.1
ERR6913349.60820.1	NC_054662.1	97.143	35	1	0	1	35	48668	48702	6.42e-08	60.2
ERR6913349.61075.1	NC_054662.1	86.441	59	7	1	96	153	48702	48644	4.10e-09	63.9
ERR6913349.61483.1	NC_027339.1	100.000	104	0	0	1	104	30053	29950	2.62e-48	193
ERR6913349.61483.1	NC_019769.1	100.000	104	0	0	1	104	27441	27338	2.62e-48	193
ERR6913349.61483.1	NC_001416.1	100.000	104	0	0	1	104	37497	37394	2.62e-48	193
ERR6913349.61483.1	NC_049955.1	99.038	104	1	0	1	104	35647	35544	1.22e-46	187
ERR6913349.61483.1	NC_019767.1	99.038	104	1	0	1	104	28957	28854	1.22e-46	187
ERR6913349.61483.1	NC_049953.1	94.231	104	6	0	1	104	36436	36333	2.66e-38	159
ERR6913349.61483.1	NC_019715.1	93.269	104	7	0	1	104	28638	28535	1.24e-36	154
ERR6913349.61483.1	NC_019768.1	93.269	104	7	0	1	104	30934	30831	1.24e-36	154
ERR6913349.61483.1	NC_002167.1	93.269	104	7	0	1	104	28509	28406	1.24e-36	154
ERR6913349.61483.1	NC_049954.1	92.308	104	8	0	1	104	37231	37128	5.75e-35	148
ERR6913349.61483.1	NC_049952.1	91.346	104	9	0	1	104	36730	36627	2.68e-33	143
ERR6913349.61492.1	NC_054662.1	89.655	58	5	1	29	85	48645	48702	8.12e-12	73.1
ERR6913349.61398.1	NC_054662.1	89.655	58	5	1	14	70	48702	48645	4.51e-12	73.1
ERR6913349.61563.1	NC_054662.1	89.655	58	5	1	84	140	48702	48645	9.83e-12	73.1
ERR6913349.61566.1	NC_054662.1	89.655	58	5	1	31	87	48645	48702	8.21e-12	73.1
ERR6913349.61560.1	NC_054662.1	89.655	58	5	1	195	251	48645	48702	1.08e-11	73.1
ERR6913349.61979.1	NC_019507.1	95.918	49	2	0	4	52	167513	167465	1.62e-14	80.5
ERR6913349.62815.1	NC_054662.1	89.655	58	5	1	133	189	48702	48645	1.20e-11	73.1
ERR6913349.64016.1	NC_054662.1	91.837	49	2	2	216	262	48702	48654	5.01e-10	67.6
ERR6913349.64079.1	NC_016158.1	97.727	44	1	0	55	98	44517	44474	7.29e-13	76.8
ERR6913349.64079.1	NC_048047.1	93.023	43	1	2	3	44	78572	78531	2.04e-08	62.1
ERR6913349.64353.1	NC_054662.1	89.655	58	5	1	104	160	48645	48702	6.72e-12	73.1
ERR6913349.65016.1	NC_054662.1	95.122	41	2	0	1	41	48662	48702	1.74e-09	65.8
ERR6913349.65296.1	NC_022096.1	86.667	60	8	0	140	199	120304	120245	3.71e-10	67.6
ERR6913349.65296.1	NC_027364.1	85.246	61	9	0	143	203	207837	207897	4.80e-09	63.9
ERR6913349.65296.1	NC_028999.1	85.246	61	8	1	140	199	294860	294920	1.73e-08	62.1
ERR6913349.65296.1	NC_048660.1	89.130	46	5	0	155	200	79658	79703	2.24e-07	58.4
ERR6913349.65488.1	NC_054662.1	89.655	58	5	1	97	153	48645	48702	7.26e-12	73.1
ERR6913349.65711.1	NC_054662.1	89.655	58	5	1	49	105	48702	48645	5.01e-12	73.1
ERR6913349.65943.1	NC_054662.1	89.655	58	5	1	14	70	48702	48645	6.63e-12	73.1
ERR6913349.66519.1	NC_054662.1	89.655	58	5	1	42	98	48702	48645	1.15e-11	73.1
ERR6913349.67386.1	NC_054662.1	86.441	59	7	1	97	154	48702	48644	6.19e-09	63.9
ERR6913349.68895.1	NC_054662.1	89.655	58	5	1	114	170	48702	48645	8.79e-12	73.1
ERR6913349.68956.1	NC_054662.1	89.655	58	5	1	114	170	48702	48645	8.79e-12	73.1
ERR6913349.69282.1	NC_049953.1	100.000	80	0	0	1	80	10755	10676	4.01e-35	148
ERR6913349.69282.1	NC_049948.1	100.000	80	0	0	1	80	11038	10959	4.01e-35	148
ERR6913349.69282.1	NC_049946.1	100.000	80	0	0	1	80	10671	10592	4.01e-35	148
ERR6913349.69282.1	NC_049951.1	100.000	80	0	0	1	80	10769	10690	4.01e-35	148
ERR6913349.69282.1	NC_019711.1	100.000	80	0	0	1	80	10579	10500	4.01e-35	148
ERR6913349.69282.1	NC_019723.1	100.000	80	0	0	1	80	10579	10500	4.01e-35	148
ERR6913349.69282.1	NC_042057.1	100.000	80	0	0	1	80	30848	30769	4.01e-35	148
ERR6913349.69282.1	NC_001416.1	100.000	80	0	0	1	80	10769	10690	4.01e-35	148
ERR6913349.69282.1	NC_049950.1	100.000	80	0	0	1	80	11510	11431	4.01e-35	148
ERR6913349.69282.1	NC_049954.1	98.718	78	1	0	1	78	10765	10688	2.41e-32	139
ERR6913349.69282.1	NC_049955.1	97.500	80	2	0	1	80	10763	10684	8.67e-32	137
ERR6913349.69282.1	NC_049949.1	97.500	80	2	0	1	80	10761	10682	8.67e-32	137
ERR6913349.69282.1	NC_049952.1	97.500	80	2	0	1	80	10713	10634	8.67e-32	137
ERR6913349.69282.1	NC_049947.1	97.531	81	1	1	1	80	10767	10687	8.67e-32	137
ERR6913349.69476.1	NC_049953.1	100.000	80	0	0	1	80	10755	10676	4.01e-35	148
ERR6913349.69476.1	NC_049948.1	100.000	80	0	0	1	80	11038	10959	4.01e-35	148
ERR6913349.69476.1	NC_049946.1	100.000	80	0	0	1	80	10671	10592	4.01e-35	148
ERR6913349.69476.1	NC_049951.1	100.000	80	0	0	1	80	10769	10690	4.01e-35	148
ERR6913349.69476.1	NC_019711.1	100.000	80	0	0	1	80	10579	10500	4.01e-35	148
ERR6913349.69476.1	NC_019723.1	100.000	80	0	0	1	80	10579	10500	4.01e-35	148
ERR6913349.69476.1	NC_042057.1	100.000	80	0	0	1	80	30848	30769	4.01e-35	148
ERR6913349.69476.1	NC_001416.1	100.000	80	0	0	1	80	10769	10690	4.01e-35	148
ERR6913349.69476.1	NC_049950.1	100.000	80	0	0	1	80	11510	11431	4.01e-35	148
ERR6913349.69476.1	NC_049954.1	98.718	78	1	0	1	78	10765	10688	2.41e-32	139
ERR6913349.69476.1	NC_049955.1	97.500	80	2	0	1	80	10763	10684	8.67e-32	137
ERR6913349.69476.1	NC_049949.1	97.500	80	2	0	1	80	10761	10682	8.67e-32	137
ERR6913349.69476.1	NC_049952.1	97.500	80	2	0	1	80	10713	10634	8.67e-32	137
ERR6913349.69476.1	NC_049947.1	97.531	81	1	1	1	80	10767	10687	8.67e-32	137
ERR6913349.70397.1	NC_031906.1	94.444	54	3	0	49	102	19402	19349	1.73e-15	84.2
ERR6913349.71234.1	NC_054662.1	89.655	58	5	1	25	81	48645	48702	1.10e-11	73.1
ERR6913349.71462.1	NC_054662.1	89.655	58	5	1	97	153	48645	48702	7.58e-12	73.1
ERR6913349.72185.1	NC_054662.1	89.655	58	5	1	138	194	48702	48645	9.97e-12	73.1
ERR6913349.72851.1	NC_054662.1	89.655	58	5	1	164	220	48702	48645	1.15e-11	73.1
ERR6913349.73116.1	NC_054662.1	89.655	58	5	1	11	67	48645	48702	7.71e-12	73.1
ERR6913349.73234.1	NC_054662.1	89.655	58	5	1	94	150	48645	48702	1.14e-11	73.1
ERR6913349.73863.1	NC_049951.1	100.000	146	0	0	1	146	13290	13435	1.79e-71	270
ERR6913349.73863.1	NC_019711.1	100.000	146	0	0	1	146	13100	13245	1.79e-71	270
ERR6913349.73863.1	NC_019723.1	100.000	146	0	0	1	146	13100	13245	1.79e-71	270
ERR6913349.73863.1	NC_042057.1	100.000	146	0	0	1	146	33369	33514	1.79e-71	270
ERR6913349.73863.1	NC_001416.1	100.000	146	0	0	1	146	13290	13435	1.79e-71	270
ERR6913349.73863.1	NC_049950.1	100.000	146	0	0	1	146	14019	14164	1.79e-71	270
ERR6913349.73863.1	NC_049949.1	99.315	146	1	0	1	146	13282	13427	8.32e-70	265
ERR6913349.73863.1	NC_049953.1	99.315	146	1	0	1	146	13276	13421	8.32e-70	265
ERR6913349.73863.1	NC_049955.1	96.575	146	5	0	1	146	13302	13447	3.90e-63	243
ERR6913349.73863.1	NC_049947.1	96.575	146	5	0	1	146	13306	13451	3.90e-63	243
ERR6913349.73863.1	NC_049948.1	95.918	147	4	2	1	146	13559	13704	1.81e-61	237
ERR6913349.73863.1	NC_049952.1	94.558	147	6	2	1	146	13252	13397	3.93e-58	226
ERR6913349.73863.1	NC_049946.1	93.878	147	7	2	1	146	13192	13337	1.83e-56	220
ERR6913349.73863.1	NC_049954.1	93.151	146	10	0	1	146	13286	13431	8.50e-55	215
ERR6913349.74818.1	NC_042044.1	91.892	74	5	1	1	74	63734	63662	3.11e-21	102
ERR6913349.74818.1	NC_026607.2	91.892	74	5	1	1	74	62521	62449	3.11e-21	102
ERR6913349.74818.1	NC_027344.1	91.892	74	5	1	1	74	103840	103768	3.11e-21	102
ERR6913349.74818.1	NC_049440.1	95.082	61	2	1	1	60	57906	57966	5.20e-19	95.3
ERR6913349.74818.1	NC_042060.1	93.333	60	3	1	2	60	36040	36099	8.70e-17	87.9
ERR6913349.74818.1	NC_004629.1	93.333	60	3	1	2	60	272945	272886	8.70e-17	87.9
ERR6913349.74818.1	NC_049451.1	94.643	56	2	1	1	56	28024	27970	3.13e-16	86.1
ERR6913349.74818.1	NC_049453.1	94.643	56	2	1	1	56	6118	6172	3.13e-16	86.1
ERR6913349.74818.1	NC_048736.1	92.857	56	3	1	1	56	19724	19670	1.46e-14	80.5
ERR6913349.74818.1	NC_061421.1	94.231	52	2	1	5	56	43071	43021	5.23e-14	78.7
ERR6913349.74818.1	NC_061418.1	94.231	52	2	1	5	56	185053	185003	5.23e-14	78.7
ERR6913349.74818.1	NC_041917.1	93.617	47	0	3	1	46	290084	290128	1.13e-10	67.6
ERR6913349.75017.1	NC_054662.1	89.655	58	5	1	4	60	48702	48645	3.74e-12	73.1
ERR6913349.75506.1	NC_054662.1	89.655	58	5	1	94	150	48645	48702	1.14e-11	73.1
ERR6913349.76788.1	NC_054662.1	89.655	58	5	1	36	92	48702	48645	5.32e-12	73.1
ERR6913349.76857.1	NC_054662.1	89.655	58	5	1	25	81	48645	48702	4.06e-12	73.1
ERR6913349.77012.1	NC_054662.1	89.655	58	5	1	103	159	48645	48702	6.18e-12	73.1
ERR6913349.77030.1	NC_054662.1	89.655	58	5	1	103	159	48645	48702	6.18e-12	73.1
