ERR6913112.1207.1	NC_031940.1	100.000	30	0	0	92	121	19443	19472	8.45e-07	56.5
ERR6913112.1207.1	NC_031940.1	100.000	30	0	0	92	121	59032	59061	8.45e-07	56.5
ERR6913112.1207.1	NC_004313.1	100.000	30	0	0	92	121	21074	21103	8.45e-07	56.5
ERR6913112.1208.1	NC_031940.1	100.000	30	0	0	92	121	19443	19472	8.45e-07	56.5
ERR6913112.1208.1	NC_031940.1	100.000	30	0	0	92	121	59032	59061	8.45e-07	56.5
ERR6913112.1208.1	NC_004313.1	100.000	30	0	0	92	121	21074	21103	8.45e-07	56.5
ERR6913112.1366.1	NC_021312.1	88.889	54	6	0	38	91	408956	409009	3.90e-10	67.6
ERR6913112.2146.1	NC_041878.1	85.156	128	19	0	2	129	218061	217934	7.63e-30	132
ERR6913112.2427.1	NC_012696.1	84.158	101	16	0	1	101	66847	66747	5.65e-20	99.0
ERR6913112.3785.1	NC_009334.1	99.167	120	1	0	1	120	61850	61969	1.87e-55	217
ERR6913112.3785.1	NC_007605.1	99.167	120	1	0	1	120	61719	61838	1.87e-55	217
ERR6913112.5411.1	NC_009334.1	97.479	119	3	0	1	119	121457	121575	1.44e-51	204
ERR6913112.5411.1	NC_007605.1	97.479	119	3	0	1	119	120630	120748	1.44e-51	204
ERR6913112.5840.1	NC_031907.1	99.265	136	1	0	1	136	27027	27162	2.79e-64	246
ERR6913112.5840.1	NC_031915.1	99.265	136	1	0	1	136	31211	31346	2.79e-64	246
ERR6913112.5840.1	NC_022791.1	99.265	136	1	0	1	136	26120	26255	2.79e-64	246
ERR6913112.5840.1	NC_003050.2	98.529	136	2	0	1	136	5231	5096	1.30e-62	241
ERR6913112.6664.1	NC_007605.1	100.000	162	0	0	1	162	146396	146235	2.58e-80	300
ERR6913112.6664.1	NC_009334.1	96.296	162	6	0	1	162	147880	147719	2.62e-70	267
ERR6913112.6911.1	NC_042013.1	96.875	32	1	0	32	63	342261	342230	3.36e-06	54.7
ERR6913112.6915.1	NC_042013.1	96.875	32	1	0	32	63	342261	342230	3.36e-06	54.7
ERR6913112.7190.1	NC_062581.1	92.537	67	4	1	1	66	289317	289383	1.01e-18	95.3
ERR6913112.7190.1	NC_048807.1	97.500	40	1	0	27	66	74611	74650	6.13e-11	69.4
ERR6913112.7190.1	NC_048682.1	97.500	40	1	0	27	66	86494	86455	6.13e-11	69.4
ERR6913112.7190.1	NC_048656.1	97.500	40	1	0	27	66	43417	43456	6.13e-11	69.4
ERR6913112.7273.1	NC_027626.1	95.833	168	7	0	1	168	23999	24166	5.97e-72	272
ERR6913112.7273.1	NC_027622.1	95.294	170	8	0	1	170	23660	23829	2.15e-71	270
ERR6913112.7273.1	NC_015454.1	94.048	168	10	0	1	168	23812	23979	6.01e-67	255
ERR6913112.7273.1	NC_027621.1	93.529	170	11	0	1	170	23526	23695	2.16e-66	254
ERR6913112.7273.1	NC_028694.1	93.529	170	11	0	1	170	23691	23860	2.16e-66	254
ERR6913112.7273.1	NC_027367.1	93.452	168	11	0	1	168	23671	23838	2.80e-65	250
ERR6913112.7273.1	NC_027391.1	92.941	170	12	0	1	170	24106	24275	1.01e-64	248
ERR6913112.7273.1	NC_022342.1	92.941	170	12	0	1	170	23770	23939	1.01e-64	248
ERR6913112.7273.1	NC_015453.1	92.857	168	12	0	1	168	24060	24227	1.30e-63	244
ERR6913112.7273.1	NC_031119.1	91.765	170	14	0	1	170	24053	24222	2.18e-61	237
ERR6913112.7273.1	NC_031084.1	92.593	162	12	0	1	162	24039	24200	2.81e-60	233
ERR6913112.7273.1	NC_027389.1	91.176	170	15	0	1	170	24003	24172	1.01e-59	231
ERR6913112.7273.1	NC_027401.1	91.176	170	15	0	1	170	24055	24224	1.01e-59	231
ERR6913112.7273.1	NC_027370.1	91.071	168	15	0	1	168	24042	24209	1.31e-58	228
ERR6913112.7273.1	NC_027627.1	90.588	170	16	0	1	170	24047	24216	4.71e-58	226
ERR6913112.7273.1	NC_027629.1	90.588	170	16	0	1	170	23508	23677	4.71e-58	226
ERR6913112.7273.1	NC_027392.1	90.588	170	16	0	1	170	23754	23923	4.71e-58	226
ERR6913112.7273.1	NC_027405.1	90.588	170	16	0	1	170	23754	23923	4.71e-58	226
ERR6913112.7273.1	NC_027403.1	90.588	170	16	0	1	170	23754	23923	4.71e-58	226
ERR6913112.7273.1	NC_027400.1	90.588	170	16	0	1	170	23754	23923	4.71e-58	226
ERR6913112.7273.1	NC_022338.1	90.588	170	16	0	1	170	23892	24061	4.71e-58	226
ERR6913112.7273.1	NC_028967.1	90.476	168	16	0	1	168	24139	24306	6.09e-57	222
ERR6913112.7273.1	NC_018842.1	89.412	170	18	0	1	170	24086	24255	1.02e-54	215
ERR6913112.7273.1	NC_027623.2	89.286	168	18	0	1	168	23972	24139	1.32e-53	211
ERR6913112.7273.1	NC_041954.1	89.286	168	18	0	1	168	23987	24154	1.32e-53	211
ERR6913112.7273.1	NC_027385.1	89.286	168	18	0	1	168	23740	23907	1.32e-53	211
ERR6913112.7273.1	NC_018852.1	89.286	168	18	0	1	168	24047	24214	1.32e-53	211
ERR6913112.7273.1	NC_018841.1	89.286	168	18	0	1	168	24079	24246	1.32e-53	211
ERR6913112.7273.1	NC_027380.1	88.824	170	19	0	1	170	24010	24179	4.74e-53	209
ERR6913112.7273.1	NC_022335.1	88.824	170	19	0	1	170	24010	24179	4.74e-53	209
ERR6913112.7273.1	NC_018849.1	88.824	170	19	0	1	170	23723	23892	4.74e-53	209
ERR6913112.7273.1	NC_018845.1	88.235	170	20	0	1	170	23841	24010	2.21e-51	204
ERR6913112.7273.1	NC_027346.1	88.095	168	20	0	1	168	24050	24217	2.86e-50	200
ERR6913112.7273.1	NC_031005.2	87.647	170	21	0	1	170	24024	24193	1.03e-49	198
ERR6913112.7273.1	NC_041956.1	87.647	170	21	0	1	170	23984	24153	1.03e-49	198
ERR6913112.7273.1	NC_027373.1	87.647	170	21	0	1	170	23982	24151	1.03e-49	198
ERR6913112.7273.1	NC_027357.1	87.059	170	22	0	1	170	24101	24270	4.78e-48	193
ERR6913112.7273.1	NC_027624.1	85.294	170	25	0	1	170	23804	23973	4.81e-43	176
ERR6913112.7655.1	NC_041917.1	80.526	190	35	2	15	203	147866	147678	1.99e-33	145
ERR6913112.8655.1	NC_018841.1	92.941	170	12	0	1	170	19843	20012	1.02e-64	248
ERR6913112.8655.1	NC_018852.1	92.353	170	13	0	1	170	19805	19974	4.74e-63	243
ERR6913112.8655.1	NC_027361.1	94.118	153	9	0	1	153	19802	19954	2.85e-60	233
ERR6913112.8655.1	NC_022339.1	94.118	153	9	0	1	153	19791	19943	2.85e-60	233
ERR6913112.8655.1	NC_028967.1	91.515	165	14	0	1	165	19910	20074	1.33e-58	228
ERR6913112.8655.1	NC_018839.1	91.515	165	14	0	1	165	19796	19960	1.33e-58	228
ERR6913112.8655.1	NC_027362.1	90.588	170	16	0	1	170	19793	19962	4.78e-58	226
ERR6913112.8655.1	NC_018842.1	90.588	170	16	0	1	170	19826	19995	4.78e-58	226
ERR6913112.8655.1	NC_027630.1	90.909	165	15	0	1	165	19809	19973	6.18e-57	222
ERR6913112.8655.1	NC_031005.2	90.058	171	15	2	1	170	19776	19945	2.22e-56	220
ERR6913112.8655.1	NC_027336.1	92.157	153	12	0	1	153	19843	19995	2.87e-55	217
ERR6913112.8655.1	NC_018845.1	90.303	165	16	0	1	165	19603	19767	2.87e-55	217
ERR6913112.8655.1	NC_027628.1	91.558	154	11	2	1	153	19838	19990	1.34e-53	211
ERR6913112.8655.1	NC_009541.1	91.447	152	13	0	14	165	19803	19954	4.81e-53	209
ERR6913112.8655.1	NC_027354.1	89.157	166	16	2	1	165	19746	19910	6.22e-52	206
ERR6913112.8655.1	NC_027627.1	90.850	153	12	2	1	152	19805	19956	2.24e-51	204
ERR6913112.8655.1	NC_031119.1	90.850	153	12	2	1	152	19822	19973	2.24e-51	204
ERR6913112.8655.1	NC_027623.2	88.235	170	20	0	1	170	19719	19888	2.24e-51	204
ERR6913112.8655.1	NC_041954.1	88.235	170	20	0	1	170	19734	19903	2.24e-51	204
ERR6913112.8655.1	NC_027389.1	90.850	153	12	2	1	152	19768	19919	2.24e-51	204
ERR6913112.8655.1	NC_027333.1	88.235	170	20	0	1	170	19794	19963	2.24e-51	204
ERR6913112.8655.1	NC_027625.1	89.024	164	16	2	1	163	19783	19945	8.05e-51	202
ERR6913112.8655.1	NC_018834.1	88.485	165	19	0	1	165	19832	19996	2.89e-50	200
ERR6913112.8655.1	NC_041957.1	90.196	153	13	2	1	152	19813	19964	1.04e-49	198
ERR6913112.8655.1	NC_027347.1	90.196	153	13	2	1	152	19813	19964	1.04e-49	198
ERR6913112.8655.1	NC_022340.1	90.196	153	13	2	1	152	19786	19937	1.04e-49	198
ERR6913112.8655.1	NC_022336.1	90.196	153	13	2	1	152	19813	19964	1.04e-49	198
ERR6913112.8655.1	NC_018840.1	87.952	166	18	2	1	165	19873	20037	1.35e-48	195
ERR6913112.8655.1	NC_027295.1	89.333	150	16	0	1	150	19790	19939	6.27e-47	189
ERR6913112.8655.1	NC_022334.1	88.961	154	13	3	1	152	19833	19984	2.25e-46	187
ERR6913112.8655.1	NC_027626.1	86.747	166	20	2	1	165	19789	19953	2.92e-45	183
ERR6913112.9579.1	NC_027399.1	81.955	133	24	0	53	185	57596	57464	4.22e-24	113
ERR6913112.9579.1	NC_019526.1	81.955	133	24	0	53	185	57625	57493	4.22e-24	113
ERR6913112.9923.1	NC_025447.1	84.746	177	27	0	30	206	343554	343378	1.68e-43	178
ERR6913112.9923.1	NC_027364.1	84.746	177	27	0	30	206	289667	289843	1.68e-43	178
ERR6913112.9923.1	NC_041917.1	81.731	208	36	2	1	207	190438	190232	7.82e-42	172
ERR6913112.9923.1	NC_041878.1	87.050	139	18	0	69	207	190021	189883	2.19e-37	158
ERR6913112.9923.1	NC_019401.1	86.232	138	19	0	69	206	193350	193213	3.67e-35	150
ERR6913112.9924.1	NC_025447.1	84.746	177	27	0	30	206	343554	343378	1.68e-43	178
ERR6913112.9924.1	NC_027364.1	84.746	177	27	0	30	206	289667	289843	1.68e-43	178
ERR6913112.9924.1	NC_041917.1	81.731	208	36	2	1	207	190438	190232	7.82e-42	172
ERR6913112.9924.1	NC_041878.1	87.050	139	18	0	69	207	190021	189883	2.19e-37	158
ERR6913112.9924.1	NC_019401.1	86.232	138	19	0	69	206	193350	193213	3.67e-35	150
ERR6913112.10469.1	NC_009334.1	100.000	193	0	0	1	193	94808	95000	1.86e-97	357
ERR6913112.10469.1	NC_007605.1	100.000	193	0	0	1	193	93978	94170	1.86e-97	357
ERR6913112.10469.1	NC_055142.1	83.030	165	28	0	3	167	77908	78072	3.38e-35	150
ERR6913112.10469.1	NC_006146.1	83.030	165	28	0	3	167	88192	88356	3.38e-35	150
ERR6913112.10984.1	NC_028694.1	96.703	91	3	0	1	91	16764	16674	3.72e-36	152
ERR6913112.10984.1	NC_041955.1	96.703	91	3	0	1	91	16794	16704	3.72e-36	152
ERR6913112.10984.1	NC_027359.1	96.703	91	3	0	1	91	16794	16704	3.72e-36	152
ERR6913112.10984.1	NC_027624.1	94.505	91	5	0	1	91	16834	16744	8.04e-33	141
ERR6913112.10984.1	NC_027391.1	94.505	91	5	0	1	91	16830	16740	8.04e-33	141
ERR6913112.10984.1	NC_022342.1	94.505	91	5	0	1	91	16767	16677	8.04e-33	141
ERR6913112.10984.1	NC_018852.1	94.505	91	5	0	1	91	16756	16666	8.04e-33	141
ERR6913112.10984.1	NC_022337.1	95.402	87	4	0	5	91	16776	16690	2.89e-32	139
ERR6913112.10984.1	NC_018845.1	93.407	91	6	0	1	91	16562	16472	3.74e-31	135
ERR6913112.10984.1	NC_027627.1	94.253	87	5	0	5	91	16757	16671	1.35e-30	134
ERR6913112.10984.1	NC_027630.1	94.253	87	5	0	5	91	16764	16678	1.35e-30	134
ERR6913112.10984.1	NC_018849.1	93.407	91	5	1	1	91	16739	16650	1.35e-30	134
ERR6913112.10984.1	NC_027626.1	90.426	94	4	5	1	91	16765	16674	3.77e-26	119
ERR6913112.10984.1	NC_022338.1	89.247	93	8	2	1	91	16600	16508	4.88e-25	115
ERR6913112.10984.1	NC_018840.1	89.247	93	8	2	1	91	16838	16746	4.88e-25	115
ERR6913112.10984.1	NC_018834.1	89.247	93	8	2	1	91	16793	16701	4.88e-25	115
ERR6913112.10984.1	NC_009541.1	89.247	93	8	2	1	91	16764	16672	4.88e-25	115
ERR6913112.10984.1	NC_027376.1	89.362	94	5	5	1	91	16779	16688	1.75e-24	113
ERR6913112.10984.1	NC_027294.1	89.362	94	5	5	1	91	16778	16687	1.75e-24	113
ERR6913112.10984.1	NC_027361.1	89.362	94	5	5	1	91	16760	16669	1.75e-24	113
ERR6913112.10984.1	NC_022339.1	89.362	94	5	5	1	91	16749	16658	1.75e-24	113
ERR6913112.10984.1	NC_027357.1	88.172	93	9	2	1	91	16816	16724	2.27e-23	110
ERR6913112.10984.1	NC_027336.1	88.298	94	7	3	1	91	16811	16719	2.27e-23	110
ERR6913112.10984.1	NC_018841.1	88.172	93	9	2	1	91	16806	16714	2.27e-23	110
ERR6913112.10984.1	NC_015453.1	88.172	93	9	2	1	91	16703	16611	2.27e-23	110
ERR6913112.10984.1	NC_027401.1	88.043	92	10	1	1	91	16777	16686	8.16e-23	108
ERR6913112.10984.1	NC_027620.1	95.522	67	2	1	26	91	16842	16776	2.93e-22	106
ERR6913112.10984.1	NC_031003.1	87.234	94	8	3	1	91	16857	16765	1.06e-21	104
ERR6913112.10984.1	NC_022334.1	87.234	94	7	5	1	91	16801	16710	3.80e-21	102
ERR6913112.10984.1	NC_031119.1	98.214	56	1	0	36	91	16737	16682	4.91e-20	99.0
ERR6913112.10984.1	NC_027392.1	98.214	56	1	0	36	91	16755	16700	4.91e-20	99.0
ERR6913112.10984.1	NC_027405.1	98.214	56	1	0	36	91	16755	16700	4.91e-20	99.0
ERR6913112.10984.1	NC_027403.1	98.214	56	1	0	36	91	16755	16700	4.91e-20	99.0
ERR6913112.10984.1	NC_027400.1	98.214	56	1	0	36	91	16755	16700	4.91e-20	99.0
ERR6913112.10984.1	NC_022340.1	98.214	56	1	0	36	91	16757	16702	4.91e-20	99.0
ERR6913112.10984.1	NC_022341.1	98.214	56	1	0	36	91	16778	16723	4.91e-20	99.0
ERR6913112.10984.1	NC_027622.1	84.444	90	9	5	5	91	16669	16582	1.38e-15	84.2
ERR6913112.10984.1	NC_018838.1	84.091	88	13	1	5	91	16788	16701	1.38e-15	84.2
ERR6913112.10984.1	NC_015454.1	96.078	51	2	0	41	91	16739	16689	1.38e-15	84.2
ERR6913112.10984.1	NC_027621.1	94.118	51	3	0	41	91	16765	16715	6.40e-14	78.7
ERR6913112.10984.1	NC_027385.1	100.000	29	0	0	33	61	16729	16701	1.08e-06	54.7
ERR6913112.11035.1	NC_047838.1	94.000	50	3	0	2	51	143417	143368	2.09e-13	76.8
ERR6913112.11035.1	NC_031129.1	91.667	48	3	1	2	49	99570	99616	4.53e-10	65.8
ERR6913112.11035.1	NC_050154.1	91.667	48	3	1	2	49	7723	7769	4.53e-10	65.8
ERR6913112.11035.1	NC_042128.1	91.667	48	3	1	2	49	76337	76291	4.53e-10	65.8
ERR6913112.11035.1	NC_050152.1	91.667	48	3	1	2	49	71784	71738	4.53e-10	65.8
ERR6913112.11035.1	NC_005856.1	91.667	48	3	1	2	49	69475	69429	4.53e-10	65.8
ERR6913112.11035.1	NC_054952.1	95.122	41	2	0	4	44	3294	3254	4.53e-10	65.8
ERR6913112.11035.1	NC_048804.1	95.122	41	2	0	4	44	82056	82016	4.53e-10	65.8
ERR6913112.11035.1	NC_048802.1	95.122	41	2	0	4	44	81776	81736	4.53e-10	65.8
ERR6913112.11035.1	NC_020862.2	90.698	43	4	0	4	46	70221	70263	7.58e-08	58.4
ERR6913112.11036.1	NC_047838.1	94.000	50	3	0	2	51	143417	143368	2.09e-13	76.8
ERR6913112.11036.1	NC_031129.1	91.667	48	3	1	2	49	99570	99616	4.53e-10	65.8
ERR6913112.11036.1	NC_050154.1	91.667	48	3	1	2	49	7723	7769	4.53e-10	65.8
ERR6913112.11036.1	NC_042128.1	91.667	48	3	1	2	49	76337	76291	4.53e-10	65.8
ERR6913112.11036.1	NC_050152.1	91.667	48	3	1	2	49	71784	71738	4.53e-10	65.8
ERR6913112.11036.1	NC_005856.1	91.667	48	3	1	2	49	69475	69429	4.53e-10	65.8
ERR6913112.11036.1	NC_054952.1	95.122	41	2	0	4	44	3294	3254	4.53e-10	65.8
ERR6913112.11036.1	NC_048804.1	95.122	41	2	0	4	44	82056	82016	4.53e-10	65.8
ERR6913112.11036.1	NC_048802.1	95.122	41	2	0	4	44	81776	81736	4.53e-10	65.8
ERR6913112.11036.1	NC_020862.2	90.698	43	4	0	4	46	70221	70263	7.58e-08	58.4
ERR6913112.12329.1	NC_030902.1	78.788	99	17	2	1	97	37277	37181	2.28e-09	63.9
ERR6913112.12568.1	NC_048842.1	96.970	33	1	0	28	60	2184	2216	2.04e-07	56.5
ERR6913112.12568.1	NC_048833.1	96.970	33	1	0	28	60	2184	2216	2.04e-07	56.5
ERR6913112.12569.1	NC_048842.1	96.970	33	1	0	28	60	2184	2216	2.04e-07	56.5
ERR6913112.12569.1	NC_048833.1	96.970	33	1	0	28	60	2184	2216	2.04e-07	56.5
ERR6913112.12784.1	NC_007605.1	100.000	61	0	0	1	61	161109	161169	9.83e-25	113
ERR6913112.12784.1	NC_009334.1	98.361	61	1	0	1	61	162593	162653	4.57e-23	108
ERR6913112.12784.1	NC_006146.1	93.333	60	4	0	2	61	157171	157230	1.66e-17	89.8
ERR6913112.12784.1	NC_055142.1	90.000	60	6	0	2	61	144383	144442	3.59e-14	78.7
ERR6913112.13013.1	NC_009334.1	96.774	93	3	0	1	93	171510	171418	2.96e-37	156
ERR6913112.13013.1	NC_009334.1	96.774	93	3	0	1	93	172068	171976	2.96e-37	156
ERR6913112.13013.1	NC_009334.1	96.774	93	3	0	1	93	172612	172520	2.96e-37	156
ERR6913112.13013.1	NC_007605.1	96.774	93	3	0	1	93	170069	169977	2.96e-37	156
ERR6913112.13013.1	NC_007605.1	96.774	93	3	0	1	93	170607	170515	2.96e-37	156
ERR6913112.13013.1	NC_007605.1	96.774	93	3	0	1	93	171130	171038	2.96e-37	156
ERR6913112.13013.1	NC_007605.1	96.774	93	3	0	1	93	171668	171576	2.96e-37	156
ERR6913112.14126.1	NC_009334.1	100.000	93	0	0	1	93	38595	38503	2.94e-42	172
ERR6913112.14126.1	NC_009334.1	100.000	93	0	0	1	93	38720	38628	2.94e-42	172
ERR6913112.14126.1	NC_009334.1	100.000	93	0	0	1	93	39095	39003	2.94e-42	172
ERR6913112.14126.1	NC_009334.1	100.000	93	0	0	1	93	39220	39128	2.94e-42	172
ERR6913112.14126.1	NC_009334.1	100.000	93	0	0	1	93	39470	39378	2.94e-42	172
ERR6913112.14126.1	NC_009334.1	100.000	93	0	0	1	93	39845	39753	2.94e-42	172
ERR6913112.14126.1	NC_009334.1	98.925	93	1	0	1	93	38470	38378	1.37e-40	167
ERR6913112.14126.1	NC_009334.1	98.925	93	1	0	1	93	38845	38753	1.37e-40	167
ERR6913112.14126.1	NC_009334.1	98.925	93	1	0	1	93	38970	38878	1.37e-40	167
ERR6913112.14126.1	NC_009334.1	98.925	93	1	0	1	93	39345	39253	1.37e-40	167
ERR6913112.14126.1	NC_009334.1	98.925	93	1	0	1	93	39595	39503	1.37e-40	167
ERR6913112.14126.1	NC_009334.1	98.925	93	1	0	1	93	39720	39628	1.37e-40	167
ERR6913112.14126.1	NC_009334.1	100.000	67	0	0	27	93	39944	39878	8.35e-28	124
ERR6913112.14126.1	NC_009334.1	95.385	65	2	1	1	64	38345	38281	3.91e-21	102
ERR6913112.14126.1	NC_007605.1	100.000	93	0	0	1	93	38478	38386	2.94e-42	172
ERR6913112.14126.1	NC_007605.1	100.000	93	0	0	1	93	38603	38511	2.94e-42	172
ERR6913112.14126.1	NC_007605.1	100.000	93	0	0	1	93	38728	38636	2.94e-42	172
ERR6913112.14126.1	NC_007605.1	100.000	93	0	0	1	93	38853	38761	2.94e-42	172
ERR6913112.14126.1	NC_007605.1	100.000	93	0	0	1	93	38978	38886	2.94e-42	172
ERR6913112.14126.1	NC_007605.1	100.000	93	0	0	1	93	39103	39011	2.94e-42	172
ERR6913112.14126.1	NC_007605.1	100.000	93	0	0	1	93	39228	39136	2.94e-42	172
ERR6913112.14126.1	NC_007605.1	100.000	93	0	0	1	93	39353	39261	2.94e-42	172
ERR6913112.14126.1	NC_007605.1	100.000	93	0	0	1	93	39478	39386	2.94e-42	172
ERR6913112.14126.1	NC_007605.1	100.000	93	0	0	1	93	39603	39511	2.94e-42	172
ERR6913112.14126.1	NC_007605.1	100.000	93	0	0	1	93	39728	39636	2.94e-42	172
ERR6913112.14126.1	NC_007605.1	100.000	67	0	0	27	93	39827	39761	8.35e-28	124
ERR6913112.14126.1	NC_007605.1	100.000	64	0	0	1	64	38353	38290	3.88e-26	119
ERR6913112.14275.1	NC_010945.1	92.377	223	17	0	1	223	26250	26028	1.04e-85	318
ERR6913112.14657.1	NC_012753.1	90.385	156	13	2	11	165	16881	17035	2.13e-51	204
ERR6913112.14736.1	NC_048842.1	96.296	162	6	0	1	162	2668	2829	3.10e-70	267
ERR6913112.14736.1	NC_048833.1	96.296	162	6	0	1	162	2668	2829	3.10e-70	267
ERR6913112.14739.1	NC_048842.1	96.296	162	6	0	1	162	2668	2829	3.10e-70	267
ERR6913112.14739.1	NC_048833.1	96.296	162	6	0	1	162	2668	2829	3.10e-70	267
ERR6913112.15017.1	NC_028763.1	90.476	63	1	4	3	62	31393	31333	1.10e-13	78.7
ERR6913112.15735.1	NC_042116.1	100.000	34	0	0	166	199	66759	66726	4.70e-09	63.9
ERR6913112.15735.1	NC_041917.1	100.000	34	0	0	166	199	68521	68488	4.70e-09	63.9
ERR6913112.16802.1	NC_048807.1	87.273	55	7	0	12	66	74906	74960	2.77e-09	63.9
ERR6913112.16802.1	NC_048828.1	90.698	43	4	0	24	66	57129	57087	1.29e-07	58.4
ERR6913112.17683.1	NC_019401.1	86.250	80	11	0	7	86	118209	118288	2.45e-16	87.9
ERR6913112.18002.1	NC_049851.1	87.273	55	7	0	150	204	117484	117538	6.32e-09	63.9
ERR6913112.18002.1	NC_049850.1	87.273	55	7	0	150	204	117206	117260	6.32e-09	63.9
ERR6913112.18002.1	NC_042013.1	100.000	28	0	0	142	169	390846	390873	1.37e-05	52.8
ERR6913112.18003.1	NC_049851.1	87.273	55	7	0	150	204	117484	117538	6.32e-09	63.9
ERR6913112.18003.1	NC_049850.1	87.273	55	7	0	150	204	117206	117260	6.32e-09	63.9
ERR6913112.18003.1	NC_042013.1	100.000	28	0	0	142	169	390846	390873	1.37e-05	52.8
ERR6913112.20221.1	NC_030937.1	100.000	29	0	0	54	82	32285	32257	2.92e-06	54.7
ERR6913112.20221.1	NC_030928.1	100.000	29	0	0	54	82	2174	2146	2.92e-06	54.7
ERR6913112.20644.1	NC_027399.1	80.531	113	22	0	18	130	34123	34011	1.77e-16	87.9
ERR6913112.20644.1	NC_019526.1	80.531	113	22	0	18	130	34115	34003	1.77e-16	87.9
ERR6913112.21419.1	NC_054952.1	96.774	31	1	0	22	52	149289	149319	1.22e-05	52.8
ERR6913112.21419.1	NC_048804.1	96.774	31	1	0	22	52	68093	68123	1.22e-05	52.8
ERR6913112.21419.1	NC_048802.1	96.774	31	1	0	22	52	68112	68142	1.22e-05	52.8
ERR6913112.21419.1	NC_048755.1	96.774	31	1	0	22	52	78021	78051	1.22e-05	52.8
ERR6913112.21931.1	NC_028651.1	96.216	185	7	0	1	185	265	449	2.34e-81	303
ERR6913112.21932.1	NC_028651.1	96.216	185	7	0	1	185	265	449	2.34e-81	303
ERR6913112.22277.1	NC_028763.1	86.517	89	7	4	13	98	31419	31333	3.36e-18	93.5
ERR6913112.22779.1	NC_030940.1	91.379	58	3	2	42	98	2854	2910	7.37e-14	78.7
ERR6913112.23767.1	NC_048831.1	88.406	138	16	0	135	272	4398	4535	4.95e-40	167
ERR6913112.23767.1	NC_048844.1	88.060	134	16	0	139	272	2839	2972	8.28e-38	159
ERR6913112.23767.1	NC_048837.1	89.916	119	11	1	154	272	2425	2542	1.39e-35	152
ERR6913112.24198.1	NC_055739.1	94.444	36	1	1	100	134	78499	78534	3.89e-06	54.7
ERR6913112.24198.1	NC_055726.1	94.444	36	1	1	100	134	75096	75131	3.89e-06	54.7
ERR6913112.24198.1	NC_023561.1	94.444	36	1	1	100	134	77404	77439	3.89e-06	54.7
ERR6913112.24198.1	NC_014662.1	94.444	36	1	1	100	134	69972	70007	3.89e-06	54.7
ERR6913112.24198.1	NC_055913.1	92.308	39	2	1	100	137	77473	77435	3.89e-06	54.7
ERR6913112.24198.1	NC_055847.1	92.308	39	2	1	100	137	78468	78430	3.89e-06	54.7
ERR6913112.24198.1	NC_055850.1	92.308	39	2	1	100	137	77440	77402	3.89e-06	54.7
ERR6913112.24198.1	NC_055849.1	92.308	39	2	1	100	137	76922	76884	3.89e-06	54.7
ERR6913112.24198.1	NC_055851.1	92.308	39	2	1	100	137	76885	76847	3.89e-06	54.7
ERR6913112.24198.1	NC_055848.1	92.308	39	2	1	100	137	76619	76581	3.89e-06	54.7
ERR6913112.24198.1	NC_055829.1	92.308	39	2	1	100	137	76866	76828	3.89e-06	54.7
ERR6913112.24198.1	NC_055830.1	92.308	39	2	1	100	137	77514	77476	3.89e-06	54.7
ERR6913112.24198.1	NC_055800.1	92.308	39	2	1	100	137	73044	73006	3.89e-06	54.7
ERR6913112.24198.1	NC_055801.1	92.308	39	2	1	100	137	78271	78233	3.89e-06	54.7
ERR6913112.24198.1	NC_055794.1	92.308	39	2	1	100	137	76391	76353	3.89e-06	54.7
ERR6913112.24198.1	NC_042095.1	92.308	39	2	1	100	137	78867	78829	3.89e-06	54.7
ERR6913112.24198.1	NC_041899.1	94.444	36	1	1	100	134	35668	35703	3.89e-06	54.7
ERR6913112.24198.1	NC_019529.1	92.308	39	2	1	100	137	41763	41725	3.89e-06	54.7
ERR6913112.24199.1	NC_055739.1	94.444	36	1	1	100	134	78499	78534	3.89e-06	54.7
ERR6913112.24199.1	NC_055726.1	94.444	36	1	1	100	134	75096	75131	3.89e-06	54.7
ERR6913112.24199.1	NC_023561.1	94.444	36	1	1	100	134	77404	77439	3.89e-06	54.7
ERR6913112.24199.1	NC_014662.1	94.444	36	1	1	100	134	69972	70007	3.89e-06	54.7
ERR6913112.24199.1	NC_055913.1	92.308	39	2	1	100	137	77473	77435	3.89e-06	54.7
ERR6913112.24199.1	NC_055847.1	92.308	39	2	1	100	137	78468	78430	3.89e-06	54.7
ERR6913112.24199.1	NC_055850.1	92.308	39	2	1	100	137	77440	77402	3.89e-06	54.7
ERR6913112.24199.1	NC_055849.1	92.308	39	2	1	100	137	76922	76884	3.89e-06	54.7
ERR6913112.24199.1	NC_055851.1	92.308	39	2	1	100	137	76885	76847	3.89e-06	54.7
ERR6913112.24199.1	NC_055848.1	92.308	39	2	1	100	137	76619	76581	3.89e-06	54.7
ERR6913112.24199.1	NC_055829.1	92.308	39	2	1	100	137	76866	76828	3.89e-06	54.7
ERR6913112.24199.1	NC_055830.1	92.308	39	2	1	100	137	77514	77476	3.89e-06	54.7
ERR6913112.24199.1	NC_055800.1	92.308	39	2	1	100	137	73044	73006	3.89e-06	54.7
ERR6913112.24199.1	NC_055801.1	92.308	39	2	1	100	137	78271	78233	3.89e-06	54.7
ERR6913112.24199.1	NC_055794.1	92.308	39	2	1	100	137	76391	76353	3.89e-06	54.7
ERR6913112.24199.1	NC_042095.1	92.308	39	2	1	100	137	78867	78829	3.89e-06	54.7
ERR6913112.24199.1	NC_041899.1	94.444	36	1	1	100	134	35668	35703	3.89e-06	54.7
ERR6913112.24199.1	NC_019529.1	92.308	39	2	1	100	137	41763	41725	3.89e-06	54.7
ERR6913112.24325.1	NC_027364.1	87.379	206	26	0	1	206	277667	277462	2.72e-61	237
ERR6913112.24325.1	NC_025447.1	86.893	206	27	0	1	206	7020	7225	1.27e-59	231
ERR6913112.25284.1	NC_048842.1	96.089	179	7	0	1	179	2215	2037	5.28e-78	292
ERR6913112.25284.1	NC_048833.1	96.089	179	7	0	1	179	2215	2037	5.28e-78	292
ERR6913112.25284.1	NC_048831.1	93.989	183	8	1	1	180	3800	3618	1.91e-72	274
ERR6913112.25431.1	NC_022341.1	98.104	211	4	0	1	211	8484	8694	9.50e-101	368
ERR6913112.25431.1	NC_018839.1	97.630	211	5	0	1	211	8464	8674	4.42e-99	363
ERR6913112.25431.1	NC_027621.1	97.156	211	6	0	1	211	8488	8698	2.06e-97	357
ERR6913112.25431.1	NC_027626.1	97.156	211	6	0	1	211	8467	8677	2.06e-97	357
ERR6913112.25431.1	NC_009541.1	97.156	211	6	0	1	211	8486	8696	2.06e-97	357
ERR6913112.25431.1	NC_027623.2	96.682	211	7	0	1	211	8453	8663	9.57e-96	351
ERR6913112.25431.1	NC_027392.1	96.682	211	7	0	1	211	8483	8693	9.57e-96	351
ERR6913112.25431.1	NC_027405.1	96.682	211	7	0	1	211	8483	8693	9.57e-96	351
ERR6913112.25431.1	NC_027389.1	96.682	211	7	0	1	211	8473	8683	9.57e-96	351
ERR6913112.25431.1	NC_027403.1	96.682	211	7	0	1	211	8483	8693	9.57e-96	351
ERR6913112.25431.1	NC_027400.1	96.682	211	7	0	1	211	8483	8693	9.57e-96	351
ERR6913112.25431.1	NC_022334.1	96.682	211	7	0	1	211	8456	8666	9.57e-96	351
ERR6913112.25431.1	NC_018842.1	96.682	211	7	0	1	211	8466	8676	9.57e-96	351
ERR6913112.25431.1	NC_018852.1	96.682	211	7	0	1	211	8469	8679	9.57e-96	351
ERR6913112.25431.1	NC_018845.1	96.682	211	7	0	1	211	8452	8662	9.57e-96	351
ERR6913112.25431.1	NC_027376.1	96.226	212	6	2	1	211	8462	8672	4.45e-94	346
ERR6913112.25431.1	NC_027354.1	96.226	212	6	2	1	211	8448	8658	4.45e-94	346
ERR6913112.25431.1	NC_027370.1	96.209	211	8	0	1	211	8471	8681	4.45e-94	346
ERR6913112.25431.1	NC_027294.1	96.226	212	6	2	1	211	8461	8671	4.45e-94	346
ERR6913112.25431.1	NC_027380.1	96.209	211	8	0	1	211	8442	8652	4.45e-94	346
ERR6913112.25431.1	NC_022335.1	96.209	211	8	0	1	211	8442	8652	4.45e-94	346
ERR6913112.25431.1	NC_027627.1	95.735	211	9	0	1	211	8456	8666	2.07e-92	340
ERR6913112.25431.1	NC_027629.1	95.755	212	7	2	1	211	8459	8669	2.07e-92	340
ERR6913112.25431.1	NC_022337.1	95.735	211	9	0	1	211	8470	8680	2.07e-92	340
ERR6913112.25431.1	NC_041956.1	95.283	212	8	2	1	211	8453	8663	9.64e-91	335
ERR6913112.25431.1	NC_027385.1	95.261	211	10	0	1	211	8461	8671	9.64e-91	335
ERR6913112.25431.1	NC_027373.1	95.283	212	8	2	1	211	8452	8662	9.64e-91	335
ERR6913112.25431.1	NC_022342.1	95.283	212	8	2	1	211	8460	8670	9.64e-91	335
ERR6913112.25431.1	NC_031084.1	94.787	211	11	0	1	211	8463	8673	4.48e-89	329
ERR6913112.25431.1	NC_028694.1	94.787	211	11	0	1	211	8467	8677	4.48e-89	329
ERR6913112.25431.1	NC_027362.1	94.787	211	11	0	1	211	8473	8683	4.48e-89	329
ERR6913112.25431.1	NC_018851.1	94.811	212	9	2	1	211	8456	8666	4.48e-89	329
ERR6913112.25431.1	NC_018834.1	94.811	212	9	2	1	211	8459	8669	4.48e-89	329
ERR6913112.25431.1	NC_027346.1	94.762	210	11	0	2	211	8473	8682	1.61e-88	327
ERR6913112.25431.1	NC_027622.1	94.313	211	12	0	1	211	8470	8680	2.09e-87	324
ERR6913112.25431.1	NC_031119.1	94.313	211	12	0	1	211	8454	8664	2.09e-87	324
ERR6913112.25431.1	NC_027361.1	94.340	212	10	2	1	211	8475	8685	2.09e-87	324
ERR6913112.25431.1	NC_022339.1	94.340	212	10	2	1	211	8475	8685	2.09e-87	324
ERR6913112.25431.1	NC_027357.1	93.839	211	13	0	1	211	8483	8693	9.71e-86	318
ERR6913112.25431.1	NC_041957.1	93.365	211	14	0	1	211	8459	8669	4.52e-84	313
ERR6913112.25431.1	NC_027347.1	93.365	211	14	0	1	211	8459	8669	4.52e-84	313
ERR6913112.25431.1	NC_027401.1	93.427	213	10	4	1	211	8482	8692	4.52e-84	313
ERR6913112.25431.1	NC_022336.1	93.365	211	14	0	1	211	8459	8669	4.52e-84	313
ERR6913112.25431.1	NC_018849.1	93.396	212	12	2	1	211	8454	8664	4.52e-84	313
ERR6913112.25431.1	NC_015454.1	93.365	211	14	0	1	211	8462	8672	4.52e-84	313
ERR6913112.25431.1	NC_031005.2	92.891	211	15	0	1	211	8461	8671	2.10e-82	307
ERR6913112.25431.1	NC_027391.1	92.925	212	13	2	1	211	8503	8713	2.10e-82	307
ERR6913112.25431.1	NC_027624.1	92.453	212	14	2	1	211	8503	8713	9.77e-81	302
ERR6913112.25431.1	NC_027628.1	92.417	211	16	0	1	211	8466	8676	9.77e-81	302
ERR6913112.25431.1	NC_027336.1	92.453	212	14	2	1	211	8478	8688	9.77e-81	302
ERR6913112.25431.1	NC_027333.1	92.417	211	14	2	2	211	8459	8668	3.52e-80	300
ERR6913112.25431.1	NC_022340.1	92.381	210	16	0	2	211	8463	8672	3.52e-80	300
ERR6913112.25431.1	NC_027625.1	91.429	210	18	0	2	211	8464	8673	7.61e-77	289
ERR6913112.25431.1	NC_027386.1	90.995	211	19	0	1	211	8459	8669	9.84e-76	285
ERR6913112.25431.1	NC_027620.1	90.610	213	16	4	1	211	8509	8719	4.58e-74	279
ERR6913112.25431.1	NC_041955.1	90.610	213	16	4	1	211	8497	8707	4.58e-74	279
ERR6913112.25431.1	NC_027359.1	90.610	213	16	4	1	211	8497	8707	4.58e-74	279
ERR6913112.25431.1	NC_027371.1	90.521	211	20	0	1	211	21219	21009	4.58e-74	279
ERR6913112.25431.1	NC_027295.1	90.476	210	20	0	2	211	8457	8666	1.65e-73	278
ERR6913112.25431.1	NC_018838.1	90.476	210	20	0	2	211	8468	8677	1.65e-73	278
ERR6913112.25431.1	NC_028967.1	90.141	213	17	4	1	211	8460	8670	2.13e-72	274
ERR6913112.25431.1	NC_027367.1	90.141	213	17	4	1	211	8452	8662	2.13e-72	274
ERR6913112.25431.1	NC_022338.1	90.141	213	17	4	1	211	8475	8685	2.13e-72	274
ERR6913112.25431.1	NC_018840.1	90.141	213	17	4	1	211	8473	8683	2.13e-72	274
ERR6913112.25431.1	NC_018841.1	90.141	213	17	4	1	211	8481	8691	2.13e-72	274
ERR6913112.25431.1	NC_018847.1	90.000	210	21	0	2	211	8454	8663	7.66e-72	272
ERR6913112.25431.1	NC_041954.1	89.623	212	20	2	1	211	8468	8678	9.91e-71	268
ERR6913112.25431.1	NC_031003.1	89.202	213	19	4	1	211	8497	8707	4.61e-69	263
ERR6913112.25431.1	NC_027630.1	87.143	210	27	0	2	211	8459	8668	7.77e-62	239
ERR6913112.25567.1	NC_054960.1	100.000	29	0	0	31	59	32458	32486	3.15e-06	54.7
ERR6913112.25567.1	NC_054957.1	100.000	29	0	0	31	59	3363	3391	3.15e-06	54.7
ERR6913112.25567.1	NC_054956.1	100.000	29	0	0	31	59	11159	11187	3.15e-06	54.7
ERR6913112.25569.1	NC_054960.1	100.000	29	0	0	31	59	32458	32486	3.15e-06	54.7
ERR6913112.25569.1	NC_054957.1	100.000	29	0	0	31	59	3363	3391	3.15e-06	54.7
ERR6913112.25569.1	NC_054956.1	100.000	29	0	0	31	59	11159	11187	3.15e-06	54.7
ERR6913112.26117.1	NC_055915.1	83.099	142	22	2	18	158	90847	90987	1.41e-28	128
ERR6913112.26365.1	NC_048842.1	95.652	69	3	0	1	69	2760	2828	1.21e-23	111
ERR6913112.26365.1	NC_048833.1	95.652	69	3	0	1	69	2760	2828	1.21e-23	111
ERR6913112.26801.1	NC_042093.1	96.629	89	2	1	108	195	41980	41892	6.42e-34	147
ERR6913112.26801.1	NC_048647.1	96.296	81	1	2	112	191	54125	54046	1.80e-29	132
ERR6913112.26801.1	NC_048873.1	96.296	81	1	2	112	191	64107	64028	1.80e-29	132
ERR6913112.26801.1	NC_048741.1	98.649	74	1	0	112	185	90566	90639	1.80e-29	132
ERR6913112.26801.1	NC_048656.1	96.296	81	1	2	112	191	47045	46966	1.80e-29	132
ERR6913112.26801.1	NC_028659.1	96.296	81	1	2	112	191	64172	64093	1.80e-29	132
ERR6913112.26801.1	NC_041878.1	86.047	86	6	4	18	102	292676	292756	3.95e-16	87.9
ERR6913112.26807.1	NC_042093.1	96.629	89	2	1	108	195	41980	41892	6.42e-34	147
ERR6913112.26807.1	NC_048647.1	96.296	81	1	2	112	191	54125	54046	1.80e-29	132
ERR6913112.26807.1	NC_048873.1	96.296	81	1	2	112	191	64107	64028	1.80e-29	132
ERR6913112.26807.1	NC_048741.1	98.649	74	1	0	112	185	90566	90639	1.80e-29	132
ERR6913112.26807.1	NC_048656.1	96.296	81	1	2	112	191	47045	46966	1.80e-29	132
ERR6913112.26807.1	NC_028659.1	96.296	81	1	2	112	191	64172	64093	1.80e-29	132
ERR6913112.26807.1	NC_041878.1	86.047	86	6	4	18	102	292676	292756	3.95e-16	87.9
ERR6913112.26843.1	NC_009334.1	100.000	212	0	0	1	212	42955	43166	5.67e-108	392
ERR6913112.26843.1	NC_007605.1	100.000	212	0	0	1	212	42839	43050	5.67e-108	392
ERR6913112.27222.1	NC_055915.1	87.333	150	18	1	101	249	128484	128335	3.48e-41	171
ERR6913112.27438.1	NC_019401.1	79.339	121	21	4	39	157	161754	161636	1.13e-14	82.4
ERR6913112.27526.1	NC_042016.1	83.333	66	11	0	1	66	53646	53711	2.38e-08	62.1
ERR6913112.27526.1	NC_041889.1	83.333	66	11	0	1	66	53738	53803	2.38e-08	62.1
ERR6913112.27821.1	NC_028890.1	94.737	57	2	1	129	185	27811	27866	3.11e-16	87.9
ERR6913112.27821.1	NC_047735.1	94.737	57	2	1	129	185	149481	149426	3.11e-16	87.9
ERR6913112.27821.1	NC_018860.1	94.737	57	2	1	129	185	1413	1358	3.11e-16	87.9
ERR6913112.27963.1	NC_028651.1	95.614	114	5	0	1	114	6146	6033	1.78e-45	183
ERR6913112.29051.1	NC_048839.1	86.207	145	18	2	1	145	5549	5691	8.97e-37	156
ERR6913112.29051.1	NC_048836.1	86.207	145	18	2	1	145	5938	6080	8.97e-37	156
ERR6913112.29051.1	NC_048835.1	86.207	145	18	2	1	145	5938	6080	8.97e-37	156
ERR6913112.29063.1	NC_042116.1	91.892	74	6	0	109	182	260437	260510	3.02e-21	104
ERR6913112.29063.1	NC_042116.1	91.892	74	5	1	105	178	93325	93397	1.09e-20	102
ERR6913112.29063.1	NC_042116.1	86.957	92	9	3	94	183	24548	24638	3.91e-20	100
ERR6913112.29063.1	NC_041917.1	90.000	80	8	0	104	183	30328	30407	3.02e-21	104
ERR6913112.29325.1	NC_048807.1	87.273	55	7	0	16	70	74960	74906	2.44e-09	63.9
ERR6913112.29325.1	NC_048828.1	90.698	43	4	0	16	58	57087	57129	1.14e-07	58.4
ERR6913112.29560.1	NC_051591.1	81.429	70	13	0	60	129	44519	44588	2.98e-07	58.4
ERR6913112.29736.1	NC_048016.1	85.714	56	6	2	182	236	2033	1979	3.19e-07	58.4
ERR6913112.29736.1	NC_031010.1	85.714	56	6	2	182	236	2033	1979	3.19e-07	58.4
ERR6913112.30172.1	NC_048844.1	92.308	143	11	0	5	147	2428	2570	1.85e-51	204
ERR6913112.31428.1	NC_042016.1	79.167	96	20	0	55	150	53711	53616	2.60e-10	67.6
ERR6913112.31428.1	NC_041889.1	79.167	96	20	0	55	150	53803	53708	2.60e-10	67.6
