ERR6913209.68.1	NC_001405.1	100.000	99	0	0	6	104	11654	11556	1.58e-45	183
ERR6913209.68.1	AC_000007.1	100.000	99	0	0	6	104	11654	11556	1.58e-45	183
ERR6913209.68.1	AC_000017.1	98.990	99	1	0	6	104	11673	11575	7.34e-44	178
ERR6913209.68.1	AC_000008.1	98.990	99	1	0	6	104	11664	11566	7.34e-44	178
ERR6913209.246.1	NC_008168.1	90.667	75	7	0	1	75	19949	20023	2.54e-20	100
ERR6913209.194.1	NC_045512.2	100.000	210	0	0	1	210	11461	11252	7.25e-107	388
ERR6913209.490.1	NC_045512.2	100.000	109	0	0	1	109	15617	15509	4.63e-51	202
ERR6913209.856.1	NC_045512.2	100.000	133	0	0	1	133	29124	29256	2.71e-64	246
ERR6913209.856.1	NC_004718.3	91.729	133	11	0	1	133	28973	29105	6.00e-46	185
ERR6913209.1176.1	AC_000017.1	100.000	99	0	0	6	104	18243	18341	1.58e-45	183
ERR6913209.1176.1	NC_001405.1	100.000	99	0	0	6	104	18222	18320	1.58e-45	183
ERR6913209.1176.1	AC_000008.1	100.000	99	0	0	6	104	18224	18322	1.58e-45	183
ERR6913209.1176.1	AC_000007.1	100.000	99	0	0	6	104	18222	18320	1.58e-45	183
ERR6913209.2116.1	NC_008168.1	90.000	50	5	0	79	128	20023	19974	7.85e-10	65.8
ERR6913209.2197.1	NC_045512.2	100.000	118	0	0	1	118	17749	17632	5.09e-56	219
ERR6913209.2245.1	NC_008168.1	96.226	53	2	0	72	124	19947	19999	1.59e-16	87.9
ERR6913209.2385.1	NC_001405.1	100.000	98	0	0	1	98	11557	11654	5.53e-45	182
ERR6913209.2385.1	AC_000007.1	100.000	98	0	0	1	98	11557	11654	5.53e-45	182
ERR6913209.2385.1	AC_000017.1	98.980	98	1	0	1	98	11576	11673	2.57e-43	176
ERR6913209.2385.1	AC_000008.1	98.980	98	1	0	1	98	11567	11664	2.57e-43	176
ERR6913209.2903.1	NC_045512.2	100.000	140	0	0	1	140	2041	2180	3.68e-68	259
ERR6913209.3091.1	NC_020878.1	83.908	87	10	3	27	111	41080	40996	2.32e-14	80.5
ERR6913209.3174.1	NC_008168.1	96.296	54	2	0	1	54	20000	19947	3.63e-17	89.8
ERR6913209.3437.1	NC_008168.1	96.296	54	2	0	29	82	19947	20000	2.55e-17	89.8
ERR6913209.3737.1	NC_042057.1	98.889	90	1	0	79	168	1559	1648	1.33e-38	161
ERR6913209.3997.1	NC_045512.2	99.010	101	1	0	1	101	27903	28003	5.46e-45	182
ERR6913209.4131.1	NC_045512.2	97.500	80	0	2	1	79	2890	2968	3.35e-31	135
ERR6913209.4480.1	NC_015290.1	78.261	115	19	5	4	115	170071	169960	5.31e-11	69.4
ERR6913209.4480.1	NC_006883.2	76.106	113	25	2	4	115	211951	211840	1.15e-07	58.4
ERR6913209.4673.1	NC_045512.2	100.000	151	0	0	1	151	27382	27532	3.09e-74	279
ERR6913209.4673.1	NC_004718.3	84.000	150	24	0	2	151	27262	27411	1.18e-33	145
ERR6913209.5090.1	NC_045512.2	100.000	106	0	0	1	106	14821	14716	2.08e-49	196
ERR6913209.5090.1	NC_004718.3	94.231	104	6	0	3	106	14749	14646	2.73e-38	159
ERR6913209.5257.1	NC_045512.2	100.000	254	0	0	2	255	20443	20190	3.13e-131	470
ERR6913209.5481.1	NC_048026.1	88.750	80	9	0	20	99	19867	19788	5.51e-20	99.0
ERR6913209.5481.1	NC_015290.1	87.952	83	10	0	17	99	170261	170179	5.51e-20	99.0
ERR6913209.5481.1	NC_015288.1	82.828	99	17	0	1	99	182381	182283	3.31e-17	89.8
ERR6913209.6169.1	NC_008168.1	93.103	58	4	0	33	90	19947	20004	8.17e-16	86.1
ERR6913209.6200.1	NC_030230.1	84.127	63	10	0	62	124	372705	372643	1.27e-08	62.1
ERR6913209.6371.1	NC_045512.2	100.000	104	0	0	1	104	23730	23627	2.62e-48	193
ERR6913209.7221.1	NC_045512.2	100.000	204	0	0	1	204	25585	25382	1.59e-103	377
ERR6913209.7221.1	NC_004718.3	81.726	197	34	2	9	204	25452	25257	4.84e-39	163
ERR6913209.7768.1	NC_045512.2	100.000	150	0	0	1	150	23167	23316	1.10e-73	278
ERR6913209.7797.1	NC_042057.1	100.000	70	0	0	1	70	1413	1344	1.21e-29	130
ERR6913209.7834.1	NC_008168.1	90.909	77	7	0	91	167	20023	19947	2.43e-21	104
ERR6913209.8048.1	NC_001405.1	100.000	97	0	0	2	98	11654	11558	1.89e-44	180
ERR6913209.8048.1	AC_000007.1	100.000	97	0	0	2	98	11654	11558	1.89e-44	180
ERR6913209.8048.1	AC_000017.1	98.969	97	1	0	2	98	11673	11577	8.77e-43	174
ERR6913209.8048.1	AC_000008.1	98.969	97	1	0	2	98	11664	11568	8.77e-43	174
ERR6913209.8172.1	NC_045512.2	100.000	28	0	0	1	28	17192	17165	3.06e-06	52.8
ERR6913209.8747.1	NC_008168.1	90.566	53	5	0	46	98	20023	19971	1.22e-11	71.3
ERR6913209.8871.1	NC_001405.1	100.000	97	0	0	1	97	11556	11652	1.86e-44	180
ERR6913209.8871.1	AC_000007.1	100.000	97	0	0	1	97	11556	11652	1.86e-44	180
ERR6913209.8871.1	AC_000017.1	98.969	97	1	0	1	97	11575	11671	8.65e-43	174
ERR6913209.8871.1	AC_000008.1	98.969	97	1	0	1	97	11566	11662	8.65e-43	174
ERR6913209.9064.1	NC_045512.2	100.000	117	0	0	1	117	13567	13451	1.81e-55	217
ERR6913209.9064.1	NC_004718.3	93.966	116	5	2	3	117	13495	13381	1.11e-42	174
ERR6913209.9064.1	NC_014470.1	92.593	108	8	0	3	110	13394	13287	4.00e-37	156
ERR6913209.9064.1	NC_025217.1	80.734	109	19	2	1	108	14030	13923	1.92e-15	84.2
ERR6913209.9150.1	NC_008168.1	95.349	43	2	0	6	48	19960	20002	6.71e-11	69.4
ERR6913209.9565.1	NC_045512.2	100.000	158	0	0	1	158	12685	12528	4.20e-78	292
ERR6913209.9596.1	NC_045512.2	99.582	239	1	0	1	239	27806	27568	2.96e-121	436
ERR6913209.9596.1	NC_004718.3	82.645	242	35	3	1	237	27688	27449	2.52e-52	207
ERR6913209.9597.1	NC_045512.2	99.582	239	1	0	1	239	27806	27568	2.96e-121	436
ERR6913209.9597.1	NC_004718.3	82.645	242	35	3	1	237	27688	27449	2.52e-52	207
ERR6913209.10140.1	NC_045512.2	99.138	116	1	0	1	116	27813	27928	3.00e-53	209
ERR6913209.10245.1	NC_001405.1	100.000	98	0	0	1	98	18318	18415	5.60e-45	182
ERR6913209.10245.1	AC_000007.1	100.000	98	0	0	1	98	18318	18415	5.60e-45	182
ERR6913209.10245.1	AC_000008.1	98.980	98	1	0	1	98	18320	18417	2.61e-43	176
ERR6913209.10245.1	AC_000017.1	94.898	98	5	0	1	98	18339	18436	1.22e-36	154
ERR6913209.10424.1	NC_054662.1	89.655	58	5	1	49	105	48645	48702	5.01e-12	73.1
ERR6913209.10511.1	NC_042057.1	100.000	75	0	0	3	77	1405	1331	8.29e-32	139
ERR6913209.10512.1	NC_042057.1	100.000	75	0	0	3	77	1405	1331	8.29e-32	139
ERR6913209.10922.1	NC_049464.1	97.297	37	1	0	79	115	66515	66479	2.74e-09	63.9
ERR6913209.11264.1	NC_047958.1	81.006	179	23	7	32	201	12893	12717	1.42e-29	132
ERR6913209.11264.1	NC_007497.1	82.468	154	17	6	32	176	15918	15766	6.62e-28	126
ERR6913209.11404.1	NC_008168.1	87.013	77	10	0	104	180	19947	20023	3.74e-16	87.9
ERR6913209.11392.1	NC_045512.2	100.000	201	0	0	1	201	13675	13475	6.95e-102	372
ERR6913209.11392.1	NC_004718.3	89.055	201	22	0	1	201	13605	13405	3.40e-65	250
ERR6913209.11392.1	NC_014470.1	84.577	201	31	0	1	201	13504	13304	3.47e-50	200
ERR6913209.11392.1	NC_025217.1	79.787	94	17	2	109	201	14030	13938	3.67e-10	67.6
ERR6913209.11396.1	NC_045512.2	100.000	201	0	0	1	201	13675	13475	6.95e-102	372
ERR6913209.11396.1	NC_004718.3	89.055	201	22	0	1	201	13605	13405	3.40e-65	250
ERR6913209.11396.1	NC_014470.1	84.577	201	31	0	1	201	13504	13304	3.47e-50	200
ERR6913209.11396.1	NC_025217.1	79.787	94	17	2	109	201	14030	13938	3.67e-10	67.6
ERR6913209.11673.1	NC_008168.1	90.909	77	7	0	17	93	20023	19947	1.74e-21	104
ERR6913209.11713.1	NC_015284.1	77.982	109	17	6	1	106	172660	172764	7.91e-09	62.1
ERR6913209.11772.1	NC_028980.1	100.000	127	0	0	1	127	29929	29803	5.65e-61	235
ERR6913209.11772.1	NC_018282.1	100.000	127	0	0	1	127	3432	3306	5.65e-61	235
ERR6913209.11772.1	NC_007809.1	100.000	127	0	0	1	127	32458	32332	5.65e-61	235
ERR6913209.11772.1	NC_010116.1	99.225	129	1	0	1	129	3432	3304	2.03e-60	233
ERR6913209.11772.1	NC_041934.1	97.674	129	3	0	1	129	3432	3304	4.40e-57	222
ERR6913209.11951.1	NC_045512.2	98.788	165	0	1	1	163	25081	24917	4.36e-78	292
ERR6913209.12070.1	NC_011216.1	100.000	104	0	0	1	104	32134	32237	2.62e-48	193
ERR6913209.12181.1	AC_000017.1	100.000	109	0	0	1	109	33577	33685	4.63e-51	202
ERR6913209.12181.1	NC_001405.1	100.000	109	0	0	1	109	33516	33624	4.63e-51	202
ERR6913209.12181.1	AC_000008.1	100.000	109	0	0	1	109	33516	33624	4.63e-51	202
ERR6913209.12181.1	AC_000007.1	100.000	109	0	0	1	109	33516	33624	4.63e-51	202
ERR6913209.12780.1	NC_042057.1	98.889	90	1	0	79	168	1559	1648	1.33e-38	161
ERR6913209.12781.1	NC_042057.1	98.889	90	1	0	79	168	1559	1648	1.33e-38	161
ERR6913209.12867.1	NC_045512.2	100.000	110	0	0	1	110	6852	6743	1.30e-51	204
ERR6913209.13234.1	AC_000017.1	100.000	99	0	0	1	99	12512	12610	1.48e-45	183
ERR6913209.13234.1	NC_001405.1	100.000	99	0	0	1	99	12493	12591	1.48e-45	183
ERR6913209.13234.1	AC_000007.1	100.000	99	0	0	1	99	12493	12591	1.48e-45	183
ERR6913209.13234.1	AC_000008.1	98.990	99	1	0	1	99	12503	12601	6.87e-44	178
ERR6913209.13234.1	NC_012959.1	91.566	83	7	0	14	96	11913	11995	5.47e-25	115
ERR6913209.13234.1	NC_010956.1	91.566	83	7	0	14	96	11974	12056	5.47e-25	115
ERR6913209.13234.1	AC_000006.1	92.208	77	6	0	14	90	11961	12037	2.54e-23	110
ERR6913209.13642.1	NC_001405.1	100.000	97	0	0	6	102	18415	18319	1.99e-44	180
ERR6913209.13642.1	AC_000007.1	100.000	97	0	0	6	102	18415	18319	1.99e-44	180
ERR6913209.13642.1	AC_000008.1	98.969	97	1	0	6	102	18417	18321	9.25e-43	174
ERR6913209.13642.1	AC_000017.1	94.845	97	5	0	6	102	18436	18340	4.34e-36	152
ERR6913209.13629.1	NC_008168.1	91.667	48	4	0	37	84	20023	19976	1.24e-10	67.6
ERR6913209.13849.1	NC_049464.1	97.297	37	1	0	80	116	66479	66515	3.07e-09	63.9
ERR6913209.13853.1	NC_049464.1	97.297	37	1	0	80	116	66479	66515	3.07e-09	63.9
