ERR6913320.1437.1	NC_028890.1	94.737	57	2	1	58	114	27866	27811	3.35e-16	87.9
ERR6913320.1437.1	NC_047735.1	94.737	57	2	1	58	114	149426	149481	3.35e-16	87.9
ERR6913320.1437.1	NC_018860.1	94.737	57	2	1	58	114	1358	1413	3.35e-16	87.9
ERR6913320.1461.1	NC_023719.1	86.567	67	4	5	1	65	410926	410989	3.09e-11	69.4
ERR6913320.3335.1	NC_027981.1	99.043	209	2	0	1	209	3185	3393	5.62e-103	375
ERR6913320.3335.1	NC_019722.1	98.565	209	3	0	1	209	3185	3393	2.61e-101	370
ERR6913320.3335.1	NC_004456.1	95.694	209	6	3	1	209	18703	18908	3.43e-90	333
ERR6913320.3884.1	NC_021806.1	82.787	122	14	6	2	122	4063	4178	5.64e-21	102
ERR6913320.4122.1	NC_024357.1	98.404	188	3	0	1	188	13803	13990	1.09e-89	331
ERR6913320.4122.1	NC_031907.1	97.872	188	4	0	1	188	7816	8003	5.08e-88	326
ERR6913320.4122.1	NC_024370.1	97.872	188	4	0	1	188	15011	15198	5.08e-88	326
ERR6913320.4122.1	NC_031942.1	97.340	188	5	0	1	188	14815	15002	2.36e-86	320
ERR6913320.4122.1	NC_031901.1	97.340	188	5	0	1	188	19902	20089	2.36e-86	320
ERR6913320.4122.1	NC_031923.1	96.809	188	6	0	1	188	15040	15227	1.10e-84	315
ERR6913320.4122.1	NC_031929.1	96.809	188	6	0	1	188	14712	14899	1.10e-84	315
ERR6913320.4122.1	NC_031913.1	96.809	188	6	0	1	188	14385	14572	1.10e-84	315
ERR6913320.4122.1	NC_031910.1	96.809	188	6	0	1	188	16359	16546	1.10e-84	315
ERR6913320.4122.1	NC_031920.1	96.809	188	6	0	1	188	15619	15806	1.10e-84	315
ERR6913320.4122.1	NC_024361.1	96.277	188	7	0	1	188	13787	13974	5.12e-83	309
ERR6913320.6136.1	NC_031068.2	82.166	157	26	2	53	208	26092	26247	4.45e-30	134
ERR6913320.6136.1	NC_048103.1	83.333	138	21	2	11	147	27175	27311	7.44e-28	126
ERR6913320.6136.1	NC_047758.1	76.724	232	50	4	11	240	26507	26736	7.44e-28	126
ERR6913320.6557.1	NC_048686.1	89.474	95	10	0	36	130	4430	4524	1.67e-26	121
ERR6913320.6557.1	NC_048685.1	86.517	89	10	2	43	130	4823	4910	2.81e-19	97.1
ERR6913320.8145.1	NC_041868.1	100.000	29	0	0	38	66	26383	26355	6.86e-07	54.7
ERR6913320.8441.1	NC_019722.1	100.000	145	0	0	1	145	27617	27473	6.38e-71	268
ERR6913320.8441.1	NC_027981.1	100.000	145	0	0	1	145	28894	28750	6.38e-71	268
ERR6913320.8441.1	NC_004456.1	100.000	145	0	0	1	145	1365	1221	6.38e-71	268
ERR6913320.10213.1	NC_031907.1	94.650	243	13	0	1	243	13473	13231	1.85e-103	377
ERR6913320.10213.1	NC_031923.1	94.650	243	13	0	1	243	19745	19503	1.85e-103	377
ERR6913320.10213.1	NC_031929.1	94.650	243	13	0	1	243	19417	19175	1.85e-103	377
ERR6913320.10213.1	NC_031910.1	94.650	243	13	0	1	243	21064	20822	1.85e-103	377
ERR6913320.10213.1	NC_024361.1	94.650	243	13	0	1	243	18492	18250	1.85e-103	377
ERR6913320.10213.1	NC_031913.1	94.239	243	14	0	1	243	19762	19520	8.62e-102	372
ERR6913320.10213.1	NC_031901.1	94.239	243	14	0	1	243	25185	24943	8.62e-102	372
ERR6913320.10213.1	NC_031920.1	94.239	243	14	0	1	243	20324	20082	8.62e-102	372
ERR6913320.10213.1	NC_024357.1	94.239	243	14	0	1	243	19180	18938	8.62e-102	372
ERR6913320.10213.1	NC_024370.1	93.827	243	15	0	1	243	19704	19462	4.01e-100	366
ERR6913320.10358.1	NC_013197.1	93.023	43	1	2	78	119	15805	15846	2.06e-08	62.1
ERR6913320.10715.1	NC_027981.1	100.000	105	0	0	1	105	16068	15964	7.38e-49	195
ERR6913320.10715.1	NC_004456.1	100.000	105	0	0	1	105	31562	31458	7.38e-49	195
ERR6913320.10715.1	NC_019722.1	99.048	105	1	0	1	105	15175	15071	3.43e-47	189
ERR6913320.12661.1	NC_024357.1	89.655	116	10	2	17	131	30938	31052	2.78e-34	147
ERR6913320.12757.1	NC_047774.1	100.000	133	0	0	1	133	23377	23509	2.71e-64	246
ERR6913320.12757.1	NC_010807.1	100.000	133	0	0	1	133	941	1073	2.71e-64	246
ERR6913320.12757.1	NC_047844.1	99.248	133	1	0	1	133	913	1045	1.26e-62	241
ERR6913320.12757.1	NC_047843.1	99.248	133	1	0	1	133	570	702	1.26e-62	241
ERR6913320.12757.1	NC_031092.1	98.496	133	2	0	1	133	839	971	5.87e-61	235
ERR6913320.12757.1	NC_048063.1	97.744	133	0	1	1	133	565	694	3.53e-58	226
ERR6913320.12757.1	NC_031066.1	96.992	133	2	1	1	133	814	944	4.57e-57	222
ERR6913320.12757.1	NC_025451.1	96.992	133	3	1	1	133	909	1040	4.57e-57	222
ERR6913320.12757.1	NC_001271.1	96.241	133	0	2	1	133	931	1058	2.75e-54	213
ERR6913320.12757.1	NC_047867.1	96.212	132	0	3	1	132	796	922	9.89e-54	211
ERR6913320.12757.1	NC_047864.1	96.212	132	0	3	1	132	796	922	9.89e-54	211
ERR6913320.12757.1	NC_003298.1	96.212	132	0	3	1	132	797	923	9.89e-54	211
ERR6913320.13897.1	NC_005294.1	95.455	44	2	0	228	271	39740	39783	4.12e-11	71.3
ERR6913320.14472.1	NC_048207.1	97.561	41	1	0	31	71	25428	25468	1.62e-11	71.3
ERR6913320.14872.1	NC_028890.1	94.737	57	2	1	91	147	27811	27866	2.53e-16	87.9
ERR6913320.14872.1	NC_047735.1	94.737	57	2	1	91	147	149481	149426	2.53e-16	87.9
ERR6913320.14872.1	NC_018860.1	94.737	57	2	1	91	147	1413	1358	2.53e-16	87.9
ERR6913320.14907.1	NC_031929.1	89.535	86	9	0	59	144	32014	31929	4.06e-23	110
ERR6913320.14907.1	NC_031910.1	89.535	86	9	0	59	144	33662	33577	4.06e-23	110
ERR6913320.14907.1	NC_024370.1	89.535	86	9	0	59	144	32049	31964	4.06e-23	110
ERR6913320.14907.1	NC_024361.1	89.535	86	9	0	59	144	29071	28986	4.06e-23	110
ERR6913320.14907.1	NC_031942.1	90.476	42	4	0	59	100	31788	31747	5.36e-07	56.5
ERR6913320.14907.1	NC_031920.1	90.476	42	4	0	59	100	32396	32355	5.36e-07	56.5
ERR6913320.15063.1	NC_027402.1	100.000	63	0	0	1	63	198365	198427	8.01e-26	117
ERR6913320.15470.1	NC_054718.1	90.000	50	5	0	5	54	93850	93801	1.62e-09	65.8
ERR6913320.15470.1	NC_054719.1	90.000	50	5	0	5	54	93387	93338	1.62e-09	65.8
ERR6913320.15470.1	NC_054720.1	90.000	50	5	0	5	54	92428	92379	1.62e-09	65.8
ERR6913320.15470.1	NC_054722.1	90.000	50	5	0	5	54	92368	92319	1.62e-09	65.8
ERR6913320.15470.1	NC_054717.1	90.000	50	5	0	5	54	92733	92684	1.62e-09	65.8
ERR6913320.15470.1	NC_054716.1	90.000	50	5	0	5	54	94627	94578	1.62e-09	65.8
ERR6913320.15470.1	NC_054715.1	90.000	50	5	0	5	54	95459	95410	1.62e-09	65.8
ERR6913320.15470.1	NC_041901.1	90.000	50	5	0	5	54	94127	94078	1.62e-09	65.8
ERR6913320.15470.1	NC_031080.1	90.000	50	5	0	5	54	97586	97537	1.62e-09	65.8
ERR6913320.15470.1	NC_029044.1	90.000	50	5	0	5	54	92356	92307	1.62e-09	65.8
ERR6913320.15470.1	NC_021348.1	90.000	50	5	0	5	54	93344	93295	1.62e-09	65.8
ERR6913320.15470.1	NC_021346.1	90.000	50	5	0	5	54	95006	94957	1.62e-09	65.8
ERR6913320.15470.1	NC_021349.1	90.000	50	5	0	5	54	91781	91732	1.62e-09	65.8
ERR6913320.15470.1	NC_023725.1	90.000	50	5	0	5	54	94368	94319	1.62e-09	65.8
ERR6913320.15470.1	NC_023733.1	90.000	50	5	0	5	54	92866	92817	1.62e-09	65.8
ERR6913320.15470.1	NC_023737.1	90.000	50	5	0	5	54	93540	93491	1.62e-09	65.8
ERR6913320.15470.1	NC_023696.1	90.000	50	5	0	5	54	96763	96714	1.62e-09	65.8
ERR6913320.15470.1	NC_011270.1	90.000	50	5	0	5	54	93527	93478	1.62e-09	65.8
ERR6913320.15470.1	NC_011269.2	90.000	50	5	0	5	54	92425	92376	1.62e-09	65.8
ERR6913320.15470.1	NC_011271.1	90.000	50	5	0	5	54	93850	93801	1.62e-09	65.8
ERR6913320.15470.1	NC_004687.1	90.000	50	5	0	5	54	95708	95659	1.62e-09	65.8
ERR6913320.15470.1	NC_047861.1	93.182	44	2	1	1	44	45171	45129	5.84e-09	63.9
ERR6913320.16069.1	NC_022749.1	99.065	107	1	0	1	107	35511	35617	2.72e-48	193
ERR6913320.16069.1	NC_042128.1	97.196	107	3	0	1	107	107918	107812	5.89e-45	182
ERR6913320.16069.1	NC_005856.1	97.196	107	3	0	1	107	23068	22962	5.89e-45	182
ERR6913320.16785.1	NC_031901.1	89.200	250	27	0	1	250	6485	6734	5.54e-84	313
ERR6913320.16785.1	NC_031941.1	85.714	252	33	3	1	250	1573	1823	5.66e-69	263
ERR6913320.16785.1	NC_024370.1	85.600	250	28	6	8	250	818	1066	9.47e-67	255
ERR6913320.16785.1	NC_031942.1	85.366	246	31	5	8	250	1351	1594	4.41e-65	250
ERR6913320.16785.1	NC_024361.1	84.959	246	32	5	8	250	212	455	2.05e-63	244
ERR6913320.16785.1	NC_003050.2	84.739	249	33	5	8	253	39227	38981	2.05e-63	244
ERR6913320.16785.1	NC_022791.1	84.553	246	33	5	8	250	32863	33106	9.54e-62	239
ERR6913320.16785.1	NC_027396.1	94.262	122	7	0	26	147	17739	17618	3.50e-46	187
ERR6913320.17199.1	NC_012753.1	87.500	192	21	2	1	192	19100	18912	9.09e-56	219
ERR6913320.17303.1	NC_019517.1	98.165	109	2	0	1	109	48490	48598	1.00e-47	191
ERR6913320.17303.1	NC_041937.1	95.413	109	5	0	1	109	44892	45000	1.01e-42	174
ERR6913320.17303.1	NC_028248.1	95.413	109	5	0	1	109	82023	82131	1.01e-42	174
ERR6913320.17303.1	NC_041871.1	95.413	109	5	0	1	109	47975	48083	1.01e-42	174
ERR6913320.17303.1	NC_024134.1	95.413	109	5	0	1	109	49182	49290	1.01e-42	174
ERR6913320.17303.1	NC_011041.1	95.413	109	5	0	1	109	47956	48064	1.01e-42	174
ERR6913320.17303.1	NC_022323.1	94.495	109	6	0	1	109	47705	47813	4.70e-41	169
ERR6913320.18005.1	NC_023006.1	98.276	58	1	0	112	169	21075	21132	1.43e-20	102
ERR6913320.20667.1	NC_050152.1	100.000	254	0	0	1	254	3270	3523	3.12e-131	470
ERR6913320.21364.1	NC_031907.1	78.981	157	31	2	3	158	24744	24899	8.63e-22	106
ERR6913320.21364.1	NC_022791.1	78.981	157	31	2	3	158	24168	24323	8.63e-22	106
ERR6913320.21364.1	NC_003050.2	78.981	157	31	2	3	158	7186	7031	8.63e-22	106
ERR6913320.21364.1	NC_031915.1	78.344	157	32	2	3	158	28925	29080	4.01e-20	100
ERR6913320.21530.1	NC_019722.1	100.000	79	0	0	1	79	41133	41055	1.41e-34	147
ERR6913320.21530.1	NC_027981.1	100.000	79	0	0	1	79	42396	42318	1.41e-34	147
ERR6913320.21530.1	NC_004456.1	100.000	79	0	0	1	79	15302	15224	1.41e-34	147
ERR6913320.22526.1	NC_013197.1	93.023	43	1	2	120	161	15805	15846	2.34e-08	62.1
ERR6913320.22556.1	NC_013197.1	93.023	43	1	2	120	161	15805	15846	2.34e-08	62.1
ERR6913320.23620.1	NC_023503.1	93.525	278	18	0	1	278	2228	1951	1.64e-114	414
ERR6913320.24140.1	NC_031929.1	96.622	148	5	0	1	148	40169	40316	3.06e-64	246
ERR6913320.24140.1	NC_031942.1	96.622	148	5	0	1	148	39681	39828	3.06e-64	246
ERR6913320.24140.1	NC_031910.1	96.622	148	5	0	1	148	41070	41217	3.06e-64	246
ERR6913320.24140.1	NC_031920.1	96.622	148	5	0	1	148	40211	40358	3.06e-64	246
ERR6913320.24140.1	NC_024370.1	96.622	148	5	0	1	148	39164	39311	3.06e-64	246
ERR6913320.24140.1	NC_024357.1	96.622	148	5	0	1	148	38559	38706	3.06e-64	246
ERR6913320.24140.1	NC_024361.1	96.622	148	5	0	1	148	37591	37738	3.06e-64	246
ERR6913320.24526.1	NC_019722.1	100.000	91	0	0	1	91	2485	2395	3.69e-41	169
ERR6913320.24526.1	NC_004456.1	98.901	91	1	0	1	91	18003	17913	1.72e-39	163
ERR6913320.24526.1	NC_027981.1	97.802	91	2	0	1	91	2485	2395	7.99e-38	158
ERR6913320.27912.1	NC_031907.1	93.596	203	13	0	1	203	2879	2677	2.60e-81	303
ERR6913320.27912.1	NC_031923.1	93.596	203	13	0	1	203	10103	9901	2.60e-81	303
ERR6913320.27912.1	NC_031929.1	93.596	203	13	0	1	203	9775	9573	2.60e-81	303
ERR6913320.27912.1	NC_031913.1	93.596	203	13	0	1	203	9448	9246	2.60e-81	303
ERR6913320.27912.1	NC_031910.1	93.596	203	13	0	1	203	11422	11220	2.60e-81	303
ERR6913320.27912.1	NC_031920.1	93.596	203	13	0	1	203	10682	10480	2.60e-81	303
ERR6913320.27912.1	NC_024357.1	93.596	203	13	0	1	203	8866	8664	2.60e-81	303
ERR6913320.27912.1	NC_024361.1	93.596	203	13	0	1	203	8847	8645	2.60e-81	303
ERR6913320.27912.1	NC_024370.1	93.103	203	14	0	1	203	10074	9872	1.21e-79	298
ERR6913320.27912.1	NC_031942.1	92.574	202	15	0	2	203	9880	9679	2.02e-77	291
ERR6913320.28623.1	NC_005294.1	99.078	217	2	0	1	217	26717	26501	2.09e-107	390
ERR6913320.29753.1	NC_047816.1	100.000	31	0	0	193	223	1028	1058	2.53e-07	58.4
ERR6913320.30807.1	NC_023503.1	89.916	119	12	0	1	119	7640	7522	1.47e-36	154
ERR6913320.31201.1	NC_041937.1	98.750	80	1	0	6	85	108250	108171	2.03e-33	143
ERR6913320.31201.1	NC_041869.1	96.512	86	2	1	1	85	23715	23800	7.31e-33	141
ERR6913320.31201.1	NC_011041.1	96.512	86	2	1	1	85	116508	116423	7.31e-33	141
ERR6913320.31201.1	NC_024134.1	94.186	86	4	1	1	85	117091	117006	1.58e-29	130
ERR6913320.31201.1	NC_019517.1	93.023	86	5	1	1	85	115721	115636	7.37e-28	124
ERR6913320.31201.1	NC_022323.1	95.775	71	2	1	16	85	115186	115116	1.59e-24	113
ERR6913320.31228.1	NC_031923.1	93.007	143	10	0	1	143	17290	17148	3.85e-53	209
ERR6913320.31228.1	NC_031929.1	93.007	143	10	0	1	143	16962	16820	3.85e-53	209
ERR6913320.31228.1	NC_031910.1	93.007	143	10	0	1	143	18609	18467	3.85e-53	209
ERR6913320.31228.1	NC_031920.1	93.007	143	10	0	1	143	17869	17727	3.85e-53	209
ERR6913320.31228.1	NC_024361.1	93.007	143	10	0	1	143	16037	15895	3.85e-53	209
ERR6913320.31488.1	NC_031907.1	98.925	93	1	0	1	93	10136	10044	1.37e-40	167
ERR6913320.31488.1	NC_031901.1	98.925	93	1	0	1	93	22222	22130	1.37e-40	167
ERR6913320.31488.1	NC_031923.1	88.298	94	10	1	1	93	17368	17275	6.50e-24	111
ERR6913320.31488.1	NC_031929.1	88.298	94	10	1	1	93	17040	16947	6.50e-24	111
ERR6913320.31488.1	NC_031910.1	88.298	94	10	1	1	93	18687	18594	6.50e-24	111
ERR6913320.31488.1	NC_031920.1	88.298	94	10	1	1	93	17947	17854	6.50e-24	111
ERR6913320.31488.1	NC_024361.1	88.298	94	10	1	1	93	16115	16022	6.50e-24	111
ERR6913320.32046.1	NC_049451.1	94.318	88	5	0	1	88	29356	29269	3.69e-31	135
ERR6913320.32046.1	NC_049453.1	94.318	88	5	0	1	88	4786	4873	3.69e-31	135
ERR6913320.35074.1	NC_031913.1	93.548	62	4	0	82	143	41807	41746	4.08e-18	93.5
ERR6913320.35427.1	NC_054662.1	86.441	59	7	1	41	98	48702	48644	2.88e-09	63.9
ERR6913320.36018.1	NC_048804.1	85.915	71	10	0	62	132	82085	82015	9.17e-13	76.8
ERR6913320.36348.1	NC_019722.1	98.913	92	1	0	1	92	36982	36891	4.85e-40	165
ERR6913320.36348.1	NC_027981.1	98.913	92	1	0	1	92	38262	38171	4.85e-40	165
ERR6913320.36348.1	NC_004456.1	98.913	92	1	0	1	92	11149	11058	4.85e-40	165
ERR6913320.38489.1	NC_008721.2	93.939	66	4	0	1	66	24632	24697	2.15e-20	100
ERR6913320.39708.1	NC_005294.1	91.903	247	20	0	1	247	25833	26079	5.32e-94	346
ERR6913320.40350.1	NC_054662.1	90.000	50	4	1	1	49	48694	48645	6.84e-09	63.9
ERR6913320.41231.1	NC_031915.1	85.714	70	8	2	200	268	28885	28953	1.13e-11	73.1
ERR6913320.41231.1	NC_022791.1	85.714	70	8	2	200	268	24128	24196	1.13e-11	73.1
ERR6913320.41231.1	NC_003050.2	84.211	76	10	2	200	274	7226	7152	1.13e-11	73.1
ERR6913320.41231.1	NC_031907.1	84.286	70	9	2	200	268	24704	24772	5.25e-10	67.6
ERR6913320.43337.1	NC_031923.1	88.950	181	19	1	1	180	40689	40869	8.42e-57	222
ERR6913320.43542.1	NC_028666.1	90.598	117	11	0	1	117	13203	13319	4.05e-37	156
ERR6913320.44051.1	NC_024370.1	85.714	266	38	0	1	266	14096	14361	1.67e-74	281
ERR6913320.44051.1	NC_031920.1	85.393	267	39	0	1	267	14704	14970	2.16e-73	278
ERR6913320.44051.1	NC_031907.1	85.019	267	40	0	1	267	6901	7167	1.01e-71	272
ERR6913320.44051.1	NC_031923.1	85.019	267	40	0	1	267	14125	14391	1.01e-71	272
ERR6913320.44051.1	NC_031929.1	85.019	267	40	0	1	267	13797	14063	1.01e-71	272
ERR6913320.44051.1	NC_031942.1	85.019	267	40	0	1	267	13900	14166	1.01e-71	272
ERR6913320.44051.1	NC_031913.1	85.019	267	40	0	1	267	13470	13736	1.01e-71	272
ERR6913320.44051.1	NC_031910.1	84.270	267	42	0	1	267	15444	15710	2.18e-68	261
ERR6913320.44051.1	NC_031901.1	83.835	266	43	0	1	266	18987	19252	3.65e-66	254
ERR6913320.44051.1	NC_024361.1	83.209	268	43	2	1	267	12869	13135	2.19e-63	244
ERR6913320.44051.1	NC_024357.1	82.836	268	44	2	1	267	12888	13154	1.02e-61	239
ERR6913320.44838.1	NC_019722.1	100.000	71	0	0	1	71	31010	31080	3.45e-30	132
ERR6913320.44838.1	NC_027981.1	97.183	71	2	0	1	71	32293	32363	7.46e-27	121
ERR6913320.44838.1	NC_004456.1	95.775	71	2	1	1	71	4758	4827	1.25e-24	113
ERR6913320.45001.1	NC_028890.1	94.737	57	2	1	105	161	27811	27866	3.87e-16	87.9
ERR6913320.45001.1	NC_047735.1	94.737	57	2	1	105	161	149481	149426	3.87e-16	87.9
ERR6913320.45001.1	NC_018860.1	94.737	57	2	1	105	161	1413	1358	3.87e-16	87.9
ERR6913320.45064.1	NC_054662.1	97.297	37	1	0	1	37	48666	48702	3.66e-09	63.9
ERR6913320.45102.1	NC_054662.1	97.297	37	1	0	1	37	48666	48702	3.66e-09	63.9
ERR6913320.46273.1	NC_024357.1	94.048	84	5	0	1	84	31020	31103	5.60e-29	128
ERR6913320.46273.1	NC_005294.1	92.405	79	6	0	6	84	9983	9905	1.57e-24	113
ERR6913320.47795.1	NC_019517.1	93.750	64	4	0	1	64	132469	132406	1.07e-19	97.1
ERR6913320.48255.1	NC_010945.1	87.805	123	10	5	14	133	2815	2935	4.73e-32	139
ERR6913320.48567.1	NC_004996.1	93.333	210	12	2	1	209	7199	6991	5.78e-83	309
ERR6913320.51724.1	NC_019722.1	99.242	132	1	0	1	132	35041	35172	4.50e-62	239
ERR6913320.51724.1	NC_027981.1	99.242	132	1	0	1	132	36321	36452	4.50e-62	239
ERR6913320.51724.1	NC_004456.1	99.242	132	1	0	1	132	8794	8925	4.50e-62	239
ERR6913320.55022.1	NC_031923.1	95.595	227	10	0	1	227	13888	13662	1.34e-99	364
ERR6913320.55022.1	NC_031929.1	95.595	227	10	0	1	227	13560	13334	1.34e-99	364
ERR6913320.55022.1	NC_031910.1	95.595	227	10	0	1	227	15207	14981	1.34e-99	364
ERR6913320.55022.1	NC_024357.1	95.946	222	9	0	1	222	12651	12430	1.73e-98	361
ERR6913320.55022.1	NC_024361.1	95.154	227	11	0	1	227	12632	12406	6.21e-98	359
ERR6913320.55022.1	NC_031901.1	95.495	222	10	0	1	222	18750	18529	8.04e-97	355
ERR6913320.55022.1	NC_031920.1	95.495	222	10	0	1	222	14467	14246	8.04e-97	355
ERR6913320.55022.1	NC_024370.1	95.495	222	10	0	1	222	13859	13638	8.04e-97	355
ERR6913320.55022.1	NC_031913.1	94.714	227	12	0	1	227	13233	13007	2.89e-96	353
ERR6913320.55022.1	NC_031907.1	95.045	222	11	0	1	222	6664	6443	3.74e-95	350
ERR6913320.55022.1	NC_031942.1	92.342	222	17	0	1	222	13663	13442	3.79e-85	316
ERR6913320.55499.1	NC_028890.1	94.340	53	2	1	46	98	27866	27815	1.97e-14	80.5
ERR6913320.55499.1	NC_047735.1	94.340	53	2	1	46	98	149426	149477	1.97e-14	80.5
ERR6913320.55499.1	NC_018860.1	94.340	53	2	1	46	98	1358	1409	1.97e-14	80.5
ERR6913320.55999.1	NC_011041.1	100.000	95	0	0	1	95	78110	78016	2.34e-43	176
ERR6913320.55999.1	NC_041937.1	98.925	93	1	0	1	93	72135	72043	1.41e-40	167
ERR6913320.55999.1	NC_028248.1	98.925	93	1	0	1	93	111240	111148	1.41e-40	167
ERR6913320.55999.1	NC_041869.1	98.925	93	1	0	1	93	61902	61994	1.41e-40	167
ERR6913320.55999.1	NC_022323.1	96.774	93	3	0	1	93	77223	77131	3.05e-37	156
ERR6913320.55999.1	NC_041871.1	95.699	93	4	0	1	93	76852	76760	1.42e-35	150
ERR6913320.55999.1	NC_024134.1	95.699	93	4	0	1	93	78079	77987	1.42e-35	150
ERR6913320.55999.1	NC_019517.1	95.699	93	4	0	1	93	78094	78002	1.42e-35	150
ERR6913320.56284.1	NC_028697.1	81.159	69	13	0	1	69	12049	11981	2.23e-07	56.5
ERR6913320.56615.1	NC_031919.1	98.485	66	1	0	1	66	33746	33681	8.63e-26	117
ERR6913320.56615.1	NC_031905.1	98.485	66	1	0	1	66	33944	33879	8.63e-26	117
ERR6913320.56615.1	NC_031938.1	98.485	66	1	0	1	66	33806	33741	8.63e-26	117
ERR6913320.56615.1	NC_031921.1	98.485	66	1	0	1	66	33746	33681	8.63e-26	117
ERR6913320.56615.1	NC_031945.1	98.485	66	1	0	1	66	33740	33675	8.63e-26	117
ERR6913320.56615.1	NC_031932.1	98.485	66	1	0	1	66	33746	33681	8.63e-26	117
ERR6913320.56621.1	NC_019517.1	97.500	200	5	0	1	200	27665	27466	5.42e-93	342
ERR6913320.56621.1	NC_011041.1	97.500	200	5	0	1	200	27111	26912	5.42e-93	342
ERR6913320.56621.1	NC_028248.1	97.000	200	6	0	1	200	61195	60996	2.52e-91	337
ERR6913320.56621.1	NC_022323.1	97.000	200	6	0	1	200	27099	26900	2.52e-91	337
ERR6913320.56621.1	NC_041937.1	97.000	200	5	1	1	200	26041	25843	9.06e-91	335
ERR6913320.56621.1	NC_041871.1	96.500	200	7	0	1	200	27376	27177	1.17e-89	331
ERR6913320.56621.1	NC_041869.1	96.500	200	7	0	1	200	113265	113464	1.17e-89	331
ERR6913320.56621.1	NC_024134.1	96.500	200	7	0	1	200	27627	27428	1.17e-89	331
ERR6913320.57968.1	NC_019722.1	99.107	224	2	0	1	224	32612	32835	2.79e-111	403
ERR6913320.57968.1	NC_004456.1	99.107	224	2	0	1	224	6361	6584	2.79e-111	403
ERR6913320.57968.1	NC_027981.1	97.321	224	6	0	1	224	33892	34115	1.31e-104	381
ERR6913320.58166.1	NC_016571.1	92.308	52	4	0	33	84	16894	16843	7.65e-13	75.0
ERR6913320.58653.1	NC_031910.1	89.683	126	13	0	1	126	36251	36126	9.82e-39	161
ERR6913320.58653.1	NC_024361.1	89.683	126	13	0	1	126	31657	31532	9.82e-39	161
ERR6913320.59347.1	NC_002214.1	92.157	102	5	3	21	121	26940	26841	1.17e-32	141
ERR6913320.59347.1	NC_000871.1	92.157	102	5	3	21	121	24559	24460	1.17e-32	141
ERR6913320.59347.1	NC_000872.1	91.176	102	5	4	21	121	22688	22590	5.44e-31	135
ERR6913320.59347.1	NC_004303.1	88.235	102	8	4	21	121	40221	40123	5.48e-26	119
ERR6913320.59714.1	NC_005294.1	89.933	149	13	2	1	148	8915	9062	1.46e-47	191
ERR6913320.59734.1	NC_022098.1	100.000	28	0	0	26	53	107906	107933	3.53e-06	52.8
ERR6913320.59971.1	NC_019722.1	98.592	142	2	0	1	142	19434	19293	6.26e-66	252
ERR6913320.59971.1	NC_027981.1	98.582	141	2	0	1	141	20331	20191	2.25e-65	250
ERR6913320.59971.1	NC_004456.1	97.887	142	3	0	1	142	35824	35683	2.91e-64	246
ERR6913320.60252.1	NC_054655.1	100.000	30	0	0	1	30	37137	37166	2.32e-07	56.5
ERR6913320.61031.1	NC_007581.1	85.714	105	10	5	3	103	103170	103067	8.14e-22	106
ERR6913320.61392.1	NC_031907.1	82.609	92	11	4	30	119	31969	31881	4.08e-13	76.8
ERR6913320.61392.1	NC_031901.1	82.609	92	11	4	30	119	4244	4156	4.08e-13	76.8
ERR6913320.61392.1	NC_003050.2	82.609	92	11	4	30	119	1228	1316	4.08e-13	76.8
ERR6913320.62171.1	NC_023503.1	90.598	117	11	0	1	117	2783	2899	4.00e-37	156
ERR6913320.62834.1	NC_028666.1	100.000	54	0	0	47	100	31041	30988	1.55e-20	100
ERR6913320.62866.1	NC_023503.1	92.135	267	21	0	1	267	2430	2164	2.07e-103	377
ERR6913320.63526.1	NC_055904.1	100.000	40	0	0	173	212	36053	36014	2.33e-12	75.0
ERR6913320.63526.1	NC_055903.1	100.000	40	0	0	173	212	1	40	2.33e-12	75.0
ERR6913320.63526.1	NC_055903.1	100.000	40	0	0	173	212	98527	98566	2.33e-12	75.0
ERR6913320.63526.1	NC_055899.1	100.000	40	0	0	173	212	37003	37042	2.33e-12	75.0
ERR6913320.63526.1	NC_055895.1	100.000	40	0	0	173	212	18337	18298	2.33e-12	75.0
ERR6913320.63545.1	NC_055904.1	100.000	40	0	0	173	212	36053	36014	2.33e-12	75.0
ERR6913320.63545.1	NC_055903.1	100.000	40	0	0	173	212	1	40	2.33e-12	75.0
ERR6913320.63545.1	NC_055903.1	100.000	40	0	0	173	212	98527	98566	2.33e-12	75.0
ERR6913320.63545.1	NC_055899.1	100.000	40	0	0	173	212	37003	37042	2.33e-12	75.0
ERR6913320.63545.1	NC_055895.1	100.000	40	0	0	173	212	18337	18298	2.33e-12	75.0
ERR6913320.63560.1	NC_055904.1	100.000	40	0	0	173	212	36053	36014	2.33e-12	75.0
ERR6913320.63560.1	NC_055903.1	100.000	40	0	0	173	212	1	40	2.33e-12	75.0
ERR6913320.63560.1	NC_055903.1	100.000	40	0	0	173	212	98527	98566	2.33e-12	75.0
ERR6913320.63560.1	NC_055899.1	100.000	40	0	0	173	212	37003	37042	2.33e-12	75.0
ERR6913320.63560.1	NC_055895.1	100.000	40	0	0	173	212	18337	18298	2.33e-12	75.0
ERR6913320.63643.1	NC_013197.1	93.023	43	1	2	101	142	15846	15805	2.42e-08	62.1
ERR6913320.63709.1	NC_048694.1	96.429	56	2	0	31	86	168398	168343	8.90e-18	93.5
ERR6913320.63709.1	NC_019516.1	87.838	74	9	0	21	94	17120	17047	4.14e-16	87.9
ERR6913320.63709.1	NC_048682.1	94.643	56	2	1	31	86	82797	82743	1.49e-15	86.1
ERR6913320.63709.1	NC_049472.1	86.957	69	9	0	31	99	87864	87932	2.49e-13	78.7
ERR6913320.63709.1	NC_049462.1	86.957	69	9	0	31	99	20231	20299	2.49e-13	78.7
ERR6913320.63709.1	NC_047901.1	86.957	69	9	0	31	99	20961	21029	2.49e-13	78.7
ERR6913320.63709.1	NC_031020.1	91.071	56	5	0	31	86	66417	66472	8.96e-13	76.8
ERR6913320.63709.1	NC_054965.1	87.500	56	7	0	31	86	59832	59887	1.94e-09	65.8
ERR6913320.63709.1	NC_019540.1	87.500	56	7	0	31	86	44256	44201	1.94e-09	65.8
ERR6913320.63709.1	NC_048677.1	88.000	50	6	0	37	86	139643	139692	9.02e-08	60.2
ERR6913320.64117.1	NC_024711.1	94.253	87	5	0	1	87	76171	76085	1.26e-30	134
ERR6913320.64127.1	NC_031907.1	86.473	207	28	0	4	210	5872	5666	1.72e-58	228
ERR6913320.64127.1	NC_031923.1	87.374	198	25	0	13	210	13087	12890	1.72e-58	228
ERR6913320.64127.1	NC_031929.1	87.374	198	25	0	13	210	12759	12562	1.72e-58	228
ERR6913320.64127.1	NC_031901.1	86.473	207	28	0	4	210	17958	17752	1.72e-58	228
ERR6913320.64127.1	NC_031920.1	87.065	201	26	0	10	210	13669	13469	1.72e-58	228
ERR6913320.64127.1	NC_024370.1	86.473	207	28	0	4	210	13067	12861	1.72e-58	228
ERR6913320.64127.1	NC_024357.1	86.473	207	28	0	4	210	11859	11653	1.72e-58	228
ERR6913320.64127.1	NC_031942.1	86.869	198	26	0	13	210	12862	12665	8.00e-57	222
ERR6913320.64127.1	NC_024361.1	85.990	207	29	0	4	210	11840	11634	8.00e-57	222
ERR6913320.64127.1	NC_031913.1	85.859	198	28	0	13	210	12432	12235	1.73e-53	211
ERR6913320.64127.1	NC_031910.1	85.354	198	29	0	13	210	14406	14209	8.05e-52	206
ERR6913320.64965.1	NC_028248.1	100.000	45	0	0	1	45	33279	33235	1.27e-15	84.2
ERR6913320.64965.1	NC_041869.1	100.000	45	0	0	1	45	3206	3250	1.27e-15	84.2
ERR6913320.64965.1	NC_022323.1	100.000	45	0	0	1	45	136185	136141	1.27e-15	84.2
ERR6913320.64965.1	NC_022323.1	93.617	47	3	0	40	86	136080	136126	9.89e-12	71.3
ERR6913320.64965.1	NC_011041.1	100.000	45	0	0	1	45	137222	137178	1.27e-15	84.2
ERR6913320.64965.1	NC_011041.1	93.617	47	3	0	40	86	137117	137163	9.89e-12	71.3
ERR6913320.64965.1	NC_019517.1	97.872	47	1	0	40	86	136117	136163	4.57e-15	82.4
ERR6913320.64965.1	NC_041937.1	100.000	43	0	0	3	45	128182	128140	1.64e-14	80.5
ERR6913320.65509.1	NC_048077.1	87.755	49	5	1	39	86	249716	249668	6.45e-07	56.5
ERR6913320.65547.1	NC_031913.1	97.500	200	5	0	2	201	19604	19803	5.67e-93	342
ERR6913320.65547.1	NC_031901.1	97.500	200	5	0	2	201	25027	25226	5.67e-93	342
ERR6913320.65547.1	NC_024357.1	97.500	200	5	0	2	201	19022	19221	5.67e-93	342
ERR6913320.65547.1	NC_024370.1	97.000	200	6	0	2	201	19546	19745	2.64e-91	337
ERR6913320.65547.1	NC_031907.1	92.788	208	15	0	1	208	13314	13521	9.62e-81	302
ERR6913320.65547.1	NC_031923.1	92.788	208	15	0	1	208	19586	19793	9.62e-81	302
ERR6913320.65547.1	NC_031929.1	92.788	208	15	0	1	208	19258	19465	9.62e-81	302
ERR6913320.65547.1	NC_031910.1	92.788	208	15	0	1	208	20905	21112	9.62e-81	302
ERR6913320.65547.1	NC_024361.1	92.788	208	15	0	1	208	18333	18540	9.62e-81	302
ERR6913320.65547.1	NC_031920.1	92.308	208	16	0	1	208	20165	20372	4.47e-79	296
ERR6913320.65655.1	NC_028248.1	98.077	104	2	0	1	104	9685	9582	5.67e-45	182
ERR6913320.65655.1	NC_019517.1	98.077	104	2	0	1	104	112333	112230	5.67e-45	182
ERR6913320.65655.1	NC_041871.1	97.115	104	3	0	1	104	111853	111750	2.64e-43	176
ERR6913320.65655.1	NC_041869.1	97.115	104	3	0	1	104	27130	27233	2.64e-43	176
ERR6913320.65655.1	NC_011041.1	97.115	104	3	0	1	104	113082	112979	2.64e-43	176
ERR6913320.65655.1	NC_024134.1	96.154	104	4	0	1	104	113683	113580	1.23e-41	171
ERR6913320.65655.1	NC_022323.1	96.154	104	4	0	1	104	111794	111691	1.23e-41	171
ERR6913320.65655.1	NC_041937.1	95.146	103	5	0	2	104	104893	104791	2.06e-39	163
ERR6913320.65782.1	NC_005856.1	100.000	103	0	0	1	103	46072	45970	9.31e-48	191
ERR6913320.65782.1	NC_050152.1	99.029	103	1	0	1	103	48922	48820	4.33e-46	185
ERR6913320.65782.1	NC_031129.1	98.058	103	2	0	1	103	20292	20394	2.01e-44	180
ERR6913320.65782.1	NC_050153.1	98.058	103	2	0	1	103	37479	37377	2.01e-44	180
ERR6913320.65782.1	NC_042128.1	97.143	105	1	1	1	103	50752	50648	2.61e-43	176
ERR6913320.65859.1	NC_028248.1	98.077	104	2	0	1	104	9685	9582	5.67e-45	182
ERR6913320.65859.1	NC_019517.1	98.077	104	2	0	1	104	112333	112230	5.67e-45	182
ERR6913320.65859.1	NC_041871.1	97.115	104	3	0	1	104	111853	111750	2.64e-43	176
ERR6913320.65859.1	NC_041869.1	97.115	104	3	0	1	104	27130	27233	2.64e-43	176
ERR6913320.65859.1	NC_011041.1	97.115	104	3	0	1	104	113082	112979	2.64e-43	176
ERR6913320.65859.1	NC_024134.1	96.154	104	4	0	1	104	113683	113580	1.23e-41	171
ERR6913320.65859.1	NC_022323.1	96.154	104	4	0	1	104	111794	111691	1.23e-41	171
ERR6913320.65859.1	NC_041937.1	95.146	103	5	0	2	104	104893	104791	2.06e-39	163
ERR6913320.66687.1	NC_019722.1	97.222	144	4	0	1	144	24501	24644	1.07e-63	244
ERR6913320.66687.1	NC_027981.1	96.528	144	5	0	1	144	25778	25921	4.96e-62	239
ERR6913320.66687.1	NC_004456.1	94.444	144	8	0	1	144	41476	41619	4.99e-57	222
ERR6913320.66738.1	NC_023006.1	98.276	58	1	0	76	133	21132	21075	1.05e-20	102
ERR6913320.66872.1	NC_012753.1	88.889	72	6	2	9	79	33758	33688	8.70e-17	87.9
ERR6913320.67228.1	NC_041869.1	97.297	111	3	0	1	111	29844	29734	3.69e-47	189
ERR6913320.67228.1	NC_028248.1	95.495	111	5	0	1	111	6973	7083	7.99e-44	178
ERR6913320.67228.1	NC_024134.1	95.495	111	5	0	1	111	110973	111083	7.99e-44	178
ERR6913320.67228.1	NC_041871.1	94.595	111	6	0	1	111	109137	109247	3.72e-42	172
ERR6913320.69673.1	NC_012753.1	89.524	210	19	3	1	209	33726	33519	4.56e-69	263
ERR6913320.69673.1	NC_023503.1	88.095	210	24	1	1	209	4260	4051	1.28e-64	248
ERR6913320.69798.1	NC_012753.1	89.524	210	19	3	1	209	33726	33519	4.56e-69	263
ERR6913320.69798.1	NC_023503.1	88.095	210	24	1	1	209	4260	4051	1.28e-64	248
ERR6913320.71810.1	NC_055849.1	100.000	29	0	0	8	36	73132	73160	1.63e-06	54.7
ERR6913320.71810.1	NC_055851.1	100.000	29	0	0	8	36	73086	73114	1.63e-06	54.7
ERR6913320.71810.1	NC_055848.1	100.000	29	0	0	8	36	72565	72593	1.63e-06	54.7
ERR6913320.71810.1	NC_055830.1	100.000	29	0	0	8	36	73690	73718	1.63e-06	54.7
ERR6913320.72502.1	NC_028666.1	97.674	43	1	0	9	51	30233	30191	9.53e-13	75.0
ERR6913320.72716.1	NC_012753.1	88.725	204	23	0	3	206	10228	10431	3.49e-65	250
ERR6913320.74544.1	NC_055761.1	80.519	77	9	6	15	88	65702	65775	1.75e-06	54.7
ERR6913320.75921.1	NC_023503.1	94.253	87	5	0	3	89	1668	1754	1.37e-30	134
ERR6913320.76121.1	NC_023503.1	94.253	87	5	0	3	89	1668	1754	1.37e-30	134
ERR6913320.78531.1	NC_027981.1	98.276	116	2	0	1	116	23437	23552	1.39e-51	204
ERR6913320.80184.1	NC_062780.1	98.507	67	1	0	1	67	26108	26174	2.46e-26	119
ERR6913320.80407.1	NC_047763.1	88.060	67	6	2	1	66	27498	27433	6.20e-14	78.7
ERR6913320.80407.1	NC_031094.1	88.060	67	6	2	1	66	27790	27725	6.20e-14	78.7
ERR6913320.80407.1	NC_031069.1	88.060	67	6	2	1	66	27413	27348	6.20e-14	78.7
ERR6913320.81653.1	NC_019722.1	100.000	102	0	0	1	102	29221	29322	3.30e-47	189
ERR6913320.81653.1	NC_027981.1	100.000	102	0	0	1	102	30504	30605	3.30e-47	189
ERR6913320.81653.1	NC_004456.1	97.115	104	1	2	1	102	2975	3078	9.25e-43	174
ERR6913320.81875.1	NC_019722.1	100.000	103	0	0	1	103	37053	37155	9.31e-48	191
ERR6913320.81875.1	NC_027981.1	100.000	103	0	0	1	103	38333	38435	9.31e-48	191
ERR6913320.81875.1	NC_004456.1	98.058	103	2	0	1	103	11220	11322	2.01e-44	180
ERR6913320.82731.1	NC_027981.1	99.556	225	1	0	1	225	26849	26625	1.67e-113	411
ERR6913320.82731.1	NC_004456.1	92.216	167	8	4	1	163	42553	42388	1.40e-59	231
ERR6913320.82731.1	NC_019722.1	89.071	183	20	0	1	183	25572	25390	1.81e-58	228
ERR6913320.82847.1	NC_028094.1	85.870	92	13	0	14	105	140671	140580	6.18e-20	99.0
ERR6913320.83348.1	NC_024357.1	93.798	129	8	0	9	137	31138	31266	1.02e-48	195
ERR6913320.83348.1	NC_031929.1	93.684	95	5	1	17	110	33070	33164	1.35e-32	141
ERR6913320.83348.1	NC_031910.1	93.684	95	5	1	17	110	34719	34813	1.35e-32	141
ERR6913320.83348.1	NC_024361.1	93.684	95	5	1	17	110	30125	30219	1.35e-32	141
ERR6913320.83348.1	NC_031920.1	92.632	95	6	1	17	110	33450	33544	6.29e-31	135
ERR6913320.84770.1	NC_004303.1	93.103	87	4	2	21	106	13374	13289	4.13e-28	126
ERR6913320.84770.1	NC_022776.1	93.976	83	3	2	25	106	13332	13251	1.49e-27	124
ERR6913320.84770.1	NC_010353.1	90.805	87	6	2	21	106	518	433	8.94e-25	115
ERR6913320.84770.1	NC_007019.1	90.805	87	6	2	21	106	518	433	8.94e-25	115
ERR6913320.84770.1	NC_002214.1	90.805	87	6	2	21	106	589	504	8.94e-25	115
ERR6913320.84770.1	NC_020197.1	90.805	87	6	2	21	106	13719	13634	8.94e-25	115
ERR6913320.85832.1	NC_048786.1	96.774	93	2	1	1	92	66893	66985	1.05e-36	154
ERR6913320.85832.1	NC_048009.1	96.739	92	3	0	1	92	105849	105940	1.05e-36	154
ERR6913320.85832.1	NC_048205.1	95.652	92	2	2	1	91	62436	62526	1.76e-34	147
ERR6913320.85832.1	NC_048818.1	94.505	91	4	1	1	90	936	846	2.94e-32	139
ERR6913320.85832.1	NC_047754.1	95.455	88	3	1	1	87	30976	31063	2.94e-32	139
ERR6913320.85832.1	NC_048731.1	93.478	92	6	0	1	92	85813	85722	1.06e-31	137
ERR6913320.85832.1	NC_047885.1	93.478	92	3	3	1	90	829	739	1.37e-30	134
ERR6913320.85832.1	NC_047885.1	93.478	92	3	3	1	90	111483	111393	1.37e-30	134
ERR6913320.85832.1	NC_042307.1	94.382	89	2	3	1	87	98960	98873	1.37e-30	134
ERR6913320.85832.1	NC_048852.1	92.473	93	5	2	1	92	921	830	4.92e-30	132
ERR6913320.85832.1	NC_048852.1	92.473	93	5	2	1	92	108987	108896	4.92e-30	132
ERR6913320.85832.1	NC_048871.1	93.182	88	4	2	1	87	7760	7846	6.36e-29	128
ERR6913320.85832.1	NC_048865.1	93.258	89	3	3	1	87	9185	9272	6.36e-29	128
ERR6913320.85832.1	NC_048866.1	93.182	88	4	2	1	87	7380	7466	6.36e-29	128
ERR6913320.85832.1	NC_048857.1	93.258	89	3	3	1	87	9901	9988	6.36e-29	128
ERR6913320.85832.1	NC_048857.1	93.258	89	3	3	1	87	120119	120206	6.36e-29	128
ERR6913320.85832.1	NC_048855.1	92.391	92	4	3	1	90	922	832	6.36e-29	128
ERR6913320.85832.1	NC_048855.1	92.391	92	4	3	1	90	108929	108839	6.36e-29	128
ERR6913320.85832.1	NC_048203.1	92.308	91	6	1	1	90	82243	82153	6.36e-29	128
ERR6913320.85832.1	NC_048000.1	92.391	92	4	3	1	90	12306	12216	6.36e-29	128
ERR6913320.85832.1	NC_048809.1	91.304	92	6	2	1	90	99132	99041	8.22e-28	124
ERR6913320.85832.1	NC_047881.1	92.045	88	6	1	1	87	28538	28625	2.96e-27	122
ERR6913320.85832.1	NC_048149.1	91.209	91	7	1	1	90	112011	111921	2.96e-27	122
ERR6913320.85832.1	NC_048011.1	92.045	88	6	1	1	87	106518	106605	2.96e-27	122
ERR6913320.85832.1	NC_048006.1	92.045	88	6	1	1	87	106518	106605	2.96e-27	122
ERR6913320.85832.1	NC_047835.1	91.209	91	7	1	1	90	81716	81626	2.96e-27	122
ERR6913320.85832.1	NC_048853.1	90.110	91	8	1	1	90	922	832	1.38e-25	117
ERR6913320.85832.1	NC_048853.1	90.110	91	8	1	1	90	109414	109324	1.38e-25	117
ERR6913320.85832.1	NC_048856.1	88.764	89	7	3	1	87	8531	8618	2.98e-22	106
ERR6913320.85832.1	NC_048856.1	88.764	89	7	3	1	87	118495	118582	2.98e-22	106
ERR6913320.85832.1	NC_017969.1	86.486	74	4	5	22	92	911	841	2.34e-13	76.8
ERR6913320.86047.1	NC_019722.1	99.265	136	1	0	1	136	28800	28935	2.79e-64	246
ERR6913320.86047.1	NC_027981.1	99.265	136	1	0	1	136	30092	30227	2.79e-64	246
ERR6913320.86047.1	NC_004456.1	99.265	136	1	0	1	136	2564	2699	2.79e-64	246
ERR6913320.86413.1	NC_000898.1	99.254	268	2	0	1	268	112809	112542	1.18e-135	484
ERR6913320.86413.1	NC_001664.4	97.015	268	8	0	1	268	111546	111279	1.20e-125	451
ERR6913320.87720.1	NC_012753.1	79.412	136	28	0	1	136	30913	31048	3.96e-19	97.1
ERR6913320.90059.1	NC_027396.1	96.581	117	2	2	1	116	15907	15792	3.02e-48	193
ERR6913320.90059.1	NC_030946.1	91.453	117	8	2	1	116	3469	3584	3.06e-38	159
ERR6913320.90059.1	NC_031923.1	91.453	117	8	2	1	116	2570	2685	3.06e-38	159
ERR6913320.90059.1	NC_031929.1	91.453	117	8	2	1	116	3055	3170	3.06e-38	159
ERR6913320.90059.1	NC_031942.1	91.453	117	8	2	1	116	3104	3219	3.06e-38	159
ERR6913320.90059.1	NC_031913.1	91.453	117	8	2	1	116	2805	2920	3.06e-38	159
ERR6913320.90059.1	NC_031941.1	91.453	117	8	2	1	116	3451	3566	3.06e-38	159
ERR6913320.90059.1	NC_031901.1	91.453	117	8	2	1	116	8245	8360	3.06e-38	159
ERR6913320.90059.1	NC_031910.1	91.453	117	8	2	1	116	3061	3176	3.06e-38	159
ERR6913320.90059.1	NC_031920.1	91.453	117	8	2	1	116	3068	3183	3.06e-38	159
ERR6913320.90059.1	NC_024357.1	91.453	117	8	2	1	116	2170	2285	3.06e-38	159
ERR6913320.90059.1	NC_024361.1	91.453	117	8	2	1	116	2082	2197	3.06e-38	159
ERR6913320.90059.1	NC_024370.1	89.744	117	10	2	1	116	2484	2599	6.63e-35	148
ERR6913320.91427.1	NC_023503.1	99.074	108	1	0	144	251	2973	2866	2.08e-48	195
ERR6913320.91427.1	NC_023503.1	94.624	93	5	0	94	186	43987	43895	2.12e-33	145
ERR6913320.91427.1	NC_012753.1	100.000	44	0	0	144	187	32440	32397	1.69e-14	82.4
ERR6913320.95777.1	NC_055744.1	92.308	78	6	0	100	177	134895	134972	1.51e-23	111
ERR6913320.95777.1	NC_055719.1	92.308	78	6	0	100	177	40249	40172	1.51e-23	111
ERR6913320.95777.1	NC_020486.1	88.462	78	9	0	100	177	157689	157766	1.52e-18	95.3
ERR6913320.95777.1	NC_047733.1	88.462	78	9	0	100	177	157694	157771	1.52e-18	95.3
ERR6913320.95777.1	NC_054721.1	84.810	79	8	3	100	176	92861	92937	5.51e-13	76.8
ERR6913320.95777.1	NC_054718.1	84.810	79	8	3	100	176	92221	92297	5.51e-13	76.8
ERR6913320.95777.1	NC_054719.1	84.810	79	8	3	100	176	91814	91890	5.51e-13	76.8
ERR6913320.95777.1	NC_054720.1	84.810	79	8	3	100	176	90799	90875	5.51e-13	76.8
ERR6913320.95777.1	NC_054722.1	84.810	79	8	3	100	176	90739	90815	5.51e-13	76.8
ERR6913320.95777.1	NC_054717.1	84.810	79	8	3	100	176	91099	91175	5.51e-13	76.8
ERR6913320.95777.1	NC_054716.1	84.810	79	8	3	100	176	92827	92903	5.51e-13	76.8
ERR6913320.95777.1	NC_041901.1	84.810	79	8	3	100	176	92493	92569	5.51e-13	76.8
ERR6913320.95777.1	NC_031080.1	84.810	79	8	3	100	176	95714	95790	5.51e-13	76.8
ERR6913320.95777.1	NC_028869.1	84.810	79	8	3	100	176	90953	91029	5.51e-13	76.8
ERR6913320.95777.1	NC_021346.1	84.810	79	8	3	100	176	93377	93453	5.51e-13	76.8
ERR6913320.95777.1	NC_021349.1	84.810	79	8	3	100	176	90157	90233	5.51e-13	76.8
ERR6913320.95777.1	NC_023733.1	84.810	79	8	3	100	176	91237	91313	5.51e-13	76.8
ERR6913320.95777.1	NC_023737.1	84.810	79	8	3	100	176	91911	91987	5.51e-13	76.8
ERR6913320.95777.1	NC_023714.1	84.810	79	8	3	100	176	91635	91711	5.51e-13	76.8
ERR6913320.95777.1	NC_041993.1	84.810	79	8	3	100	176	92896	92972	5.51e-13	76.8
ERR6913320.95777.1	NC_028986.1	84.810	79	8	3	100	176	90639	90715	5.51e-13	76.8
ERR6913320.95777.1	NC_011270.1	84.810	79	8	3	100	176	91904	91980	5.51e-13	76.8
ERR6913320.95777.1	NC_011269.2	84.810	79	8	3	100	176	90802	90878	5.51e-13	76.8
ERR6913320.95777.1	NC_011272.1	84.810	79	8	3	100	176	89817	89893	5.51e-13	76.8
ERR6913320.95777.1	NC_011271.1	84.810	79	8	3	100	176	92216	92292	5.51e-13	76.8
ERR6913320.95777.1	NC_008207.1	84.810	79	8	3	100	176	90076	90152	5.51e-13	76.8
ERR6913320.95777.1	NC_004687.1	84.810	79	8	3	100	176	94072	94148	5.51e-13	76.8
ERR6913320.95777.1	NC_054715.1	84.615	78	8	4	100	176	93825	93899	1.98e-12	75.0
ERR6913320.95777.1	NC_029044.1	84.615	78	8	4	100	176	90722	90796	1.98e-12	75.0
ERR6913320.96539.1	NC_019722.1	99.556	225	1	0	1	225	34783	34559	1.67e-113	411
ERR6913320.96539.1	NC_027981.1	99.556	225	1	0	1	225	36063	35839	1.67e-113	411
ERR6913320.96539.1	NC_004456.1	99.556	225	1	0	1	225	8536	8312	1.67e-113	411
ERR6913320.96559.1	NC_042086.1	100.000	34	0	0	210	243	42326	42293	6.03e-09	63.9
