ERR6913122.521.1	NC_023503.1	99.273	275	2	0	3	277	2729	2455	1.58e-139	497
ERR6913122.1997.1	NC_027981.1	100.000	108	0	0	1	108	24085	23978	1.65e-50	200
ERR6913122.6256.1	NC_019722.1	97.080	137	4	0	1	137	19802	19666	7.80e-60	231
ERR6913122.6256.1	NC_004456.1	96.324	136	5	0	1	136	36192	36057	1.31e-57	224
ERR6913122.6256.1	NC_027981.1	94.891	137	7	0	1	137	20699	20563	7.86e-55	215
ERR6913122.6264.1	NC_019722.1	97.080	137	4	0	1	137	19802	19666	7.80e-60	231
ERR6913122.6264.1	NC_004456.1	96.324	136	5	0	1	136	36192	36057	1.31e-57	224
ERR6913122.6264.1	NC_027981.1	94.891	137	7	0	1	137	20699	20563	7.86e-55	215
ERR6913122.7008.1	NC_027981.1	100.000	43	0	0	1	43	13697	13655	7.28e-15	80.5
ERR6913122.7019.1	NC_027981.1	100.000	43	0	0	1	43	13697	13655	7.28e-15	80.5
ERR6913122.7170.1	NC_045512.2	100.000	248	0	0	1	248	2426	2673	6.58e-128	459
ERR6913122.8643.1	NC_054662.1	86.441	59	7	1	3	60	48644	48702	2.96e-09	63.9
ERR6913122.9397.1	NC_008168.1	88.312	77	9	0	107	183	19947	20023	7.48e-18	93.5
ERR6913122.12233.1	NC_054662.1	86.441	59	7	1	55	112	48644	48702	4.89e-09	63.9
ERR6913122.12304.1	NC_048694.1	96.429	56	2	0	49	104	168398	168343	8.27e-18	93.5
ERR6913122.12304.1	NC_019516.1	87.838	74	9	0	39	112	17120	17047	3.85e-16	87.9
ERR6913122.12304.1	NC_048682.1	94.643	56	2	1	49	104	82797	82743	1.38e-15	86.1
ERR6913122.12304.1	NC_049472.1	86.957	69	9	0	49	117	87864	87932	2.32e-13	78.7
ERR6913122.12304.1	NC_049462.1	86.957	69	9	0	49	117	20231	20299	2.32e-13	78.7
ERR6913122.12304.1	NC_047901.1	86.957	69	9	0	49	117	20961	21029	2.32e-13	78.7
ERR6913122.12304.1	NC_031020.1	91.071	56	5	0	49	104	66417	66472	8.33e-13	76.8
ERR6913122.12304.1	NC_054965.1	87.500	56	7	0	49	104	59832	59887	1.80e-09	65.8
ERR6913122.12304.1	NC_019540.1	87.500	56	7	0	49	104	44256	44201	1.80e-09	65.8
ERR6913122.12304.1	NC_048677.1	88.000	50	6	0	55	104	139643	139692	8.39e-08	60.2
ERR6913122.12989.1	NC_027981.1	100.000	130	0	0	1	130	3599	3728	1.23e-62	241
ERR6913122.12989.1	NC_004456.1	100.000	130	0	0	1	130	19111	19240	1.23e-62	241
ERR6913122.12989.1	NC_019722.1	98.450	129	2	0	1	129	3599	3727	9.55e-59	228
ERR6913122.13632.1	NC_004466.2	78.417	278	58	2	6	282	5615	5891	6.61e-44	180
ERR6913122.13632.1	NC_028933.1	78.182	275	56	4	10	282	40990	40718	1.11e-41	172
ERR6913122.13632.1	NC_019813.1	77.698	278	60	2	6	282	4448	4724	1.43e-40	169
ERR6913122.14264.1	NC_022776.1	78.832	137	27	2	18	153	17541	17406	1.64e-17	91.6
ERR6913122.17948.1	NC_062780.1	100.000	147	0	0	1	147	41835	41981	5.01e-72	272
ERR6913122.21997.1	NC_004303.1	85.965	57	8	0	4	60	112	56	4.59e-09	62.1
ERR6913122.23481.1	NC_041971.1	94.366	71	1	3	95	164	61254	61186	9.87e-22	106
ERR6913122.24264.1	NC_013197.1	93.333	45	3	0	21	65	15846	15802	1.95e-10	67.6
ERR6913122.27402.1	NC_031907.1	91.034	145	13	0	1	145	13136	13280	3.05e-49	196
ERR6913122.27402.1	NC_031923.1	91.034	145	13	0	1	145	19408	19552	3.05e-49	196
ERR6913122.27402.1	NC_031929.1	91.034	145	13	0	1	145	19080	19224	3.05e-49	196
ERR6913122.27402.1	NC_031910.1	91.034	145	13	0	1	145	20727	20871	3.05e-49	196
ERR6913122.27402.1	NC_031920.1	91.034	145	13	0	1	145	19987	20131	3.05e-49	196
ERR6913122.27402.1	NC_024370.1	91.034	145	13	0	1	145	19367	19511	3.05e-49	196
ERR6913122.27402.1	NC_024361.1	91.034	145	13	0	1	145	18155	18299	3.05e-49	196
ERR6913122.27402.1	NC_031942.1	90.345	145	14	0	1	145	19731	19875	1.42e-47	191
ERR6913122.29247.1	NC_055235.1	88.679	53	6	0	175	227	65734	65682	1.52e-09	65.8
ERR6913122.31364.1	NC_027981.1	100.000	69	0	0	1	69	32402	32470	4.27e-29	128
ERR6913122.31364.1	NC_019722.1	98.551	69	1	0	1	69	31119	31187	1.99e-27	122
ERR6913122.31364.1	NC_004456.1	98.551	69	1	0	1	69	4866	4934	1.99e-27	122
ERR6913122.31582.1	NC_027981.1	97.143	70	2	0	1	70	23633	23564	2.63e-26	119
ERR6913122.33594.1	NC_045512.2	100.000	135	0	0	1	135	3643	3777	2.14e-65	250
ERR6913122.36438.1	NC_028890.1	94.737	57	2	1	12	68	27866	27811	2.19e-16	87.9
ERR6913122.36438.1	NC_047735.1	94.737	57	2	1	12	68	149426	149481	2.19e-16	87.9
ERR6913122.36438.1	NC_018860.1	94.737	57	2	1	12	68	1358	1413	2.19e-16	87.9
ERR6913122.36526.1	NC_031020.1	95.918	49	2	0	5	53	66433	66481	4.88e-14	80.5
ERR6913122.36526.1	NC_054965.1	94.118	51	3	0	3	53	59846	59896	1.75e-13	78.7
ERR6913122.36526.1	NC_048694.1	95.349	43	2	0	8	50	168379	168337	1.06e-10	69.4
ERR6913122.36526.1	NC_049472.1	97.500	40	1	0	5	44	87880	87919	1.06e-10	69.4
ERR6913122.36526.1	NC_049462.1	97.500	40	1	0	5	44	20247	20286	1.06e-10	69.4
ERR6913122.36526.1	NC_047901.1	97.500	40	1	0	5	44	20977	21016	1.06e-10	69.4
ERR6913122.36526.1	NC_048677.1	97.500	40	1	0	5	44	139653	139692	1.06e-10	69.4
ERR6913122.36526.1	NC_048682.1	97.368	38	0	1	8	45	82778	82742	4.91e-09	63.9
ERR6913122.36526.1	NC_019540.1	91.892	37	3	0	8	44	44237	44201	1.06e-05	52.8
ERR6913122.37456.1	NC_000852.5	94.286	35	1	1	38	71	284981	284947	6.29e-06	52.8
ERR6913122.39631.1	NC_010353.1	80.147	136	21	5	6	138	14571	14703	3.00e-19	97.1
ERR6913122.39631.1	NC_007019.1	80.147	136	21	5	6	138	14561	14693	3.00e-19	97.1
ERR6913122.40366.1	NC_023503.1	95.890	73	3	0	1	73	2545	2617	2.74e-26	119
ERR6913122.41683.1	NC_019722.1	100.000	84	0	0	1	84	36320	36403	2.57e-37	156
ERR6913122.41683.1	NC_027981.1	100.000	84	0	0	1	84	37600	37683	2.57e-37	156
ERR6913122.41683.1	NC_004456.1	100.000	84	0	0	1	84	10487	10570	2.57e-37	156
ERR6913122.41683.1	NC_004456.1	98.810	84	1	0	1	84	10073	10156	1.19e-35	150
ERR6913122.43255.1	NC_048741.1	100.000	40	0	0	6	45	94430	94391	6.90e-13	75.0
ERR6913122.43255.1	NC_048873.1	97.561	41	1	0	5	45	60698	60738	8.92e-12	71.3
ERR6913122.43255.1	NC_048828.1	97.561	41	1	0	5	45	57438	57398	8.92e-12	71.3
ERR6913122.45363.1	NC_048694.1	96.429	56	2	0	13	68	168398	168343	2.98e-18	93.5
ERR6913122.45363.1	NC_019516.1	87.838	74	9	0	3	76	17120	17047	1.39e-16	87.9
ERR6913122.45363.1	NC_048682.1	94.643	56	2	1	13	68	82797	82743	4.98e-16	86.1
ERR6913122.45363.1	NC_049472.1	86.957	69	9	0	13	81	87864	87932	8.34e-14	78.7
ERR6913122.45363.1	NC_049462.1	86.957	69	9	0	13	81	20231	20299	8.34e-14	78.7
ERR6913122.45363.1	NC_047901.1	86.957	69	9	0	13	81	20961	21029	8.34e-14	78.7
ERR6913122.45363.1	NC_031020.1	91.071	56	5	0	13	68	66417	66472	3.00e-13	76.8
ERR6913122.45363.1	NC_054965.1	87.500	56	7	0	13	68	59832	59887	6.49e-10	65.8
ERR6913122.45363.1	NC_019540.1	87.500	56	7	0	13	68	44256	44201	6.49e-10	65.8
ERR6913122.45363.1	NC_048677.1	88.000	50	6	0	19	68	139643	139692	3.02e-08	60.2
ERR6913122.46591.1	NC_051739.1	89.231	65	7	0	29	93	43331	43395	6.52e-15	82.4
