0	Bacteria
0	Bacteria	Bacteroidota
0	Bacteria	Bacteroidota	Bacteroidia
0	Bacteria	Bacteroidota	Bacteroidia	Bacteroidales
0	Bacteria	Bacteroidota	Bacteroidia	Bacteroidales	Prevotellaceae
0	Bacteria	Bacteroidota	Bacteroidia	Bacteroidales	Prevotellaceae	Prevotella
460396	Bacteria	Bacteroidota	Bacteroidia	Bacteroidales	Prevotellaceae	Prevotella	Prevotella_melaninogenica
31711	Bacteria	Bacteroidota	Bacteroidia	Bacteroidales	Prevotellaceae	Prevotella	Prevotella_histicola
11166	Bacteria	Bacteroidota	Bacteroidia	Bacteroidales	Prevotellaceae	Prevotella	Prevotella_sp._oral_taxon_299
3078	Bacteria	Bacteroidota	Bacteroidia	Bacteroidales	Prevotellaceae	Prevotella	Prevotella_sp._E15-22
2145	Bacteria	Bacteroidota	Bacteroidia	Bacteroidales	Prevotellaceae	Prevotella	Prevotella_sp._oral_taxon_475
445	Bacteria	Bacteroidota	Bacteroidia	Bacteroidales	Prevotellaceae	Prevotella	Prevotella_sp._Rep29
457	Bacteria	Bacteroidota	Bacteroidia	Bacteroidales	Prevotellaceae	Prevotella	Prevotella_sp._E13-17
218	Bacteria	Bacteroidota	Bacteroidia	Bacteroidales	Prevotellaceae	Prevotella	Prevotella_sp._E9-3
44	Bacteria	Bacteroidota	Bacteroidia	Bacteroidales	Prevotellaceae	Prevotella	Prevotella_sp._E2-28
39350	Bacteria	Bacteroidota	Bacteroidia	Bacteroidales	Prevotellaceae	Prevotella	Prevotella_jejuni
24610	Bacteria	Bacteroidota	Bacteroidia	Bacteroidales	Prevotellaceae	Prevotella	Prevotella_veroralis
10867	Bacteria	Bacteroidota	Bacteroidia	Bacteroidales	Prevotellaceae	Prevotella	Prevotella_oris
5104	Bacteria	Bacteroidota	Bacteroidia	Bacteroidales	Prevotellaceae	Prevotella	Prevotella_herbatica
7666	Bacteria	Bacteroidota	Bacteroidia	Bacteroidales	Prevotellaceae	Prevotella	Prevotella_intermedia
4295	Bacteria	Bacteroidota	Bacteroidia	Bacteroidales	Prevotellaceae	Prevotella	Prevotella_nigrescens
20485	Bacteria	Bacteroidota	Bacteroidia	Bacteroidales	Prevotellaceae	Prevotella	Prevotella_denticola
3082	Bacteria	Bacteroidota	Bacteroidia	Bacteroidales	Prevotellaceae	Prevotella	Prevotella_scopos
1434	Bacteria	Bacteroidota	Bacteroidia	Bacteroidales	Prevotellaceae	Prevotella	Prevotella_fusca
792	Bacteria	Bacteroidota	Bacteroidia	Bacteroidales	Prevotellaceae	Prevotella	Prevotella_ruminicola
806	Bacteria	Bacteroidota	Bacteroidia	Bacteroidales	Prevotellaceae	Prevotella	Prevotella_copri
1019	Bacteria	Bacteroidota	Bacteroidia	Bacteroidales	Prevotellaceae	Prevotella	Prevotella_dentalis
825	Bacteria	Bacteroidota	Bacteroidia	Bacteroidales	Prevotellaceae	Prevotella	Prevotella_corporis
566	Bacteria	Bacteroidota	Bacteroidia	Bacteroidales	Prevotellaceae	Prevotella	Prevotella_bryantii
1076	Bacteria	Bacteroidota	Bacteroidia	Bacteroidales	Prevotellaceae	Prevotella	Prevotella_multiformis
0	Bacteria	Bacteroidota	Bacteroidia	Bacteroidales	Prevotellaceae	Pseudoprevotella
7349	Bacteria	Bacteroidota	Bacteroidia	Bacteroidales	Prevotellaceae	Pseudoprevotella	Pseudoprevotella_muciniphila
0	Bacteria	Bacteroidota	Bacteroidia	Bacteroidales	Prevotellaceae	Paraprevotella
2566	Bacteria	Bacteroidota	Bacteroidia	Bacteroidales	Prevotellaceae	Paraprevotella	Paraprevotella_xylaniphila
0	Bacteria	Bacteroidota	Bacteroidia	Bacteroidales	Prevotellaceae	Hoylesella
1296	Bacteria	Bacteroidota	Bacteroidia	Bacteroidales	Prevotellaceae	Hoylesella	Hoylesella_enoeca
991	Bacteria	Bacteroidota	Bacteroidia	Bacteroidales	Prevotellaceae	Hoylesella	Hoylesella_buccalis
0	Bacteria	Bacteroidota	Bacteroidia	Bacteroidales	Porphyromonadaceae
0	Bacteria	Bacteroidota	Bacteroidia	Bacteroidales	Porphyromonadaceae	Porphyromonas
73911	Bacteria	Bacteroidota	Bacteroidia	Bacteroidales	Porphyromonadaceae	Porphyromonas	Porphyromonas_sp._oral_taxon_275
9041	Bacteria	Bacteroidota	Bacteroidia	Bacteroidales	Porphyromonadaceae	Porphyromonas	Porphyromonas_endodontalis
4738	Bacteria	Bacteroidota	Bacteroidia	Bacteroidales	Porphyromonadaceae	Porphyromonas	Porphyromonas_gingivalis
1715	Bacteria	Bacteroidota	Bacteroidia	Bacteroidales	Porphyromonadaceae	Porphyromonas	Porphyromonas_cangingivalis
199	Bacteria	Bacteroidota	Bacteroidia	Bacteroidales	Porphyromonadaceae	Porphyromonas	Porphyromonas_asaccharolytica
86	Bacteria	Bacteroidota	Bacteroidia	Bacteroidales	Porphyromonadaceae	Porphyromonas	Porphyromonas_crevioricanis
62	Bacteria	Bacteroidota	Bacteroidia	Bacteroidales	Porphyromonadaceae	Porphyromonas	Porphyromonas_somerae
0	Bacteria	Bacteroidota	Bacteroidia	Bacteroidales	Bacteroidaceae
0	Bacteria	Bacteroidota	Bacteroidia	Bacteroidales	Bacteroidaceae	Bacteroides
1422	Bacteria	Bacteroidota	Bacteroidia	Bacteroidales	Bacteroidaceae	Bacteroides	Bacteroides_stercoris
1041	Bacteria	Bacteroidota	Bacteroidia	Bacteroidales	Bacteroidaceae	Bacteroides	Bacteroides_heparinolyticus
414	Bacteria	Bacteroidota	Bacteroidia	Bacteroidales	Bacteroidaceae	Bacteroides	Bacteroides_caccae
375	Bacteria	Bacteroidota	Bacteroidia	Bacteroidales	Bacteroidaceae	Bacteroides	Bacteroides_zoogleoformans
324	Bacteria	Bacteroidota	Bacteroidia	Bacteroidales	Bacteroidaceae	Bacteroides	Bacteroides_salyersiae
150	Bacteria	Bacteroidota	Bacteroidia	Bacteroidales	Bacteroidaceae	Bacteroides	Bacteroides_faecium
136	Bacteria	Bacteroidota	Bacteroidia	Bacteroidales	Bacteroidaceae	Bacteroides	Bacteroides_fragilis
148	Bacteria	Bacteroidota	Bacteroidia	Bacteroidales	Bacteroidaceae	Bacteroides	Bacteroides_xylanisolvens
92	Bacteria	Bacteroidota	Bacteroidia	Bacteroidales	Bacteroidaceae	Bacteroides	Bacteroides_uniformis
337	Bacteria	Bacteroidota	Bacteroidia	Bacteroidales	Bacteroidaceae	Bacteroides	Bacteroides_thetaiotaomicron
39	Bacteria	Bacteroidota	Bacteroidia	Bacteroidales	Bacteroidaceae	Bacteroides	Bacteroides_zhangwenhongii
33	Bacteria	Bacteroidota	Bacteroidia	Bacteroidales	Bacteroidaceae	Bacteroides	Bacteroides_eggerthii
31	Bacteria	Bacteroidota	Bacteroidia	Bacteroidales	Bacteroidaceae	Bacteroides	Bacteroides_faecis
2518	Bacteria	Bacteroidota	Bacteroidia	Bacteroidales	Bacteroidaceae	Bacteroides	Bacteroides_ovatus
16	Bacteria	Bacteroidota	Bacteroidia	Bacteroidales	Bacteroidaceae	Bacteroides	Bacteroides_intestinalis
0	Bacteria	Bacteroidota	Bacteroidia	Bacteroidales	Bacteroidaceae	Phocaeicola
2276	Bacteria	Bacteroidota	Bacteroidia	Bacteroidales	Bacteroidaceae	Phocaeicola	Phocaeicola_dorei
787	Bacteria	Bacteroidota	Bacteroidia	Bacteroidales	Bacteroidaceae	Phocaeicola	Phocaeicola_salanitronis
625	Bacteria	Bacteroidota	Bacteroidia	Bacteroidales	Bacteroidaceae	Phocaeicola	Phocaeicola_coprophilus
43	Bacteria	Bacteroidota	Bacteroidia	Bacteroidales	Bacteroidaceae	Phocaeicola	Phocaeicola_vulgatus
0	Bacteria	Bacteroidota	Bacteroidia	Bacteroidales	Tannerellaceae
0	Bacteria	Bacteroidota	Bacteroidia	Bacteroidales	Tannerellaceae	Tannerella
1425	Bacteria	Bacteroidota	Bacteroidia	Bacteroidales	Tannerellaceae	Tannerella	Tannerella_serpentiformis
686	Bacteria	Bacteroidota	Bacteroidia	Bacteroidales	Tannerellaceae	Tannerella	Tannerella_forsythia
0	Bacteria	Bacteroidota	Bacteroidia	Bacteroidales	Tannerellaceae	Parabacteroides
225	Bacteria	Bacteroidota	Bacteroidia	Bacteroidales	Tannerellaceae	Parabacteroides	Parabacteroides_distasonis
39	Bacteria	Bacteroidota	Bacteroidia	Bacteroidales	Tannerellaceae	Parabacteroides	Parabacteroides_goldsteinii
18	Bacteria	Bacteroidota	Bacteroidia	Bacteroidales	Tannerellaceae	Parabacteroides	Parabacteroides_faecis
20	Bacteria	Bacteroidota	Bacteroidia	Bacteroidales	Tannerellaceae	Parabacteroides	Parabacteroides_johnsonii
0	Bacteria	Bacteroidota	Bacteroidia	Bacteroidales	Barnesiellaceae
0	Bacteria	Bacteroidota	Bacteroidia	Bacteroidales	Barnesiellaceae	Coprobacter
1394	Bacteria	Bacteroidota	Bacteroidia	Bacteroidales	Barnesiellaceae	Coprobacter	Coprobacter_secundus
0	Bacteria	Bacteroidota	Bacteroidia	Bacteroidales	Barnesiellaceae	Barnesiella
38	Bacteria	Bacteroidota	Bacteroidia	Bacteroidales	Barnesiellaceae	Barnesiella	Barnesiella_viscericola
0	Bacteria	Bacteroidota	Bacteroidia	Bacteroidales	Odoribacteraceae
0	Bacteria	Bacteroidota	Bacteroidia	Bacteroidales	Odoribacteraceae	Odoribacter
790	Bacteria	Bacteroidota	Bacteroidia	Bacteroidales	Odoribacteraceae	Odoribacter	Odoribacter_splanchnicus
0	Bacteria	Bacteroidota	Bacteroidia	Bacteroidales	Muribaculaceae
0	Bacteria	Bacteroidota	Bacteroidia	Bacteroidales	Muribaculaceae	Duncaniella
192	Bacteria	Bacteroidota	Bacteroidia	Bacteroidales	Muribaculaceae	Duncaniella	Duncaniella_dubosii
0	Bacteria	Bacteroidota	Bacteroidia	Bacteroidales	Muribaculaceae	Muribaculum
33	Bacteria	Bacteroidota	Bacteroidia	Bacteroidales	Muribaculaceae	Muribaculum	Muribaculum_gordoncarteri
16	Bacteria	Bacteroidota	Bacteroidia	Bacteroidales	Muribaculaceae	Muribaculum	Muribaculum_intestinale
0	Bacteria	Bacteroidota	Bacteroidia	Bacteroidales	Muribaculaceae	Sodaliphilus
25	Bacteria	Bacteroidota	Bacteroidia	Bacteroidales	Muribaculaceae	Sodaliphilus	Sodaliphilus_pleomorphus
0	Bacteria	Bacteroidota	Bacteroidia	Bacteroidales	Rikenellaceae
0	Bacteria	Bacteroidota	Bacteroidia	Bacteroidales	Rikenellaceae	Alistipes
42	Bacteria	Bacteroidota	Bacteroidia	Bacteroidales	Rikenellaceae	Alistipes	Alistipes_communis
28	Bacteria	Bacteroidota	Bacteroidia	Bacteroidales	Rikenellaceae	Alistipes	Alistipes_megaguti
40	Bacteria	Bacteroidota	Bacteroidia	Bacteroidales	Rikenellaceae	Alistipes	Alistipes_onderdonkii
51	Bacteria	Bacteroidota	Bacteroidia	Bacteroidales	Rikenellaceae	Alistipes	Alistipes_shahii
36	Bacteria	Bacteroidota	Bacteroidia	Bacteroidales	Rikenellaceae	Alistipes	Alistipes_finegoldii
20	Bacteria	Bacteroidota	Bacteroidia	Bacteroidales	Rikenellaceae	Alistipes	Alistipes_senegalensis
0	Bacteria	Bacteroidota	Bacteroidia	Bacteroidales	Candidatus_Azobacteroides
152	Bacteria	Bacteroidota	Bacteroidia	Bacteroidales	Candidatus_Azobacteroides	Candidatus_Azobacteroides_pseudotrichonymphae
0	Bacteria	Bacteroidota	Bacteroidia	Bacteroidales	Salinivirgaceae
0	Bacteria	Bacteroidota	Bacteroidia	Bacteroidales	Salinivirgaceae	Salinivirga
101	Bacteria	Bacteroidota	Bacteroidia	Bacteroidales	Salinivirgaceae	Salinivirga	Salinivirga_cyanobacteriivorans
0	Bacteria	Bacteroidota	Bacteroidia	Bacteroidales	Dysgonomonadaceae
0	Bacteria	Bacteroidota	Bacteroidia	Bacteroidales	Dysgonomonadaceae	Petrimonas
88	Bacteria	Bacteroidota	Bacteroidia	Bacteroidales	Dysgonomonadaceae	Petrimonas	Petrimonas_mucosa
0	Bacteria	Bacteroidota	Bacteroidia	Bacteroidales	Tenuifilaceae
0	Bacteria	Bacteroidota	Bacteroidia	Bacteroidales	Tenuifilaceae	Tenuifilum
39	Bacteria	Bacteroidota	Bacteroidia	Bacteroidales	Tenuifilaceae	Tenuifilum	Tenuifilum_thalassicum
0	Bacteria	Bacteroidota	Bacteroidia	Bacteroidales	Paludibacteraceae
0	Bacteria	Bacteroidota	Bacteroidia	Bacteroidales	Paludibacteraceae	Paludibacter
21	Bacteria	Bacteroidota	Bacteroidia	Bacteroidales	Paludibacteraceae	Paludibacter	Paludibacter_propionicigenes
0	Bacteria	Bacteroidota	Bacteroidia	Marinilabiliales
0	Bacteria	Bacteroidota	Bacteroidia	Marinilabiliales	Marinilabiliaceae
0	Bacteria	Bacteroidota	Bacteroidia	Marinilabiliales	Marinilabiliaceae	Alkaliflexus
69	Bacteria	Bacteroidota	Bacteroidia	Marinilabiliales	Marinilabiliaceae	Alkaliflexus	Alkaliflexus_sp._Ai-910
0	Bacteria	Bacteroidota	Flavobacteriia
0	Bacteria	Bacteroidota	Flavobacteriia	Flavobacteriales
0	Bacteria	Bacteroidota	Flavobacteriia	Flavobacteriales	Flavobacteriaceae
0	Bacteria	Bacteroidota	Flavobacteriia	Flavobacteriales	Flavobacteriaceae	Capnocytophaga
7664	Bacteria	Bacteroidota	Flavobacteriia	Flavobacteriales	Flavobacteriaceae	Capnocytophaga	Capnocytophaga_gingivalis
3610	Bacteria	Bacteroidota	Flavobacteriia	Flavobacteriales	Flavobacteriaceae	Capnocytophaga	Capnocytophaga_sputigena
307	Bacteria	Bacteroidota	Flavobacteriia	Flavobacteriales	Flavobacteriaceae	Capnocytophaga	Capnocytophaga_sp._FDAARGOS_737
108	Bacteria	Bacteroidota	Flavobacteriia	Flavobacteriales	Flavobacteriaceae	Capnocytophaga	Capnocytophaga_sp._oral_taxon_878
402	Bacteria	Bacteroidota	Flavobacteriia	Flavobacteriales	Flavobacteriaceae	Capnocytophaga	Capnocytophaga_sp._oral_taxon_864
267	Bacteria	Bacteroidota	Flavobacteriia	Flavobacteriales	Flavobacteriaceae	Capnocytophaga	Capnocytophaga_sp._oral_taxon_323
200	Bacteria	Bacteroidota	Flavobacteriia	Flavobacteriales	Flavobacteriaceae	Capnocytophaga	Capnocytophaga_sp._oral_taxon_902
884	Bacteria	Bacteroidota	Flavobacteriia	Flavobacteriales	Flavobacteriaceae	Capnocytophaga	Capnocytophaga_ochracea
326	Bacteria	Bacteroidota	Flavobacteriia	Flavobacteriales	Flavobacteriaceae	Capnocytophaga	Capnocytophaga_leadbetteri
285	Bacteria	Bacteroidota	Flavobacteriia	Flavobacteriales	Flavobacteriaceae	Capnocytophaga	Capnocytophaga_endodontalis
147	Bacteria	Bacteroidota	Flavobacteriia	Flavobacteriales	Flavobacteriaceae	Capnocytophaga	Capnocytophaga_haemolytica
0	Bacteria	Bacteroidota	Flavobacteriia	Flavobacteriales	Flavobacteriaceae	Amniculibacterium
490	Bacteria	Bacteroidota	Flavobacteriia	Flavobacteriales	Flavobacteriaceae	Amniculibacterium	Amniculibacterium_sp._G2-70
0	Bacteria	Bacteroidota	Flavobacteriia	Flavobacteriales	Flavobacteriaceae	Salinimicrobium
337	Bacteria	Bacteroidota	Flavobacteriia	Flavobacteriales	Flavobacteriaceae	Salinimicrobium	Salinimicrobium_sp._HN-2-9-2
0	Bacteria	Bacteroidota	Flavobacteriia	Flavobacteriales	Flavobacteriaceae	Muricauda
244	Bacteria	Bacteroidota	Flavobacteriia	Flavobacteriales	Flavobacteriaceae	Muricauda	Muricauda_aurantiaca
0	Bacteria	Bacteroidota	Flavobacteriia	Flavobacteriales	Flavobacteriaceae	Flavobacterium
213	Bacteria	Bacteroidota	Flavobacteriia	Flavobacteriales	Flavobacteriaceae	Flavobacterium	Flavobacterium_davisii
0	Bacteria	Bacteroidota	Flavobacteriia	Flavobacteriales	Flavobacteriaceae	Nonlabens
148	Bacteria	Bacteroidota	Flavobacteriia	Flavobacteriales	Flavobacteriaceae	Nonlabens	Nonlabens_spongiae
0	Bacteria	Bacteroidota	Flavobacteriia	Flavobacteriales	Flavobacteriaceae	Psychroflexus
38	Bacteria	Bacteroidota	Flavobacteriia	Flavobacteriales	Flavobacteriaceae	Psychroflexus	Psychroflexus_sp._ALD_RP9
0	Bacteria	Bacteroidota	Flavobacteriia	Flavobacteriales	Flavobacteriaceae	Abyssalbus
33	Bacteria	Bacteroidota	Flavobacteriia	Flavobacteriales	Flavobacteriaceae	Abyssalbus	Abyssalbus_ytuae
0	Bacteria	Bacteroidota	Flavobacteriia	Flavobacteriales	Weeksellaceae
0	Bacteria	Bacteroidota	Flavobacteriia	Flavobacteriales	Weeksellaceae	Chryseobacterium
440	Bacteria	Bacteroidota	Flavobacteriia	Flavobacteriales	Weeksellaceae	Chryseobacterium	Chryseobacterium_sp._CY350
493	Bacteria	Bacteroidota	Flavobacteriia	Flavobacteriales	Weeksellaceae	Chryseobacterium	Chryseobacterium_sp._POL2
347	Bacteria	Bacteroidota	Flavobacteriia	Flavobacteriales	Weeksellaceae	Chryseobacterium	Chryseobacterium_camelliae
172	Bacteria	Bacteroidota	Flavobacteriia	Flavobacteriales	Weeksellaceae	Chryseobacterium	Chryseobacterium_aureum
186	Bacteria	Bacteroidota	Flavobacteriia	Flavobacteriales	Weeksellaceae	Chryseobacterium	Chryseobacterium_taklimakanense
168	Bacteria	Bacteroidota	Flavobacteriia	Flavobacteriales	Weeksellaceae	Chryseobacterium	Chryseobacterium_arthrosphaerae
0	Bacteria	Bacteroidota	Flavobacteriia	Flavobacteriales	Weeksellaceae	Kaistella
26	Bacteria	Bacteroidota	Flavobacteriia	Flavobacteriales	Weeksellaceae	Kaistella	Kaistella_sp._97-N-M2
108	Bacteria	Bacteroidota	Flavobacteriia	Flavobacteriales	Weeksellaceae	Kaistella	Candidatus_Kaistella_beijingensis
0	Bacteria	Bacteroidota	Flavobacteriia	Flavobacteriales	Weeksellaceae	Bergeyella
627	Bacteria	Bacteroidota	Flavobacteriia	Flavobacteriales	Weeksellaceae	Bergeyella	Bergeyella_cardium
0	Bacteria	Bacteroidota	Flavobacteriia	Flavobacteriales	Weeksellaceae	Riemerella
415	Bacteria	Bacteroidota	Flavobacteriia	Flavobacteriales	Weeksellaceae	Riemerella	Riemerella_anatipestifer
0	Bacteria	Bacteroidota	Flavobacteriia	Flavobacteriales	Weeksellaceae	Elizabethkingia
261	Bacteria	Bacteroidota	Flavobacteriia	Flavobacteriales	Weeksellaceae	Elizabethkingia	Elizabethkingia_sp._JS20170427COW
0	Bacteria	Bacteroidota	Flavobacteriia	Flavobacteriales	Weeksellaceae	Empedobacter
87	Bacteria	Bacteroidota	Flavobacteriia	Flavobacteriales	Weeksellaceae	Empedobacter	Empedobacter_falsenii
0	Bacteria	Bacteroidota	Flavobacteriia	Flavobacteriales	Crocinitomicaceae
0	Bacteria	Bacteroidota	Flavobacteriia	Flavobacteriales	Crocinitomicaceae	Fluviicola
45	Bacteria	Bacteroidota	Flavobacteriia	Flavobacteriales	Crocinitomicaceae	Fluviicola	Fluviicola_taffensis
0	Bacteria	Bacteroidota	Flavobacteriia	Flavobacteriales	Blattabacteriaceae
0	Bacteria	Bacteroidota	Flavobacteriia	Flavobacteriales	Blattabacteriaceae	Blattabacterium
37	Bacteria	Bacteroidota	Flavobacteriia	Flavobacteriales	Blattabacteriaceae	Blattabacterium	Blattabacterium_cuenoti
0	Bacteria	Bacteroidota	Flavobacteriia	Flavobacteriales	Candidatus_Karelsulcia
18	Bacteria	Bacteroidota	Flavobacteriia	Flavobacteriales	Candidatus_Karelsulcia	Candidatus_Karelsulcia_muelleri
0	Bacteria	Bacteroidota	Cytophagia
0	Bacteria	Bacteroidota	Cytophagia	Cytophagales
0	Bacteria	Bacteroidota	Cytophagia	Cytophagales	Marivirgaceae
0	Bacteria	Bacteroidota	Cytophagia	Cytophagales	Marivirgaceae	Marivirga
756	Bacteria	Bacteroidota	Cytophagia	Cytophagales	Marivirgaceae	Marivirga	Marivirga_tractuosa
0	Bacteria	Bacteroidota	Cytophagia	Cytophagales	Cytophagaceae
0	Bacteria	Bacteroidota	Cytophagia	Cytophagales	Cytophagaceae	Spirosoma
57	Bacteria	Bacteroidota	Cytophagia	Cytophagales	Cytophagaceae	Spirosoma	Spirosoma_sp._KUDC1026
0	Bacteria	Bacteroidota	Cytophagia	Cytophagales	Spirosomaceae
0	Bacteria	Bacteroidota	Cytophagia	Cytophagales	Spirosomaceae	Leadbetterella
19	Bacteria	Bacteroidota	Cytophagia	Cytophagales	Spirosomaceae	Leadbetterella	Leadbetterella_byssophila
0	Bacteria	Bacteroidota	Cytophagia	Cytophagales	Cyclobacteriaceae
0	Bacteria	Bacteroidota	Cytophagia	Cytophagales	Cyclobacteriaceae	Mongoliitalea
18	Bacteria	Bacteroidota	Cytophagia	Cytophagales	Cyclobacteriaceae	Mongoliitalea	Mongoliitalea_daihaiensis
0	Bacteria	Bacteroidota	Cytophagia	Cytophagales	Fulvivirgaceae
0	Bacteria	Bacteroidota	Cytophagia	Cytophagales	Fulvivirgaceae	Chryseolinea
11	Bacteria	Bacteroidota	Cytophagia	Cytophagales	Fulvivirgaceae	Chryseolinea	Chryseolinea_soli
0	Bacteria	Bacteroidota	Sphingobacteriia
0	Bacteria	Bacteroidota	Sphingobacteriia	Sphingobacteriales
0	Bacteria	Bacteroidota	Sphingobacteriia	Sphingobacteriales	Sphingobacteriaceae
0	Bacteria	Bacteroidota	Sphingobacteriia	Sphingobacteriales	Sphingobacteriaceae	Pedobacter
99	Bacteria	Bacteroidota	Sphingobacteriia	Sphingobacteriales	Sphingobacteriaceae	Pedobacter	Pedobacter_roseus
0	Bacteria	Bacteroidota	Sphingobacteriia	Sphingobacteriales	Sphingobacteriaceae	Mucilaginibacter
51	Bacteria	Bacteroidota	Sphingobacteriia	Sphingobacteriales	Sphingobacteriaceae	Mucilaginibacter	Mucilaginibacter_rubeus
0	Bacteria	Bacteroidota	Chitinophagia
0	Bacteria	Bacteroidota	Chitinophagia	Chitinophagales
0	Bacteria	Bacteroidota	Chitinophagia	Chitinophagales	Chitinophagaceae
0	Bacteria	Bacteroidota	Chitinophagia	Chitinophagales	Chitinophagaceae	Chitinophaga
67	Bacteria	Bacteroidota	Chitinophagia	Chitinophagales	Chitinophagaceae	Chitinophaga	Chitinophaga_sp._XS-30
0	Bacteria	Bacteroidota	Chitinophagia	Chitinophagales	Chitinophagaceae	Filimonas
26	Bacteria	Bacteroidota	Chitinophagia	Chitinophagales	Chitinophagaceae	Filimonas	Filimonas_lacunae
0	Bacteria	Bacteroidota	Candidatus_Sulfidibacteriales
0	Bacteria	Bacteroidota	Candidatus_Sulfidibacteriales	Candidatus_Sulfidibacterium
18	Bacteria	Bacteroidota	Candidatus_Sulfidibacteriales	Candidatus_Sulfidibacterium	Candidatus_Sulfidibacterium_hydrothermale
0	Bacteria	Bacteroidota	Rhodothermaceae
0	Bacteria	Bacteroidota	Rhodothermaceae	Rhodothermus
11	Bacteria	Bacteroidota	Rhodothermaceae	Rhodothermus	Rhodothermus_marinus
0	Bacteria	Bacteroidota	Saprospiria
0	Bacteria	Bacteroidota	Saprospiria	Saprospirales
0	Bacteria	Bacteroidota	Saprospiria	Saprospirales	Haliscomenobacteraceae
0	Bacteria	Bacteroidota	Saprospiria	Saprospirales	Haliscomenobacteraceae	Haliscomenobacter
14	Bacteria	Bacteroidota	Saprospiria	Saprospirales	Haliscomenobacteraceae	Haliscomenobacter	Haliscomenobacter_hydrossis
0	Bacteria	Pseudomonadota
0	Bacteria	Pseudomonadota	Betaproteobacteria
0	Bacteria	Pseudomonadota	Betaproteobacteria	Neisseriales
0	Bacteria	Pseudomonadota	Betaproteobacteria	Neisseriales	Neisseriaceae
0	Bacteria	Pseudomonadota	Betaproteobacteria	Neisseriales	Neisseriaceae	Neisseria
44819	Bacteria	Pseudomonadota	Betaproteobacteria	Neisseriales	Neisseriaceae	Neisseria	Neisseria_subflava
140360	Bacteria	Pseudomonadota	Betaproteobacteria	Neisseriales	Neisseriaceae	Neisseria	Neisseria_mucosa
8810	Bacteria	Pseudomonadota	Betaproteobacteria	Neisseriales	Neisseriaceae	Neisseria	Neisseria_sp._oral_taxon_014
128	Bacteria	Pseudomonadota	Betaproteobacteria	Neisseriales	Neisseriaceae	Neisseria	Neisseria_sp._ZJ785
124	Bacteria	Pseudomonadota	Betaproteobacteria	Neisseriales	Neisseriaceae	Neisseria	Neisseria_sp._ZJ106
20	Bacteria	Pseudomonadota	Betaproteobacteria	Neisseriales	Neisseriaceae	Neisseria	Neisseria_sp._KEM232
20545	Bacteria	Pseudomonadota	Betaproteobacteria	Neisseriales	Neisseriaceae	Neisseria	Neisseria_sicca
4058	Bacteria	Pseudomonadota	Betaproteobacteria	Neisseriales	Neisseriaceae	Neisseria	Neisseria_musculi
7845	Bacteria	Pseudomonadota	Betaproteobacteria	Neisseriales	Neisseriaceae	Neisseria	Neisseria_flavescens
106595	Bacteria	Pseudomonadota	Betaproteobacteria	Neisseriales	Neisseriaceae	Neisseria	Neisseria_meningitidis
3366	Bacteria	Pseudomonadota	Betaproteobacteria	Neisseriales	Neisseriaceae	Neisseria	Neisseria_elongata
7831	Bacteria	Pseudomonadota	Betaproteobacteria	Neisseriales	Neisseriaceae	Neisseria	Neisseria_gonorrhoeae
1245	Bacteria	Pseudomonadota	Betaproteobacteria	Neisseriales	Neisseriaceae	Neisseria	Neisseria_cinerea
1376	Bacteria	Pseudomonadota	Betaproteobacteria	Neisseriales	Neisseriaceae	Neisseria	Neisseria_lactamica
2117	Bacteria	Pseudomonadota	Betaproteobacteria	Neisseriales	Neisseriaceae	Neisseria	Neisseria_macacae
230	Bacteria	Pseudomonadota	Betaproteobacteria	Neisseriales	Neisseriaceae	Neisseria	Neisseria_chenwenguii
94	Bacteria	Pseudomonadota	Betaproteobacteria	Neisseriales	Neisseriaceae	Neisseria	Neisseria_animaloris
96	Bacteria	Pseudomonadota	Betaproteobacteria	Neisseriales	Neisseriaceae	Neisseria	Neisseria_bacilliformis
71	Bacteria	Pseudomonadota	Betaproteobacteria	Neisseriales	Neisseriaceae	Neisseria	Neisseria_weixii
85	Bacteria	Pseudomonadota	Betaproteobacteria	Neisseriales	Neisseriaceae	Neisseria	Neisseria_brasiliensis
47	Bacteria	Pseudomonadota	Betaproteobacteria	Neisseriales	Neisseriaceae	Neisseria	Neisseria_dentiae
48	Bacteria	Pseudomonadota	Betaproteobacteria	Neisseriales	Neisseriaceae	Neisseria	Neisseria_zalophi
51	Bacteria	Pseudomonadota	Betaproteobacteria	Neisseriales	Neisseriaceae	Neisseria	Neisseria_weaveri
36	Bacteria	Pseudomonadota	Betaproteobacteria	Neisseriales	Neisseriaceae	Neisseria	Neisseria_animalis
33	Bacteria	Pseudomonadota	Betaproteobacteria	Neisseriales	Neisseriaceae	Neisseria	Neisseria_arctica
33	Bacteria	Pseudomonadota	Betaproteobacteria	Neisseriales	Neisseriaceae	Neisseria	Neisseria_wadsworthii
31	Bacteria	Pseudomonadota	Betaproteobacteria	Neisseriales	Neisseriaceae	Neisseria	Neisseria_canis
26	Bacteria	Pseudomonadota	Betaproteobacteria	Neisseriales	Neisseriaceae	Neisseria	Neisseria_dumasiana
17	Bacteria	Pseudomonadota	Betaproteobacteria	Neisseriales	Neisseriaceae	Neisseria	Neisseria_shayeganii
0	Bacteria	Pseudomonadota	Betaproteobacteria	Neisseriales	Neisseriaceae	Morococcus
7765	Bacteria	Pseudomonadota	Betaproteobacteria	Neisseriales	Neisseriaceae	Morococcus	Morococcus_cerebrosus
0	Bacteria	Pseudomonadota	Betaproteobacteria	Neisseriales	Neisseriaceae	Conchiformibius
520	Bacteria	Pseudomonadota	Betaproteobacteria	Neisseriales	Neisseriaceae	Conchiformibius	Conchiformibius_steedae
0	Bacteria	Pseudomonadota	Betaproteobacteria	Neisseriales	Neisseriaceae	Kingella
248	Bacteria	Pseudomonadota	Betaproteobacteria	Neisseriales	Neisseriaceae	Kingella	Kingella_oralis
129	Bacteria	Pseudomonadota	Betaproteobacteria	Neisseriales	Neisseriaceae	Kingella	Kingella_kingae
60	Bacteria	Pseudomonadota	Betaproteobacteria	Neisseriales	Neisseriaceae	Kingella	Kingella_denitrificans
21	Bacteria	Pseudomonadota	Betaproteobacteria	Neisseriales	Neisseriaceae	Kingella	Kingella_potus
0	Bacteria	Pseudomonadota	Betaproteobacteria	Neisseriales	Neisseriaceae	Eikenella
187	Bacteria	Pseudomonadota	Betaproteobacteria	Neisseriales	Neisseriaceae	Eikenella	Eikenella_corrodens
0	Bacteria	Pseudomonadota	Betaproteobacteria	Neisseriales	Neisseriaceae	Alysiella
115	Bacteria	Pseudomonadota	Betaproteobacteria	Neisseriales	Neisseriaceae	Alysiella	Alysiella_crassa
0	Bacteria	Pseudomonadota	Betaproteobacteria	Neisseriales	Neisseriaceae	Wielerella
88	Bacteria	Pseudomonadota	Betaproteobacteria	Neisseriales	Neisseriaceae	Wielerella	Wielerella_bovis
0	Bacteria	Pseudomonadota	Betaproteobacteria	Neisseriales	Neisseriaceae	Snodgrassella
67	Bacteria	Pseudomonadota	Betaproteobacteria	Neisseriales	Neisseriaceae	Snodgrassella	Snodgrassella_alvi
0	Bacteria	Pseudomonadota	Betaproteobacteria	Neisseriales	Neisseriaceae	Paralysiella
65	Bacteria	Pseudomonadota	Betaproteobacteria	Neisseriales	Neisseriaceae	Paralysiella	Paralysiella_testudinis
0	Bacteria	Pseudomonadota	Betaproteobacteria	Neisseriales	Neisseriaceae	Aquella
57	Bacteria	Pseudomonadota	Betaproteobacteria	Neisseriales	Neisseriaceae	Aquella	Aquella_oligotrophica
0	Bacteria	Pseudomonadota	Betaproteobacteria	Neisseriales	Neisseriaceae	Simonsiella
25	Bacteria	Pseudomonadota	Betaproteobacteria	Neisseriales	Neisseriaceae	Simonsiella	Simonsiella_muelleri
0	Bacteria	Pseudomonadota	Betaproteobacteria	Neisseriales	Neisseriaceae	Uruburuella
14	Bacteria	Pseudomonadota	Betaproteobacteria	Neisseriales	Neisseriaceae	Uruburuella	Uruburuella_testudinis
0	Bacteria	Pseudomonadota	Betaproteobacteria	Neisseriales	Chromobacteriaceae
0	Bacteria	Pseudomonadota	Betaproteobacteria	Neisseriales	Chromobacteriaceae	Jeongeupia
27	Bacteria	Pseudomonadota	Betaproteobacteria	Neisseriales	Chromobacteriaceae	Jeongeupia	Jeongeupia_sp._HS-3
0	Bacteria	Pseudomonadota	Betaproteobacteria	Burkholderiales
0	Bacteria	Pseudomonadota	Betaproteobacteria	Burkholderiales	Burkholderiaceae
0	Bacteria	Pseudomonadota	Betaproteobacteria	Burkholderiales	Burkholderiaceae	Lautropia
15594	Bacteria	Pseudomonadota	Betaproteobacteria	Burkholderiales	Burkholderiaceae	Lautropia	Lautropia_mirabilis
0	Bacteria	Pseudomonadota	Betaproteobacteria	Burkholderiales	Burkholderiaceae	Burkholderia
1519	Bacteria	Pseudomonadota	Betaproteobacteria	Burkholderiales	Burkholderiaceae	Burkholderia	Burkholderia_pseudomallei
1001	Bacteria	Pseudomonadota	Betaproteobacteria	Burkholderiales	Burkholderiaceae	Burkholderia	Burkholderia_thailandensis
1400	Bacteria	Pseudomonadota	Betaproteobacteria	Burkholderiales	Burkholderiaceae	Burkholderia	Burkholderia_mallei
23	Bacteria	Pseudomonadota	Betaproteobacteria	Burkholderiales	Burkholderiaceae	Burkholderia	Burkholderia_cenocepacia
2163	Bacteria	Pseudomonadota	Betaproteobacteria	Burkholderiales	Burkholderiaceae	Burkholderia	Burkholderia_cepacia
17	Bacteria	Pseudomonadota	Betaproteobacteria	Burkholderiales	Burkholderiaceae	Burkholderia	Burkholderia_vietnamiensis
0	Bacteria	Pseudomonadota	Betaproteobacteria	Burkholderiales	Burkholderiaceae	Pandoraea
98	Bacteria	Pseudomonadota	Betaproteobacteria	Burkholderiales	Burkholderiaceae	Pandoraea	Pandoraea_thiooxydans
0	Bacteria	Pseudomonadota	Betaproteobacteria	Burkholderiales	Burkholderiaceae	Paraburkholderia
61	Bacteria	Pseudomonadota	Betaproteobacteria	Burkholderiales	Burkholderiaceae	Paraburkholderia	Paraburkholderia_xenovorans
21	Bacteria	Pseudomonadota	Betaproteobacteria	Burkholderiales	Burkholderiaceae	Paraburkholderia	Paraburkholderia_hospita
0	Bacteria	Pseudomonadota	Betaproteobacteria	Burkholderiales	Burkholderiaceae	Ralstonia
78	Bacteria	Pseudomonadota	Betaproteobacteria	Burkholderiales	Burkholderiaceae	Ralstonia	Ralstonia_solanacearum
0	Bacteria	Pseudomonadota	Betaproteobacteria	Burkholderiales	Burkholderiaceae	Cupriavidus
25	Bacteria	Pseudomonadota	Betaproteobacteria	Burkholderiales	Burkholderiaceae	Cupriavidus	Cupriavidus_taiwanensis
0	Bacteria	Pseudomonadota	Betaproteobacteria	Burkholderiales	Burkholderiaceae	Polynucleobacter
13	Bacteria	Pseudomonadota	Betaproteobacteria	Burkholderiales	Burkholderiaceae	Polynucleobacter	Polynucleobacter_necessarius
0	Bacteria	Pseudomonadota	Betaproteobacteria	Burkholderiales	Burkholderiaceae	Mycetohabitans
12	Bacteria	Pseudomonadota	Betaproteobacteria	Burkholderiales	Burkholderiaceae	Mycetohabitans	Mycetohabitans_rhizoxinica
0	Bacteria	Pseudomonadota	Betaproteobacteria	Burkholderiales	Comamonadaceae
0	Bacteria	Pseudomonadota	Betaproteobacteria	Burkholderiales	Comamonadaceae	Comamonas
688	Bacteria	Pseudomonadota	Betaproteobacteria	Burkholderiales	Comamonadaceae	Comamonas	Comamonas_aquatica
56	Bacteria	Pseudomonadota	Betaproteobacteria	Burkholderiales	Comamonadaceae	Comamonas	Comamonas_testosteroni
0	Bacteria	Pseudomonadota	Betaproteobacteria	Burkholderiales	Comamonadaceae	Polaromonas
44	Bacteria	Pseudomonadota	Betaproteobacteria	Burkholderiales	Comamonadaceae	Polaromonas	Polaromonas_naphthalenivorans
0	Bacteria	Pseudomonadota	Betaproteobacteria	Burkholderiales	Comamonadaceae	Acidovorax
37	Bacteria	Pseudomonadota	Betaproteobacteria	Burkholderiales	Comamonadaceae	Acidovorax	Acidovorax_sp._KKS102
0	Bacteria	Pseudomonadota	Betaproteobacteria	Burkholderiales	Sphaerotilaceae
0	Bacteria	Pseudomonadota	Betaproteobacteria	Burkholderiales	Sphaerotilaceae	Sphaerotilus
31	Bacteria	Pseudomonadota	Betaproteobacteria	Burkholderiales	Sphaerotilaceae	Sphaerotilus	Sphaerotilus_sulfidivorans
0	Bacteria	Pseudomonadota	Betaproteobacteria	Burkholderiales	Alcaligenaceae
0	Bacteria	Pseudomonadota	Betaproteobacteria	Burkholderiales	Alcaligenaceae	Alcaligenes
25	Bacteria	Pseudomonadota	Betaproteobacteria	Burkholderiales	Alcaligenaceae	Alcaligenes	Alcaligenes_faecalis
0	Bacteria	Pseudomonadota	Betaproteobacteria	Burkholderiales	Candidatus_Ichthyocystis
11	Bacteria	Pseudomonadota	Betaproteobacteria	Burkholderiales	Candidatus_Ichthyocystis	Candidatus_Ichthyocystis_hellenicum
0	Bacteria	Pseudomonadota	Betaproteobacteria	Nitrosomonadales
0	Bacteria	Pseudomonadota	Betaproteobacteria	Nitrosomonadales	Nitrosomonadaceae
0	Bacteria	Pseudomonadota	Betaproteobacteria	Nitrosomonadales	Nitrosomonadaceae	Nitrosomonas
36	Bacteria	Pseudomonadota	Betaproteobacteria	Nitrosomonadales	Nitrosomonadaceae	Nitrosomonas	Nitrosomonas_ureae
0	Bacteria	Pseudomonadota	Betaproteobacteria	Rhodocyclales
0	Bacteria	Pseudomonadota	Betaproteobacteria	Rhodocyclales	Azonexaceae
0	Bacteria	Pseudomonadota	Betaproteobacteria	Rhodocyclales	Azonexaceae	Ferribacterium
20	Bacteria	Pseudomonadota	Betaproteobacteria	Rhodocyclales	Azonexaceae	Ferribacterium	Ferribacterium_limneticum
0	Bacteria	Pseudomonadota	Betaproteobacteria	Rhodocyclales	Rhodocyclaceae
0	Bacteria	Pseudomonadota	Betaproteobacteria	Rhodocyclales	Rhodocyclaceae	Rugosibacter
15	Bacteria	Pseudomonadota	Betaproteobacteria	Rhodocyclales	Rhodocyclaceae	Rugosibacter	Rugosibacter_aromaticivorans
0	Bacteria	Pseudomonadota	Betaproteobacteria	Candidatus_Nasuia
10	Bacteria	Pseudomonadota	Betaproteobacteria	Candidatus_Nasuia	Candidatus_Nasuia_deltocephalinicola
0	Bacteria	Pseudomonadota	Gammaproteobacteria
0	Bacteria	Pseudomonadota	Gammaproteobacteria	Pasteurellales
0	Bacteria	Pseudomonadota	Gammaproteobacteria	Pasteurellales	Pasteurellaceae
0	Bacteria	Pseudomonadota	Gammaproteobacteria	Pasteurellales	Pasteurellaceae	Haemophilus
107062	Bacteria	Pseudomonadota	Gammaproteobacteria	Pasteurellales	Pasteurellaceae	Haemophilus	Haemophilus_parainfluenzae
3451	Bacteria	Pseudomonadota	Gammaproteobacteria	Pasteurellales	Pasteurellaceae	Haemophilus	Haemophilus_parahaemolyticus
4429	Bacteria	Pseudomonadota	Gammaproteobacteria	Pasteurellales	Pasteurellaceae	Haemophilus	Haemophilus_influenzae
597	Bacteria	Pseudomonadota	Gammaproteobacteria	Pasteurellales	Pasteurellaceae	Haemophilus	Haemophilus_haemolyticus
171	Bacteria	Pseudomonadota	Gammaproteobacteria	Pasteurellales	Pasteurellaceae	Haemophilus	Haemophilus_pittmaniae
91	Bacteria	Pseudomonadota	Gammaproteobacteria	Pasteurellales	Pasteurellaceae	Haemophilus	Haemophilus_sp._oral_taxon_036
49	Bacteria	Pseudomonadota	Gammaproteobacteria	Pasteurellales	Pasteurellaceae	Haemophilus	[Haemophilus]_ducreyi
0	Bacteria	Pseudomonadota	Gammaproteobacteria	Pasteurellales	Pasteurellaceae	Actinobacillus
340	Bacteria	Pseudomonadota	Gammaproteobacteria	Pasteurellales	Pasteurellaceae	Actinobacillus	Actinobacillus_indolicus
13608	Bacteria	Pseudomonadota	Gammaproteobacteria	Pasteurellales	Pasteurellaceae	Actinobacillus	Actinobacillus_pleuropneumoniae
51	Bacteria	Pseudomonadota	Gammaproteobacteria	Pasteurellales	Pasteurellaceae	Actinobacillus	Actinobacillus_sp._GY-402
0	Bacteria	Pseudomonadota	Gammaproteobacteria	Pasteurellales	Pasteurellaceae	Aggregatibacter
1885	Bacteria	Pseudomonadota	Gammaproteobacteria	Pasteurellales	Pasteurellaceae	Aggregatibacter	Aggregatibacter_sp._2125159857
131	Bacteria	Pseudomonadota	Gammaproteobacteria	Pasteurellales	Pasteurellaceae	Aggregatibacter	Aggregatibacter_sp._Marseille-P9115
163	Bacteria	Pseudomonadota	Gammaproteobacteria	Pasteurellales	Pasteurellaceae	Aggregatibacter	Aggregatibacter_sp._oral_taxon_513
458	Bacteria	Pseudomonadota	Gammaproteobacteria	Pasteurellales	Pasteurellaceae	Aggregatibacter	Aggregatibacter_aphrophilus
902	Bacteria	Pseudomonadota	Gammaproteobacteria	Pasteurellales	Pasteurellaceae	Aggregatibacter	Aggregatibacter_actinomycetemcomitans
126	Bacteria	Pseudomonadota	Gammaproteobacteria	Pasteurellales	Pasteurellaceae	Aggregatibacter	Aggregatibacter_segnis
0	Bacteria	Pseudomonadota	Gammaproteobacteria	Pasteurellales	Pasteurellaceae	Pasteurella
1892	Bacteria	Pseudomonadota	Gammaproteobacteria	Pasteurellales	Pasteurellaceae	Pasteurella	Pasteurella_canis
1645	Bacteria	Pseudomonadota	Gammaproteobacteria	Pasteurellales	Pasteurellaceae	Pasteurella	Pasteurella_multocida
0	Bacteria	Pseudomonadota	Gammaproteobacteria	Pasteurellales	Pasteurellaceae	Bibersteinia
689	Bacteria	Pseudomonadota	Gammaproteobacteria	Pasteurellales	Pasteurellaceae	Bibersteinia	Bibersteinia_trehalosi
0	Bacteria	Pseudomonadota	Gammaproteobacteria	Pasteurellales	Pasteurellaceae	Mannheimia
218	Bacteria	Pseudomonadota	Gammaproteobacteria	Pasteurellales	Pasteurellaceae	Mannheimia	Mannheimia_ovis
271	Bacteria	Pseudomonadota	Gammaproteobacteria	Pasteurellales	Pasteurellaceae	Mannheimia	Mannheimia_haemolytica
25	Bacteria	Pseudomonadota	Gammaproteobacteria	Pasteurellales	Pasteurellaceae	Mannheimia	Mannheimia_varigena
13	Bacteria	Pseudomonadota	Gammaproteobacteria	Pasteurellales	Pasteurellaceae	Mannheimia	Mannheimia_granulomatis
0	Bacteria	Pseudomonadota	Gammaproteobacteria	Pasteurellales	Pasteurellaceae	Glaesserella
240	Bacteria	Pseudomonadota	Gammaproteobacteria	Pasteurellales	Pasteurellaceae	Glaesserella	Glaesserella_parasuis
0	Bacteria	Pseudomonadota	Gammaproteobacteria	Pasteurellales	Pasteurellaceae	Gallibacterium
73	Bacteria	Pseudomonadota	Gammaproteobacteria	Pasteurellales	Pasteurellaceae	Gallibacterium	Gallibacterium_anatis
0	Bacteria	Pseudomonadota	Gammaproteobacteria	Pasteurellales	Pasteurellaceae	Mergibacter
52	Bacteria	Pseudomonadota	Gammaproteobacteria	Pasteurellales	Pasteurellaceae	Mergibacter	Mergibacter_septicus
0	Bacteria	Pseudomonadota	Gammaproteobacteria	Pasteurellales	Pasteurellaceae	Avibacterium
32	Bacteria	Pseudomonadota	Gammaproteobacteria	Pasteurellales	Pasteurellaceae	Avibacterium	Avibacterium_sp._20-132
19	Bacteria	Pseudomonadota	Gammaproteobacteria	Pasteurellales	Pasteurellaceae	Avibacterium	Avibacterium_paragallinarum
0	Bacteria	Pseudomonadota	Gammaproteobacteria	Pasteurellales	Pasteurellaceae	Histophilus
40	Bacteria	Pseudomonadota	Gammaproteobacteria	Pasteurellales	Pasteurellaceae	Histophilus	Histophilus_somni
0	Bacteria	Pseudomonadota	Gammaproteobacteria	Pasteurellales	Pasteurellaceae	Rodentibacter
13	Bacteria	Pseudomonadota	Gammaproteobacteria	Pasteurellales	Pasteurellaceae	Rodentibacter	Rodentibacter_heylii
0	Bacteria	Pseudomonadota	Gammaproteobacteria	Pasteurellales	Pasteurellaceae	Bisgaardia
13	Bacteria	Pseudomonadota	Gammaproteobacteria	Pasteurellales	Pasteurellaceae	Bisgaardia	Bisgaardia_hudsonensis
0	Bacteria	Pseudomonadota	Gammaproteobacteria	Enterobacterales
0	Bacteria	Pseudomonadota	Gammaproteobacteria	Enterobacterales	Enterobacteriaceae
0	Bacteria	Pseudomonadota	Gammaproteobacteria	Enterobacterales	Enterobacteriaceae	Salmonella
13368	Bacteria	Pseudomonadota	Gammaproteobacteria	Enterobacterales	Enterobacteriaceae	Salmonella	Salmonella_enterica
0	Bacteria	Pseudomonadota	Gammaproteobacteria	Enterobacterales	Enterobacteriaceae	Klebsiella
4558	Bacteria	Pseudomonadota	Gammaproteobacteria	Enterobacterales	Enterobacteriaceae	Klebsiella	Klebsiella_pneumoniae
195	Bacteria	Pseudomonadota	Gammaproteobacteria	Enterobacterales	Enterobacteriaceae	Klebsiella	Klebsiella_quasipneumoniae
0	Bacteria	Pseudomonadota	Gammaproteobacteria	Enterobacterales	Enterobacteriaceae	Escherichia
3466	Bacteria	Pseudomonadota	Gammaproteobacteria	Enterobacterales	Enterobacteriaceae	Escherichia	Escherichia_coli
145	Bacteria	Pseudomonadota	Gammaproteobacteria	Enterobacterales	Enterobacteriaceae	Escherichia	Escherichia_fergusonii
0	Bacteria	Pseudomonadota	Gammaproteobacteria	Enterobacterales	Yersiniaceae
0	Bacteria	Pseudomonadota	Gammaproteobacteria	Enterobacterales	Yersiniaceae	Yersinia
1467	Bacteria	Pseudomonadota	Gammaproteobacteria	Enterobacterales	Yersiniaceae	Yersinia	Yersinia_pestis
0	Bacteria	Pseudomonadota	Gammaproteobacteria	Enterobacterales	Morganellaceae
0	Bacteria	Pseudomonadota	Gammaproteobacteria	Enterobacterales	Morganellaceae	Morganella
87	Bacteria	Pseudomonadota	Gammaproteobacteria	Enterobacterales	Morganellaceae	Morganella	Morganella_morganii
0	Bacteria	Pseudomonadota	Gammaproteobacteria	Enterobacterales	Erwiniaceae
0	Bacteria	Pseudomonadota	Gammaproteobacteria	Enterobacterales	Erwiniaceae	Buchnera
20	Bacteria	Pseudomonadota	Gammaproteobacteria	Enterobacterales	Erwiniaceae	Buchnera	Buchnera_aphidicola
0	Bacteria	Pseudomonadota	Gammaproteobacteria	Cardiobacteriales
0	Bacteria	Pseudomonadota	Gammaproteobacteria	Cardiobacteriales	Cardiobacteriaceae
0	Bacteria	Pseudomonadota	Gammaproteobacteria	Cardiobacteriales	Cardiobacteriaceae	Cardiobacterium
386	Bacteria	Pseudomonadota	Gammaproteobacteria	Cardiobacteriales	Cardiobacteriaceae	Cardiobacterium	Cardiobacterium_hominis
27	Bacteria	Pseudomonadota	Gammaproteobacteria	Cardiobacteriales	Cardiobacteriaceae	Cardiobacterium	Cardiobacterium_sp._Marseille-Q4385
0	Bacteria	Pseudomonadota	Gammaproteobacteria	Moraxellales
0	Bacteria	Pseudomonadota	Gammaproteobacteria	Moraxellales	Moraxellaceae
0	Bacteria	Pseudomonadota	Gammaproteobacteria	Moraxellales	Moraxellaceae	Acinetobacter
275	Bacteria	Pseudomonadota	Gammaproteobacteria	Moraxellales	Moraxellaceae	Acinetobacter	Acinetobacter_baumannii
30	Bacteria	Pseudomonadota	Gammaproteobacteria	Moraxellales	Moraxellaceae	Acinetobacter	Acinetobacter_johnsonii
16	Bacteria	Pseudomonadota	Gammaproteobacteria	Moraxellales	Moraxellaceae	Acinetobacter	Acinetobacter_junii
10	Bacteria	Pseudomonadota	Gammaproteobacteria	Moraxellales	Moraxellaceae	Acinetobacter	Acinetobacter_lanii
0	Bacteria	Pseudomonadota	Gammaproteobacteria	Moraxellales	Moraxellaceae	Moraxella
59	Bacteria	Pseudomonadota	Gammaproteobacteria	Moraxellales	Moraxellaceae	Moraxella	Moraxella_osloensis
0	Bacteria	Pseudomonadota	Gammaproteobacteria	Pseudomonadales
0	Bacteria	Pseudomonadota	Gammaproteobacteria	Pseudomonadales	Pseudomonadaceae
0	Bacteria	Pseudomonadota	Gammaproteobacteria	Pseudomonadales	Pseudomonadaceae	Pseudomonas
107	Bacteria	Pseudomonadota	Gammaproteobacteria	Pseudomonadales	Pseudomonadaceae	Pseudomonas	Pseudomonas_aeruginosa
57	Bacteria	Pseudomonadota	Gammaproteobacteria	Pseudomonadales	Pseudomonadaceae	Pseudomonas	Pseudomonas_putida
16	Bacteria	Pseudomonadota	Gammaproteobacteria	Pseudomonadales	Pseudomonadaceae	Pseudomonas	Pseudomonas_fluorescens
0	Bacteria	Pseudomonadota	Gammaproteobacteria	Pseudomonadales	Pseudomonadaceae	Stutzerimonas
33	Bacteria	Pseudomonadota	Gammaproteobacteria	Pseudomonadales	Pseudomonadaceae	Stutzerimonas	Stutzerimonas_stutzeri
0	Bacteria	Pseudomonadota	Gammaproteobacteria	Aeromonadales
0	Bacteria	Pseudomonadota	Gammaproteobacteria	Aeromonadales	Aeromonadaceae
0	Bacteria	Pseudomonadota	Gammaproteobacteria	Aeromonadales	Aeromonadaceae	Aeromonas
39	Bacteria	Pseudomonadota	Gammaproteobacteria	Aeromonadales	Aeromonadaceae	Aeromonas	Aeromonas_veronii
88	Bacteria	Pseudomonadota	Gammaproteobacteria	Aeromonadales	Aeromonadaceae	Aeromonas	Aeromonas_salmonicida
0	Bacteria	Pseudomonadota	Gammaproteobacteria	Vibrionales
0	Bacteria	Pseudomonadota	Gammaproteobacteria	Vibrionales	Vibrionaceae
0	Bacteria	Pseudomonadota	Gammaproteobacteria	Vibrionales	Vibrionaceae	Vibrio
24	Bacteria	Pseudomonadota	Gammaproteobacteria	Vibrionales	Vibrionaceae	Vibrio	Vibrio_harveyi
49	Bacteria	Pseudomonadota	Gammaproteobacteria	Vibrionales	Vibrionaceae	Vibrio	Vibrio_cholerae
11	Bacteria	Pseudomonadota	Gammaproteobacteria	Vibrionales	Vibrionaceae	Vibrio	Vibrio_vulnificus
0	Bacteria	Pseudomonadota	Gammaproteobacteria	Vibrionales	Vibrionaceae	Photobacterium
23	Bacteria	Pseudomonadota	Gammaproteobacteria	Vibrionales	Vibrionaceae	Photobacterium	Photobacterium_damselae
0	Bacteria	Pseudomonadota	Gammaproteobacteria	Vibrionales	Vibrionaceae	Aliivibrio
14	Bacteria	Pseudomonadota	Gammaproteobacteria	Vibrionales	Vibrionaceae	Aliivibrio	Aliivibrio_fischeri
0	Bacteria	Pseudomonadota	Gammaproteobacteria	Xanthomonadales
0	Bacteria	Pseudomonadota	Gammaproteobacteria	Xanthomonadales	Xanthomonadaceae
0	Bacteria	Pseudomonadota	Gammaproteobacteria	Xanthomonadales	Xanthomonadaceae	Stenotrophomonas
69	Bacteria	Pseudomonadota	Gammaproteobacteria	Xanthomonadales	Xanthomonadaceae	Stenotrophomonas	Stenotrophomonas_maltophilia
0	Bacteria	Pseudomonadota	Gammaproteobacteria	Xanthomonadales	Xanthomonadaceae	Xanthomonas
51	Bacteria	Pseudomonadota	Gammaproteobacteria	Xanthomonadales	Xanthomonadaceae	Xanthomonas	Xanthomonas_campestris
0	Bacteria	Pseudomonadota	Gammaproteobacteria	Candidatus_Baumannia
83	Bacteria	Pseudomonadota	Gammaproteobacteria	Candidatus_Baumannia	Candidatus_Baumannia_cicadellinicola
0	Bacteria	Pseudomonadota	Gammaproteobacteria	Oceanospirillales
0	Bacteria	Pseudomonadota	Gammaproteobacteria	Oceanospirillales	Halomonadaceae
0	Bacteria	Pseudomonadota	Gammaproteobacteria	Oceanospirillales	Halomonadaceae	Halomonas
41	Bacteria	Pseudomonadota	Gammaproteobacteria	Oceanospirillales	Halomonadaceae	Halomonas	Halomonas_sp._JS92-SW72
40	Bacteria	Pseudomonadota	Gammaproteobacteria	Oceanospirillales	Halomonadaceae	Halomonas	Halomonas_sp._KO116
0	Bacteria	Pseudomonadota	Gammaproteobacteria	Alteromonadales
0	Bacteria	Pseudomonadota	Gammaproteobacteria	Alteromonadales	Pseudoalteromonadaceae
0	Bacteria	Pseudomonadota	Gammaproteobacteria	Alteromonadales	Pseudoalteromonadaceae	Psychrosphaera
69	Bacteria	Pseudomonadota	Gammaproteobacteria	Alteromonadales	Pseudoalteromonadaceae	Psychrosphaera	Psychrosphaera_aestuarii
0	Bacteria	Pseudomonadota	Alphaproteobacteria
0	Bacteria	Pseudomonadota	Alphaproteobacteria	Sphingomonadales
0	Bacteria	Pseudomonadota	Alphaproteobacteria	Sphingomonadales	Sphingomonadaceae
0	Bacteria	Pseudomonadota	Alphaproteobacteria	Sphingomonadales	Sphingomonadaceae	Novosphingobium
227	Bacteria	Pseudomonadota	Alphaproteobacteria	Sphingomonadales	Sphingomonadaceae	Novosphingobium	Novosphingobium_sp._EMRT-2
0	Bacteria	Pseudomonadota	Alphaproteobacteria	Sphingomonadales	Sphingomonadaceae	Sphingobium
42	Bacteria	Pseudomonadota	Alphaproteobacteria	Sphingomonadales	Sphingomonadaceae	Sphingobium	Sphingobium_sp._YG1
0	Bacteria	Pseudomonadota	Alphaproteobacteria	Hyphomicrobiales
0	Bacteria	Pseudomonadota	Alphaproteobacteria	Hyphomicrobiales	Nitrobacteraceae
0	Bacteria	Pseudomonadota	Alphaproteobacteria	Hyphomicrobiales	Nitrobacteraceae	Bradyrhizobium
104	Bacteria	Pseudomonadota	Alphaproteobacteria	Hyphomicrobiales	Nitrobacteraceae	Bradyrhizobium	Bradyrhizobium_sp._SK17
0	Bacteria	Pseudomonadota	Alphaproteobacteria	Hyphomicrobiales	Phyllobacteriaceae
0	Bacteria	Pseudomonadota	Alphaproteobacteria	Hyphomicrobiales	Phyllobacteriaceae	Mesorhizobium
38	Bacteria	Pseudomonadota	Alphaproteobacteria	Hyphomicrobiales	Phyllobacteriaceae	Mesorhizobium	Mesorhizobium_terrae
0	Bacteria	Pseudomonadota	Alphaproteobacteria	Hyphomicrobiales	Phyllobacteriaceae	Aquibium
19	Bacteria	Pseudomonadota	Alphaproteobacteria	Hyphomicrobiales	Phyllobacteriaceae	Aquibium	Aquibium_microcysteis
0	Bacteria	Pseudomonadota	Alphaproteobacteria	Hyphomicrobiales	Methylobacteriaceae
0	Bacteria	Pseudomonadota	Alphaproteobacteria	Hyphomicrobiales	Methylobacteriaceae	Methylobacterium
41	Bacteria	Pseudomonadota	Alphaproteobacteria	Hyphomicrobiales	Methylobacteriaceae	Methylobacterium	Methylobacterium_sp._FF17
0	Bacteria	Pseudomonadota	Alphaproteobacteria	Hyphomicrobiales	Terrihabitans
41	Bacteria	Pseudomonadota	Alphaproteobacteria	Hyphomicrobiales	Terrihabitans	Terrihabitans_soli
0	Bacteria	Pseudomonadota	Alphaproteobacteria	Caulobacterales
0	Bacteria	Pseudomonadota	Alphaproteobacteria	Caulobacterales	Caulobacteraceae
0	Bacteria	Pseudomonadota	Alphaproteobacteria	Caulobacterales	Caulobacteraceae	Brevundimonas
36	Bacteria	Pseudomonadota	Alphaproteobacteria	Caulobacterales	Caulobacteraceae	Brevundimonas	Brevundimonas_sp._Bb-A
0	Bacteria	Pseudomonadota	Alphaproteobacteria	Rhodospirillales
0	Bacteria	Pseudomonadota	Alphaproteobacteria	Rhodospirillales	Acetobacteraceae
0	Bacteria	Pseudomonadota	Alphaproteobacteria	Rhodospirillales	Acetobacteraceae	Komagataeibacter
22	Bacteria	Pseudomonadota	Alphaproteobacteria	Rhodospirillales	Acetobacteraceae	Komagataeibacter	Komagataeibacter_xylinus
0	Bacteria	Bacillota
0	Bacteria	Bacillota	Negativicutes
0	Bacteria	Bacillota	Negativicutes	Veillonellales
0	Bacteria	Bacillota	Negativicutes	Veillonellales	Veillonellaceae
0	Bacteria	Bacillota	Negativicutes	Veillonellales	Veillonellaceae	Veillonella
11619	Bacteria	Bacillota	Negativicutes	Veillonellales	Veillonellaceae	Veillonella	Veillonella_atypica
13333	Bacteria	Bacillota	Negativicutes	Veillonellales	Veillonellaceae	Veillonella	Veillonella_dispar
6969	Bacteria	Bacillota	Negativicutes	Veillonellales	Veillonellaceae	Veillonella	Veillonella_sp._S12025-13
6968	Bacteria	Bacillota	Negativicutes	Veillonellales	Veillonellaceae	Veillonella	Veillonella_rogosae
14009	Bacteria	Bacillota	Negativicutes	Veillonellales	Veillonellaceae	Veillonella	Veillonella_parvula
7047	Bacteria	Bacillota	Negativicutes	Veillonellales	Veillonellaceae	Veillonella	Veillonella_nakazawae
195	Bacteria	Bacillota	Negativicutes	Veillonellales	Veillonellaceae	Veillonella	Veillonella_rodentium
0	Bacteria	Bacillota	Negativicutes	Veillonellales	Veillonellaceae	Megasphaera
247	Bacteria	Bacillota	Negativicutes	Veillonellales	Veillonellaceae	Megasphaera	Megasphaera_stantonii
155	Bacteria	Bacillota	Negativicutes	Veillonellales	Veillonellaceae	Megasphaera	Megasphaera_hexanoica
51	Bacteria	Bacillota	Negativicutes	Veillonellales	Veillonellaceae	Megasphaera	Megasphaera_elsdenii
0	Bacteria	Bacillota	Negativicutes	Veillonellales	Veillonellaceae	Dialister
69	Bacteria	Bacillota	Negativicutes	Veillonellales	Veillonellaceae	Dialister	Dialister_pneumosintes
39	Bacteria	Bacillota	Negativicutes	Veillonellales	Veillonellaceae	Dialister	Dialister_succinatiphilus
0	Bacteria	Bacillota	Negativicutes	Selenomonadales
0	Bacteria	Bacillota	Negativicutes	Selenomonadales	Selenomonadaceae
0	Bacteria	Bacillota	Negativicutes	Selenomonadales	Selenomonadaceae	Selenomonas
86	Bacteria	Bacillota	Negativicutes	Selenomonadales	Selenomonadaceae	Selenomonas	Selenomonas_sp._oral_taxon_478
58	Bacteria	Bacillota	Negativicutes	Selenomonadales	Selenomonadaceae	Selenomonas	Selenomonas_sp._oral_taxon_136
25	Bacteria	Bacillota	Negativicutes	Selenomonadales	Selenomonadaceae	Selenomonas	Selenomonas_sp._oral_taxon_920
21	Bacteria	Bacillota	Negativicutes	Selenomonadales	Selenomonadaceae	Selenomonas	Selenomonas_sputigena
0	Bacteria	Bacillota	Negativicutes	Selenomonadales	Sporomusaceae
0	Bacteria	Bacillota	Negativicutes	Selenomonadales	Sporomusaceae	Methylomusa
16	Bacteria	Bacillota	Negativicutes	Selenomonadales	Sporomusaceae	Methylomusa	Methylomusa_anaerophila
0	Bacteria	Bacillota	Bacilli
0	Bacteria	Bacillota	Bacilli	Lactobacillales
0	Bacteria	Bacillota	Bacilli	Lactobacillales	Streptococcaceae
0	Bacteria	Bacillota	Bacilli	Lactobacillales	Streptococcaceae	Streptococcus
2027	Bacteria	Bacillota	Bacilli	Lactobacillales	Streptococcaceae	Streptococcus	Streptococcus_sp._LPB0220
1143	Bacteria	Bacillota	Bacilli	Lactobacillales	Streptococcaceae	Streptococcus	Streptococcus_sp._HSISM1
555	Bacteria	Bacillota	Bacilli	Lactobacillales	Streptococcaceae	Streptococcus	Streptococcus_sp._Marseille-Q6470
487	Bacteria	Bacillota	Bacilli	Lactobacillales	Streptococcaceae	Streptococcus	Streptococcus_sp._oral_taxon_061
437	Bacteria	Bacillota	Bacilli	Lactobacillales	Streptococcaceae	Streptococcus	Streptococcus_sp._A12
382	Bacteria	Bacillota	Bacilli	Lactobacillales	Streptococcaceae	Streptococcus	Streptococcus_sp._116-D4
307	Bacteria	Bacillota	Bacilli	Lactobacillales	Streptococcaceae	Streptococcus	Streptococcus_sp._Marseille-Q3533
274	Bacteria	Bacillota	Bacilli	Lactobacillales	Streptococcaceae	Streptococcus	Streptococcus_sp._oral_taxon_431
55	Bacteria	Bacillota	Bacilli	Lactobacillales	Streptococcaceae	Streptococcus	Streptococcus_sp._NPS_308
110	Bacteria	Bacillota	Bacilli	Lactobacillales	Streptococcaceae	Streptococcus	Streptococcus_sp._FDAARGOS_192
72	Bacteria	Bacillota	Bacilli	Lactobacillales	Streptococcaceae	Streptococcus	Streptococcus_sp._1643
49	Bacteria	Bacillota	Bacilli	Lactobacillales	Streptococcaceae	Streptococcus	Streptococcus_sp._HSISS2
29	Bacteria	Bacillota	Bacilli	Lactobacillales	Streptococcaceae	Streptococcus	Streptococcus_sp._HSISS3
57	Bacteria	Bacillota	Bacilli	Lactobacillales	Streptococcaceae	Streptococcus	Streptococcus_sp._oral_taxon_064
3139	Bacteria	Bacillota	Bacilli	Lactobacillales	Streptococcaceae	Streptococcus	Streptococcus_salivarius
1877	Bacteria	Bacillota	Bacilli	Lactobacillales	Streptococcaceae	Streptococcus	Streptococcus_parasanguinis
1547	Bacteria	Bacillota	Bacilli	Lactobacillales	Streptococcaceae	Streptococcus	Streptococcus_mitis
1434	Bacteria	Bacillota	Bacilli	Lactobacillales	Streptococcaceae	Streptococcus	Streptococcus_oralis
881	Bacteria	Bacillota	Bacilli	Lactobacillales	Streptococcaceae	Streptococcus	Streptococcus_infantis
469	Bacteria	Bacillota	Bacilli	Lactobacillales	Streptococcaceae	Streptococcus	Streptococcus_sanguinis
4126	Bacteria	Bacillota	Bacilli	Lactobacillales	Streptococcaceae	Streptococcus	Streptococcus_pneumoniae
315	Bacteria	Bacillota	Bacilli	Lactobacillales	Streptococcaceae	Streptococcus	Streptococcus_lactarius
543	Bacteria	Bacillota	Bacilli	Lactobacillales	Streptococcaceae	Streptococcus	Streptococcus_australis
73	Bacteria	Bacillota	Bacilli	Lactobacillales	Streptococcaceae	Streptococcus	Streptococcus_intermedius
102	Bacteria	Bacillota	Bacilli	Lactobacillales	Streptococcaceae	Streptococcus	Streptococcus_anginosus
1582	Bacteria	Bacillota	Bacilli	Lactobacillales	Streptococcaceae	Streptococcus	Streptococcus_thermophilus
767	Bacteria	Bacillota	Bacilli	Lactobacillales	Streptococcaceae	Streptococcus	Streptococcus_suis
155	Bacteria	Bacillota	Bacilli	Lactobacillales	Streptococcaceae	Streptococcus	Streptococcus_cristatus
330	Bacteria	Bacillota	Bacilli	Lactobacillales	Streptococcaceae	Streptococcus	Streptococcus_ilei
291	Bacteria	Bacillota	Bacilli	Lactobacillales	Streptococcaceae	Streptococcus	Streptococcus_pyogenes
193	Bacteria	Bacillota	Bacilli	Lactobacillales	Streptococcaceae	Streptococcus	Streptococcus_rubneri
85	Bacteria	Bacillota	Bacilli	Lactobacillales	Streptococcaceae	Streptococcus	Streptococcus_gordonii
234	Bacteria	Bacillota	Bacilli	Lactobacillales	Streptococcaceae	Streptococcus	Streptococcus_koreensis
144	Bacteria	Bacillota	Bacilli	Lactobacillales	Streptococcaceae	Streptococcus	Streptococcus_pseudopneumoniae
157	Bacteria	Bacillota	Bacilli	Lactobacillales	Streptococcaceae	Streptococcus	Streptococcus_toyakuensis
110	Bacteria	Bacillota	Bacilli	Lactobacillales	Streptococcaceae	Streptococcus	Streptococcus_gwangjuense
39	Bacteria	Bacillota	Bacilli	Lactobacillales	Streptococcaceae	Streptococcus	Streptococcus_vestibularis
22	Bacteria	Bacillota	Bacilli	Lactobacillales	Streptococcaceae	Streptococcus	Streptococcus_ferus
19	Bacteria	Bacillota	Bacilli	Lactobacillales	Streptococcaceae	Streptococcus	Streptococcus_equi
9204	Bacteria	Bacillota	Bacilli	Lactobacillales	Streptococcaceae	Streptococcus	Streptococcus_agalactiae
12	Bacteria	Bacillota	Bacilli	Lactobacillales	Streptococcaceae	Streptococcus	Streptococcus_sobrinus
13	Bacteria	Bacillota	Bacilli	Lactobacillales	Streptococcaceae	Streptococcus	Streptococcus_pluranimalium
10	Bacteria	Bacillota	Bacilli	Lactobacillales	Streptococcaceae	Streptococcus	Streptococcus_oriscaviae
0	Bacteria	Bacillota	Bacilli	Lactobacillales	Carnobacteriaceae
0	Bacteria	Bacillota	Bacilli	Lactobacillales	Carnobacteriaceae	Granulicatella
1488	Bacteria	Bacillota	Bacilli	Lactobacillales	Carnobacteriaceae	Granulicatella	Granulicatella_adiacens
135	Bacteria	Bacillota	Bacilli	Lactobacillales	Carnobacteriaceae	Granulicatella	Granulicatella_elegans
0	Bacteria	Bacillota	Bacilli	Lactobacillales	Enterococcaceae
0	Bacteria	Bacillota	Bacilli	Lactobacillales	Enterococcaceae	Enterococcus
55	Bacteria	Bacillota	Bacilli	Lactobacillales	Enterococcaceae	Enterococcus	Enterococcus_faecium
0	Bacteria	Bacillota	Bacilli	Lactobacillales	Lactobacillaceae
0	Bacteria	Bacillota	Bacilli	Lactobacillales	Lactobacillaceae	Lactiplantibacillus
18	Bacteria	Bacillota	Bacilli	Lactobacillales	Lactobacillaceae	Lactiplantibacillus	Lactiplantibacillus_plantarum
0	Bacteria	Bacillota	Bacilli	Lactobacillales	Lactobacillaceae	Bombilactobacillus
12	Bacteria	Bacillota	Bacilli	Lactobacillales	Lactobacillaceae	Bombilactobacillus	Bombilactobacillus_bombi
0	Bacteria	Bacillota	Bacilli	Lactobacillales	Lactobacillaceae	Lacticaseibacillus
11	Bacteria	Bacillota	Bacilli	Lactobacillales	Lactobacillaceae	Lacticaseibacillus	Lacticaseibacillus_sp._KACC_23028
0	Bacteria	Bacillota	Bacilli	Lactobacillales	Aerococcaceae
0	Bacteria	Bacillota	Bacilli	Lactobacillales	Aerococcaceae	Abiotrophia
38	Bacteria	Bacillota	Bacilli	Lactobacillales	Aerococcaceae	Abiotrophia	Abiotrophia_defectiva
0	Bacteria	Bacillota	Bacilli	Bacillales
0	Bacteria	Bacillota	Bacilli	Bacillales	Bacillaceae
0	Bacteria	Bacillota	Bacilli	Bacillales	Bacillaceae	Bacillus
651	Bacteria	Bacillota	Bacilli	Bacillales	Bacillaceae	Bacillus	Bacillus_atrophaeus
330	Bacteria	Bacillota	Bacilli	Bacillales	Bacillaceae	Bacillus	Bacillus_velezensis
24	Bacteria	Bacillota	Bacilli	Bacillales	Bacillaceae	Bacillus	Bacillus_altitudinis
0	Bacteria	Bacillota	Bacilli	Bacillales	Bacillaceae	Weizmannia
23	Bacteria	Bacillota	Bacilli	Bacillales	Bacillaceae	Weizmannia	Weizmannia_coagulans
0	Bacteria	Bacillota	Bacilli	Bacillales	Gemella
419	Bacteria	Bacillota	Bacilli	Bacillales	Gemella	Gemella_sanguinis
289	Bacteria	Bacillota	Bacilli	Bacillales	Gemella	Gemella_haemolysans
211	Bacteria	Bacillota	Bacilli	Bacillales	Gemella	Gemella_morbillorum
0	Bacteria	Bacillota	Bacilli	Bacillales	Staphylococcaceae
0	Bacteria	Bacillota	Bacilli	Bacillales	Staphylococcaceae	Staphylococcus
59	Bacteria	Bacillota	Bacilli	Bacillales	Staphylococcaceae	Staphylococcus	Staphylococcus_cohnii
216	Bacteria	Bacillota	Bacilli	Bacillales	Staphylococcaceae	Staphylococcus	Staphylococcus_aureus
0	Bacteria	Bacillota	Bacilli	Bacillales	Paenibacillaceae
0	Bacteria	Bacillota	Bacilli	Bacillales	Paenibacillaceae	Paenibacillus
20	Bacteria	Bacillota	Bacilli	Bacillales	Paenibacillaceae	Paenibacillus	Paenibacillus_sp._SYP-B4298
0	Bacteria	Bacillota	Clostridia
0	Bacteria	Bacillota	Clostridia	Eubacteriales
0	Bacteria	Bacillota	Clostridia	Eubacteriales	Lachnospiraceae
0	Bacteria	Bacillota	Clostridia	Eubacteriales	Lachnospiraceae	Lachnoanaerobaculum
2062	Bacteria	Bacillota	Clostridia	Eubacteriales	Lachnospiraceae	Lachnoanaerobaculum	Lachnoanaerobaculum_umeaense
0	Bacteria	Bacillota	Clostridia	Eubacteriales	Lachnospiraceae	Roseburia
468	Bacteria	Bacillota	Clostridia	Eubacteriales	Lachnospiraceae	Roseburia	Roseburia_hominis
0	Bacteria	Bacillota	Clostridia	Eubacteriales	Lachnospiraceae	Blautia
308	Bacteria	Bacillota	Clostridia	Eubacteriales	Lachnospiraceae	Blautia	Blautia_hansenii
0	Bacteria	Bacillota	Clostridia	Eubacteriales	Lachnospiraceae	Butyrivibrio
142	Bacteria	Bacillota	Clostridia	Eubacteriales	Lachnospiraceae	Butyrivibrio	Butyrivibrio_proteoclasticus
66	Bacteria	Bacillota	Clostridia	Eubacteriales	Lachnospiraceae	Butyrivibrio	Butyrivibrio_fibrisolvens
89	Bacteria	Bacillota	Clostridia	Eubacteriales	Lachnospiraceae	Butyrivibrio	Butyrivibrio_hungatei
0	Bacteria	Bacillota	Clostridia	Eubacteriales	Lachnospiraceae	Dorea
222	Bacteria	Bacillota	Clostridia	Eubacteriales	Lachnospiraceae	Dorea	Dorea_formicigenerans
68	Bacteria	Bacillota	Clostridia	Eubacteriales	Lachnospiraceae	Dorea	Dorea_longicatena
0	Bacteria	Bacillota	Clostridia	Eubacteriales	Lachnospiraceae	Enterocloster
217	Bacteria	Bacillota	Clostridia	Eubacteriales	Lachnospiraceae	Enterocloster	Enterocloster_bolteae
0	Bacteria	Bacillota	Clostridia	Eubacteriales	Lachnospiraceae	Lacrimispora
197	Bacteria	Bacillota	Clostridia	Eubacteriales	Lachnospiraceae	Lacrimispora	Lacrimispora_xylanolytica
0	Bacteria	Bacillota	Clostridia	Eubacteriales	Lachnospiraceae	Pseudobutyrivibrio
180	Bacteria	Bacillota	Clostridia	Eubacteriales	Lachnospiraceae	Pseudobutyrivibrio	Pseudobutyrivibrio_xylanivorans
0	Bacteria	Bacillota	Clostridia	Eubacteriales	Lachnospiraceae	Lachnoclostridium
101	Bacteria	Bacillota	Clostridia	Eubacteriales	Lachnospiraceae	Lachnoclostridium	Lachnoclostridium_phytofermentans
78	Bacteria	Bacillota	Clostridia	Eubacteriales	Lachnospiraceae	Lachnoclostridium	Lachnoclostridium_phocaeense
0	Bacteria	Bacillota	Clostridia	Eubacteriales	Lachnospiraceae	Anaerostipes
142	Bacteria	Bacillota	Clostridia	Eubacteriales	Lachnospiraceae	Anaerostipes	Anaerostipes_hadrus
30	Bacteria	Bacillota	Clostridia	Eubacteriales	Lachnospiraceae	Anaerostipes	Anaerostipes_caccae
0	Bacteria	Bacillota	Clostridia	Eubacteriales	Lachnospiraceae	Lachnospira
160	Bacteria	Bacillota	Clostridia	Eubacteriales	Lachnospiraceae	Lachnospira	Lachnospira_eligens
0	Bacteria	Bacillota	Clostridia	Eubacteriales	Lachnospiraceae	Anaerobutyricum
150	Bacteria	Bacillota	Clostridia	Eubacteriales	Lachnospiraceae	Anaerobutyricum	Anaerobutyricum_hallii
0	Bacteria	Bacillota	Clostridia	Eubacteriales	Lachnospiraceae	Herbinix
144	Bacteria	Bacillota	Clostridia	Eubacteriales	Lachnospiraceae	Herbinix	Herbinix_luporum
0	Bacteria	Bacillota	Clostridia	Eubacteriales	Lachnospiraceae	Tyzzerella
109	Bacteria	Bacillota	Clostridia	Eubacteriales	Lachnospiraceae	Tyzzerella	[Clostridium]_colinum
0	Bacteria	Bacillota	Clostridia	Eubacteriales	Lachnospiraceae	Novisyntrophococcus
106	Bacteria	Bacillota	Clostridia	Eubacteriales	Lachnospiraceae	Novisyntrophococcus	Novisyntrophococcus_fermenticellae
0	Bacteria	Bacillota	Clostridia	Eubacteriales	Lachnospiraceae	Qiania
101	Bacteria	Bacillota	Clostridia	Eubacteriales	Lachnospiraceae	Qiania	Qiania_dongpingensis
0	Bacteria	Bacillota	Clostridia	Eubacteriales	Lachnospiraceae	Wansuia
87	Bacteria	Bacillota	Clostridia	Eubacteriales	Lachnospiraceae	Wansuia	Wansuia_hejianensis
0	Bacteria	Bacillota	Clostridia	Eubacteriales	Lachnospiraceae	Anaeromicropila
73	Bacteria	Bacillota	Clostridia	Eubacteriales	Lachnospiraceae	Anaeromicropila	Anaeromicropila_herbilytica
0	Bacteria	Bacillota	Clostridia	Eubacteriales	Lachnospiraceae	Sellimonas
54	Bacteria	Bacillota	Clostridia	Eubacteriales	Lachnospiraceae	Sellimonas	Sellimonas_intestinalis
0	Bacteria	Bacillota	Clostridia	Eubacteriales	Lachnospiraceae	Coprococcus
53	Bacteria	Bacillota	Clostridia	Eubacteriales	Lachnospiraceae	Coprococcus	Coprococcus_eutactus
0	Bacteria	Bacillota	Clostridia	Eubacteriales	Lachnospiraceae	Anaerocolumna
50	Bacteria	Bacillota	Clostridia	Eubacteriales	Lachnospiraceae	Anaerocolumna	Anaerocolumna_chitinilytica
0	Bacteria	Bacillota	Clostridia	Eubacteriales	Lachnospiraceae	Simiaoa
49	Bacteria	Bacillota	Clostridia	Eubacteriales	Lachnospiraceae	Simiaoa	Simiaoa_sunii
0	Bacteria	Bacillota	Clostridia	Eubacteriales	Lachnospiraceae	Marvinbryantia
42	Bacteria	Bacillota	Clostridia	Eubacteriales	Lachnospiraceae	Marvinbryantia	Marvinbryantia_formatexigens
0	Bacteria	Bacillota	Clostridia	Eubacteriales	Lachnospiraceae	Faecalicatena
38	Bacteria	Bacillota	Clostridia	Eubacteriales	Lachnospiraceae	Faecalicatena	Faecalicatena_sp._Marseille-Q4148
0	Bacteria	Bacillota	Clostridia	Eubacteriales	Oscillospiraceae
0	Bacteria	Bacillota	Clostridia	Eubacteriales	Oscillospiraceae	Oscillibacter
69	Bacteria	Bacillota	Clostridia	Eubacteriales	Oscillospiraceae	Oscillibacter	Oscillibacter_hominis
0	Bacteria	Bacillota	Clostridia	Eubacteriales	Oscillospiraceae	Faecalibacterium
69	Bacteria	Bacillota	Clostridia	Eubacteriales	Oscillospiraceae	Faecalibacterium	Faecalibacterium_prausnitzii
0	Bacteria	Bacillota	Clostridia	Eubacteriales	Oscillospiraceae	Ruminococcus
26	Bacteria	Bacillota	Clostridia	Eubacteriales	Oscillospiraceae	Ruminococcus	Ruminococcus_albus
39	Bacteria	Bacillota	Clostridia	Eubacteriales	Oscillospiraceae	Ruminococcus	Ruminococcus_gauvreauii
0	Bacteria	Bacillota	Clostridia	Eubacteriales	Oscillospiraceae	Acetivibrio
54	Bacteria	Bacillota	Clostridia	Eubacteriales	Oscillospiraceae	Acetivibrio	Acetivibrio_thermocellus
0	Bacteria	Bacillota	Clostridia	Eubacteriales	Oscillospiraceae	Ruthenibacterium
48	Bacteria	Bacillota	Clostridia	Eubacteriales	Oscillospiraceae	Ruthenibacterium	Ruthenibacterium_lactatiformans
0	Bacteria	Bacillota	Clostridia	Eubacteriales	Clostridiaceae
0	Bacteria	Bacillota	Clostridia	Eubacteriales	Clostridiaceae	Clostridium
79	Bacteria	Bacillota	Clostridia	Eubacteriales	Clostridiaceae	Clostridium	Clostridium_sp._M62/1
19	Bacteria	Bacillota	Clostridia	Eubacteriales	Clostridiaceae	Clostridium	Clostridium_sp._SY8519
12	Bacteria	Bacillota	Clostridia	Eubacteriales	Clostridiaceae	Clostridium	Clostridium_sp._MD294
19	Bacteria	Bacillota	Clostridia	Eubacteriales	Clostridiaceae	Clostridium	Clostridium_tetani
77	Bacteria	Bacillota	Clostridia	Eubacteriales	Clostridiaceae	Clostridium	Clostridium_botulinum
16	Bacteria	Bacillota	Clostridia	Eubacteriales	Clostridiaceae	Clostridium	Clostridium_tyrobutyricum
0	Bacteria	Bacillota	Clostridia	Eubacteriales	Clostridiaceae	Caloramator
52	Bacteria	Bacillota	Clostridia	Eubacteriales	Clostridiaceae	Caloramator	Caloramator_sp._Dgby_cultured_2
0	Bacteria	Bacillota	Clostridia	Eubacteriales	Clostridiaceae	Hungatella
21	Bacteria	Bacillota	Clostridia	Eubacteriales	Clostridiaceae	Hungatella	Hungatella_hathewayi
0	Bacteria	Bacillota	Clostridia	Eubacteriales	Eubacteriales_Family_XIII._Incertae_Sedis
0	Bacteria	Bacillota	Clostridia	Eubacteriales	Eubacteriales_Family_XIII._Incertae_Sedis	Mogibacterium
86	Bacteria	Bacillota	Clostridia	Eubacteriales	Eubacteriales_Family_XIII._Incertae_Sedis	Mogibacterium	Mogibacterium_diversum
0	Bacteria	Bacillota	Clostridia	Eubacteriales	Massilistercora
37	Bacteria	Bacillota	Clostridia	Eubacteriales	Massilistercora	Massilistercora_timonensis
0	Bacteria	Bacillota	Clostridia	Eubacteriales	Peptostreptococcaceae
0	Bacteria	Bacillota	Clostridia	Eubacteriales	Peptostreptococcaceae	Filifactor
48	Bacteria	Bacillota	Clostridia	Eubacteriales	Peptostreptococcaceae	Filifactor	Filifactor_alocis
0	Bacteria	Bacillota	Clostridia	Eubacteriales	Peptostreptococcaceae	Peptostreptococcus
26	Bacteria	Bacillota	Clostridia	Eubacteriales	Peptostreptococcaceae	Peptostreptococcus	Peptostreptococcus_sp._CBA3647
0	Bacteria	Bacillota	Clostridia	Eubacteriales	Peptostreptococcaceae	Tepidibacter
15	Bacteria	Bacillota	Clostridia	Eubacteriales	Peptostreptococcaceae	Tepidibacter	Tepidibacter_sp._8C15b
0	Bacteria	Bacillota	Clostridia	Eubacteriales	Proteinivoraceae
0	Bacteria	Bacillota	Clostridia	Eubacteriales	Proteinivoraceae	Alkalicella
35	Bacteria	Bacillota	Clostridia	Eubacteriales	Proteinivoraceae	Alkalicella	Alkalicella_caledoniensis
0	Bacteria	Bacillota	Clostridia	Eubacteriales	Eubacteriaceae
0	Bacteria	Bacillota	Clostridia	Eubacteriales	Eubacteriaceae	Eubacterium
32	Bacteria	Bacillota	Clostridia	Eubacteriales	Eubacteriaceae	Eubacterium	Eubacterium_ventriosum
0	Bacteria	Bacillota	Clostridia	Eubacteriales	Peptococcaceae
0	Bacteria	Bacillota	Clostridia	Eubacteriales	Peptococcaceae	Desulfofarcimen
16	Bacteria	Bacillota	Clostridia	Eubacteriales	Peptococcaceae	Desulfofarcimen	Desulfofarcimen_acetoxidans
0	Bacteria	Bacillota	Clostridia	Eubacteriales	Desulfitobacteriaceae
0	Bacteria	Bacillota	Clostridia	Eubacteriales	Desulfitobacteriaceae	Desulfitobacterium
0	Bacteria	Bacillota	Clostridia	Eubacteriales	Desulfitobacteriaceae	Desulfitobacterium	Desulfitobacterium_hafniense
0	Bacteria	Bacillota	Clostridia	Thermoanaerobacterales
0	Bacteria	Bacillota	Clostridia	Thermoanaerobacterales	Thermoanaerobacterales_Family_III._Incertae_Sedis
0	Bacteria	Bacillota	Clostridia	Thermoanaerobacterales	Thermoanaerobacterales_Family_III._Incertae_Sedis	Caldicellulosiruptor
17	Bacteria	Bacillota	Clostridia	Thermoanaerobacterales	Thermoanaerobacterales_Family_III._Incertae_Sedis	Caldicellulosiruptor	Caldicellulosiruptor_kronotskyensis
0	Bacteria	Bacillota	Erysipelotrichia
0	Bacteria	Bacillota	Erysipelotrichia	Erysipelotrichales
0	Bacteria	Bacillota	Erysipelotrichia	Erysipelotrichales	Erysipelotrichaceae
0	Bacteria	Bacillota	Erysipelotrichia	Erysipelotrichales	Erysipelotrichaceae	Bulleidia
85	Bacteria	Bacillota	Erysipelotrichia	Erysipelotrichales	Erysipelotrichaceae	Bulleidia	Bulleidia_sp._zg-1006
0	Bacteria	Bacillota	Erysipelotrichia	Erysipelotrichales	Erysipelotrichaceae	Longicatena
63	Bacteria	Bacillota	Erysipelotrichia	Erysipelotrichales	Erysipelotrichaceae	Longicatena	Longicatena_caecimuris
0	Bacteria	Bacillota	Tissierellia
0	Bacteria	Bacillota	Tissierellia	Tissierellales
0	Bacteria	Bacillota	Tissierellia	Tissierellales	Peptoniphilaceae
0	Bacteria	Bacillota	Tissierellia	Tissierellales	Peptoniphilaceae	Parvimonas
77	Bacteria	Bacillota	Tissierellia	Tissierellales	Peptoniphilaceae	Parvimonas	Parvimonas_micra
0	Bacteria	Actinomycetota
0	Bacteria	Actinomycetota	Actinomycetes
0	Bacteria	Actinomycetota	Actinomycetes	Actinomycetales
0	Bacteria	Actinomycetota	Actinomycetes	Actinomycetales	Actinomycetaceae
0	Bacteria	Actinomycetota	Actinomycetes	Actinomycetales	Actinomycetaceae	Schaalia
7623	Bacteria	Actinomycetota	Actinomycetes	Actinomycetales	Actinomycetaceae	Schaalia	Schaalia_odontolytica
1627	Bacteria	Actinomycetota	Actinomycetes	Actinomycetales	Actinomycetaceae	Schaalia	Schaalia_meyeri
131	Bacteria	Actinomycetota	Actinomycetes	Actinomycetales	Actinomycetaceae	Schaalia	Schaalia_turicensis
30	Bacteria	Actinomycetota	Actinomycetes	Actinomycetales	Actinomycetaceae	Schaalia	Schaalia_cardiffensis
0	Bacteria	Actinomycetota	Actinomycetes	Actinomycetales	Actinomycetaceae	Actinomyces
102	Bacteria	Actinomycetota	Actinomycetes	Actinomycetales	Actinomycetaceae	Actinomyces	Actinomyces_sp._oral_taxon_414
18	Bacteria	Actinomycetota	Actinomycetes	Actinomycetales	Actinomycetaceae	Actinomyces	Actinomyces_sp._Chiba101
166	Bacteria	Actinomycetota	Actinomycetes	Actinomycetales	Actinomycetaceae	Actinomyces	Actinomyces_pacaensis
131	Bacteria	Actinomycetota	Actinomycetes	Actinomycetales	Actinomycetaceae	Actinomyces	Actinomyces_oris
21	Bacteria	Actinomycetota	Actinomycetes	Actinomycetales	Actinomycetaceae	Actinomyces	Actinomyces_faecalis
21	Bacteria	Actinomycetota	Actinomycetes	Actinomycetales	Actinomycetaceae	Actinomyces	Actinomyces_trachealis
0	Bacteria	Actinomycetota	Actinomycetes	Actinomycetales	Actinomycetaceae	Nanchangia
47	Bacteria	Actinomycetota	Actinomycetes	Actinomycetales	Actinomycetaceae	Nanchangia	Nanchangia_anserum
0	Bacteria	Actinomycetota	Actinomycetes	Actinomycetales	Actinomycetaceae	Pauljensenia
30	Bacteria	Actinomycetota	Actinomycetes	Actinomycetales	Actinomycetaceae	Pauljensenia	Pauljensenia_hongkongensis
0	Bacteria	Actinomycetota	Actinomycetes	Micrococcales
0	Bacteria	Actinomycetota	Actinomycetes	Micrococcales	Micrococcaceae
0	Bacteria	Actinomycetota	Actinomycetes	Micrococcales	Micrococcaceae	Rothia
4694	Bacteria	Actinomycetota	Actinomycetes	Micrococcales	Micrococcaceae	Rothia	Rothia_mucilaginosa
588	Bacteria	Actinomycetota	Actinomycetes	Micrococcales	Micrococcaceae	Rothia	Rothia_dentocariosa
308	Bacteria	Actinomycetota	Actinomycetes	Micrococcales	Micrococcaceae	Rothia	Rothia_aeria
0	Bacteria	Actinomycetota	Actinomycetes	Micrococcales	Micrococcaceae	Kocuria
57	Bacteria	Actinomycetota	Actinomycetes	Micrococcales	Micrococcaceae	Kocuria	Kocuria_rhizophila
35	Bacteria	Actinomycetota	Actinomycetes	Micrococcales	Micrococcaceae	Kocuria	Kocuria_palustris
0	Bacteria	Actinomycetota	Actinomycetes	Propionibacteriales
0	Bacteria	Actinomycetota	Actinomycetes	Propionibacteriales	Propionibacteriaceae
0	Bacteria	Actinomycetota	Actinomycetes	Propionibacteriales	Propionibacteriaceae	Cutibacterium
334	Bacteria	Actinomycetota	Actinomycetes	Propionibacteriales	Propionibacteriaceae	Cutibacterium	Cutibacterium_acnes
0	Bacteria	Actinomycetota	Actinomycetes	Propionibacteriales	Propionibacteriaceae	Arachnia
38	Bacteria	Actinomycetota	Actinomycetes	Propionibacteriales	Propionibacteriaceae	Arachnia	Arachnia_rubra
0	Bacteria	Actinomycetota	Actinomycetes	Kitasatosporales
0	Bacteria	Actinomycetota	Actinomycetes	Kitasatosporales	Streptomycetaceae
0	Bacteria	Actinomycetota	Actinomycetes	Kitasatosporales	Streptomycetaceae	Streptomyces
92	Bacteria	Actinomycetota	Actinomycetes	Kitasatosporales	Streptomycetaceae	Streptomyces	Streptomyces_sp._T12
0	Bacteria	Actinomycetota	Actinomycetes	Mycobacteriales
0	Bacteria	Actinomycetota	Actinomycetes	Mycobacteriales	Corynebacteriaceae
0	Bacteria	Actinomycetota	Actinomycetes	Mycobacteriales	Corynebacteriaceae	Corynebacterium
50	Bacteria	Actinomycetota	Actinomycetes	Mycobacteriales	Corynebacteriaceae	Corynebacterium	Corynebacterium_matruchotii
0	Bacteria	Actinomycetota	Coriobacteriia
0	Bacteria	Actinomycetota	Coriobacteriia	Coriobacteriales
0	Bacteria	Actinomycetota	Coriobacteriia	Coriobacteriales	Atopobiaceae
0	Bacteria	Actinomycetota	Coriobacteriia	Coriobacteriales	Atopobiaceae	Lancefieldella
75	Bacteria	Actinomycetota	Coriobacteriia	Coriobacteriales	Atopobiaceae	Lancefieldella	Lancefieldella_parvula
0	Bacteria	Actinomycetota	Acidimicrobiia
0	Bacteria	Actinomycetota	Acidimicrobiia	Acidimicrobiales
0	Bacteria	Actinomycetota	Acidimicrobiia	Acidimicrobiales	Ilumatobacteraceae
0	Bacteria	Actinomycetota	Acidimicrobiia	Acidimicrobiales	Ilumatobacteraceae	Ilumatobacter
13	Bacteria	Actinomycetota	Acidimicrobiia	Acidimicrobiales	Ilumatobacteraceae	Ilumatobacter	Ilumatobacter_coccineus
0	Bacteria	Cyanobacteriota
0	Bacteria	Cyanobacteriota	Cyanophyceae
0	Bacteria	Cyanobacteriota	Cyanophyceae	Synechococcales
0	Bacteria	Cyanobacteriota	Cyanophyceae	Synechococcales	Chamaesiphonaceae
0	Bacteria	Cyanobacteriota	Cyanophyceae	Synechococcales	Chamaesiphonaceae	Chamaesiphon
57	Bacteria	Cyanobacteriota	Cyanophyceae	Synechococcales	Chamaesiphonaceae	Chamaesiphon	Chamaesiphon_minutus
0	Bacteria	Cyanobacteriota	Cyanophyceae	Synechococcales	Synechococcaceae
0	Bacteria	Cyanobacteriota	Cyanophyceae	Synechococcales	Synechococcaceae	Synechococcus
23	Bacteria	Cyanobacteriota	Cyanophyceae	Synechococcales	Synechococcaceae	Synechococcus	Synechococcus_sp._PCC_7336
29	Bacteria	Cyanobacteriota	Cyanophyceae	Synechococcales	Synechococcaceae	Synechococcus	Synechococcus_sp._PCC_7502
0	Bacteria	Cyanobacteriota	Cyanophyceae	Oscillatoriales
0	Bacteria	Cyanobacteriota	Cyanophyceae	Oscillatoriales	Sirenicapillariaceae
0	Bacteria	Cyanobacteriota	Cyanophyceae	Oscillatoriales	Sirenicapillariaceae	Limnospira
99	Bacteria	Cyanobacteriota	Cyanophyceae	Oscillatoriales	Sirenicapillariaceae	Limnospira	Limnospira_indica
0	Bacteria	Cyanobacteriota	Cyanophyceae	Nostocales
0	Bacteria	Cyanobacteriota	Cyanophyceae	Nostocales	Calotrichaceae
0	Bacteria	Cyanobacteriota	Cyanophyceae	Nostocales	Calotrichaceae	Calothrix
58	Bacteria	Cyanobacteriota	Cyanophyceae	Nostocales	Calotrichaceae	Calothrix	Calothrix_sp._PCC_6303
29	Bacteria	Cyanobacteriota	Cyanophyceae	Nostocales	Calotrichaceae	Calothrix	Calothrix_sp._NIES-3974
0	Bacteria	Mycoplasmatota
0	Bacteria	Mycoplasmatota	Mollicutes
0	Bacteria	Mycoplasmatota	Mollicutes	Mycoplasmatales
0	Bacteria	Mycoplasmatota	Mollicutes	Mycoplasmatales	Mycoplasmataceae
0	Bacteria	Mycoplasmatota	Mollicutes	Mycoplasmatales	Mycoplasmataceae	Mycoplasma
49	Bacteria	Mycoplasmatota	Mollicutes	Mycoplasmatales	Mycoplasmataceae	Mycoplasma	Mycoplasma_sp._(ex_Biomphalaria_glabrata)
0	Bacteria	Chloroflexota
0	Bacteria	Chloroflexota	Anaerolineae
0	Bacteria	Chloroflexota	Anaerolineae	Anaerolineales
0	Bacteria	Chloroflexota	Anaerolineae	Anaerolineales	Anaerolineaceae
0	Bacteria	Chloroflexota	Anaerolineae	Anaerolineales	Anaerolineaceae	Brevefilum
18	Bacteria	Chloroflexota	Anaerolineae	Anaerolineales	Anaerolineaceae	Brevefilum	Brevefilum_fermentans
0	Bacteria	Fusobacteriota
0	Bacteria	Fusobacteriota	Fusobacteriia
0	Bacteria	Fusobacteriota	Fusobacteriia	Fusobacteriales
0	Bacteria	Fusobacteriota	Fusobacteriia	Fusobacteriales	Leptotrichiaceae
0	Bacteria	Fusobacteriota	Fusobacteriia	Fusobacteriales	Leptotrichiaceae	Leptotrichia
15869	Bacteria	Fusobacteriota	Fusobacteriia	Fusobacteriales	Leptotrichiaceae	Leptotrichia	Leptotrichia_sp._oral_taxon_212
2093	Bacteria	Fusobacteriota	Fusobacteriia	Fusobacteriales	Leptotrichiaceae	Leptotrichia	Leptotrichia_sp._oral_taxon_221
63	Bacteria	Fusobacteriota	Fusobacteriia	Fusobacteriales	Leptotrichiaceae	Leptotrichia	Leptotrichia_sp._oral_taxon_847
50	Bacteria	Fusobacteriota	Fusobacteriia	Fusobacteriales	Leptotrichiaceae	Leptotrichia	Leptotrichia_sp._oral_taxon_218
22	Bacteria	Fusobacteriota	Fusobacteriia	Fusobacteriales	Leptotrichiaceae	Leptotrichia	Leptotrichia_sp._oral_taxon_498
3501	Bacteria	Fusobacteriota	Fusobacteriia	Fusobacteriales	Leptotrichiaceae	Leptotrichia	Leptotrichia_wadei
876	Bacteria	Fusobacteriota	Fusobacteriia	Fusobacteriales	Leptotrichiaceae	Leptotrichia	Leptotrichia_hofstadii
537	Bacteria	Fusobacteriota	Fusobacteriia	Fusobacteriales	Leptotrichiaceae	Leptotrichia	Leptotrichia_hongkongensis
111	Bacteria	Fusobacteriota	Fusobacteriia	Fusobacteriales	Leptotrichiaceae	Leptotrichia	Leptotrichia_shahii
77	Bacteria	Fusobacteriota	Fusobacteriia	Fusobacteriales	Leptotrichiaceae	Leptotrichia	Leptotrichia_trevisanii
68	Bacteria	Fusobacteriota	Fusobacteriia	Fusobacteriales	Leptotrichiaceae	Leptotrichia	Leptotrichia_buccalis
0	Bacteria	Fusobacteriota	Fusobacteriia	Fusobacteriales	Leptotrichiaceae	Pseudoleptotrichia
99	Bacteria	Fusobacteriota	Fusobacteriia	Fusobacteriales	Leptotrichiaceae	Pseudoleptotrichia	Pseudoleptotrichia_goodfellowii
0	Bacteria	Fusobacteriota	Fusobacteriia	Fusobacteriales	Leptotrichiaceae	Sneathia
57	Bacteria	Fusobacteriota	Fusobacteriia	Fusobacteriales	Leptotrichiaceae	Sneathia	Sneathia_vaginalis
0	Bacteria	Fusobacteriota	Fusobacteriia	Fusobacteriales	Leptotrichiaceae	Streptobacillus
22	Bacteria	Fusobacteriota	Fusobacteriia	Fusobacteriales	Leptotrichiaceae	Streptobacillus	Streptobacillus_moniliformis
0	Bacteria	Fusobacteriota	Fusobacteriia	Fusobacteriales	Leptotrichiaceae	Sebaldella
15	Bacteria	Fusobacteriota	Fusobacteriia	Fusobacteriales	Leptotrichiaceae	Sebaldella	Sebaldella_termitidis
0	Bacteria	Fusobacteriota	Fusobacteriia	Fusobacteriales	Fusobacteriaceae
0	Bacteria	Fusobacteriota	Fusobacteriia	Fusobacteriales	Fusobacteriaceae	Fusobacterium
11067	Bacteria	Fusobacteriota	Fusobacteriia	Fusobacteriales	Fusobacteriaceae	Fusobacterium	Fusobacterium_pseudoperiodonticum
7258	Bacteria	Fusobacteriota	Fusobacteriia	Fusobacteriales	Fusobacteriaceae	Fusobacterium	Fusobacterium_nucleatum
2045	Bacteria	Fusobacteriota	Fusobacteriia	Fusobacteriales	Fusobacteriaceae	Fusobacterium	Fusobacterium_periodonticum
614	Bacteria	Fusobacteriota	Fusobacteriia	Fusobacteriales	Fusobacteriaceae	Fusobacterium	Fusobacterium_hwasookii
56	Bacteria	Fusobacteriota	Fusobacteriia	Fusobacteriales	Fusobacteriaceae	Fusobacterium	Fusobacterium_sp._oral_taxon_203
103	Bacteria	Fusobacteriota	Fusobacteriia	Fusobacteriales	Fusobacteriaceae	Fusobacterium	Fusobacterium_canifelinum
15	Bacteria	Fusobacteriota	Fusobacteriia	Fusobacteriales	Fusobacteriaceae	Fusobacterium	Fusobacterium_necrophorum
14	Bacteria	Fusobacteriota	Fusobacteriia	Fusobacteriales	Fusobacteriaceae	Fusobacterium	Fusobacterium_gastrosuis
0	Bacteria	Campylobacterota
0	Bacteria	Campylobacterota	Epsilonproteobacteria
0	Bacteria	Campylobacterota	Epsilonproteobacteria	Campylobacterales
0	Bacteria	Campylobacterota	Epsilonproteobacteria	Campylobacterales	Campylobacteraceae
0	Bacteria	Campylobacterota	Epsilonproteobacteria	Campylobacterales	Campylobacteraceae	Campylobacter
8252	Bacteria	Campylobacterota	Epsilonproteobacteria	Campylobacterales	Campylobacteraceae	Campylobacter	Campylobacter_concisus
9542	Bacteria	Campylobacterota	Epsilonproteobacteria	Campylobacterales	Campylobacteraceae	Campylobacter	Campylobacter_jejuni
158	Bacteria	Campylobacterota	Epsilonproteobacteria	Campylobacterales	Campylobacteraceae	Campylobacter	Campylobacter_showae
134	Bacteria	Campylobacterota	Epsilonproteobacteria	Campylobacterales	Campylobacteraceae	Campylobacter	Campylobacter_gracilis
119	Bacteria	Campylobacterota	Epsilonproteobacteria	Campylobacterales	Campylobacteraceae	Campylobacter	Campylobacter_rectus
22	Bacteria	Campylobacterota	Epsilonproteobacteria	Campylobacterales	Campylobacteraceae	Campylobacter	Campylobacter_pinnipediorum
48	Bacteria	Campylobacterota	Epsilonproteobacteria	Campylobacterales	Campylobacteraceae	Campylobacter	Campylobacter_sputorum
0	Bacteria	Campylobacterota	Epsilonproteobacteria	Campylobacterales	Helicobacteraceae
0	Bacteria	Campylobacterota	Epsilonproteobacteria	Campylobacterales	Helicobacteraceae	Helicobacter
130	Bacteria	Campylobacterota	Epsilonproteobacteria	Campylobacterales	Helicobacteraceae	Helicobacter	Helicobacter_pylori
0	Bacteria	Spirochaetota
0	Bacteria	Spirochaetota	Spirochaetia
0	Bacteria	Spirochaetota	Spirochaetia	Spirochaetales
0	Bacteria	Spirochaetota	Spirochaetia	Spirochaetales	Treponemataceae
0	Bacteria	Spirochaetota	Spirochaetia	Spirochaetales	Treponemataceae	Treponema
241	Bacteria	Spirochaetota	Spirochaetia	Spirochaetales	Treponemataceae	Treponema	Treponema_denticola
71	Bacteria	Spirochaetota	Spirochaetia	Spirochaetales	Treponemataceae	Treponema	Treponema_vincentii
23	Bacteria	Spirochaetota	Spirochaetia	Spirochaetales	Treponemataceae	Treponema	Treponema_socranskii
23	Bacteria	Spirochaetota	Spirochaetia	Spirochaetales	Treponemataceae	Treponema	Treponema_medium
0	Bacteria	Candidatus_Saccharibacteria
0	Bacteria	Candidatus_Saccharibacteria	Candidatus_Saccharimonadia
0	Bacteria	Candidatus_Saccharibacteria	Candidatus_Saccharimonadia	Candidatus_Nanosynbacterales
0	Bacteria	Candidatus_Saccharibacteria	Candidatus_Saccharimonadia	Candidatus_Nanosynbacterales	Candidatus_Nanosynbacteraceae
0	Bacteria	Candidatus_Saccharibacteria	Candidatus_Saccharimonadia	Candidatus_Nanosynbacterales	Candidatus_Nanosynbacteraceae	Candidatus_Nanosynbacter
34	Bacteria	Candidatus_Saccharibacteria	Candidatus_Saccharimonadia	Candidatus_Nanosynbacterales	Candidatus_Nanosynbacteraceae	Candidatus_Nanosynbacter	Candidatus_Nanosynbacter_sp._HMT-352
0	Bacteria	Planctomycetota
0	Bacteria	Planctomycetota	Planctomycetia
0	Bacteria	Planctomycetota	Planctomycetia	Gemmatales
0	Bacteria	Planctomycetota	Planctomycetia	Gemmatales	Gemmataceae
0	Bacteria	Planctomycetota	Planctomycetia	Gemmatales	Gemmataceae	Urbifossiella
32	Bacteria	Planctomycetota	Planctomycetia	Gemmatales	Gemmataceae	Urbifossiella	Urbifossiella_limnaea
0	Bacteria	Acidobacteriota
0	Bacteria	Acidobacteriota	Holophagae
0	Bacteria	Acidobacteriota	Holophagae	Acanthopleuribacterales
0	Bacteria	Acidobacteriota	Holophagae	Acanthopleuribacterales	Acanthopleuribacteraceae
0	Bacteria	Acidobacteriota	Holophagae	Acanthopleuribacterales	Acanthopleuribacteraceae	Sulfidibacter
13	Bacteria	Acidobacteriota	Holophagae	Acanthopleuribacterales	Acanthopleuribacteraceae	Sulfidibacter	Sulfidibacter_corallicola
0	Bacteria	Nitrospirota
0	Bacteria	Nitrospirota	Nitrospiria
0	Bacteria	Nitrospirota	Nitrospiria	Nitrospirales
0	Bacteria	Nitrospirota	Nitrospiria	Nitrospirales	Nitrospiraceae
0	Bacteria	Nitrospirota	Nitrospiria	Nitrospirales	Nitrospiraceae	Nitrospira
12	Bacteria	Nitrospirota	Nitrospiria	Nitrospirales	Nitrospiraceae	Nitrospira	Nitrospira_moscoviensis
0	Eukaryota
0	Eukaryota	Ascomycota
0	Eukaryota	Ascomycota	Saccharomycetes
0	Eukaryota	Ascomycota	Saccharomycetes	Saccharomycetales
0	Eukaryota	Ascomycota	Saccharomycetes	Saccharomycetales	Saccharomycetaceae
0	Eukaryota	Ascomycota	Saccharomycetes	Saccharomycetales	Saccharomycetaceae	Saccharomyces
1001	Eukaryota	Ascomycota	Saccharomycetes	Saccharomycetales	Saccharomycetaceae	Saccharomyces	Saccharomyces_cerevisiae
0	Eukaryota	Basidiomycota
0	Eukaryota	Basidiomycota	Malasseziomycetes
0	Eukaryota	Basidiomycota	Malasseziomycetes	Malasseziales
0	Eukaryota	Basidiomycota	Malasseziomycetes	Malasseziales	Malasseziaceae
0	Eukaryota	Basidiomycota	Malasseziomycetes	Malasseziales	Malasseziaceae	Malassezia
22	Eukaryota	Basidiomycota	Malasseziomycetes	Malasseziales	Malasseziaceae	Malassezia	Malassezia_restricta
0	Eukaryota	Chordata
0	Eukaryota	Chordata	Mammalia
0	Eukaryota	Chordata	Mammalia	Primates
0	Eukaryota	Chordata	Mammalia	Primates	Hominidae
0	Eukaryota	Chordata	Mammalia	Primates	Hominidae	Homo
269	Eukaryota	Chordata	Mammalia	Primates	Hominidae	Homo	Homo_sapiens
0	Eukaryota	Bacillariophyta
0	Eukaryota	Bacillariophyta	Bacillariophyceae
0	Eukaryota	Bacillariophyta	Bacillariophyceae	Naviculales
0	Eukaryota	Bacillariophyta	Bacillariophyceae	Naviculales	Phaeodactylaceae
0	Eukaryota	Bacillariophyta	Bacillariophyceae	Naviculales	Phaeodactylaceae	Phaeodactylum
465	Eukaryota	Bacillariophyta	Bacillariophyceae	Naviculales	Phaeodactylaceae	Phaeodactylum	Phaeodactylum_tricornutum
0	Eukaryota	Bacillariophyta	Coscinodiscophyceae
0	Eukaryota	Bacillariophyta	Coscinodiscophyceae	Thalassiosirales
0	Eukaryota	Bacillariophyta	Coscinodiscophyceae	Thalassiosirales	Thalassiosiraceae
0	Eukaryota	Bacillariophyta	Coscinodiscophyceae	Thalassiosirales	Thalassiosiraceae	Thalassiosira
372	Eukaryota	Bacillariophyta	Coscinodiscophyceae	Thalassiosirales	Thalassiosiraceae	Thalassiosira	Thalassiosira_pseudonana
0	Eukaryota	Apicomplexa
0	Eukaryota	Apicomplexa	Conoidasida
0	Eukaryota	Apicomplexa	Conoidasida	Eucoccidiorida
0	Eukaryota	Apicomplexa	Conoidasida	Eucoccidiorida	Sarcocystidae
0	Eukaryota	Apicomplexa	Conoidasida	Eucoccidiorida	Sarcocystidae	Toxoplasma
27	Eukaryota	Apicomplexa	Conoidasida	Eucoccidiorida	Sarcocystidae	Toxoplasma	Toxoplasma_gondii
0	Eukaryota	Apicomplexa	Conoidasida	Eucoccidiorida	Cryptosporidiidae
0	Eukaryota	Apicomplexa	Conoidasida	Eucoccidiorida	Cryptosporidiidae	Cryptosporidium
16	Eukaryota	Apicomplexa	Conoidasida	Eucoccidiorida	Cryptosporidiidae	Cryptosporidium	Cryptosporidium_parvum
0	Eukaryota	Cercozoa
0	Eukaryota	Cercozoa	Chlorarachniophyceae
0	Eukaryota	Cercozoa	Chlorarachniophyceae	Bigelowiella
12	Eukaryota	Cercozoa	Chlorarachniophyceae	Bigelowiella	Bigelowiella_natans
0	Eukaryota	Cryptophyceae
0	Eukaryota	Cryptophyceae	Pyrenomonadales
0	Eukaryota	Cryptophyceae	Pyrenomonadales	Geminigeraceae
0	Eukaryota	Cryptophyceae	Pyrenomonadales	Geminigeraceae	Guillardia
27	Eukaryota	Cryptophyceae	Pyrenomonadales	Geminigeraceae	Guillardia	Guillardia_theta
0	Eukaryota	Cryptophyceae	Cryptomonadales
0	Eukaryota	Cryptophyceae	Cryptomonadales	Cryptomonadaceae
0	Eukaryota	Cryptophyceae	Cryptomonadales	Cryptomonadaceae	Cryptomonas
23	Eukaryota	Cryptophyceae	Cryptomonadales	Cryptomonadaceae	Cryptomonas	Cryptomonas_paramecium
0	Archaea
0	Archaea	Euryarchaeota
0	Archaea	Euryarchaeota	Halobacteria
0	Archaea	Euryarchaeota	Halobacteria	Halobacteriales
0	Archaea	Euryarchaeota	Halobacteria	Halobacteriales	Haloarculaceae
0	Archaea	Euryarchaeota	Halobacteria	Halobacteriales	Haloarculaceae	Natronomonas
30	Archaea	Euryarchaeota	Halobacteria	Halobacteriales	Haloarculaceae	Natronomonas	Natronomonas_moolapensis
0	Viruses
0	Viruses	Preplasmiviricota
0	Viruses	Preplasmiviricota	Tectiliviricetes
0	Viruses	Preplasmiviricota	Tectiliviricetes	Rowavirales
0	Viruses	Preplasmiviricota	Tectiliviricetes	Rowavirales	Adenoviridae
0	Viruses	Preplasmiviricota	Tectiliviricetes	Rowavirales	Adenoviridae	Mastadenovirus
14	Viruses	Preplasmiviricota	Tectiliviricetes	Rowavirales	Adenoviridae	Mastadenovirus	Human_mastadenovirus_C
