0	Bacteria
0	Bacteria	Bacillota
0	Bacteria	Bacillota	Bacilli
0	Bacteria	Bacillota	Bacilli	Lactobacillales
0	Bacteria	Bacillota	Bacilli	Lactobacillales	Streptococcaceae
0	Bacteria	Bacillota	Bacilli	Lactobacillales	Streptococcaceae	Streptococcus
2063	Bacteria	Bacillota	Bacilli	Lactobacillales	Streptococcaceae	Streptococcus	Streptococcus_sp._HSISM1
1991	Bacteria	Bacillota	Bacilli	Lactobacillales	Streptococcaceae	Streptococcus	Streptococcus_sp._LPB0220
1579	Bacteria	Bacillota	Bacilli	Lactobacillales	Streptococcaceae	Streptococcus	Streptococcus_sp._oral_taxon_431
1124	Bacteria	Bacillota	Bacilli	Lactobacillales	Streptococcaceae	Streptococcus	Streptococcus_sp._oral_taxon_061
822	Bacteria	Bacillota	Bacilli	Lactobacillales	Streptococcaceae	Streptococcus	Streptococcus_sp._Marseille-Q6470
593	Bacteria	Bacillota	Bacilli	Lactobacillales	Streptococcaceae	Streptococcus	Streptococcus_sp._Marseille-Q3533
235	Bacteria	Bacillota	Bacilli	Lactobacillales	Streptococcaceae	Streptococcus	Streptococcus_sp._A12
177	Bacteria	Bacillota	Bacilli	Lactobacillales	Streptococcaceae	Streptococcus	Streptococcus_sp._116-D4
236	Bacteria	Bacillota	Bacilli	Lactobacillales	Streptococcaceae	Streptococcus	Streptococcus_sp._FDAARGOS_192
131	Bacteria	Bacillota	Bacilli	Lactobacillales	Streptococcaceae	Streptococcus	Streptococcus_sp._HSISS2
107	Bacteria	Bacillota	Bacilli	Lactobacillales	Streptococcaceae	Streptococcus	Streptococcus_sp._HSISS3
55	Bacteria	Bacillota	Bacilli	Lactobacillales	Streptococcaceae	Streptococcus	Streptococcus_sp._NPS_308
69	Bacteria	Bacillota	Bacilli	Lactobacillales	Streptococcaceae	Streptococcus	Streptococcus_sp._1643
298	Bacteria	Bacillota	Bacilli	Lactobacillales	Streptococcaceae	Streptococcus	Streptococcus_sp._HSISS1
39	Bacteria	Bacillota	Bacilli	Lactobacillales	Streptococcaceae	Streptococcus	Streptococcus_sp._oral_taxon_064
51	Bacteria	Bacillota	Bacilli	Lactobacillales	Streptococcaceae	Streptococcus	Streptococcus_sp._NSJ-72
11425	Bacteria	Bacillota	Bacilli	Lactobacillales	Streptococcaceae	Streptococcus	Streptococcus_salivarius
7630	Bacteria	Bacillota	Bacilli	Lactobacillales	Streptococcaceae	Streptococcus	Streptococcus_parasanguinis
2010	Bacteria	Bacillota	Bacilli	Lactobacillales	Streptococcaceae	Streptococcus	Streptococcus_infantis
1535	Bacteria	Bacillota	Bacilli	Lactobacillales	Streptococcaceae	Streptococcus	Streptococcus_mitis
111	Bacteria	Bacillota	Bacilli	Lactobacillales	Streptococcaceae	Streptococcus	Streptococcus_anginosus
56	Bacteria	Bacillota	Bacilli	Lactobacillales	Streptococcaceae	Streptococcus	Streptococcus_intermedius
964	Bacteria	Bacillota	Bacilli	Lactobacillales	Streptococcaceae	Streptococcus	Streptococcus_constellatus
1160	Bacteria	Bacillota	Bacilli	Lactobacillales	Streptococcaceae	Streptococcus	Streptococcus_oralis
1521	Bacteria	Bacillota	Bacilli	Lactobacillales	Streptococcaceae	Streptococcus	Streptococcus_pneumoniae
535	Bacteria	Bacillota	Bacilli	Lactobacillales	Streptococcaceae	Streptococcus	Streptococcus_lactarius
317	Bacteria	Bacillota	Bacilli	Lactobacillales	Streptococcaceae	Streptococcus	Streptococcus_sanguinis
424	Bacteria	Bacillota	Bacilli	Lactobacillales	Streptococcaceae	Streptococcus	Streptococcus_australis
347	Bacteria	Bacillota	Bacilli	Lactobacillales	Streptococcaceae	Streptococcus	Streptococcus_pseudopneumoniae
367	Bacteria	Bacillota	Bacilli	Lactobacillales	Streptococcaceae	Streptococcus	Streptococcus_thermophilus
148	Bacteria	Bacillota	Bacilli	Lactobacillales	Streptococcaceae	Streptococcus	Streptococcus_gordonii
211	Bacteria	Bacillota	Bacilli	Lactobacillales	Streptococcaceae	Streptococcus	Streptococcus_ilei
166	Bacteria	Bacillota	Bacilli	Lactobacillales	Streptococcaceae	Streptococcus	Streptococcus_toyakuensis
105	Bacteria	Bacillota	Bacilli	Lactobacillales	Streptococcaceae	Streptococcus	Streptococcus_cristatus
121	Bacteria	Bacillota	Bacilli	Lactobacillales	Streptococcaceae	Streptococcus	Streptococcus_gwangjuense
115	Bacteria	Bacillota	Bacilli	Lactobacillales	Streptococcaceae	Streptococcus	Streptococcus_rubneri
89	Bacteria	Bacillota	Bacilli	Lactobacillales	Streptococcaceae	Streptococcus	Streptococcus_vestibularis
154	Bacteria	Bacillota	Bacilli	Lactobacillales	Streptococcaceae	Streptococcus	Streptococcus_suis
97	Bacteria	Bacillota	Bacilli	Lactobacillales	Streptococcaceae	Streptococcus	Streptococcus_koreensis
186	Bacteria	Bacillota	Bacilli	Lactobacillales	Streptococcaceae	Streptococcus	Streptococcus_pyogenes
24	Bacteria	Bacillota	Bacilli	Lactobacillales	Streptococcaceae	Streptococcus	Streptococcus_equi
12	Bacteria	Bacillota	Bacilli	Lactobacillales	Streptococcaceae	Streptococcus	Streptococcus_dysgalactiae
37	Bacteria	Bacillota	Bacilli	Lactobacillales	Streptococcaceae	Streptococcus	Streptococcus_parauberis
42	Bacteria	Bacillota	Bacilli	Lactobacillales	Streptococcaceae	Streptococcus	Streptococcus_milleri
26	Bacteria	Bacillota	Bacilli	Lactobacillales	Streptococcaceae	Streptococcus	Streptococcus_parasuis
14	Bacteria	Bacillota	Bacilli	Lactobacillales	Streptococcaceae	Streptococcus	Streptococcus_oriscaviae
14	Bacteria	Bacillota	Bacilli	Lactobacillales	Streptococcaceae	Streptococcus	Streptococcus_canis
15	Bacteria	Bacillota	Bacilli	Lactobacillales	Streptococcaceae	Streptococcus	Streptococcus_iniae
961	Bacteria	Bacillota	Bacilli	Lactobacillales	Streptococcaceae	Streptococcus	Streptococcus_agalactiae
13	Bacteria	Bacillota	Bacilli	Lactobacillales	Streptococcaceae	Streptococcus	Streptococcus_mutans
12	Bacteria	Bacillota	Bacilli	Lactobacillales	Streptococcaceae	Streptococcus	Streptococcus_pluranimalium
13	Bacteria	Bacillota	Bacilli	Lactobacillales	Streptococcaceae	Streptococcus	Streptococcus_pseudoporcinus
11	Bacteria	Bacillota	Bacilli	Lactobacillales	Streptococcaceae	Streptococcus	Streptococcus_merionis
10	Bacteria	Bacillota	Bacilli	Lactobacillales	Streptococcaceae	Streptococcus	Streptococcus_porcinus
18	Bacteria	Bacillota	Bacilli	Lactobacillales	Streptococcaceae	Streptococcus	Streptococcus_periodonticum
10	Bacteria	Bacillota	Bacilli	Lactobacillales	Streptococcaceae	Streptococcus	Streptococcus_ferus
0	Bacteria	Bacillota	Bacilli	Lactobacillales	Carnobacteriaceae
0	Bacteria	Bacillota	Bacilli	Lactobacillales	Carnobacteriaceae	Granulicatella
1694	Bacteria	Bacillota	Bacilli	Lactobacillales	Carnobacteriaceae	Granulicatella	Granulicatella_adiacens
63	Bacteria	Bacillota	Bacilli	Lactobacillales	Carnobacteriaceae	Granulicatella	Granulicatella_elegans
0	Bacteria	Bacillota	Bacilli	Lactobacillales	Aerococcaceae
0	Bacteria	Bacillota	Bacilli	Lactobacillales	Aerococcaceae	Abiotrophia
22	Bacteria	Bacillota	Bacilli	Lactobacillales	Aerococcaceae	Abiotrophia	Abiotrophia_defectiva
0	Bacteria	Bacillota	Bacilli	Lactobacillales	Enterococcaceae
0	Bacteria	Bacillota	Bacilli	Lactobacillales	Enterococcaceae	Enterococcus
18	Bacteria	Bacillota	Bacilli	Lactobacillales	Enterococcaceae	Enterococcus	Enterococcus_cecorum
0	Bacteria	Bacillota	Bacilli	Bacillales
0	Bacteria	Bacillota	Bacilli	Bacillales	Gemella
330	Bacteria	Bacillota	Bacilli	Bacillales	Gemella	Gemella_sanguinis
165	Bacteria	Bacillota	Bacilli	Bacillales	Gemella	Gemella_haemolysans
89	Bacteria	Bacillota	Bacilli	Bacillales	Gemella	Gemella_morbillorum
0	Bacteria	Bacillota	Bacilli	Bacillales	Bacillaceae
0	Bacteria	Bacillota	Bacilli	Bacillales	Bacillaceae	Priestia
29	Bacteria	Bacillota	Bacilli	Bacillales	Bacillaceae	Priestia	Priestia_megaterium
0	Bacteria	Bacillota	Bacilli	Bacillales	Bacillaceae	Bacillus
24	Bacteria	Bacillota	Bacilli	Bacillales	Bacillaceae	Bacillus	Bacillus_altitudinis
0	Bacteria	Bacillota	Negativicutes
0	Bacteria	Bacillota	Negativicutes	Veillonellales
0	Bacteria	Bacillota	Negativicutes	Veillonellales	Veillonellaceae
0	Bacteria	Bacillota	Negativicutes	Veillonellales	Veillonellaceae	Veillonella
14604	Bacteria	Bacillota	Negativicutes	Veillonellales	Veillonellaceae	Veillonella	Veillonella_atypica
1106	Bacteria	Bacillota	Negativicutes	Veillonellales	Veillonellaceae	Veillonella	Veillonella_sp._S12025-13
1087	Bacteria	Bacillota	Negativicutes	Veillonellales	Veillonellaceae	Veillonella	Veillonella_rogosae
1293	Bacteria	Bacillota	Negativicutes	Veillonellales	Veillonellaceae	Veillonella	Veillonella_nakazawae
623	Bacteria	Bacillota	Negativicutes	Veillonellales	Veillonellaceae	Veillonella	Veillonella_parvula
627	Bacteria	Bacillota	Negativicutes	Veillonellales	Veillonellaceae	Veillonella	Veillonella_dispar
88	Bacteria	Bacillota	Negativicutes	Veillonellales	Veillonellaceae	Veillonella	Veillonella_rodentium
0	Bacteria	Bacillota	Negativicutes	Veillonellales	Veillonellaceae	Megasphaera
18	Bacteria	Bacillota	Negativicutes	Veillonellales	Veillonellaceae	Megasphaera	Megasphaera_stantonii
0	Bacteria	Bacillota	Negativicutes	Selenomonadales
0	Bacteria	Bacillota	Negativicutes	Selenomonadales	Selenomonadaceae
0	Bacteria	Bacillota	Negativicutes	Selenomonadales	Selenomonadaceae	Selenomonas
3086	Bacteria	Bacillota	Negativicutes	Selenomonadales	Selenomonadaceae	Selenomonas	Selenomonas_sp._oral_taxon_478
2005	Bacteria	Bacillota	Negativicutes	Selenomonadales	Selenomonadaceae	Selenomonas	Selenomonas_sp._oral_taxon_136
217	Bacteria	Bacillota	Negativicutes	Selenomonadales	Selenomonadaceae	Selenomonas	Selenomonas_sp._oral_taxon_126
158	Bacteria	Bacillota	Negativicutes	Selenomonadales	Selenomonadaceae	Selenomonas	Selenomonas_sp._oral_taxon_920
2341	Bacteria	Bacillota	Negativicutes	Selenomonadales	Selenomonadaceae	Selenomonas	Selenomonas_sputigena
93	Bacteria	Bacillota	Negativicutes	Selenomonadales	Selenomonadaceae	Selenomonas	Selenomonas_timonae
0	Bacteria	Bacillota	Clostridia
0	Bacteria	Bacillota	Clostridia	Eubacteriales
0	Bacteria	Bacillota	Clostridia	Eubacteriales	Lachnospiraceae
0	Bacteria	Bacillota	Clostridia	Eubacteriales	Lachnospiraceae	Lachnoanaerobaculum
679	Bacteria	Bacillota	Clostridia	Eubacteriales	Lachnospiraceae	Lachnoanaerobaculum	Lachnoanaerobaculum_umeaense
0	Bacteria	Bacillota	Clostridia	Eubacteriales	Lachnospiraceae	Blautia
215	Bacteria	Bacillota	Clostridia	Eubacteriales	Lachnospiraceae	Blautia	Blautia_wexlerae
37	Bacteria	Bacillota	Clostridia	Eubacteriales	Lachnospiraceae	Blautia	Blautia_sp._SC05B48
37	Bacteria	Bacillota	Clostridia	Eubacteriales	Lachnospiraceae	Blautia	Blautia_obeum
0	Bacteria	Bacillota	Clostridia	Eubacteriales	Lachnospiraceae	Mediterraneibacter
58	Bacteria	Bacillota	Clostridia	Eubacteriales	Lachnospiraceae	Mediterraneibacter	[Ruminococcus]_torques
43	Bacteria	Bacillota	Clostridia	Eubacteriales	Lachnospiraceae	Mediterraneibacter	[Ruminococcus]_gnavus
13	Bacteria	Bacillota	Clostridia	Eubacteriales	Lachnospiraceae	Mediterraneibacter	[Ruminococcus]_lactaris
0	Bacteria	Bacillota	Clostridia	Eubacteriales	Lachnospiraceae	Anaerostipes
61	Bacteria	Bacillota	Clostridia	Eubacteriales	Lachnospiraceae	Anaerostipes	Anaerostipes_hadrus
0	Bacteria	Bacillota	Clostridia	Eubacteriales	Lachnospiraceae	Anaerobutyricum
56	Bacteria	Bacillota	Clostridia	Eubacteriales	Lachnospiraceae	Anaerobutyricum	Anaerobutyricum_hallii
0	Bacteria	Bacillota	Clostridia	Eubacteriales	Lachnospiraceae	Roseburia
32	Bacteria	Bacillota	Clostridia	Eubacteriales	Lachnospiraceae	Roseburia	Roseburia_intestinalis
18	Bacteria	Bacillota	Clostridia	Eubacteriales	Lachnospiraceae	Roseburia	Roseburia_hominis
0	Bacteria	Bacillota	Clostridia	Eubacteriales	Lachnospiraceae	Coprococcus
27	Bacteria	Bacillota	Clostridia	Eubacteriales	Lachnospiraceae	Coprococcus	Coprococcus_comes
20	Bacteria	Bacillota	Clostridia	Eubacteriales	Lachnospiraceae	Coprococcus	Coprococcus_catus
0	Bacteria	Bacillota	Clostridia	Eubacteriales	Lachnospiraceae	Dorea
44	Bacteria	Bacillota	Clostridia	Eubacteriales	Lachnospiraceae	Dorea	Dorea_longicatena
0	Bacteria	Bacillota	Clostridia	Eubacteriales	Lachnospiraceae	Lachnoclostridium
21	Bacteria	Bacillota	Clostridia	Eubacteriales	Lachnospiraceae	Lachnoclostridium	Lachnoclostridium_sp._YL32
13	Bacteria	Bacillota	Clostridia	Eubacteriales	Lachnospiraceae	Lachnoclostridium	[Clostridium]_scindens
0	Bacteria	Bacillota	Clostridia	Eubacteriales	Lachnospiraceae	Lachnospira
10	Bacteria	Bacillota	Clostridia	Eubacteriales	Lachnospiraceae	Lachnospira	Lachnospira_eligens
0	Bacteria	Bacillota	Clostridia	Eubacteriales	Eubacteriales_Family_XIII._Incertae_Sedis
0	Bacteria	Bacillota	Clostridia	Eubacteriales	Eubacteriales_Family_XIII._Incertae_Sedis	Mogibacterium
112	Bacteria	Bacillota	Clostridia	Eubacteriales	Eubacteriales_Family_XIII._Incertae_Sedis	Mogibacterium	Mogibacterium_diversum
0	Bacteria	Bacillota	Clostridia	Eubacteriales	Oscillospiraceae
0	Bacteria	Bacillota	Clostridia	Eubacteriales	Oscillospiraceae	Faecalibacterium
80	Bacteria	Bacillota	Clostridia	Eubacteriales	Oscillospiraceae	Faecalibacterium	Faecalibacterium_prausnitzii
0	Bacteria	Bacillota	Clostridia	Eubacteriales	Oscillospiraceae	Ruminococcus
13	Bacteria	Bacillota	Clostridia	Eubacteriales	Oscillospiraceae	Ruminococcus	Ruminococcus_bicirculans
0	Bacteria	Bacillota	Clostridia	Eubacteriales	Oscillospiraceae	Ruthenibacterium
13	Bacteria	Bacillota	Clostridia	Eubacteriales	Oscillospiraceae	Ruthenibacterium	Ruthenibacterium_lactatiformans
0	Bacteria	Bacillota	Clostridia	Eubacteriales	Clostridiaceae
0	Bacteria	Bacillota	Clostridia	Eubacteriales	Clostridiaceae	Clostridium
44	Bacteria	Bacillota	Clostridia	Eubacteriales	Clostridiaceae	Clostridium	Clostridium_botulinum
12	Bacteria	Bacillota	Clostridia	Eubacteriales	Clostridiaceae	Clostridium	Clostridium_estertheticum
0	Bacteria	Bacillota	Clostridia	Eubacteriales	Clostridiaceae	Hungatella
14	Bacteria	Bacillota	Clostridia	Eubacteriales	Clostridiaceae	Hungatella	Hungatella_hathewayi
0	Bacteria	Bacillota	Clostridia	Eubacteriales	Clostridiaceae	Oceanirhabdus
10	Bacteria	Bacillota	Clostridia	Eubacteriales	Clostridiaceae	Oceanirhabdus	Oceanirhabdus_sp._W0125-5
0	Bacteria	Bacillota	Clostridia	Eubacteriales	Peptostreptococcaceae
0	Bacteria	Bacillota	Clostridia	Eubacteriales	Peptostreptococcaceae	Filifactor
77	Bacteria	Bacillota	Clostridia	Eubacteriales	Peptostreptococcaceae	Filifactor	Filifactor_alocis
0	Bacteria	Bacillota	Tissierellia
0	Bacteria	Bacillota	Tissierellia	Tissierellales
0	Bacteria	Bacillota	Tissierellia	Tissierellales	Peptoniphilaceae
0	Bacteria	Bacillota	Tissierellia	Tissierellales	Peptoniphilaceae	Parvimonas
140	Bacteria	Bacillota	Tissierellia	Tissierellales	Peptoniphilaceae	Parvimonas	Parvimonas_micra
0	Bacteria	Bacillota	Erysipelotrichia
0	Bacteria	Bacillota	Erysipelotrichia	Erysipelotrichales
0	Bacteria	Bacillota	Erysipelotrichia	Erysipelotrichales	Erysipelotrichaceae
0	Bacteria	Bacillota	Erysipelotrichia	Erysipelotrichales	Erysipelotrichaceae	Bulleidia
62	Bacteria	Bacillota	Erysipelotrichia	Erysipelotrichales	Erysipelotrichaceae	Bulleidia	Bulleidia_sp._zg-1006
0	Bacteria	Bacillota	Erysipelotrichia	Erysipelotrichales	Erysipelotrichaceae	Faecalibacillus
22	Bacteria	Bacillota	Erysipelotrichia	Erysipelotrichales	Erysipelotrichaceae	Faecalibacillus	Faecalibacillus_intestinalis
0	Bacteria	Actinomycetota
0	Bacteria	Actinomycetota	Actinomycetes
0	Bacteria	Actinomycetota	Actinomycetes	Actinomycetales
0	Bacteria	Actinomycetota	Actinomycetes	Actinomycetales	Actinomycetaceae
0	Bacteria	Actinomycetota	Actinomycetes	Actinomycetales	Actinomycetaceae	Schaalia
4042	Bacteria	Actinomycetota	Actinomycetes	Actinomycetales	Actinomycetaceae	Schaalia	Schaalia_odontolytica
143	Bacteria	Actinomycetota	Actinomycetes	Actinomycetales	Actinomycetaceae	Schaalia	Schaalia_meyeri
15	Bacteria	Actinomycetota	Actinomycetes	Actinomycetales	Actinomycetaceae	Schaalia	Schaalia_cardiffensis
10	Bacteria	Actinomycetota	Actinomycetes	Actinomycetales	Actinomycetaceae	Schaalia	Schaalia_sp._JY-X169
12	Bacteria	Actinomycetota	Actinomycetes	Actinomycetales	Actinomycetaceae	Schaalia	Schaalia_turicensis
0	Bacteria	Actinomycetota	Actinomycetes	Actinomycetales	Actinomycetaceae	Actinomyces
448	Bacteria	Actinomycetota	Actinomycetes	Actinomycetales	Actinomycetaceae	Actinomyces	Actinomyces_pacaensis
15	Bacteria	Actinomycetota	Actinomycetes	Actinomycetales	Actinomycetaceae	Actinomyces	Actinomyces_sp._oral_taxon_414
14	Bacteria	Actinomycetota	Actinomycetes	Actinomycetales	Actinomycetaceae	Actinomyces	Actinomyces_slackii
0	Bacteria	Actinomycetota	Actinomycetes	Actinomycetales	Actinomycetaceae	Pauljensenia
52	Bacteria	Actinomycetota	Actinomycetes	Actinomycetales	Actinomycetaceae	Pauljensenia	Pauljensenia_hongkongensis
0	Bacteria	Actinomycetota	Actinomycetes	Actinomycetales	Actinomycetaceae	Trueperella
12	Bacteria	Actinomycetota	Actinomycetes	Actinomycetales	Actinomycetaceae	Trueperella	Trueperella_pyogenes
0	Bacteria	Actinomycetota	Actinomycetes	Micrococcales
0	Bacteria	Actinomycetota	Actinomycetes	Micrococcales	Micrococcaceae
0	Bacteria	Actinomycetota	Actinomycetes	Micrococcales	Micrococcaceae	Rothia
2885	Bacteria	Actinomycetota	Actinomycetes	Micrococcales	Micrococcaceae	Rothia	Rothia_mucilaginosa
90	Bacteria	Actinomycetota	Actinomycetes	Micrococcales	Micrococcaceae	Rothia	Rothia_dentocariosa
58	Bacteria	Actinomycetota	Actinomycetes	Micrococcales	Micrococcaceae	Rothia	Rothia_aeria
0	Bacteria	Actinomycetota	Actinomycetes	Micrococcales	Micrococcaceae	Kocuria
15	Bacteria	Actinomycetota	Actinomycetes	Micrococcales	Micrococcaceae	Kocuria	Kocuria_palustris
15	Bacteria	Actinomycetota	Actinomycetes	Micrococcales	Micrococcaceae	Kocuria	Kocuria_rhizophila
0	Bacteria	Actinomycetota	Actinomycetes	Micrococcales	Microbacteriaceae
0	Bacteria	Actinomycetota	Actinomycetes	Micrococcales	Microbacteriaceae	Clavibacter
74	Bacteria	Actinomycetota	Actinomycetes	Micrococcales	Microbacteriaceae	Clavibacter	Clavibacter_michiganensis
0	Bacteria	Actinomycetota	Actinomycetes	Propionibacteriales
0	Bacteria	Actinomycetota	Actinomycetes	Propionibacteriales	Propionibacteriaceae
0	Bacteria	Actinomycetota	Actinomycetes	Propionibacteriales	Propionibacteriaceae	Cutibacterium
229	Bacteria	Actinomycetota	Actinomycetes	Propionibacteriales	Propionibacteriaceae	Cutibacterium	Cutibacterium_acnes
0	Bacteria	Actinomycetota	Actinomycetes	Propionibacteriales	Nocardioidaceae
0	Bacteria	Actinomycetota	Actinomycetes	Propionibacteriales	Nocardioidaceae	Nocardioides
16	Bacteria	Actinomycetota	Actinomycetes	Propionibacteriales	Nocardioidaceae	Nocardioides	Nocardioides_sp._TF02-7
13	Bacteria	Actinomycetota	Actinomycetes	Propionibacteriales	Nocardioidaceae	Nocardioides	Nocardioides_sp._HDW12B
17	Bacteria	Actinomycetota	Actinomycetes	Propionibacteriales	Nocardioidaceae	Nocardioides	Nocardioides_sp._zg-1228
21	Bacteria	Actinomycetota	Actinomycetes	Propionibacteriales	Nocardioidaceae	Nocardioides	Nocardioides_sp._S5
15	Bacteria	Actinomycetota	Actinomycetes	Propionibacteriales	Nocardioidaceae	Nocardioides	Nocardioides_sp._cx-173
20	Bacteria	Actinomycetota	Actinomycetes	Propionibacteriales	Nocardioidaceae	Nocardioides	Nocardioides_cynanchi
23	Bacteria	Actinomycetota	Actinomycetes	Propionibacteriales	Nocardioidaceae	Nocardioides	Nocardioides_piscis
14	Bacteria	Actinomycetota	Actinomycetes	Propionibacteriales	Nocardioidaceae	Nocardioides	Nocardioides_aquaticus
0	Bacteria	Actinomycetota	Actinomycetes	Propionibacteriales	Nocardioidaceae	Pimelobacter
13	Bacteria	Actinomycetota	Actinomycetes	Propionibacteriales	Nocardioidaceae	Pimelobacter	Pimelobacter_simplex
0	Bacteria	Actinomycetota	Actinomycetes	Kitasatosporales
0	Bacteria	Actinomycetota	Actinomycetes	Kitasatosporales	Streptomycetaceae
0	Bacteria	Actinomycetota	Actinomycetes	Kitasatosporales	Streptomycetaceae	Streptomyces
186	Bacteria	Actinomycetota	Actinomycetes	Kitasatosporales	Streptomycetaceae	Streptomyces	Streptomyces_venezuelae
0	Bacteria	Actinomycetota	Actinomycetes	Mycobacteriales
0	Bacteria	Actinomycetota	Actinomycetes	Mycobacteriales	Corynebacteriaceae
0	Bacteria	Actinomycetota	Actinomycetes	Mycobacteriales	Corynebacteriaceae	Corynebacterium
37	Bacteria	Actinomycetota	Actinomycetes	Mycobacteriales	Corynebacteriaceae	Corynebacterium	Corynebacterium_kroppenstedtii
18	Bacteria	Actinomycetota	Actinomycetes	Mycobacteriales	Corynebacteriaceae	Corynebacterium	Corynebacterium_matruchotii
28	Bacteria	Actinomycetota	Actinomycetes	Mycobacteriales	Corynebacteriaceae	Corynebacterium	Corynebacterium_efficiens
0	Bacteria	Actinomycetota	Actinomycetes	Mycobacteriales	Nocardiaceae
0	Bacteria	Actinomycetota	Actinomycetes	Mycobacteriales	Nocardiaceae	Nocardia
41	Bacteria	Actinomycetota	Actinomycetes	Mycobacteriales	Nocardiaceae	Nocardia	Nocardia_asteroides
0	Bacteria	Actinomycetota	Actinomycetes	Mycobacteriales	Lawsonellaceae
0	Bacteria	Actinomycetota	Actinomycetes	Mycobacteriales	Lawsonellaceae	Lawsonella
39	Bacteria	Actinomycetota	Actinomycetes	Mycobacteriales	Lawsonellaceae	Lawsonella	Lawsonella_clevelandensis
0	Bacteria	Actinomycetota	Actinomycetes	Bifidobacteriales
0	Bacteria	Actinomycetota	Actinomycetes	Bifidobacteriales	Bifidobacteriaceae
0	Bacteria	Actinomycetota	Actinomycetes	Bifidobacteriales	Bifidobacteriaceae	Bifidobacterium
36	Bacteria	Actinomycetota	Actinomycetes	Bifidobacteriales	Bifidobacteriaceae	Bifidobacterium	Bifidobacterium_longum
22	Bacteria	Actinomycetota	Actinomycetes	Bifidobacteriales	Bifidobacteriaceae	Bifidobacterium	Bifidobacterium_adolescentis
0	Bacteria	Actinomycetota	Actinomycetes	Micromonosporales
0	Bacteria	Actinomycetota	Actinomycetes	Micromonosporales	Micromonosporaceae
0	Bacteria	Actinomycetota	Actinomycetes	Micromonosporales	Micromonosporaceae	Actinoplanes
18	Bacteria	Actinomycetota	Actinomycetes	Micromonosporales	Micromonosporaceae	Actinoplanes	Actinoplanes_derwentensis
0	Bacteria	Actinomycetota	Actinomycetes	Micromonosporales	Micromonosporaceae	Dactylosporangium
18	Bacteria	Actinomycetota	Actinomycetes	Micromonosporales	Micromonosporaceae	Dactylosporangium	Dactylosporangium_aurantiacum
0	Bacteria	Actinomycetota	Actinomycetes	Micromonosporales	Micromonosporaceae	Phytohabitans
15	Bacteria	Actinomycetota	Actinomycetes	Micromonosporales	Micromonosporaceae	Phytohabitans	Phytohabitans_suffuscus
0	Bacteria	Actinomycetota	Coriobacteriia
0	Bacteria	Actinomycetota	Coriobacteriia	Coriobacteriales
0	Bacteria	Actinomycetota	Coriobacteriia	Coriobacteriales	Atopobiaceae
0	Bacteria	Actinomycetota	Coriobacteriia	Coriobacteriales	Atopobiaceae	Lancefieldella
2092	Bacteria	Actinomycetota	Coriobacteriia	Coriobacteriales	Atopobiaceae	Lancefieldella	Lancefieldella_parvula
0	Bacteria	Actinomycetota	Coriobacteriia	Coriobacteriales	Atopobiaceae	Olsenella
15	Bacteria	Actinomycetota	Coriobacteriia	Coriobacteriales	Atopobiaceae	Olsenella	Olsenella_uli
0	Bacteria	Actinomycetota	Coriobacteriia	Coriobacteriales	Coriobacteriaceae
0	Bacteria	Actinomycetota	Coriobacteriia	Coriobacteriales	Coriobacteriaceae	Collinsella
40	Bacteria	Actinomycetota	Coriobacteriia	Coriobacteriales	Coriobacteriaceae	Collinsella	Collinsella_aerofaciens
0	Bacteria	Actinomycetota	Acidimicrobiia
0	Bacteria	Actinomycetota	Acidimicrobiia	Acidimicrobiales
0	Bacteria	Actinomycetota	Acidimicrobiia	Acidimicrobiales	Iamiaceae
0	Bacteria	Actinomycetota	Acidimicrobiia	Acidimicrobiales	Iamiaceae	Aquihabitans
36	Bacteria	Actinomycetota	Acidimicrobiia	Acidimicrobiales	Iamiaceae	Aquihabitans	Aquihabitans_sp._G128
14	Bacteria	Actinomycetota	Acidimicrobiia	Acidimicrobiales	Iamiaceae	Aquihabitans	Aquihabitans_sp._Kera_3
0	Bacteria	Actinomycetota	Acidimicrobiia	Acidimicrobiales	Iamiaceae	Iamia
27	Bacteria	Actinomycetota	Acidimicrobiia	Acidimicrobiales	Iamiaceae	Iamia	Iamia_sp._SCSIO_61187
14	Bacteria	Actinomycetota	Acidimicrobiia	Acidimicrobiales	Iamiaceae	Iamia	Iamia_majanohamensis
0	Bacteria	Actinomycetota	Acidimicrobiia	Acidimicrobiales	Iamiaceae	Actinomarinicola
11	Bacteria	Actinomycetota	Acidimicrobiia	Acidimicrobiales	Iamiaceae	Actinomarinicola	Actinomarinicola_tropica
0	Bacteria	Actinomycetota	Acidimicrobiia	Acidimicrobiales	Ilumatobacteraceae
0	Bacteria	Actinomycetota	Acidimicrobiia	Acidimicrobiales	Ilumatobacteraceae	Ilumatobacter
11	Bacteria	Actinomycetota	Acidimicrobiia	Acidimicrobiales	Ilumatobacteraceae	Ilumatobacter	Ilumatobacter_coccineus
0	Bacteria	Actinomycetota	Rubrobacteria
0	Bacteria	Actinomycetota	Rubrobacteria	Rubrobacterales
0	Bacteria	Actinomycetota	Rubrobacteria	Rubrobacterales	Baekduiaceae
0	Bacteria	Actinomycetota	Rubrobacteria	Rubrobacterales	Baekduiaceae	Baekduia
19	Bacteria	Actinomycetota	Rubrobacteria	Rubrobacterales	Baekduiaceae	Baekduia	Baekduia_sp._0141_2
0	Bacteria	Cyanobacteriota
0	Bacteria	Cyanobacteriota	Cyanophyceae
0	Bacteria	Cyanobacteriota	Cyanophyceae	Oscillatoriales
0	Bacteria	Cyanobacteriota	Cyanophyceae	Oscillatoriales	Microcoleaceae
0	Bacteria	Cyanobacteriota	Cyanophyceae	Oscillatoriales	Microcoleaceae	Microcoleus
56	Bacteria	Cyanobacteriota	Cyanophyceae	Oscillatoriales	Microcoleaceae	Microcoleus	Microcoleus_vaginatus
0	Bacteria	Cyanobacteriota	Cyanophyceae	Synechococcales
0	Bacteria	Cyanobacteriota	Cyanophyceae	Synechococcales	Prochlorococcaceae
0	Bacteria	Cyanobacteriota	Cyanophyceae	Synechococcales	Prochlorococcaceae	Prochlorococcus
11	Bacteria	Cyanobacteriota	Cyanophyceae	Synechococcales	Prochlorococcaceae	Prochlorococcus	Prochlorococcus_marinus
0	Bacteria	Bacteroidota
0	Bacteria	Bacteroidota	Bacteroidia
0	Bacteria	Bacteroidota	Bacteroidia	Bacteroidales
0	Bacteria	Bacteroidota	Bacteroidia	Bacteroidales	Prevotellaceae
0	Bacteria	Bacteroidota	Bacteroidia	Bacteroidales	Prevotellaceae	Prevotella
28510	Bacteria	Bacteroidota	Bacteroidia	Bacteroidales	Prevotellaceae	Prevotella	Prevotella_jejuni
9354	Bacteria	Bacteroidota	Bacteroidia	Bacteroidales	Prevotellaceae	Prevotella	Prevotella_melaninogenica
5513	Bacteria	Bacteroidota	Bacteroidia	Bacteroidales	Prevotellaceae	Prevotella	Prevotella_veroralis
4692	Bacteria	Bacteroidota	Bacteroidia	Bacteroidales	Prevotellaceae	Prevotella	Prevotella_histicola
1248	Bacteria	Bacteroidota	Bacteroidia	Bacteroidales	Prevotellaceae	Prevotella	Prevotella_oris
1188	Bacteria	Bacteroidota	Bacteroidia	Bacteroidales	Prevotellaceae	Prevotella	Prevotella_intermedia
877	Bacteria	Bacteroidota	Bacteroidia	Bacteroidales	Prevotellaceae	Prevotella	Prevotella_nigrescens
558	Bacteria	Bacteroidota	Bacteroidia	Bacteroidales	Prevotellaceae	Prevotella	Prevotella_scopos
217	Bacteria	Bacteroidota	Bacteroidia	Bacteroidales	Prevotellaceae	Prevotella	Prevotella_sp._oral_taxon_299
107	Bacteria	Bacteroidota	Bacteroidia	Bacteroidales	Prevotellaceae	Prevotella	Prevotella_sp._oral_taxon_475
21	Bacteria	Bacteroidota	Bacteroidia	Bacteroidales	Prevotellaceae	Prevotella	Prevotella_sp._E13-17
24	Bacteria	Bacteroidota	Bacteroidia	Bacteroidales	Prevotellaceae	Prevotella	Prevotella_sp._E15-22
18	Bacteria	Bacteroidota	Bacteroidia	Bacteroidales	Prevotellaceae	Prevotella	Prevotella_sp._E9-3
15	Bacteria	Bacteroidota	Bacteroidia	Bacteroidales	Prevotellaceae	Prevotella	Prevotella_sp._Rep29
309	Bacteria	Bacteroidota	Bacteroidia	Bacteroidales	Prevotellaceae	Prevotella	Prevotella_denticola
126	Bacteria	Bacteroidota	Bacteroidia	Bacteroidales	Prevotellaceae	Prevotella	Prevotella_fusca
104	Bacteria	Bacteroidota	Bacteroidia	Bacteroidales	Prevotellaceae	Prevotella	Prevotella_copri
91	Bacteria	Bacteroidota	Bacteroidia	Bacteroidales	Prevotellaceae	Prevotella	Prevotella_herbatica
95	Bacteria	Bacteroidota	Bacteroidia	Bacteroidales	Prevotellaceae	Prevotella	Prevotella_corporis
93	Bacteria	Bacteroidota	Bacteroidia	Bacteroidales	Prevotellaceae	Prevotella	Prevotella_multiformis
72	Bacteria	Bacteroidota	Bacteroidia	Bacteroidales	Prevotellaceae	Prevotella	Prevotella_dentalis
51	Bacteria	Bacteroidota	Bacteroidia	Bacteroidales	Prevotellaceae	Prevotella	Prevotella_bryantii
14	Bacteria	Bacteroidota	Bacteroidia	Bacteroidales	Prevotellaceae	Prevotella	Prevotella_ruminicola
0	Bacteria	Bacteroidota	Bacteroidia	Bacteroidales	Prevotellaceae	Hoylesella
276	Bacteria	Bacteroidota	Bacteroidia	Bacteroidales	Prevotellaceae	Hoylesella	Hoylesella_enoeca
70	Bacteria	Bacteroidota	Bacteroidia	Bacteroidales	Prevotellaceae	Hoylesella	Hoylesella_buccalis
0	Bacteria	Bacteroidota	Bacteroidia	Bacteroidales	Prevotellaceae	Pseudoprevotella
34	Bacteria	Bacteroidota	Bacteroidia	Bacteroidales	Prevotellaceae	Pseudoprevotella	Pseudoprevotella_muciniphila
0	Bacteria	Bacteroidota	Bacteroidia	Bacteroidales	Prevotellaceae	Paraprevotella
15	Bacteria	Bacteroidota	Bacteroidia	Bacteroidales	Prevotellaceae	Paraprevotella	Paraprevotella_xylaniphila
0	Bacteria	Bacteroidota	Bacteroidia	Bacteroidales	Porphyromonadaceae
0	Bacteria	Bacteroidota	Bacteroidia	Bacteroidales	Porphyromonadaceae	Porphyromonas
646	Bacteria	Bacteroidota	Bacteroidia	Bacteroidales	Porphyromonadaceae	Porphyromonas	Porphyromonas_endodontalis
125	Bacteria	Bacteroidota	Bacteroidia	Bacteroidales	Porphyromonadaceae	Porphyromonas	Porphyromonas_gingivalis
37	Bacteria	Bacteroidota	Bacteroidia	Bacteroidales	Porphyromonadaceae	Porphyromonas	Porphyromonas_sp._oral_taxon_275
16	Bacteria	Bacteroidota	Bacteroidia	Bacteroidales	Porphyromonadaceae	Porphyromonas	Porphyromonas_asaccharolytica
0	Bacteria	Bacteroidota	Bacteroidia	Bacteroidales	Bacteroidaceae
0	Bacteria	Bacteroidota	Bacteroidia	Bacteroidales	Bacteroidaceae	Bacteroides
72	Bacteria	Bacteroidota	Bacteroidia	Bacteroidales	Bacteroidaceae	Bacteroides	Bacteroides_heparinolyticus
105	Bacteria	Bacteroidota	Bacteroidia	Bacteroidales	Bacteroidaceae	Bacteroides	Bacteroides_uniformis
48	Bacteria	Bacteroidota	Bacteroidia	Bacteroidales	Bacteroidaceae	Bacteroides	Bacteroides_thetaiotaomicron
30	Bacteria	Bacteroidota	Bacteroidia	Bacteroidales	Bacteroidaceae	Bacteroides	Bacteroides_zoogleoformans
26	Bacteria	Bacteroidota	Bacteroidia	Bacteroidales	Bacteroidaceae	Bacteroides	Bacteroides_caccae
23	Bacteria	Bacteroidota	Bacteroidia	Bacteroidales	Bacteroidaceae	Bacteroides	Bacteroides_stercoris
36	Bacteria	Bacteroidota	Bacteroidia	Bacteroidales	Bacteroidaceae	Bacteroides	Bacteroides_fragilis
21	Bacteria	Bacteroidota	Bacteroidia	Bacteroidales	Bacteroidaceae	Bacteroides	Bacteroides_salyersiae
23	Bacteria	Bacteroidota	Bacteroidia	Bacteroidales	Bacteroidaceae	Bacteroides	Bacteroides_faecis
52	Bacteria	Bacteroidota	Bacteroidia	Bacteroidales	Bacteroidaceae	Bacteroides	Bacteroides_xylanisolvens
16	Bacteria	Bacteroidota	Bacteroidia	Bacteroidales	Bacteroidaceae	Bacteroides	Bacteroides_zhangwenhongii
15	Bacteria	Bacteroidota	Bacteroidia	Bacteroidales	Bacteroidaceae	Bacteroides	Bacteroides_eggerthii
10	Bacteria	Bacteroidota	Bacteroidia	Bacteroidales	Bacteroidaceae	Bacteroides	Bacteroides_nordii
0	Bacteria	Bacteroidota	Bacteroidia	Bacteroidales	Bacteroidaceae	Phocaeicola
142	Bacteria	Bacteroidota	Bacteroidia	Bacteroidales	Bacteroidaceae	Phocaeicola	Phocaeicola_vulgatus
48	Bacteria	Bacteroidota	Bacteroidia	Bacteroidales	Bacteroidaceae	Phocaeicola	Phocaeicola_dorei
0	Bacteria	Bacteroidota	Bacteroidia	Bacteroidales	Tannerellaceae
0	Bacteria	Bacteroidota	Bacteroidia	Bacteroidales	Tannerellaceae	Tannerella
211	Bacteria	Bacteroidota	Bacteroidia	Bacteroidales	Tannerellaceae	Tannerella	Tannerella_forsythia
67	Bacteria	Bacteroidota	Bacteroidia	Bacteroidales	Tannerellaceae	Tannerella	Tannerella_serpentiformis
0	Bacteria	Bacteroidota	Bacteroidia	Bacteroidales	Tannerellaceae	Parabacteroides
44	Bacteria	Bacteroidota	Bacteroidia	Bacteroidales	Tannerellaceae	Parabacteroides	Parabacteroides_distasonis
18	Bacteria	Bacteroidota	Bacteroidia	Bacteroidales	Tannerellaceae	Parabacteroides	Parabacteroides_merdae
0	Bacteria	Bacteroidota	Bacteroidia	Bacteroidales	Rikenellaceae
0	Bacteria	Bacteroidota	Bacteroidia	Bacteroidales	Rikenellaceae	Alistipes
24	Bacteria	Bacteroidota	Bacteroidia	Bacteroidales	Rikenellaceae	Alistipes	Alistipes_onderdonkii
11	Bacteria	Bacteroidota	Bacteroidia	Bacteroidales	Rikenellaceae	Alistipes	Alistipes_communis
0	Bacteria	Bacteroidota	Bacteroidia	Bacteroidales	Muribaculaceae
0	Bacteria	Bacteroidota	Bacteroidia	Bacteroidales	Muribaculaceae	Duncaniella
15	Bacteria	Bacteroidota	Bacteroidia	Bacteroidales	Muribaculaceae	Duncaniella	Duncaniella_dubosii
0	Bacteria	Bacteroidota	Bacteroidia	Bacteroidales	Paludibacteraceae
0	Bacteria	Bacteroidota	Bacteroidia	Bacteroidales	Paludibacteraceae	Paludibacter
15	Bacteria	Bacteroidota	Bacteroidia	Bacteroidales	Paludibacteraceae	Paludibacter	Paludibacter_propionicigenes
0	Bacteria	Bacteroidota	Bacteroidia	Bacteroidales	Barnesiellaceae
0	Bacteria	Bacteroidota	Bacteroidia	Bacteroidales	Barnesiellaceae	Coprobacter
12	Bacteria	Bacteroidota	Bacteroidia	Bacteroidales	Barnesiellaceae	Coprobacter	Coprobacter_secundus
0	Bacteria	Bacteroidota	Flavobacteriia
0	Bacteria	Bacteroidota	Flavobacteriia	Flavobacteriales
0	Bacteria	Bacteroidota	Flavobacteriia	Flavobacteriales	Flavobacteriaceae
0	Bacteria	Bacteroidota	Flavobacteriia	Flavobacteriales	Flavobacteriaceae	Flavobacterium
80	Bacteria	Bacteroidota	Flavobacteriia	Flavobacteriales	Flavobacteriaceae	Flavobacterium	Flavobacterium_sp._Sr18
40	Bacteria	Bacteroidota	Flavobacteriia	Flavobacteriales	Flavobacteriaceae	Flavobacterium	Flavobacterium_sp._IMCC36791
26	Bacteria	Bacteroidota	Flavobacteriia	Flavobacteriales	Flavobacteriaceae	Flavobacterium	Flavobacterium_sp._N1994
37	Bacteria	Bacteroidota	Flavobacteriia	Flavobacteriales	Flavobacteriaceae	Flavobacterium	Flavobacterium_sp._F-340
28	Bacteria	Bacteroidota	Flavobacteriia	Flavobacteriales	Flavobacteriaceae	Flavobacterium	Flavobacterium_sp._CLA17
21	Bacteria	Bacteroidota	Flavobacteriia	Flavobacteriales	Flavobacteriaceae	Flavobacterium	Flavobacterium_sp._IMCC36793
21	Bacteria	Bacteroidota	Flavobacteriia	Flavobacteriales	Flavobacteriaceae	Flavobacterium	Flavobacterium_sp._IMCC34774
24	Bacteria	Bacteroidota	Flavobacteriia	Flavobacteriales	Flavobacteriaceae	Flavobacterium	Flavobacterium_sp._IMCC34518
22	Bacteria	Bacteroidota	Flavobacteriia	Flavobacteriales	Flavobacteriaceae	Flavobacterium	Flavobacterium_sp._M31R6
22	Bacteria	Bacteroidota	Flavobacteriia	Flavobacteriales	Flavobacteriaceae	Flavobacterium	Flavobacterium_sp._CC-SYL302
20	Bacteria	Bacteroidota	Flavobacteriia	Flavobacteriales	Flavobacteriaceae	Flavobacterium	Flavobacterium_sp._N1846
19	Bacteria	Bacteroidota	Flavobacteriia	Flavobacteriales	Flavobacteriaceae	Flavobacterium	Flavobacterium_sp._N3904
17	Bacteria	Bacteroidota	Flavobacteriia	Flavobacteriales	Flavobacteriaceae	Flavobacterium	Flavobacterium_sp._N2820
19	Bacteria	Bacteroidota	Flavobacteriia	Flavobacteriales	Flavobacteriaceae	Flavobacterium	Flavobacterium_sp._IMCC34775
17	Bacteria	Bacteroidota	Flavobacteriia	Flavobacteriales	Flavobacteriaceae	Flavobacterium	Flavobacterium_sp._IMCC36792
12	Bacteria	Bacteroidota	Flavobacteriia	Flavobacteriales	Flavobacteriaceae	Flavobacterium	Flavobacterium_sp._N1719
46	Bacteria	Bacteroidota	Flavobacteriia	Flavobacteriales	Flavobacteriaceae	Flavobacterium	Flavobacterium_sangjuense
28	Bacteria	Bacteroidota	Flavobacteriia	Flavobacteriales	Flavobacteriaceae	Flavobacterium	Flavobacterium_psychrophilum
17	Bacteria	Bacteroidota	Flavobacteriia	Flavobacteriales	Flavobacteriaceae	Flavobacterium	Flavobacterium_nackdongense
17	Bacteria	Bacteroidota	Flavobacteriia	Flavobacteriales	Flavobacteriaceae	Flavobacterium	Flavobacterium_commune
16	Bacteria	Bacteroidota	Flavobacteriia	Flavobacteriales	Flavobacteriaceae	Flavobacterium	Flavobacterium_gilvum
12	Bacteria	Bacteroidota	Flavobacteriia	Flavobacteriales	Flavobacteriaceae	Flavobacterium	Flavobacterium_azooxidireducens
31	Bacteria	Bacteroidota	Flavobacteriia	Flavobacteriales	Flavobacteriaceae	Flavobacterium	Flavobacterium_bizetiae
0	Bacteria	Bacteroidota	Flavobacteriia	Flavobacteriales	Flavobacteriaceae	Capnocytophaga
42	Bacteria	Bacteroidota	Flavobacteriia	Flavobacteriales	Flavobacteriaceae	Capnocytophaga	Capnocytophaga_sp._FDAARGOS_737
36	Bacteria	Bacteroidota	Flavobacteriia	Flavobacteriales	Flavobacteriaceae	Capnocytophaga	Capnocytophaga_gingivalis
48	Bacteria	Bacteroidota	Flavobacteriia	Flavobacteriales	Flavobacteriaceae	Capnocytophaga	Capnocytophaga_leadbetteri
27	Bacteria	Bacteroidota	Flavobacteriia	Flavobacteriales	Flavobacteriaceae	Capnocytophaga	Capnocytophaga_sputigena
0	Bacteria	Bacteroidota	Sphingobacteriia
0	Bacteria	Bacteroidota	Sphingobacteriia	Sphingobacteriales
0	Bacteria	Bacteroidota	Sphingobacteriia	Sphingobacteriales	Sphingobacteriaceae
0	Bacteria	Bacteroidota	Sphingobacteriia	Sphingobacteriales	Sphingobacteriaceae	Pedobacter
48	Bacteria	Bacteroidota	Sphingobacteriia	Sphingobacteriales	Sphingobacteriaceae	Pedobacter	Pedobacter_cryoconitis
18	Bacteria	Bacteroidota	Sphingobacteriia	Sphingobacteriales	Sphingobacteriaceae	Pedobacter	Pedobacter_sp._D749
16	Bacteria	Bacteroidota	Sphingobacteriia	Sphingobacteriales	Sphingobacteriaceae	Pedobacter	Pedobacter_sp._KBS0701
0	Bacteria	Bacteroidota	Sphingobacteriia	Sphingobacteriales	Sphingobacteriaceae	Mucilaginibacter
22	Bacteria	Bacteroidota	Sphingobacteriia	Sphingobacteriales	Sphingobacteriaceae	Mucilaginibacter	Mucilaginibacter_celer
13	Bacteria	Bacteroidota	Sphingobacteriia	Sphingobacteriales	Sphingobacteriaceae	Mucilaginibacter	Mucilaginibacter_mallensis
0	Bacteria	Bacteroidota	Chitinophagia
0	Bacteria	Bacteroidota	Chitinophagia	Chitinophagales
0	Bacteria	Bacteroidota	Chitinophagia	Chitinophagales	Chitinophagaceae
0	Bacteria	Bacteroidota	Chitinophagia	Chitinophagales	Chitinophagaceae	Ferruginibacter
26	Bacteria	Bacteroidota	Chitinophagia	Chitinophagales	Chitinophagaceae	Ferruginibacter	Ferruginibacter_lapsinanis
13	Bacteria	Bacteroidota	Chitinophagia	Chitinophagales	Chitinophagaceae	Ferruginibacter	Ferruginibacter_albus
0	Bacteria	Bacteroidota	Chitinophagia	Chitinophagales	Chitinophagaceae	Panacibacter
23	Bacteria	Bacteroidota	Chitinophagia	Chitinophagales	Chitinophagaceae	Panacibacter	Panacibacter_ginsenosidivorans
0	Bacteria	Bacteroidota	Chitinophagia	Chitinophagales	Chitinophagaceae	Flavihumibacter
15	Bacteria	Bacteroidota	Chitinophagia	Chitinophagales	Chitinophagaceae	Flavihumibacter	Flavihumibacter_fluminis_(ex_Park_et_al._2022)
0	Bacteria	Bacteroidota	Chitinophagia	Chitinophagales	Chitinophagaceae	Lacibacter
13	Bacteria	Bacteroidota	Chitinophagia	Chitinophagales	Chitinophagaceae	Lacibacter	Lacibacter_sp._S13-6-22
0	Bacteria	Bacteroidota	Cytophagia
0	Bacteria	Bacteroidota	Cytophagia	Cytophagales
0	Bacteria	Bacteroidota	Cytophagia	Cytophagales	Cytophagaceae
0	Bacteria	Bacteroidota	Cytophagia	Cytophagales	Cytophagaceae	Cytophaga
22	Bacteria	Bacteroidota	Cytophagia	Cytophagales	Cytophagaceae	Cytophaga	Cytophaga_hutchinsonii
0	Bacteria	Bacteroidota	Cytophagia	Cytophagales	Cytophagaceae	Spirosoma
13	Bacteria	Bacteroidota	Cytophagia	Cytophagales	Cytophagaceae	Spirosoma	Spirosoma_pollinicola
0	Bacteria	Pseudomonadota
0	Bacteria	Pseudomonadota	Gammaproteobacteria
0	Bacteria	Pseudomonadota	Gammaproteobacteria	Vibrionales
0	Bacteria	Pseudomonadota	Gammaproteobacteria	Vibrionales	Vibrionaceae
0	Bacteria	Pseudomonadota	Gammaproteobacteria	Vibrionales	Vibrionaceae	Vibrio
3007	Bacteria	Pseudomonadota	Gammaproteobacteria	Vibrionales	Vibrionaceae	Vibrio	Vibrio_kanaloae
1187	Bacteria	Pseudomonadota	Gammaproteobacteria	Vibrionales	Vibrionaceae	Vibrio	Vibrio_plantisponsor
76	Bacteria	Pseudomonadota	Gammaproteobacteria	Vibrionales	Vibrionaceae	Vibrio	Vibrio_diabolicus
43	Bacteria	Pseudomonadota	Gammaproteobacteria	Vibrionales	Vibrionaceae	Vibrio	Vibrio_parahaemolyticus
124	Bacteria	Pseudomonadota	Gammaproteobacteria	Vibrionales	Vibrionaceae	Vibrio	Vibrio_alginolyticus
119	Bacteria	Pseudomonadota	Gammaproteobacteria	Vibrionales	Vibrionaceae	Vibrio	Vibrio_toranzoniae
55	Bacteria	Pseudomonadota	Gammaproteobacteria	Vibrionales	Vibrionaceae	Vibrio	Vibrio_ziniensis
81	Bacteria	Pseudomonadota	Gammaproteobacteria	Vibrionales	Vibrionaceae	Vibrio	Vibrio_cholerae
27	Bacteria	Pseudomonadota	Gammaproteobacteria	Vibrionales	Vibrionaceae	Vibrio	Vibrio_crassostreae
20	Bacteria	Pseudomonadota	Gammaproteobacteria	Vibrionales	Vibrionaceae	Vibrio	Vibrio_splendidus
21	Bacteria	Pseudomonadota	Gammaproteobacteria	Vibrionales	Vibrionaceae	Vibrio	Vibrio_anguillarum
18	Bacteria	Pseudomonadota	Gammaproteobacteria	Vibrionales	Vibrionaceae	Vibrio	Vibrio_fluvialis
0	Bacteria	Pseudomonadota	Gammaproteobacteria	Alteromonadales
0	Bacteria	Pseudomonadota	Gammaproteobacteria	Alteromonadales	Pseudoalteromonadaceae
0	Bacteria	Pseudomonadota	Gammaproteobacteria	Alteromonadales	Pseudoalteromonadaceae	Pseudoalteromonas
1545	Bacteria	Pseudomonadota	Gammaproteobacteria	Alteromonadales	Pseudoalteromonadaceae	Pseudoalteromonas	Pseudoalteromonas_prydzensis
432	Bacteria	Pseudomonadota	Gammaproteobacteria	Alteromonadales	Pseudoalteromonadaceae	Pseudoalteromonas	Pseudoalteromonas_rhizosphaerae
84	Bacteria	Pseudomonadota	Gammaproteobacteria	Alteromonadales	Pseudoalteromonadaceae	Pseudoalteromonas	Pseudoalteromonas_sp._KAN5
64	Bacteria	Pseudomonadota	Gammaproteobacteria	Alteromonadales	Pseudoalteromonadaceae	Pseudoalteromonas	Pseudoalteromonas_sp._SiA1
137	Bacteria	Pseudomonadota	Gammaproteobacteria	Alteromonadales	Pseudoalteromonadaceae	Pseudoalteromonas	Pseudoalteromonas_mariniglutinosa
34	Bacteria	Pseudomonadota	Gammaproteobacteria	Alteromonadales	Pseudoalteromonadaceae	Pseudoalteromonas	Pseudoalteromonas_aliena
35	Bacteria	Pseudomonadota	Gammaproteobacteria	Alteromonadales	Pseudoalteromonadaceae	Pseudoalteromonas	Pseudoalteromonas_nigrifaciens
11	Bacteria	Pseudomonadota	Gammaproteobacteria	Alteromonadales	Pseudoalteromonadaceae	Pseudoalteromonas	Pseudoalteromonas_tunicata
20	Bacteria	Pseudomonadota	Gammaproteobacteria	Alteromonadales	Pseudoalteromonadaceae	Pseudoalteromonas	Pseudoalteromonas_translucida
11	Bacteria	Pseudomonadota	Gammaproteobacteria	Alteromonadales	Pseudoalteromonadaceae	Pseudoalteromonas	Pseudoalteromonas_carrageenovora
0	Bacteria	Pseudomonadota	Gammaproteobacteria	Alteromonadales	Idiomarinaceae
0	Bacteria	Pseudomonadota	Gammaproteobacteria	Alteromonadales	Idiomarinaceae	Idiomarina
47	Bacteria	Pseudomonadota	Gammaproteobacteria	Alteromonadales	Idiomarinaceae	Idiomarina	Idiomarina_loihiensis
0	Bacteria	Pseudomonadota	Gammaproteobacteria	Moraxellales
0	Bacteria	Pseudomonadota	Gammaproteobacteria	Moraxellales	Moraxellaceae
0	Bacteria	Pseudomonadota	Gammaproteobacteria	Moraxellales	Moraxellaceae	Acinetobacter
99	Bacteria	Pseudomonadota	Gammaproteobacteria	Moraxellales	Moraxellaceae	Acinetobacter	Acinetobacter_baumannii
35	Bacteria	Pseudomonadota	Gammaproteobacteria	Moraxellales	Moraxellaceae	Acinetobacter	Acinetobacter_sp._TTH0-4
30	Bacteria	Pseudomonadota	Gammaproteobacteria	Moraxellales	Moraxellaceae	Acinetobacter	Acinetobacter_sp._CS-2
54	Bacteria	Pseudomonadota	Gammaproteobacteria	Moraxellales	Moraxellaceae	Acinetobacter	Acinetobacter_junii
51	Bacteria	Pseudomonadota	Gammaproteobacteria	Moraxellales	Moraxellaceae	Acinetobacter	Acinetobacter_johnsonii
58	Bacteria	Pseudomonadota	Gammaproteobacteria	Moraxellales	Moraxellaceae	Acinetobacter	Acinetobacter_pseudolwoffii
19	Bacteria	Pseudomonadota	Gammaproteobacteria	Moraxellales	Moraxellaceae	Acinetobacter	Acinetobacter_indicus
35	Bacteria	Pseudomonadota	Gammaproteobacteria	Moraxellales	Moraxellaceae	Acinetobacter	Acinetobacter_lwoffii
18	Bacteria	Pseudomonadota	Gammaproteobacteria	Moraxellales	Moraxellaceae	Acinetobacter	Acinetobacter_wuhouensis
29	Bacteria	Pseudomonadota	Gammaproteobacteria	Moraxellales	Moraxellaceae	Acinetobacter	Acinetobacter_variabilis
0	Bacteria	Pseudomonadota	Gammaproteobacteria	Moraxellales	Moraxellaceae	Psychrobacter
28	Bacteria	Pseudomonadota	Gammaproteobacteria	Moraxellales	Moraxellaceae	Psychrobacter	Psychrobacter_sp._DAB_AL43B
46	Bacteria	Pseudomonadota	Gammaproteobacteria	Moraxellales	Moraxellaceae	Psychrobacter	Psychrobacter_sp._WY6
0	Bacteria	Pseudomonadota	Gammaproteobacteria	Moraxellales	Moraxellaceae	Moraxella
35	Bacteria	Pseudomonadota	Gammaproteobacteria	Moraxellales	Moraxellaceae	Moraxella	Moraxella_osloensis
0	Bacteria	Pseudomonadota	Gammaproteobacteria	Pasteurellales
0	Bacteria	Pseudomonadota	Gammaproteobacteria	Pasteurellales	Pasteurellaceae
0	Bacteria	Pseudomonadota	Gammaproteobacteria	Pasteurellales	Pasteurellaceae	Haemophilus
321	Bacteria	Pseudomonadota	Gammaproteobacteria	Pasteurellales	Pasteurellaceae	Haemophilus	Haemophilus_parainfluenzae
36	Bacteria	Pseudomonadota	Gammaproteobacteria	Pasteurellales	Pasteurellaceae	Haemophilus	Haemophilus_haemolyticus
47	Bacteria	Pseudomonadota	Gammaproteobacteria	Pasteurellales	Pasteurellaceae	Haemophilus	Haemophilus_influenzae
23	Bacteria	Pseudomonadota	Gammaproteobacteria	Pasteurellales	Pasteurellaceae	Haemophilus	[Haemophilus]_ducreyi
0	Bacteria	Pseudomonadota	Gammaproteobacteria	Pasteurellales	Pasteurellaceae	Aggregatibacter
15	Bacteria	Pseudomonadota	Gammaproteobacteria	Pasteurellales	Pasteurellaceae	Aggregatibacter	Aggregatibacter_sp._Marseille-P9115
12	Bacteria	Pseudomonadota	Gammaproteobacteria	Pasteurellales	Pasteurellaceae	Aggregatibacter	Aggregatibacter_sp._2125159857
19	Bacteria	Pseudomonadota	Gammaproteobacteria	Pasteurellales	Pasteurellaceae	Aggregatibacter	Aggregatibacter_segnis
0	Bacteria	Pseudomonadota	Gammaproteobacteria	Pseudomonadales
0	Bacteria	Pseudomonadota	Gammaproteobacteria	Pseudomonadales	Pseudomonadaceae
0	Bacteria	Pseudomonadota	Gammaproteobacteria	Pseudomonadales	Pseudomonadaceae	Pseudomonas
102	Bacteria	Pseudomonadota	Gammaproteobacteria	Pseudomonadales	Pseudomonadaceae	Pseudomonas	Pseudomonas_fluorescens
61	Bacteria	Pseudomonadota	Gammaproteobacteria	Pseudomonadales	Pseudomonadaceae	Pseudomonas	Pseudomonas_putida
139	Bacteria	Pseudomonadota	Gammaproteobacteria	Pseudomonadales	Pseudomonadaceae	Pseudomonas	Pseudomonas_sessilinigenes
0	Bacteria	Pseudomonadota	Gammaproteobacteria	Xanthomonadales
0	Bacteria	Pseudomonadota	Gammaproteobacteria	Xanthomonadales	Xanthomonadaceae
0	Bacteria	Pseudomonadota	Gammaproteobacteria	Xanthomonadales	Xanthomonadaceae	Stenotrophomonas
108	Bacteria	Pseudomonadota	Gammaproteobacteria	Xanthomonadales	Xanthomonadaceae	Stenotrophomonas	Stenotrophomonas_maltophilia
0	Bacteria	Pseudomonadota	Gammaproteobacteria	Xanthomonadales	Xanthomonadaceae	Lysobacter
49	Bacteria	Pseudomonadota	Gammaproteobacteria	Xanthomonadales	Xanthomonadaceae	Lysobacter	Lysobacter_enzymogenes
0	Bacteria	Pseudomonadota	Gammaproteobacteria	Xanthomonadales	Xanthomonadaceae	Xanthomonas
42	Bacteria	Pseudomonadota	Gammaproteobacteria	Xanthomonadales	Xanthomonadaceae	Xanthomonas	Xanthomonas_campestris
0	Bacteria	Pseudomonadota	Gammaproteobacteria	Xanthomonadales	Xanthomonadaceae	Thermomonas
26	Bacteria	Pseudomonadota	Gammaproteobacteria	Xanthomonadales	Xanthomonadaceae	Thermomonas	Thermomonas_carbonis
0	Bacteria	Pseudomonadota	Gammaproteobacteria	Enterobacterales
0	Bacteria	Pseudomonadota	Gammaproteobacteria	Enterobacterales	Enterobacteriaceae
0	Bacteria	Pseudomonadota	Gammaproteobacteria	Enterobacterales	Enterobacteriaceae	Escherichia
140	Bacteria	Pseudomonadota	Gammaproteobacteria	Enterobacterales	Enterobacteriaceae	Escherichia	Escherichia_coli
0	Bacteria	Pseudomonadota	Gammaproteobacteria	Aeromonadales
0	Bacteria	Pseudomonadota	Gammaproteobacteria	Aeromonadales	Aeromonadaceae
0	Bacteria	Pseudomonadota	Gammaproteobacteria	Aeromonadales	Aeromonadaceae	Aeromonas
46	Bacteria	Pseudomonadota	Gammaproteobacteria	Aeromonadales	Aeromonadaceae	Aeromonas	Aeromonas_media
0	Bacteria	Pseudomonadota	Betaproteobacteria
0	Bacteria	Pseudomonadota	Betaproteobacteria	Burkholderiales
0	Bacteria	Pseudomonadota	Betaproteobacteria	Burkholderiales	Comamonadaceae
0	Bacteria	Pseudomonadota	Betaproteobacteria	Burkholderiales	Comamonadaceae	Acidovorax
49	Bacteria	Pseudomonadota	Betaproteobacteria	Burkholderiales	Comamonadaceae	Acidovorax	Acidovorax_sp._KKS102
18	Bacteria	Pseudomonadota	Betaproteobacteria	Burkholderiales	Comamonadaceae	Acidovorax	Acidovorax_sp._1608163
21	Bacteria	Pseudomonadota	Betaproteobacteria	Burkholderiales	Comamonadaceae	Acidovorax	Acidovorax_sp._RAC01
71	Bacteria	Pseudomonadota	Betaproteobacteria	Burkholderiales	Comamonadaceae	Acidovorax	Acidovorax_sp._T1
18	Bacteria	Pseudomonadota	Betaproteobacteria	Burkholderiales	Comamonadaceae	Acidovorax	Acidovorax_sp._NCPPB_3576
69	Bacteria	Pseudomonadota	Betaproteobacteria	Burkholderiales	Comamonadaceae	Acidovorax	Acidovorax_carolinensis
79	Bacteria	Pseudomonadota	Betaproteobacteria	Burkholderiales	Comamonadaceae	Acidovorax	Acidovorax_temperans
15	Bacteria	Pseudomonadota	Betaproteobacteria	Burkholderiales	Comamonadaceae	Acidovorax	Acidovorax_radicis
22	Bacteria	Pseudomonadota	Betaproteobacteria	Burkholderiales	Comamonadaceae	Acidovorax	Acidovorax_antarcticus
0	Bacteria	Pseudomonadota	Betaproteobacteria	Burkholderiales	Comamonadaceae	Variovorax
75	Bacteria	Pseudomonadota	Betaproteobacteria	Burkholderiales	Comamonadaceae	Variovorax	Variovorax_paradoxus
24	Bacteria	Pseudomonadota	Betaproteobacteria	Burkholderiales	Comamonadaceae	Variovorax	Variovorax_sp._PAMC28562
37	Bacteria	Pseudomonadota	Betaproteobacteria	Burkholderiales	Comamonadaceae	Variovorax	Variovorax_boronicumulans
0	Bacteria	Pseudomonadota	Betaproteobacteria	Burkholderiales	Comamonadaceae	Rhodoferax
30	Bacteria	Pseudomonadota	Betaproteobacteria	Burkholderiales	Comamonadaceae	Rhodoferax	Rhodoferax_sp._AJA081-3
20	Bacteria	Pseudomonadota	Betaproteobacteria	Burkholderiales	Comamonadaceae	Rhodoferax	Rhodoferax_sp._PAMC_29310
18	Bacteria	Pseudomonadota	Betaproteobacteria	Burkholderiales	Comamonadaceae	Rhodoferax	Rhodoferax_sp._BAB1
26	Bacteria	Pseudomonadota	Betaproteobacteria	Burkholderiales	Comamonadaceae	Rhodoferax	Rhodoferax_saidenbachensis
24	Bacteria	Pseudomonadota	Betaproteobacteria	Burkholderiales	Comamonadaceae	Rhodoferax	Rhodoferax_koreense
13	Bacteria	Pseudomonadota	Betaproteobacteria	Burkholderiales	Comamonadaceae	Rhodoferax	Rhodoferax_sediminis
0	Bacteria	Pseudomonadota	Betaproteobacteria	Burkholderiales	Comamonadaceae	Polaromonas
45	Bacteria	Pseudomonadota	Betaproteobacteria	Burkholderiales	Comamonadaceae	Polaromonas	Polaromonas_sp._JS666
53	Bacteria	Pseudomonadota	Betaproteobacteria	Burkholderiales	Comamonadaceae	Polaromonas	Polaromonas_naphthalenivorans
0	Bacteria	Pseudomonadota	Betaproteobacteria	Burkholderiales	Comamonadaceae	Comamonas
63	Bacteria	Pseudomonadota	Betaproteobacteria	Burkholderiales	Comamonadaceae	Comamonas	Comamonas_aquatica
16	Bacteria	Pseudomonadota	Betaproteobacteria	Burkholderiales	Comamonadaceae	Comamonas	Comamonas_odontotermitis
16	Bacteria	Pseudomonadota	Betaproteobacteria	Burkholderiales	Comamonadaceae	Comamonas	Comamonas_piscis
0	Bacteria	Pseudomonadota	Betaproteobacteria	Burkholderiales	Comamonadaceae	Alicycliphilus
89	Bacteria	Pseudomonadota	Betaproteobacteria	Burkholderiales	Comamonadaceae	Alicycliphilus	Alicycliphilus_denitrificans
0	Bacteria	Pseudomonadota	Betaproteobacteria	Burkholderiales	Comamonadaceae	Hydrogenophaga
15	Bacteria	Pseudomonadota	Betaproteobacteria	Burkholderiales	Comamonadaceae	Hydrogenophaga	Hydrogenophaga_sp._PAMC20947
23	Bacteria	Pseudomonadota	Betaproteobacteria	Burkholderiales	Comamonadaceae	Hydrogenophaga	Hydrogenophaga_sp._BPS33
21	Bacteria	Pseudomonadota	Betaproteobacteria	Burkholderiales	Comamonadaceae	Hydrogenophaga	Hydrogenophaga_taeniospiralis
0	Bacteria	Pseudomonadota	Betaproteobacteria	Burkholderiales	Comamonadaceae	Delftia
43	Bacteria	Pseudomonadota	Betaproteobacteria	Burkholderiales	Comamonadaceae	Delftia	Delftia_acidovorans
0	Bacteria	Pseudomonadota	Betaproteobacteria	Burkholderiales	Comamonadaceae	Ramlibacter
42	Bacteria	Pseudomonadota	Betaproteobacteria	Burkholderiales	Comamonadaceae	Ramlibacter	Ramlibacter_tataouinensis
0	Bacteria	Pseudomonadota	Betaproteobacteria	Burkholderiales	Comamonadaceae	Simplicispira
28	Bacteria	Pseudomonadota	Betaproteobacteria	Burkholderiales	Comamonadaceae	Simplicispira	Simplicispira_suum
0	Bacteria	Pseudomonadota	Betaproteobacteria	Burkholderiales	Comamonadaceae	Ottowia
14	Bacteria	Pseudomonadota	Betaproteobacteria	Burkholderiales	Comamonadaceae	Ottowia	Ottowia_oryzae
12	Bacteria	Pseudomonadota	Betaproteobacteria	Burkholderiales	Comamonadaceae	Ottowia	Ottowia_testudinis
0	Bacteria	Pseudomonadota	Betaproteobacteria	Burkholderiales	Comamonadaceae	Verminephrobacter
15	Bacteria	Pseudomonadota	Betaproteobacteria	Burkholderiales	Comamonadaceae	Verminephrobacter	Verminephrobacter_eiseniae
0	Bacteria	Pseudomonadota	Betaproteobacteria	Burkholderiales	Comamonadaceae	Kinneretia
15	Bacteria	Pseudomonadota	Betaproteobacteria	Burkholderiales	Comamonadaceae	Kinneretia	Kinneretia_sp._DAIF2
0	Bacteria	Pseudomonadota	Betaproteobacteria	Burkholderiales	Oxalobacteraceae
0	Bacteria	Pseudomonadota	Betaproteobacteria	Burkholderiales	Oxalobacteraceae	Massilia
40	Bacteria	Pseudomonadota	Betaproteobacteria	Burkholderiales	Oxalobacteraceae	Massilia	Massilia_sp._HC52
17	Bacteria	Pseudomonadota	Betaproteobacteria	Burkholderiales	Oxalobacteraceae	Massilia	Massilia_sp._PAMC28688
17	Bacteria	Pseudomonadota	Betaproteobacteria	Burkholderiales	Oxalobacteraceae	Massilia	Massilia_sp._DM-R-R2A-13
27	Bacteria	Pseudomonadota	Betaproteobacteria	Burkholderiales	Oxalobacteraceae	Massilia	Massilia_sp._YMA4
44	Bacteria	Pseudomonadota	Betaproteobacteria	Burkholderiales	Oxalobacteraceae	Massilia	Massilia_violaceinigra
19	Bacteria	Pseudomonadota	Betaproteobacteria	Burkholderiales	Oxalobacteraceae	Massilia	Massilia_putida
0	Bacteria	Pseudomonadota	Betaproteobacteria	Burkholderiales	Oxalobacteraceae	Duganella
31	Bacteria	Pseudomonadota	Betaproteobacteria	Burkholderiales	Oxalobacteraceae	Duganella	Duganella_dendranthematis
0	Bacteria	Pseudomonadota	Betaproteobacteria	Burkholderiales	Oxalobacteraceae	Janthinobacterium
30	Bacteria	Pseudomonadota	Betaproteobacteria	Burkholderiales	Oxalobacteraceae	Janthinobacterium	Janthinobacterium_sp._1_2014MBL_MicDiv
42	Bacteria	Pseudomonadota	Betaproteobacteria	Burkholderiales	Oxalobacteraceae	Janthinobacterium	Janthinobacterium_svalbardensis
24	Bacteria	Pseudomonadota	Betaproteobacteria	Burkholderiales	Oxalobacteraceae	Janthinobacterium	Janthinobacterium_agaricidamnosum
0	Bacteria	Pseudomonadota	Betaproteobacteria	Burkholderiales	Burkholderiaceae
0	Bacteria	Pseudomonadota	Betaproteobacteria	Burkholderiales	Burkholderiaceae	Cupriavidus
39	Bacteria	Pseudomonadota	Betaproteobacteria	Burkholderiales	Burkholderiaceae	Cupriavidus	Cupriavidus_taiwanensis
28	Bacteria	Pseudomonadota	Betaproteobacteria	Burkholderiales	Burkholderiaceae	Cupriavidus	Cupriavidus_pauculus
0	Bacteria	Pseudomonadota	Betaproteobacteria	Burkholderiales	Burkholderiaceae	Ralstonia
49	Bacteria	Pseudomonadota	Betaproteobacteria	Burkholderiales	Burkholderiaceae	Ralstonia	Ralstonia_insidiosa
0	Bacteria	Pseudomonadota	Betaproteobacteria	Burkholderiales	Burkholderiaceae	Lautropia
14	Bacteria	Pseudomonadota	Betaproteobacteria	Burkholderiales	Burkholderiaceae	Lautropia	Lautropia_mirabilis
0	Bacteria	Pseudomonadota	Betaproteobacteria	Burkholderiales	Sphaerotilaceae
0	Bacteria	Pseudomonadota	Betaproteobacteria	Burkholderiales	Sphaerotilaceae	Schlegelella
60	Bacteria	Pseudomonadota	Betaproteobacteria	Burkholderiales	Sphaerotilaceae	Schlegelella	Schlegelella_aquatica
0	Bacteria	Pseudomonadota	Betaproteobacteria	Burkholderiales	Sphaerotilaceae	Caldimonas
26	Bacteria	Pseudomonadota	Betaproteobacteria	Burkholderiales	Sphaerotilaceae	Caldimonas	Caldimonas_thermodepolymerans
0	Bacteria	Pseudomonadota	Betaproteobacteria	Burkholderiales	Sphaerotilaceae	Sphaerotilus
20	Bacteria	Pseudomonadota	Betaproteobacteria	Burkholderiales	Sphaerotilaceae	Sphaerotilus	Sphaerotilus_sulfidivorans
0	Bacteria	Pseudomonadota	Betaproteobacteria	Burkholderiales	Alcaligenaceae
0	Bacteria	Pseudomonadota	Betaproteobacteria	Burkholderiales	Alcaligenaceae	Achromobacter
57	Bacteria	Pseudomonadota	Betaproteobacteria	Burkholderiales	Alcaligenaceae	Achromobacter	Achromobacter_xylosoxidans
0	Bacteria	Pseudomonadota	Betaproteobacteria	Burkholderiales	Rhizobacter
24	Bacteria	Pseudomonadota	Betaproteobacteria	Burkholderiales	Rhizobacter	Rhizobacter_sp._AJA081-3
22	Bacteria	Pseudomonadota	Betaproteobacteria	Burkholderiales	Rhizobacter	Rhizobacter_gummiphilus
0	Bacteria	Pseudomonadota	Betaproteobacteria	Neisseriales
0	Bacteria	Pseudomonadota	Betaproteobacteria	Neisseriales	Neisseriaceae
0	Bacteria	Pseudomonadota	Betaproteobacteria	Neisseriales	Neisseriaceae	Neisseria
103	Bacteria	Pseudomonadota	Betaproteobacteria	Neisseriales	Neisseriaceae	Neisseria	Neisseria_sicca
114	Bacteria	Pseudomonadota	Betaproteobacteria	Neisseriales	Neisseriaceae	Neisseria	Neisseria_mucosa
74	Bacteria	Pseudomonadota	Betaproteobacteria	Neisseriales	Neisseriaceae	Neisseria	Neisseria_macacae
30	Bacteria	Pseudomonadota	Betaproteobacteria	Neisseriales	Neisseriaceae	Neisseria	Neisseria_flavescens
22	Bacteria	Pseudomonadota	Betaproteobacteria	Neisseriales	Neisseriaceae	Neisseria	Neisseria_subflava
15	Bacteria	Pseudomonadota	Betaproteobacteria	Neisseriales	Neisseriaceae	Neisseria	Neisseria_elongata
0	Bacteria	Pseudomonadota	Betaproteobacteria	Neisseriales	Neisseriaceae	Kingella
21	Bacteria	Pseudomonadota	Betaproteobacteria	Neisseriales	Neisseriaceae	Kingella	Kingella_denitrificans
0	Bacteria	Pseudomonadota	Betaproteobacteria	Neisseriales	Neisseriaceae	Eikenella
14	Bacteria	Pseudomonadota	Betaproteobacteria	Neisseriales	Neisseriaceae	Eikenella	Eikenella_corrodens
0	Bacteria	Pseudomonadota	Betaproteobacteria	Neisseriales	Chromobacteriaceae
0	Bacteria	Pseudomonadota	Betaproteobacteria	Neisseriales	Chromobacteriaceae	Aquaspirillum
35	Bacteria	Pseudomonadota	Betaproteobacteria	Neisseriales	Chromobacteriaceae	Aquaspirillum	Aquaspirillum_sp._LM1
0	Bacteria	Pseudomonadota	Betaproteobacteria	Rhodocyclales
0	Bacteria	Pseudomonadota	Betaproteobacteria	Rhodocyclales	Azonexaceae
0	Bacteria	Pseudomonadota	Betaproteobacteria	Rhodocyclales	Azonexaceae	Ferribacterium
26	Bacteria	Pseudomonadota	Betaproteobacteria	Rhodocyclales	Azonexaceae	Ferribacterium	Ferribacterium_limneticum
0	Bacteria	Pseudomonadota	Betaproteobacteria	Rhodocyclales	Azonexaceae	Dechloromonas
16	Bacteria	Pseudomonadota	Betaproteobacteria	Rhodocyclales	Azonexaceae	Dechloromonas	Dechloromonas_denitrificans
0	Bacteria	Pseudomonadota	Betaproteobacteria	Nitrosomonadales
0	Bacteria	Pseudomonadota	Betaproteobacteria	Nitrosomonadales	Usitatibacteraceae
0	Bacteria	Pseudomonadota	Betaproteobacteria	Nitrosomonadales	Usitatibacteraceae	Usitatibacter
10	Bacteria	Pseudomonadota	Betaproteobacteria	Nitrosomonadales	Usitatibacteraceae	Usitatibacter	Usitatibacter_palustris
0	Bacteria	Pseudomonadota	Alphaproteobacteria
0	Bacteria	Pseudomonadota	Alphaproteobacteria	Hyphomicrobiales
0	Bacteria	Pseudomonadota	Alphaproteobacteria	Hyphomicrobiales	Nitrobacteraceae
0	Bacteria	Pseudomonadota	Alphaproteobacteria	Hyphomicrobiales	Nitrobacteraceae	Bradyrhizobium
41	Bacteria	Pseudomonadota	Alphaproteobacteria	Hyphomicrobiales	Nitrobacteraceae	Bradyrhizobium	Bradyrhizobium_sp._170
31	Bacteria	Pseudomonadota	Alphaproteobacteria	Hyphomicrobiales	Nitrobacteraceae	Bradyrhizobium	Bradyrhizobium_sp._200
23	Bacteria	Pseudomonadota	Alphaproteobacteria	Hyphomicrobiales	Nitrobacteraceae	Bradyrhizobium	Bradyrhizobium_sp._WD16
65	Bacteria	Pseudomonadota	Alphaproteobacteria	Hyphomicrobiales	Nitrobacteraceae	Bradyrhizobium	Bradyrhizobium_erythrophlei
41	Bacteria	Pseudomonadota	Alphaproteobacteria	Hyphomicrobiales	Nitrobacteraceae	Bradyrhizobium	Bradyrhizobium_sediminis
83	Bacteria	Pseudomonadota	Alphaproteobacteria	Hyphomicrobiales	Nitrobacteraceae	Bradyrhizobium	Bradyrhizobium_lablabi
86	Bacteria	Pseudomonadota	Alphaproteobacteria	Hyphomicrobiales	Nitrobacteraceae	Bradyrhizobium	Bradyrhizobium_diazoefficiens
0	Bacteria	Pseudomonadota	Alphaproteobacteria	Hyphomicrobiales	Nitrobacteraceae	Rhodopseudomonas
56	Bacteria	Pseudomonadota	Alphaproteobacteria	Hyphomicrobiales	Nitrobacteraceae	Rhodopseudomonas	Rhodopseudomonas_palustris
0	Bacteria	Pseudomonadota	Alphaproteobacteria	Hyphomicrobiales	Nitrobacteraceae	Afipia
32	Bacteria	Pseudomonadota	Alphaproteobacteria	Hyphomicrobiales	Nitrobacteraceae	Afipia	Afipia_sp._GAS231
0	Bacteria	Pseudomonadota	Alphaproteobacteria	Hyphomicrobiales	Rhizobiaceae
0	Bacteria	Pseudomonadota	Alphaproteobacteria	Hyphomicrobiales	Rhizobiaceae	Rhizobium
65	Bacteria	Pseudomonadota	Alphaproteobacteria	Hyphomicrobiales	Rhizobiaceae	Rhizobium	Rhizobium_leguminosarum
0	Bacteria	Pseudomonadota	Alphaproteobacteria	Hyphomicrobiales	Rhizobiaceae	Agrobacterium
49	Bacteria	Pseudomonadota	Alphaproteobacteria	Hyphomicrobiales	Rhizobiaceae	Agrobacterium	Agrobacterium_tumefaciens
0	Bacteria	Pseudomonadota	Alphaproteobacteria	Hyphomicrobiales	Hyphomicrobiaceae
0	Bacteria	Pseudomonadota	Alphaproteobacteria	Hyphomicrobiales	Hyphomicrobiaceae	Rhodoplanes
24	Bacteria	Pseudomonadota	Alphaproteobacteria	Hyphomicrobiales	Hyphomicrobiaceae	Rhodoplanes	Rhodoplanes_sp._Z2-YC6860
0	Bacteria	Pseudomonadota	Alphaproteobacteria	Hyphomicrobiales	Hyphomicrobiaceae	Hyphomicrobium
22	Bacteria	Pseudomonadota	Alphaproteobacteria	Hyphomicrobiales	Hyphomicrobiaceae	Hyphomicrobium	Hyphomicrobium_denitrificans
0	Bacteria	Pseudomonadota	Alphaproteobacteria	Hyphomicrobiales	Methylobacteriaceae
0	Bacteria	Pseudomonadota	Alphaproteobacteria	Hyphomicrobiales	Methylobacteriaceae	Methylorubrum
39	Bacteria	Pseudomonadota	Alphaproteobacteria	Hyphomicrobiales	Methylobacteriaceae	Methylorubrum	Methylorubrum_extorquens
0	Bacteria	Pseudomonadota	Alphaproteobacteria	Hyphomicrobiales	Xanthobacteraceae
0	Bacteria	Pseudomonadota	Alphaproteobacteria	Hyphomicrobiales	Xanthobacteraceae	Pseudolabrys
23	Bacteria	Pseudomonadota	Alphaproteobacteria	Hyphomicrobiales	Xanthobacteraceae	Pseudolabrys	Pseudolabrys_taiwanensis
0	Bacteria	Pseudomonadota	Alphaproteobacteria	Sphingomonadales
0	Bacteria	Pseudomonadota	Alphaproteobacteria	Sphingomonadales	Sphingomonadaceae
0	Bacteria	Pseudomonadota	Alphaproteobacteria	Sphingomonadales	Sphingomonadaceae	Sphingomonas
58	Bacteria	Pseudomonadota	Alphaproteobacteria	Sphingomonadales	Sphingomonadaceae	Sphingomonas	Sphingomonas_sp._QA11
66	Bacteria	Pseudomonadota	Alphaproteobacteria	Sphingomonadales	Sphingomonadaceae	Sphingomonas	Sphingomonas_sp._PAMC26645
68	Bacteria	Pseudomonadota	Alphaproteobacteria	Sphingomonadales	Sphingomonadaceae	Sphingomonas	Sphingomonas_sp._HMP9
37	Bacteria	Pseudomonadota	Alphaproteobacteria	Sphingomonadales	Sphingomonadaceae	Sphingomonas	Sphingomonas_lutea
0	Bacteria	Pseudomonadota	Alphaproteobacteria	Rhodobacterales
0	Bacteria	Pseudomonadota	Alphaproteobacteria	Rhodobacterales	Paracoccaceae
0	Bacteria	Pseudomonadota	Alphaproteobacteria	Rhodobacterales	Paracoccaceae	Cereibacter
70	Bacteria	Pseudomonadota	Alphaproteobacteria	Rhodobacterales	Paracoccaceae	Cereibacter	Cereibacter_sphaeroides
0	Bacteria	Pseudomonadota	Alphaproteobacteria	Caulobacterales
0	Bacteria	Pseudomonadota	Alphaproteobacteria	Caulobacterales	Caulobacteraceae
0	Bacteria	Pseudomonadota	Alphaproteobacteria	Caulobacterales	Caulobacteraceae	Caulobacter
59	Bacteria	Pseudomonadota	Alphaproteobacteria	Caulobacterales	Caulobacteraceae	Caulobacter	Caulobacter_segnis
0	Bacteria	Campylobacterota
0	Bacteria	Campylobacterota	Epsilonproteobacteria
0	Bacteria	Campylobacterota	Epsilonproteobacteria	Campylobacterales
0	Bacteria	Campylobacterota	Epsilonproteobacteria	Campylobacterales	Campylobacteraceae
0	Bacteria	Campylobacterota	Epsilonproteobacteria	Campylobacterales	Campylobacteraceae	Campylobacter
9252	Bacteria	Campylobacterota	Epsilonproteobacteria	Campylobacterales	Campylobacteraceae	Campylobacter	Campylobacter_concisus
73	Bacteria	Campylobacterota	Epsilonproteobacteria	Campylobacterales	Campylobacteraceae	Campylobacter	Campylobacter_showae
61	Bacteria	Campylobacterota	Epsilonproteobacteria	Campylobacterales	Campylobacteraceae	Campylobacter	Campylobacter_rectus
15	Bacteria	Campylobacterota	Epsilonproteobacteria	Campylobacterales	Campylobacteraceae	Campylobacter	Campylobacter_sp._RM6914
11	Bacteria	Campylobacterota	Epsilonproteobacteria	Campylobacterales	Campylobacteraceae	Campylobacter	Campylobacter_curvus
0	Bacteria	Campylobacterota	Epsilonproteobacteria	Campylobacterales	Arcobacteraceae
0	Bacteria	Campylobacterota	Epsilonproteobacteria	Campylobacterales	Arcobacteraceae	Arcobacter
24	Bacteria	Campylobacterota	Epsilonproteobacteria	Campylobacterales	Arcobacteraceae	Arcobacter	Arcobacter_suis
15	Bacteria	Campylobacterota	Epsilonproteobacteria	Campylobacterales	Arcobacteraceae	Arcobacter	Arcobacter_acticola
0	Bacteria	Campylobacterota	Epsilonproteobacteria	Campylobacterales	Arcobacteraceae	Aliarcobacter
37	Bacteria	Campylobacterota	Epsilonproteobacteria	Campylobacterales	Arcobacteraceae	Aliarcobacter	Aliarcobacter_cryaerophilus
0	Bacteria	Fusobacteriota
0	Bacteria	Fusobacteriota	Fusobacteriia
0	Bacteria	Fusobacteriota	Fusobacteriia	Fusobacteriales
0	Bacteria	Fusobacteriota	Fusobacteriia	Fusobacteriales	Leptotrichiaceae
0	Bacteria	Fusobacteriota	Fusobacteriia	Fusobacteriales	Leptotrichiaceae	Leptotrichia
5433	Bacteria	Fusobacteriota	Fusobacteriia	Fusobacteriales	Leptotrichiaceae	Leptotrichia	Leptotrichia_wadei
366	Bacteria	Fusobacteriota	Fusobacteriia	Fusobacteriales	Leptotrichiaceae	Leptotrichia	Leptotrichia_sp._oral_taxon_221
364	Bacteria	Fusobacteriota	Fusobacteriia	Fusobacteriales	Leptotrichiaceae	Leptotrichia	Leptotrichia_sp._oral_taxon_218
114	Bacteria	Fusobacteriota	Fusobacteriia	Fusobacteriales	Leptotrichiaceae	Leptotrichia	Leptotrichia_sp._oral_taxon_498
84	Bacteria	Fusobacteriota	Fusobacteriia	Fusobacteriales	Leptotrichiaceae	Leptotrichia	Leptotrichia_sp._oral_taxon_212
58	Bacteria	Fusobacteriota	Fusobacteriia	Fusobacteriales	Leptotrichiaceae	Leptotrichia	Leptotrichia_sp._oral_taxon_847
262	Bacteria	Fusobacteriota	Fusobacteriia	Fusobacteriales	Leptotrichiaceae	Leptotrichia	Leptotrichia_shahii
188	Bacteria	Fusobacteriota	Fusobacteriia	Fusobacteriales	Leptotrichiaceae	Leptotrichia	Leptotrichia_trevisanii
99	Bacteria	Fusobacteriota	Fusobacteriia	Fusobacteriales	Leptotrichiaceae	Leptotrichia	Leptotrichia_buccalis
82	Bacteria	Fusobacteriota	Fusobacteriia	Fusobacteriales	Leptotrichiaceae	Leptotrichia	Leptotrichia_hofstadii
69	Bacteria	Fusobacteriota	Fusobacteriia	Fusobacteriales	Leptotrichiaceae	Leptotrichia	Leptotrichia_hongkongensis
0	Bacteria	Fusobacteriota	Fusobacteriia	Fusobacteriales	Leptotrichiaceae	Streptobacillus
13	Bacteria	Fusobacteriota	Fusobacteriia	Fusobacteriales	Leptotrichiaceae	Streptobacillus	Streptobacillus_moniliformis
0	Bacteria	Fusobacteriota	Fusobacteriia	Fusobacteriales	Fusobacteriaceae
0	Bacteria	Fusobacteriota	Fusobacteriia	Fusobacteriales	Fusobacteriaceae	Fusobacterium
776	Bacteria	Fusobacteriota	Fusobacteriia	Fusobacteriales	Fusobacteriaceae	Fusobacterium	Fusobacterium_pseudoperiodonticum
511	Bacteria	Fusobacteriota	Fusobacteriia	Fusobacteriales	Fusobacteriaceae	Fusobacterium	Fusobacterium_nucleatum
211	Bacteria	Fusobacteriota	Fusobacteriia	Fusobacteriales	Fusobacteriaceae	Fusobacterium	Fusobacterium_periodonticum
29	Bacteria	Fusobacteriota	Fusobacteriia	Fusobacteriales	Fusobacteriaceae	Fusobacterium	Fusobacterium_hwasookii
15	Bacteria	Fusobacteriota	Fusobacteriia	Fusobacteriales	Fusobacteriaceae	Fusobacterium	Fusobacterium_canifelinum
0	Bacteria	Candidatus_Saccharibacteria
0	Bacteria	Candidatus_Saccharibacteria	Candidatus_Saccharimonadia
0	Bacteria	Candidatus_Saccharibacteria	Candidatus_Saccharimonadia	Candidatus_Nanosynbacterales
0	Bacteria	Candidatus_Saccharibacteria	Candidatus_Saccharimonadia	Candidatus_Nanosynbacterales	Candidatus_Nanosynbacteraceae
0	Bacteria	Candidatus_Saccharibacteria	Candidatus_Saccharimonadia	Candidatus_Nanosynbacterales	Candidatus_Nanosynbacteraceae	Candidatus_Nanosynbacter
1817	Bacteria	Candidatus_Saccharibacteria	Candidatus_Saccharimonadia	Candidatus_Nanosynbacterales	Candidatus_Nanosynbacteraceae	Candidatus_Nanosynbacter	Candidatus_Nanosynbacter_sp._HMT-352
15	Bacteria	Candidatus_Saccharibacteria	Candidatus_Saccharimonadia	Candidatus_Nanosynbacterales	Candidatus_Nanosynbacteraceae	Candidatus_Nanosynbacter	Candidatus_Nanosynbacter_lyticus
0	Bacteria	Candidatus_Saccharibacteria	Candidatus_Saccharimonadia	Candidatus_Saccharimonadales
0	Bacteria	Candidatus_Saccharibacteria	Candidatus_Saccharimonadia	Candidatus_Saccharimonadales	Candidatus_Saccharimonadaceae
0	Bacteria	Candidatus_Saccharibacteria	Candidatus_Saccharimonadia	Candidatus_Saccharimonadales	Candidatus_Saccharimonadaceae	Candidatus_Saccharimonas
10	Bacteria	Candidatus_Saccharibacteria	Candidatus_Saccharimonadia	Candidatus_Saccharimonadales	Candidatus_Saccharimonadaceae	Candidatus_Saccharimonas	Candidatus_Saccharimonas_aalborgensis
0	Bacteria	Candidatus_Saccharibacteria	Candidatus_Minimicrobia
288	Bacteria	Candidatus_Saccharibacteria	Candidatus_Minimicrobia	Candidatus_Minimicrobia_vallesae
0	Bacteria	Spirochaetota
0	Bacteria	Spirochaetota	Spirochaetia
0	Bacteria	Spirochaetota	Spirochaetia	Spirochaetales
0	Bacteria	Spirochaetota	Spirochaetia	Spirochaetales	Treponemataceae
0	Bacteria	Spirochaetota	Spirochaetia	Spirochaetales	Treponemataceae	Treponema
37	Bacteria	Spirochaetota	Spirochaetia	Spirochaetales	Treponemataceae	Treponema	Treponema_sp._OMZ_857
45	Bacteria	Spirochaetota	Spirochaetia	Spirochaetales	Treponemataceae	Treponema	Treponema_sp._OMZ_906
43	Bacteria	Spirochaetota	Spirochaetia	Spirochaetales	Treponemataceae	Treponema	Treponema_sp._OMZ_838
14	Bacteria	Spirochaetota	Spirochaetia	Spirochaetales	Treponemataceae	Treponema	Treponema_sp._Marseille-Q4132
29	Bacteria	Spirochaetota	Spirochaetia	Spirochaetales	Treponemataceae	Treponema	Treponema_sp._OMZ_855
23	Bacteria	Spirochaetota	Spirochaetia	Spirochaetales	Treponemataceae	Treponema	Treponema_sp._OMZ_305
26	Bacteria	Spirochaetota	Spirochaetia	Spirochaetales	Treponemataceae	Treponema	Treponema_sp._OMZ_803
94	Bacteria	Spirochaetota	Spirochaetia	Spirochaetales	Treponemataceae	Treponema	Treponema_vincentii
73	Bacteria	Spirochaetota	Spirochaetia	Spirochaetales	Treponemataceae	Treponema	Treponema_medium
57	Bacteria	Spirochaetota	Spirochaetia	Spirochaetales	Treponemataceae	Treponema	Treponema_socranskii
69	Bacteria	Spirochaetota	Spirochaetia	Spirochaetales	Treponemataceae	Treponema	Treponema_denticola
0	Bacteria	Planctomycetota
0	Bacteria	Planctomycetota	Planctomycetia
0	Bacteria	Planctomycetota	Planctomycetia	Isosphaerales
0	Bacteria	Planctomycetota	Planctomycetia	Isosphaerales	Isosphaeraceae
0	Bacteria	Planctomycetota	Planctomycetia	Isosphaerales	Isosphaeraceae	Singulisphaera
24	Bacteria	Planctomycetota	Planctomycetia	Isosphaerales	Isosphaeraceae	Singulisphaera	Singulisphaera_acidiphila
0	Bacteria	Planctomycetota	Planctomycetia	Isosphaerales	Isosphaeraceae	Aquisphaera
17	Bacteria	Planctomycetota	Planctomycetia	Isosphaerales	Isosphaeraceae	Aquisphaera	Aquisphaera_giovannonii
0	Bacteria	Planctomycetota	Planctomycetia	Isosphaerales	Isosphaeraceae	Tautonia
14	Bacteria	Planctomycetota	Planctomycetia	Isosphaerales	Isosphaeraceae	Tautonia	Tautonia_plasticadhaerens
0	Bacteria	Planctomycetota	Planctomycetia	Isosphaerales	Isosphaeraceae	Paludisphaera
14	Bacteria	Planctomycetota	Planctomycetia	Isosphaerales	Isosphaeraceae	Paludisphaera	Paludisphaera_borealis
0	Bacteria	Planctomycetota	Planctomycetia	Gemmatales
0	Bacteria	Planctomycetota	Planctomycetia	Gemmatales	Gemmataceae
0	Bacteria	Planctomycetota	Planctomycetia	Gemmatales	Gemmataceae	Limnoglobus
26	Bacteria	Planctomycetota	Planctomycetia	Gemmatales	Gemmataceae	Limnoglobus	Limnoglobus_roseus
0	Bacteria	Planctomycetota	Planctomycetia	Gemmatales	Gemmataceae	Urbifossiella
23	Bacteria	Planctomycetota	Planctomycetia	Gemmatales	Gemmataceae	Urbifossiella	Urbifossiella_limnaea
0	Bacteria	Planctomycetota	Planctomycetia	Planctomycetales
0	Bacteria	Planctomycetota	Planctomycetia	Planctomycetales	Planctomycetaceae
0	Bacteria	Planctomycetota	Planctomycetia	Planctomycetales	Planctomycetaceae	Planctomyces
15	Bacteria	Planctomycetota	Planctomycetia	Planctomycetales	Planctomycetaceae	Planctomyces	Planctomyces_sp._SH-PL62
0	Bacteria	Planctomycetota	Planctomycetia	Planctomycetales	Planctomycetaceae	Caulifigura
14	Bacteria	Planctomycetota	Planctomycetia	Planctomycetales	Planctomycetaceae	Caulifigura	Caulifigura_coniformis
0	Bacteria	Verrucomicrobiota
0	Bacteria	Verrucomicrobiota	Opitutae
0	Bacteria	Verrucomicrobiota	Opitutae	Opitutales
0	Bacteria	Verrucomicrobiota	Opitutae	Opitutales	Opitutaceae
0	Bacteria	Verrucomicrobiota	Opitutae	Opitutales	Opitutaceae	Opitutus
21	Bacteria	Verrucomicrobiota	Opitutae	Opitutales	Opitutaceae	Opitutus	Opitutus_terrae
20	Bacteria	Verrucomicrobiota	Opitutae	Opitutales	Opitutaceae	Opitutus	Opitutus_sp._GAS368
0	Bacteria	Verrucomicrobiota	Opitutae	Opitutales	Opitutaceae	Lacunisphaera
19	Bacteria	Verrucomicrobiota	Opitutae	Opitutales	Opitutaceae	Lacunisphaera	Lacunisphaera_limnophila
0	Bacteria	Verrucomicrobiota	Opitutae	Opitutales	Opitutaceae	Nibricoccus
12	Bacteria	Verrucomicrobiota	Opitutae	Opitutales	Opitutaceae	Nibricoccus	Nibricoccus_aquaticus
0	Bacteria	Verrucomicrobiota	Verrucomicrobiae
0	Bacteria	Verrucomicrobiota	Verrucomicrobiae	Verrucomicrobiales
0	Bacteria	Verrucomicrobiota	Verrucomicrobiae	Verrucomicrobiales	Verrucomicrobiaceae
0	Bacteria	Verrucomicrobiota	Verrucomicrobiae	Verrucomicrobiales	Verrucomicrobiaceae	Roseimicrobium
13	Bacteria	Verrucomicrobiota	Verrucomicrobiae	Verrucomicrobiales	Verrucomicrobiaceae	Roseimicrobium	Roseimicrobium_sp._ORNL1
0	Bacteria	Verrucomicrobiota	Verrucomicrobiae	Verrucomicrobiales	Verrucomicrobiaceae	Luteolibacter
13	Bacteria	Verrucomicrobiota	Verrucomicrobiae	Verrucomicrobiales	Verrucomicrobiaceae	Luteolibacter	Luteolibacter_sp._SL250
0	Bacteria	Verrucomicrobiota	Verrucomicrobiae	Verrucomicrobiales	Akkermansiaceae
0	Bacteria	Verrucomicrobiota	Verrucomicrobiae	Verrucomicrobiales	Akkermansiaceae	Akkermansia
19	Bacteria	Verrucomicrobiota	Verrucomicrobiae	Verrucomicrobiales	Akkermansiaceae	Akkermansia	Akkermansia_muciniphila
0	Bacteria	Myxococcota
0	Bacteria	Myxococcota	Myxococcia
0	Bacteria	Myxococcota	Myxococcia	Polyangiales
0	Bacteria	Myxococcota	Myxococcia	Polyangiales	Polyangiaceae
0	Bacteria	Myxococcota	Myxococcia	Polyangiales	Polyangiaceae	Sorangium
42	Bacteria	Myxococcota	Myxococcia	Polyangiales	Polyangiaceae	Sorangium	Sorangium_cellulosum
0	Bacteria	Myxococcota	Myxococcia	Polyangiales	Sandaracinaceae
0	Bacteria	Myxococcota	Myxococcia	Polyangiales	Sandaracinaceae	Sandaracinus
20	Bacteria	Myxococcota	Myxococcia	Polyangiales	Sandaracinaceae	Sandaracinus	Sandaracinus_amylolyticus
0	Bacteria	Myxococcota	Myxococcia	Polyangiales	Labilitrichaceae
0	Bacteria	Myxococcota	Myxococcia	Polyangiales	Labilitrichaceae	Labilithrix
19	Bacteria	Myxococcota	Myxococcia	Polyangiales	Labilitrichaceae	Labilithrix	Labilithrix_luteola
0	Bacteria	Myxococcota	Myxococcia	Nannocystales
0	Bacteria	Myxococcota	Myxococcia	Nannocystales	Nannocystaceae
0	Bacteria	Myxococcota	Myxococcia	Nannocystales	Nannocystaceae	Nannocystis
22	Bacteria	Myxococcota	Myxococcia	Nannocystales	Nannocystaceae	Nannocystis	Nannocystis_sp._fl3
0	Bacteria	Myxococcota	Myxococcia	Myxococcales
0	Bacteria	Myxococcota	Myxococcia	Myxococcales	Anaeromyxobacteraceae
0	Bacteria	Myxococcota	Myxococcia	Myxococcales	Anaeromyxobacteraceae	Anaeromyxobacter
20	Bacteria	Myxococcota	Myxococcia	Myxococcales	Anaeromyxobacteraceae	Anaeromyxobacter	Anaeromyxobacter_dehalogenans
0	Bacteria	Myxococcota	Myxococcia	Myxococcales	Archangiaceae
0	Bacteria	Myxococcota	Myxococcia	Myxococcales	Archangiaceae	Archangium
15	Bacteria	Myxococcota	Myxococcia	Myxococcales	Archangiaceae	Archangium	Archangium_violaceum
0	Bacteria	Acidobacteriota
0	Bacteria	Acidobacteriota	Vicinamibacteria
0	Bacteria	Acidobacteriota	Vicinamibacteria	Vicinamibacterales
0	Bacteria	Acidobacteriota	Vicinamibacteria	Vicinamibacterales	Vicinamibacteraceae
0	Bacteria	Acidobacteriota	Vicinamibacteria	Vicinamibacterales	Vicinamibacteraceae	Luteitalea
15	Bacteria	Acidobacteriota	Vicinamibacteria	Vicinamibacterales	Vicinamibacteraceae	Luteitalea	Luteitalea_pratensis
0	Eukaryota
0	Eukaryota	Chordata
0	Eukaryota	Chordata	Mammalia
0	Eukaryota	Chordata	Mammalia	Primates
0	Eukaryota	Chordata	Mammalia	Primates	Hominidae
0	Eukaryota	Chordata	Mammalia	Primates	Hominidae	Homo
506	Eukaryota	Chordata	Mammalia	Primates	Hominidae	Homo	Homo_sapiens
0	Eukaryota	Basidiomycota
0	Eukaryota	Basidiomycota	Malasseziomycetes
0	Eukaryota	Basidiomycota	Malasseziomycetes	Malasseziales
0	Eukaryota	Basidiomycota	Malasseziomycetes	Malasseziales	Malasseziaceae
0	Eukaryota	Basidiomycota	Malasseziomycetes	Malasseziales	Malasseziaceae	Malassezia
12	Eukaryota	Basidiomycota	Malasseziomycetes	Malasseziales	Malasseziaceae	Malassezia	Malassezia_restricta
0	Eukaryota	Bacillariophyta
0	Eukaryota	Bacillariophyta	Coscinodiscophyceae
0	Eukaryota	Bacillariophyta	Coscinodiscophyceae	Thalassiosirales
0	Eukaryota	Bacillariophyta	Coscinodiscophyceae	Thalassiosirales	Thalassiosiraceae
0	Eukaryota	Bacillariophyta	Coscinodiscophyceae	Thalassiosirales	Thalassiosiraceae	Thalassiosira
25	Eukaryota	Bacillariophyta	Coscinodiscophyceae	Thalassiosirales	Thalassiosiraceae	Thalassiosira	Thalassiosira_pseudonana
0	Eukaryota	Bacillariophyta	Bacillariophyceae
0	Eukaryota	Bacillariophyta	Bacillariophyceae	Naviculales
0	Eukaryota	Bacillariophyta	Bacillariophyceae	Naviculales	Phaeodactylaceae
0	Eukaryota	Bacillariophyta	Bacillariophyceae	Naviculales	Phaeodactylaceae	Phaeodactylum
10	Eukaryota	Bacillariophyta	Bacillariophyceae	Naviculales	Phaeodactylaceae	Phaeodactylum	Phaeodactylum_tricornutum
0	Viruses
0	Viruses	Uroviricota
0	Viruses	Uroviricota	Caudoviricetes
0	Viruses	Uroviricota	Caudoviricetes	Vhmlvirus
76	Viruses	Uroviricota	Caudoviricetes	Vhmlvirus	Vhmlvirus_VP585
24	Viruses	Uroviricota	Caudoviricetes	Vhmlvirus	Vhmlvirus_mar
0	Viruses	Pisuviricota
0	Viruses	Pisuviricota	Pisoniviricetes
0	Viruses	Pisuviricota	Pisoniviricetes	Nidovirales
0	Viruses	Pisuviricota	Pisoniviricetes	Nidovirales	Coronaviridae
0	Viruses	Pisuviricota	Pisoniviricetes	Nidovirales	Coronaviridae	Betacoronavirus
92	Viruses	Pisuviricota	Pisoniviricetes	Nidovirales	Coronaviridae	Betacoronavirus	Severe_acute_respiratory_syndrome-related_coronavirus
