0	Bacteria
0	Bacteria	Actinomycetota
0	Bacteria	Actinomycetota	Actinomycetes
0	Bacteria	Actinomycetota	Actinomycetes	Mycobacteriales
0	Bacteria	Actinomycetota	Actinomycetes	Mycobacteriales	Corynebacteriaceae
0	Bacteria	Actinomycetota	Actinomycetes	Mycobacteriales	Corynebacteriaceae	Corynebacterium
470	Bacteria	Actinomycetota	Actinomycetes	Mycobacteriales	Corynebacteriaceae	Corynebacterium	Corynebacterium_segmentosum
386	Bacteria	Actinomycetota	Actinomycetes	Mycobacteriales	Corynebacteriaceae	Corynebacterium	Corynebacterium_accolens
52	Bacteria	Actinomycetota	Actinomycetes	Mycobacteriales	Corynebacteriaceae	Corynebacterium	Corynebacterium_macginleyi
64	Bacteria	Actinomycetota	Actinomycetes	Mycobacteriales	Corynebacteriaceae	Corynebacterium	Corynebacterium_striatum
25	Bacteria	Actinomycetota	Actinomycetes	Mycobacteriales	Corynebacteriaceae	Corynebacterium	Corynebacterium_glucuronolyticum
23	Bacteria	Actinomycetota	Actinomycetes	Mycobacteriales	Corynebacteriaceae	Corynebacterium	Corynebacterium_tuberculostearicum
0	Bacteria	Actinomycetota	Actinomycetes	Propionibacteriales
0	Bacteria	Actinomycetota	Actinomycetes	Propionibacteriales	Propionibacteriaceae
0	Bacteria	Actinomycetota	Actinomycetes	Propionibacteriales	Propionibacteriaceae	Cutibacterium
76	Bacteria	Actinomycetota	Actinomycetes	Propionibacteriales	Propionibacteriaceae	Cutibacterium	Cutibacterium_acnes
49	Bacteria	Actinomycetota	Actinomycetes	Propionibacteriales	Propionibacteriaceae	Cutibacterium	Cutibacterium_granulosum
0	Bacteria	Actinomycetota	Actinomycetes	Micrococcales
0	Bacteria	Actinomycetota	Actinomycetes	Micrococcales	Micrococcaceae
0	Bacteria	Actinomycetota	Actinomycetes	Micrococcales	Micrococcaceae	Rothia
48	Bacteria	Actinomycetota	Actinomycetes	Micrococcales	Micrococcaceae	Rothia	Rothia_mucilaginosa
36	Bacteria	Actinomycetota	Actinomycetes	Micrococcales	Micrococcaceae	Rothia	Rothia_kristinae
0	Bacteria	Actinomycetota	Actinomycetes	Micrococcales	Micrococcaceae	Kocuria
25	Bacteria	Actinomycetota	Actinomycetes	Micrococcales	Micrococcaceae	Kocuria	Kocuria_rhizophila
0	Bacteria	Bacillota
0	Bacteria	Bacillota	Bacilli
0	Bacteria	Bacillota	Bacilli	Bacillales
0	Bacteria	Bacillota	Bacilli	Bacillales	Staphylococcaceae
0	Bacteria	Bacillota	Bacilli	Bacillales	Staphylococcaceae	Staphylococcus
64	Bacteria	Bacillota	Bacilli	Bacillales	Staphylococcaceae	Staphylococcus	Staphylococcus_cohnii
0	Bacteria	Bacillota	Tissierellia
0	Bacteria	Bacillota	Tissierellia	Tissierellales
0	Bacteria	Bacillota	Tissierellia	Tissierellales	Peptoniphilaceae
0	Bacteria	Bacillota	Tissierellia	Tissierellales	Peptoniphilaceae	Anaerococcus
51	Bacteria	Bacillota	Tissierellia	Tissierellales	Peptoniphilaceae	Anaerococcus	Anaerococcus_prevotii
0	Bacteria	Cyanobacteriota
0	Bacteria	Cyanobacteriota	Cyanophyceae
0	Bacteria	Cyanobacteriota	Cyanophyceae	Oscillatoriales
0	Bacteria	Cyanobacteriota	Cyanophyceae	Oscillatoriales	Sirenicapillariaceae
0	Bacteria	Cyanobacteriota	Cyanophyceae	Oscillatoriales	Sirenicapillariaceae	Limnospira
53	Bacteria	Cyanobacteriota	Cyanophyceae	Oscillatoriales	Sirenicapillariaceae	Limnospira	Limnospira_indica
0	Bacteria	Cyanobacteriota	Cyanophyceae	Nostocales
0	Bacteria	Cyanobacteriota	Cyanophyceae	Nostocales	Calotrichaceae
0	Bacteria	Cyanobacteriota	Cyanophyceae	Nostocales	Calotrichaceae	Calothrix
19	Bacteria	Cyanobacteriota	Cyanophyceae	Nostocales	Calotrichaceae	Calothrix	Calothrix_sp._PCC_6303
0	Bacteria	Pseudomonadota
0	Bacteria	Pseudomonadota	Gammaproteobacteria
0	Bacteria	Pseudomonadota	Gammaproteobacteria	Moraxellales
0	Bacteria	Pseudomonadota	Gammaproteobacteria	Moraxellales	Moraxellaceae
0	Bacteria	Pseudomonadota	Gammaproteobacteria	Moraxellales	Moraxellaceae	Acinetobacter
600	Bacteria	Pseudomonadota	Gammaproteobacteria	Moraxellales	Moraxellaceae	Acinetobacter	Acinetobacter_junii
0	Bacteria	Pseudomonadota	Gammaproteobacteria	Moraxellales	Moraxellaceae	Moraxella
23	Bacteria	Pseudomonadota	Gammaproteobacteria	Moraxellales	Moraxellaceae	Moraxella	Moraxella_osloensis
0	Bacteria	Pseudomonadota	Gammaproteobacteria	Xanthomonadales
0	Bacteria	Pseudomonadota	Gammaproteobacteria	Xanthomonadales	Xanthomonadaceae
0	Bacteria	Pseudomonadota	Gammaproteobacteria	Xanthomonadales	Xanthomonadaceae	Stenotrophomonas
42	Bacteria	Pseudomonadota	Gammaproteobacteria	Xanthomonadales	Xanthomonadaceae	Stenotrophomonas	Stenotrophomonas_maltophilia
0	Bacteria	Pseudomonadota	Gammaproteobacteria	Xanthomonadales	Xanthomonadaceae	Xanthomonas
27	Bacteria	Pseudomonadota	Gammaproteobacteria	Xanthomonadales	Xanthomonadaceae	Xanthomonas	Xanthomonas_campestris
0	Bacteria	Pseudomonadota	Gammaproteobacteria	Oceanospirillales
0	Bacteria	Pseudomonadota	Gammaproteobacteria	Oceanospirillales	Halomonadaceae
0	Bacteria	Pseudomonadota	Gammaproteobacteria	Oceanospirillales	Halomonadaceae	Halomonas
56	Bacteria	Pseudomonadota	Gammaproteobacteria	Oceanospirillales	Halomonadaceae	Halomonas	Halomonas_sp._JS92-SW72
0	Bacteria	Pseudomonadota	Betaproteobacteria
0	Bacteria	Pseudomonadota	Betaproteobacteria	Burkholderiales
0	Bacteria	Pseudomonadota	Betaproteobacteria	Burkholderiales	Burkholderiaceae
0	Bacteria	Pseudomonadota	Betaproteobacteria	Burkholderiales	Burkholderiaceae	Burkholderia
271	Bacteria	Pseudomonadota	Betaproteobacteria	Burkholderiales	Burkholderiaceae	Burkholderia	Burkholderia_cenocepacia
0	Bacteria	Pseudomonadota	Alphaproteobacteria
0	Bacteria	Pseudomonadota	Alphaproteobacteria	Hyphomicrobiales
0	Bacteria	Pseudomonadota	Alphaproteobacteria	Hyphomicrobiales	Phyllobacteriaceae
0	Bacteria	Pseudomonadota	Alphaproteobacteria	Hyphomicrobiales	Phyllobacteriaceae	Mesorhizobium
49	Bacteria	Pseudomonadota	Alphaproteobacteria	Hyphomicrobiales	Phyllobacteriaceae	Mesorhizobium	Mesorhizobium_terrae
0	Bacteria	Pseudomonadota	Alphaproteobacteria	Hyphomicrobiales	Nitrobacteraceae
0	Bacteria	Pseudomonadota	Alphaproteobacteria	Hyphomicrobiales	Nitrobacteraceae	Bradyrhizobium
25	Bacteria	Pseudomonadota	Alphaproteobacteria	Hyphomicrobiales	Nitrobacteraceae	Bradyrhizobium	Bradyrhizobium_sp._SK17
0	Bacteria	Pseudomonadota	Alphaproteobacteria	Caulobacterales
0	Bacteria	Pseudomonadota	Alphaproteobacteria	Caulobacterales	Caulobacteraceae
0	Bacteria	Pseudomonadota	Alphaproteobacteria	Caulobacterales	Caulobacteraceae	Brevundimonas
33	Bacteria	Pseudomonadota	Alphaproteobacteria	Caulobacterales	Caulobacteraceae	Brevundimonas	Brevundimonas_sp._Bb-A
0	Bacteria	Myxococcota
0	Bacteria	Myxococcota	Myxococcia
0	Bacteria	Myxococcota	Myxococcia	Myxococcales
0	Bacteria	Myxococcota	Myxococcia	Myxococcales	Archangiaceae
0	Bacteria	Myxococcota	Myxococcia	Myxococcales	Archangiaceae	Archangium
50	Bacteria	Myxococcota	Myxococcia	Myxococcales	Archangiaceae	Archangium	Archangium_gephyra
11	Bacteria	Myxococcota	Myxococcia	Myxococcales	Archangiaceae	Archangium	Archangium_violaceum
0	Bacteria	Verrucomicrobiota
0	Bacteria	Verrucomicrobiota	Verrucomicrobiae
0	Bacteria	Verrucomicrobiota	Verrucomicrobiae	Verrucomicrobiales
0	Bacteria	Verrucomicrobiota	Verrucomicrobiae	Verrucomicrobiales	Verrucomicrobiaceae
0	Bacteria	Verrucomicrobiota	Verrucomicrobiae	Verrucomicrobiales	Verrucomicrobiaceae	Verrucomicrobium
22	Bacteria	Verrucomicrobiota	Verrucomicrobiae	Verrucomicrobiales	Verrucomicrobiaceae	Verrucomicrobium	Verrucomicrobium_spinosum
0	Eukaryota
0	Eukaryota	Bacillariophyta
0	Eukaryota	Bacillariophyta	Bacillariophyceae
0	Eukaryota	Bacillariophyta	Bacillariophyceae	Naviculales
0	Eukaryota	Bacillariophyta	Bacillariophyceae	Naviculales	Phaeodactylaceae
0	Eukaryota	Bacillariophyta	Bacillariophyceae	Naviculales	Phaeodactylaceae	Phaeodactylum
185	Eukaryota	Bacillariophyta	Bacillariophyceae	Naviculales	Phaeodactylaceae	Phaeodactylum	Phaeodactylum_tricornutum
0	Eukaryota	Bacillariophyta	Coscinodiscophyceae
0	Eukaryota	Bacillariophyta	Coscinodiscophyceae	Thalassiosirales
0	Eukaryota	Bacillariophyta	Coscinodiscophyceae	Thalassiosirales	Thalassiosiraceae
0	Eukaryota	Bacillariophyta	Coscinodiscophyceae	Thalassiosirales	Thalassiosiraceae	Thalassiosira
143	Eukaryota	Bacillariophyta	Coscinodiscophyceae	Thalassiosirales	Thalassiosiraceae	Thalassiosira	Thalassiosira_pseudonana
0	Eukaryota	Chordata
0	Eukaryota	Chordata	Mammalia
0	Eukaryota	Chordata	Mammalia	Primates
0	Eukaryota	Chordata	Mammalia	Primates	Hominidae
0	Eukaryota	Chordata	Mammalia	Primates	Hominidae	Homo
71	Eukaryota	Chordata	Mammalia	Primates	Hominidae	Homo	Homo_sapiens
0	Eukaryota	Basidiomycota
0	Eukaryota	Basidiomycota	Malasseziomycetes
0	Eukaryota	Basidiomycota	Malasseziomycetes	Malasseziales
0	Eukaryota	Basidiomycota	Malasseziomycetes	Malasseziales	Malasseziaceae
0	Eukaryota	Basidiomycota	Malasseziomycetes	Malasseziales	Malasseziaceae	Malassezia
40	Eukaryota	Basidiomycota	Malasseziomycetes	Malasseziales	Malasseziaceae	Malassezia	Malassezia_restricta
0	Eukaryota	Cryptophyceae
0	Eukaryota	Cryptophyceae	Pyrenomonadales
0	Eukaryota	Cryptophyceae	Pyrenomonadales	Geminigeraceae
0	Eukaryota	Cryptophyceae	Pyrenomonadales	Geminigeraceae	Guillardia
56	Eukaryota	Cryptophyceae	Pyrenomonadales	Geminigeraceae	Guillardia	Guillardia_theta
0	Viruses
0	Viruses	Pisuviricota
0	Viruses	Pisuviricota	Pisoniviricetes
0	Viruses	Pisuviricota	Pisoniviricetes	Nidovirales
0	Viruses	Pisuviricota	Pisoniviricetes	Nidovirales	Coronaviridae
0	Viruses	Pisuviricota	Pisoniviricetes	Nidovirales	Coronaviridae	Betacoronavirus
24	Viruses	Pisuviricota	Pisoniviricetes	Nidovirales	Coronaviridae	Betacoronavirus	Severe_acute_respiratory_syndrome-related_coronavirus
