0	Bacteria
0	Bacteria	Pseudomonadota
0	Bacteria	Pseudomonadota	Gammaproteobacteria
0	Bacteria	Pseudomonadota	Gammaproteobacteria	Moraxellales
0	Bacteria	Pseudomonadota	Gammaproteobacteria	Moraxellales	Moraxellaceae
0	Bacteria	Pseudomonadota	Gammaproteobacteria	Moraxellales	Moraxellaceae	Moraxella
19969	Bacteria	Pseudomonadota	Gammaproteobacteria	Moraxellales	Moraxellaceae	Moraxella	Moraxella_nonliquefaciens
3843	Bacteria	Pseudomonadota	Gammaproteobacteria	Moraxellales	Moraxellaceae	Moraxella	Moraxella_catarrhalis
6730	Bacteria	Pseudomonadota	Gammaproteobacteria	Moraxellales	Moraxellaceae	Moraxella	Moraxella_bovoculi
63	Bacteria	Pseudomonadota	Gammaproteobacteria	Moraxellales	Moraxellaceae	Moraxella	Moraxella_sp._ZY201224
348	Bacteria	Pseudomonadota	Gammaproteobacteria	Moraxellales	Moraxellaceae	Moraxella	Moraxella_bovis
484	Bacteria	Pseudomonadota	Gammaproteobacteria	Moraxellales	Moraxellaceae	Moraxella	Moraxella_osloensis
0	Bacteria	Pseudomonadota	Gammaproteobacteria	Moraxellales	Moraxellaceae	Acinetobacter
399	Bacteria	Pseudomonadota	Gammaproteobacteria	Moraxellales	Moraxellaceae	Acinetobacter	Acinetobacter_baumannii
0	Bacteria	Pseudomonadota	Gammaproteobacteria	Moraxellales	Moraxellaceae	Aquirhabdus
29	Bacteria	Pseudomonadota	Gammaproteobacteria	Moraxellales	Moraxellaceae	Aquirhabdus	Aquirhabdus_parva
0	Bacteria	Pseudomonadota	Gammaproteobacteria	Enterobacterales
0	Bacteria	Pseudomonadota	Gammaproteobacteria	Enterobacterales	Enterobacteriaceae
0	Bacteria	Pseudomonadota	Gammaproteobacteria	Enterobacterales	Enterobacteriaceae	Salmonella
4090	Bacteria	Pseudomonadota	Gammaproteobacteria	Enterobacterales	Enterobacteriaceae	Salmonella	Salmonella_enterica
0	Bacteria	Pseudomonadota	Gammaproteobacteria	Enterobacterales	Enterobacteriaceae	Escherichia
1051	Bacteria	Pseudomonadota	Gammaproteobacteria	Enterobacterales	Enterobacteriaceae	Escherichia	Escherichia_coli
0	Bacteria	Pseudomonadota	Gammaproteobacteria	Enterobacterales	Enterobacteriaceae	Klebsiella
141	Bacteria	Pseudomonadota	Gammaproteobacteria	Enterobacterales	Enterobacteriaceae	Klebsiella	Klebsiella_quasipneumoniae
414	Bacteria	Pseudomonadota	Gammaproteobacteria	Enterobacterales	Enterobacteriaceae	Klebsiella	Klebsiella_pneumoniae
0	Bacteria	Pseudomonadota	Gammaproteobacteria	Pseudomonadales
0	Bacteria	Pseudomonadota	Gammaproteobacteria	Pseudomonadales	Pseudomonadaceae
0	Bacteria	Pseudomonadota	Gammaproteobacteria	Pseudomonadales	Pseudomonadaceae	Pseudomonas
867	Bacteria	Pseudomonadota	Gammaproteobacteria	Pseudomonadales	Pseudomonadaceae	Pseudomonas	Pseudomonas_aeruginosa
12	Bacteria	Pseudomonadota	Gammaproteobacteria	Pseudomonadales	Pseudomonadaceae	Pseudomonas	Pseudomonas_fluorescens
0	Bacteria	Pseudomonadota	Gammaproteobacteria	Xanthomonadales
0	Bacteria	Pseudomonadota	Gammaproteobacteria	Xanthomonadales	Xanthomonadaceae
0	Bacteria	Pseudomonadota	Gammaproteobacteria	Xanthomonadales	Xanthomonadaceae	Xanthomonas
26	Bacteria	Pseudomonadota	Gammaproteobacteria	Xanthomonadales	Xanthomonadaceae	Xanthomonas	Xanthomonas_campestris
0	Bacteria	Pseudomonadota	Gammaproteobacteria	Oceanospirillales
0	Bacteria	Pseudomonadota	Gammaproteobacteria	Oceanospirillales	Halomonadaceae
0	Bacteria	Pseudomonadota	Gammaproteobacteria	Oceanospirillales	Halomonadaceae	Halomonas
18	Bacteria	Pseudomonadota	Gammaproteobacteria	Oceanospirillales	Halomonadaceae	Halomonas	Halomonas_sp._JS92-SW72
0	Bacteria	Pseudomonadota	Gammaproteobacteria	Candidatus_Baumannia
11	Bacteria	Pseudomonadota	Gammaproteobacteria	Candidatus_Baumannia	Candidatus_Baumannia_cicadellinicola
0	Bacteria	Pseudomonadota	Betaproteobacteria
0	Bacteria	Pseudomonadota	Betaproteobacteria	Burkholderiales
0	Bacteria	Pseudomonadota	Betaproteobacteria	Burkholderiales	Burkholderiaceae
0	Bacteria	Pseudomonadota	Betaproteobacteria	Burkholderiales	Burkholderiaceae	Burkholderia
116	Bacteria	Pseudomonadota	Betaproteobacteria	Burkholderiales	Burkholderiaceae	Burkholderia	Burkholderia_multivorans
0	Bacteria	Pseudomonadota	Betaproteobacteria	Neisseriales
0	Bacteria	Pseudomonadota	Betaproteobacteria	Neisseriales	Neisseriaceae
0	Bacteria	Pseudomonadota	Betaproteobacteria	Neisseriales	Neisseriaceae	Aquella
23	Bacteria	Pseudomonadota	Betaproteobacteria	Neisseriales	Neisseriaceae	Aquella	Aquella_oligotrophica
0	Bacteria	Pseudomonadota	Alphaproteobacteria
0	Bacteria	Pseudomonadota	Alphaproteobacteria	Hyphomicrobiales
0	Bacteria	Pseudomonadota	Alphaproteobacteria	Hyphomicrobiales	Phyllobacteriaceae
0	Bacteria	Pseudomonadota	Alphaproteobacteria	Hyphomicrobiales	Phyllobacteriaceae	Mesorhizobium
72	Bacteria	Pseudomonadota	Alphaproteobacteria	Hyphomicrobiales	Phyllobacteriaceae	Mesorhizobium	Mesorhizobium_terrae
0	Bacteria	Pseudomonadota	Alphaproteobacteria	Hyphomicrobiales	Nitrobacteraceae
0	Bacteria	Pseudomonadota	Alphaproteobacteria	Hyphomicrobiales	Nitrobacteraceae	Bradyrhizobium
33	Bacteria	Pseudomonadota	Alphaproteobacteria	Hyphomicrobiales	Nitrobacteraceae	Bradyrhizobium	Bradyrhizobium_sp._SK17
0	Bacteria	Bacillota
0	Bacteria	Bacillota	Bacilli
0	Bacteria	Bacillota	Bacilli	Lactobacillales
0	Bacteria	Bacillota	Bacilli	Lactobacillales	Carnobacteriaceae
0	Bacteria	Bacillota	Bacilli	Lactobacillales	Carnobacteriaceae	Dolosigranulum
3287	Bacteria	Bacillota	Bacilli	Lactobacillales	Carnobacteriaceae	Dolosigranulum	Dolosigranulum_pigrum
0	Bacteria	Bacillota	Bacilli	Lactobacillales	Enterococcaceae
0	Bacteria	Bacillota	Bacilli	Lactobacillales	Enterococcaceae	Enterococcus
33	Bacteria	Bacillota	Bacilli	Lactobacillales	Enterococcaceae	Enterococcus	Enterococcus_cecorum
0	Bacteria	Bacillota	Bacilli	Bacillales
0	Bacteria	Bacillota	Bacilli	Bacillales	Bacillaceae
0	Bacteria	Bacillota	Bacilli	Bacillales	Bacillaceae	Bacillus
48	Bacteria	Bacillota	Bacilli	Bacillales	Bacillaceae	Bacillus	Bacillus_velezensis
0	Bacteria	Bacillota	Bacilli	Bacillales	Staphylococcaceae
0	Bacteria	Bacillota	Bacilli	Bacillales	Staphylococcaceae	Staphylococcus
15	Bacteria	Bacillota	Bacilli	Bacillales	Staphylococcaceae	Staphylococcus	Staphylococcus_hominis
0	Bacteria	Actinomycetota
0	Bacteria	Actinomycetota	Actinomycetes
0	Bacteria	Actinomycetota	Actinomycetes	Mycobacteriales
0	Bacteria	Actinomycetota	Actinomycetes	Mycobacteriales	Corynebacteriaceae
0	Bacteria	Actinomycetota	Actinomycetes	Mycobacteriales	Corynebacteriaceae	Corynebacterium
1519	Bacteria	Actinomycetota	Actinomycetes	Mycobacteriales	Corynebacteriaceae	Corynebacterium	Corynebacterium_pseudodiphtheriticum
121	Bacteria	Actinomycetota	Actinomycetes	Mycobacteriales	Corynebacteriaceae	Corynebacterium	Corynebacterium_propinquum
223	Bacteria	Actinomycetota	Actinomycetes	Mycobacteriales	Corynebacteriaceae	Corynebacterium	Corynebacterium_segmentosum
121	Bacteria	Actinomycetota	Actinomycetes	Mycobacteriales	Corynebacteriaceae	Corynebacterium	Corynebacterium_accolens
0	Bacteria	Actinomycetota	Actinomycetes	Propionibacteriales
0	Bacteria	Actinomycetota	Actinomycetes	Propionibacteriales	Propionibacteriaceae
0	Bacteria	Actinomycetota	Actinomycetes	Propionibacteriales	Propionibacteriaceae	Cutibacterium
155	Bacteria	Actinomycetota	Actinomycetes	Propionibacteriales	Propionibacteriaceae	Cutibacterium	Cutibacterium_acnes
0	Bacteria	Actinomycetota	Actinomycetes	Micrococcales
0	Bacteria	Actinomycetota	Actinomycetes	Micrococcales	Micrococcaceae
0	Bacteria	Actinomycetota	Actinomycetes	Micrococcales	Micrococcaceae	Kocuria
39	Bacteria	Actinomycetota	Actinomycetes	Micrococcales	Micrococcaceae	Kocuria	Kocuria_rhizophila
0	Bacteria	Cyanobacteriota
0	Bacteria	Cyanobacteriota	Cyanophyceae
0	Bacteria	Cyanobacteriota	Cyanophyceae	Synechococcales
0	Bacteria	Cyanobacteriota	Cyanophyceae	Synechococcales	Synechococcaceae
0	Bacteria	Cyanobacteriota	Cyanophyceae	Synechococcales	Synechococcaceae	Synechococcus
49	Bacteria	Cyanobacteriota	Cyanophyceae	Synechococcales	Synechococcaceae	Synechococcus	Synechococcus_sp._PCC_7502
0	Eukaryota
0	Eukaryota	Chordata
0	Eukaryota	Chordata	Mammalia
0	Eukaryota	Chordata	Mammalia	Primates
0	Eukaryota	Chordata	Mammalia	Primates	Hominidae
0	Eukaryota	Chordata	Mammalia	Primates	Hominidae	Homo
202	Eukaryota	Chordata	Mammalia	Primates	Hominidae	Homo	Homo_sapiens
0	Eukaryota	Basidiomycota
0	Eukaryota	Basidiomycota	Malasseziomycetes
0	Eukaryota	Basidiomycota	Malasseziomycetes	Malasseziales
0	Eukaryota	Basidiomycota	Malasseziomycetes	Malasseziales	Malasseziaceae
0	Eukaryota	Basidiomycota	Malasseziomycetes	Malasseziales	Malasseziaceae	Malassezia
13	Eukaryota	Basidiomycota	Malasseziomycetes	Malasseziales	Malasseziaceae	Malassezia	Malassezia_restricta
0	Eukaryota	Bacillariophyta
0	Eukaryota	Bacillariophyta	Bacillariophyceae
0	Eukaryota	Bacillariophyta	Bacillariophyceae	Naviculales
0	Eukaryota	Bacillariophyta	Bacillariophyceae	Naviculales	Phaeodactylaceae
0	Eukaryota	Bacillariophyta	Bacillariophyceae	Naviculales	Phaeodactylaceae	Phaeodactylum
112	Eukaryota	Bacillariophyta	Bacillariophyceae	Naviculales	Phaeodactylaceae	Phaeodactylum	Phaeodactylum_tricornutum
0	Eukaryota	Bacillariophyta	Coscinodiscophyceae
0	Eukaryota	Bacillariophyta	Coscinodiscophyceae	Thalassiosirales
0	Eukaryota	Bacillariophyta	Coscinodiscophyceae	Thalassiosirales	Thalassiosiraceae
0	Eukaryota	Bacillariophyta	Coscinodiscophyceae	Thalassiosirales	Thalassiosiraceae	Thalassiosira
94	Eukaryota	Bacillariophyta	Coscinodiscophyceae	Thalassiosirales	Thalassiosiraceae	Thalassiosira	Thalassiosira_pseudonana
0	Viruses
0	Viruses	Pisuviricota
0	Viruses	Pisuviricota	Pisoniviricetes
0	Viruses	Pisuviricota	Pisoniviricetes	Nidovirales
0	Viruses	Pisuviricota	Pisoniviricetes	Nidovirales	Coronaviridae
0	Viruses	Pisuviricota	Pisoniviricetes	Nidovirales	Coronaviridae	Betacoronavirus
968	Viruses	Pisuviricota	Pisoniviricetes	Nidovirales	Coronaviridae	Betacoronavirus	Severe_acute_respiratory_syndrome-related_coronavirus
