0	Bacteria
0	Bacteria	Bacillota
0	Bacteria	Bacillota	Bacilli
0	Bacteria	Bacillota	Bacilli	Lactobacillales
0	Bacteria	Bacillota	Bacilli	Lactobacillales	Streptococcaceae
0	Bacteria	Bacillota	Bacilli	Lactobacillales	Streptococcaceae	Streptococcus
1309	Bacteria	Bacillota	Bacilli	Lactobacillales	Streptococcaceae	Streptococcus	Streptococcus_sp._LPB0220
1217	Bacteria	Bacillota	Bacilli	Lactobacillales	Streptococcaceae	Streptococcus	Streptococcus_sp._HSISM1
753	Bacteria	Bacillota	Bacilli	Lactobacillales	Streptococcaceae	Streptococcus	Streptococcus_sp._oral_taxon_431
597	Bacteria	Bacillota	Bacilli	Lactobacillales	Streptococcaceae	Streptococcus	Streptococcus_sp._oral_taxon_061
381	Bacteria	Bacillota	Bacilli	Lactobacillales	Streptococcaceae	Streptococcus	Streptococcus_sp._Marseille-Q6470
315	Bacteria	Bacillota	Bacilli	Lactobacillales	Streptococcaceae	Streptococcus	Streptococcus_sp._Marseille-Q3533
123	Bacteria	Bacillota	Bacilli	Lactobacillales	Streptococcaceae	Streptococcus	Streptococcus_sp._A12
106	Bacteria	Bacillota	Bacilli	Lactobacillales	Streptococcaceae	Streptococcus	Streptococcus_sp._116-D4
158	Bacteria	Bacillota	Bacilli	Lactobacillales	Streptococcaceae	Streptococcus	Streptococcus_sp._FDAARGOS_192
74	Bacteria	Bacillota	Bacilli	Lactobacillales	Streptococcaceae	Streptococcus	Streptococcus_sp._HSISS2
54	Bacteria	Bacillota	Bacilli	Lactobacillales	Streptococcaceae	Streptococcus	Streptococcus_sp._1643
29	Bacteria	Bacillota	Bacilli	Lactobacillales	Streptococcaceae	Streptococcus	Streptococcus_sp._NPS_308
67	Bacteria	Bacillota	Bacilli	Lactobacillales	Streptococcaceae	Streptococcus	Streptococcus_sp._NSJ-72
29	Bacteria	Bacillota	Bacilli	Lactobacillales	Streptococcaceae	Streptococcus	Streptococcus_sp._HSISS3
7701	Bacteria	Bacillota	Bacilli	Lactobacillales	Streptococcaceae	Streptococcus	Streptococcus_salivarius
4680	Bacteria	Bacillota	Bacilli	Lactobacillales	Streptococcaceae	Streptococcus	Streptococcus_parasanguinis
1058	Bacteria	Bacillota	Bacilli	Lactobacillales	Streptococcaceae	Streptococcus	Streptococcus_infantis
751	Bacteria	Bacillota	Bacilli	Lactobacillales	Streptococcaceae	Streptococcus	Streptococcus_mitis
583	Bacteria	Bacillota	Bacilli	Lactobacillales	Streptococcaceae	Streptococcus	Streptococcus_oralis
1370	Bacteria	Bacillota	Bacilli	Lactobacillales	Streptococcaceae	Streptococcus	Streptococcus_pneumoniae
347	Bacteria	Bacillota	Bacilli	Lactobacillales	Streptococcaceae	Streptococcus	Streptococcus_lactarius
190	Bacteria	Bacillota	Bacilli	Lactobacillales	Streptococcaceae	Streptococcus	Streptococcus_sanguinis
62	Bacteria	Bacillota	Bacilli	Lactobacillales	Streptococcaceae	Streptococcus	Streptococcus_constellatus
23	Bacteria	Bacillota	Bacilli	Lactobacillales	Streptococcaceae	Streptococcus	Streptococcus_intermedius
45	Bacteria	Bacillota	Bacilli	Lactobacillales	Streptococcaceae	Streptococcus	Streptococcus_anginosus
265	Bacteria	Bacillota	Bacilli	Lactobacillales	Streptococcaceae	Streptococcus	Streptococcus_australis
307	Bacteria	Bacillota	Bacilli	Lactobacillales	Streptococcaceae	Streptococcus	Streptococcus_thermophilus
153	Bacteria	Bacillota	Bacilli	Lactobacillales	Streptococcaceae	Streptococcus	Streptococcus_pseudopneumoniae
102	Bacteria	Bacillota	Bacilli	Lactobacillales	Streptococcaceae	Streptococcus	Streptococcus_gordonii
173	Bacteria	Bacillota	Bacilli	Lactobacillales	Streptococcaceae	Streptococcus	Streptococcus_ilei
85	Bacteria	Bacillota	Bacilli	Lactobacillales	Streptococcaceae	Streptococcus	Streptococcus_vestibularis
65	Bacteria	Bacillota	Bacilli	Lactobacillales	Streptococcaceae	Streptococcus	Streptococcus_cristatus
101	Bacteria	Bacillota	Bacilli	Lactobacillales	Streptococcaceae	Streptococcus	Streptococcus_rubneri
88	Bacteria	Bacillota	Bacilli	Lactobacillales	Streptococcaceae	Streptococcus	Streptococcus_toyakuensis
66	Bacteria	Bacillota	Bacilli	Lactobacillales	Streptococcaceae	Streptococcus	Streptococcus_suis
86	Bacteria	Bacillota	Bacilli	Lactobacillales	Streptococcaceae	Streptococcus	Streptococcus_koreensis
56	Bacteria	Bacillota	Bacilli	Lactobacillales	Streptococcaceae	Streptococcus	Streptococcus_gwangjuense
32	Bacteria	Bacillota	Bacilli	Lactobacillales	Streptococcaceae	Streptococcus	Streptococcus_pyogenes
15	Bacteria	Bacillota	Bacilli	Lactobacillales	Streptococcaceae	Streptococcus	Streptococcus_equi
0	Bacteria	Bacillota	Bacilli	Lactobacillales	Carnobacteriaceae
0	Bacteria	Bacillota	Bacilli	Lactobacillales	Carnobacteriaceae	Granulicatella
921	Bacteria	Bacillota	Bacilli	Lactobacillales	Carnobacteriaceae	Granulicatella	Granulicatella_adiacens
43	Bacteria	Bacillota	Bacilli	Lactobacillales	Carnobacteriaceae	Granulicatella	Granulicatella_elegans
0	Bacteria	Bacillota	Bacilli	Lactobacillales	Aerococcaceae
0	Bacteria	Bacillota	Bacilli	Lactobacillales	Aerococcaceae	Abiotrophia
11	Bacteria	Bacillota	Bacilli	Lactobacillales	Aerococcaceae	Abiotrophia	Abiotrophia_defectiva
0	Bacteria	Bacillota	Bacilli	Bacillales
0	Bacteria	Bacillota	Bacilli	Bacillales	Gemella
125	Bacteria	Bacillota	Bacilli	Bacillales	Gemella	Gemella_sanguinis
70	Bacteria	Bacillota	Bacilli	Bacillales	Gemella	Gemella_haemolysans
65	Bacteria	Bacillota	Bacilli	Bacillales	Gemella	Gemella_morbillorum
0	Bacteria	Bacillota	Bacilli	Bacillales	Staphylococcaceae
0	Bacteria	Bacillota	Bacilli	Bacillales	Staphylococcaceae	Staphylococcus
45	Bacteria	Bacillota	Bacilli	Bacillales	Staphylococcaceae	Staphylococcus	Staphylococcus_cohnii
0	Bacteria	Bacillota	Bacilli	Bacillales	Bacillaceae
0	Bacteria	Bacillota	Bacilli	Bacillales	Bacillaceae	Bacillus
33	Bacteria	Bacillota	Bacilli	Bacillales	Bacillaceae	Bacillus	Bacillus_atrophaeus
0	Bacteria	Bacillota	Negativicutes
0	Bacteria	Bacillota	Negativicutes	Veillonellales
0	Bacteria	Bacillota	Negativicutes	Veillonellales	Veillonellaceae
0	Bacteria	Bacillota	Negativicutes	Veillonellales	Veillonellaceae	Veillonella
7142	Bacteria	Bacillota	Negativicutes	Veillonellales	Veillonellaceae	Veillonella	Veillonella_atypica
600	Bacteria	Bacillota	Negativicutes	Veillonellales	Veillonellaceae	Veillonella	Veillonella_sp._S12025-13
623	Bacteria	Bacillota	Negativicutes	Veillonellales	Veillonellaceae	Veillonella	Veillonella_rogosae
693	Bacteria	Bacillota	Negativicutes	Veillonellales	Veillonellaceae	Veillonella	Veillonella_nakazawae
315	Bacteria	Bacillota	Negativicutes	Veillonellales	Veillonellaceae	Veillonella	Veillonella_parvula
350	Bacteria	Bacillota	Negativicutes	Veillonellales	Veillonellaceae	Veillonella	Veillonella_dispar
40	Bacteria	Bacillota	Negativicutes	Veillonellales	Veillonellaceae	Veillonella	Veillonella_rodentium
0	Bacteria	Bacillota	Negativicutes	Selenomonadales
0	Bacteria	Bacillota	Negativicutes	Selenomonadales	Selenomonadaceae
0	Bacteria	Bacillota	Negativicutes	Selenomonadales	Selenomonadaceae	Selenomonas
1513	Bacteria	Bacillota	Negativicutes	Selenomonadales	Selenomonadaceae	Selenomonas	Selenomonas_sp._oral_taxon_478
1044	Bacteria	Bacillota	Negativicutes	Selenomonadales	Selenomonadaceae	Selenomonas	Selenomonas_sp._oral_taxon_136
118	Bacteria	Bacillota	Negativicutes	Selenomonadales	Selenomonadaceae	Selenomonas	Selenomonas_sp._oral_taxon_126
92	Bacteria	Bacillota	Negativicutes	Selenomonadales	Selenomonadaceae	Selenomonas	Selenomonas_sp._oral_taxon_920
1211	Bacteria	Bacillota	Negativicutes	Selenomonadales	Selenomonadaceae	Selenomonas	Selenomonas_sputigena
44	Bacteria	Bacillota	Negativicutes	Selenomonadales	Selenomonadaceae	Selenomonas	Selenomonas_timonae
0	Bacteria	Bacillota	Clostridia
0	Bacteria	Bacillota	Clostridia	Eubacteriales
0	Bacteria	Bacillota	Clostridia	Eubacteriales	Lachnospiraceae
0	Bacteria	Bacillota	Clostridia	Eubacteriales	Lachnospiraceae	Lachnoanaerobaculum
422	Bacteria	Bacillota	Clostridia	Eubacteriales	Lachnospiraceae	Lachnoanaerobaculum	Lachnoanaerobaculum_umeaense
0	Bacteria	Bacillota	Clostridia	Eubacteriales	Lachnospiraceae	Blautia
42	Bacteria	Bacillota	Clostridia	Eubacteriales	Lachnospiraceae	Blautia	Blautia_wexlerae
0	Bacteria	Bacillota	Clostridia	Eubacteriales	Lachnospiraceae	Anaerobutyricum
23	Bacteria	Bacillota	Clostridia	Eubacteriales	Lachnospiraceae	Anaerobutyricum	Anaerobutyricum_hallii
0	Bacteria	Bacillota	Clostridia	Eubacteriales	Eubacteriales_Family_XIII._Incertae_Sedis
0	Bacteria	Bacillota	Clostridia	Eubacteriales	Eubacteriales_Family_XIII._Incertae_Sedis	Mogibacterium
103	Bacteria	Bacillota	Clostridia	Eubacteriales	Eubacteriales_Family_XIII._Incertae_Sedis	Mogibacterium	Mogibacterium_diversum
0	Bacteria	Bacillota	Clostridia	Eubacteriales	Peptostreptococcaceae
0	Bacteria	Bacillota	Clostridia	Eubacteriales	Peptostreptococcaceae	Filifactor
37	Bacteria	Bacillota	Clostridia	Eubacteriales	Peptostreptococcaceae	Filifactor	Filifactor_alocis
0	Bacteria	Bacillota	Clostridia	Eubacteriales	Peptostreptococcaceae	Clostridioides
19	Bacteria	Bacillota	Clostridia	Eubacteriales	Peptostreptococcaceae	Clostridioides	Clostridioides_difficile
0	Bacteria	Bacillota	Tissierellia
0	Bacteria	Bacillota	Tissierellia	Tissierellales
0	Bacteria	Bacillota	Tissierellia	Tissierellales	Peptoniphilaceae
0	Bacteria	Bacillota	Tissierellia	Tissierellales	Peptoniphilaceae	Parvimonas
70	Bacteria	Bacillota	Tissierellia	Tissierellales	Peptoniphilaceae	Parvimonas	Parvimonas_micra
0	Bacteria	Bacillota	Erysipelotrichia
0	Bacteria	Bacillota	Erysipelotrichia	Erysipelotrichales
0	Bacteria	Bacillota	Erysipelotrichia	Erysipelotrichales	Erysipelotrichaceae
0	Bacteria	Bacillota	Erysipelotrichia	Erysipelotrichales	Erysipelotrichaceae	Bulleidia
47	Bacteria	Bacillota	Erysipelotrichia	Erysipelotrichales	Erysipelotrichaceae	Bulleidia	Bulleidia_sp._zg-1006
0	Bacteria	Actinomycetota
0	Bacteria	Actinomycetota	Actinomycetes
0	Bacteria	Actinomycetota	Actinomycetes	Actinomycetales
0	Bacteria	Actinomycetota	Actinomycetes	Actinomycetales	Actinomycetaceae
0	Bacteria	Actinomycetota	Actinomycetes	Actinomycetales	Actinomycetaceae	Schaalia
2692	Bacteria	Actinomycetota	Actinomycetes	Actinomycetales	Actinomycetaceae	Schaalia	Schaalia_odontolytica
84	Bacteria	Actinomycetota	Actinomycetes	Actinomycetales	Actinomycetaceae	Schaalia	Schaalia_meyeri
12	Bacteria	Actinomycetota	Actinomycetes	Actinomycetales	Actinomycetaceae	Schaalia	Schaalia_cardiffensis
0	Bacteria	Actinomycetota	Actinomycetes	Actinomycetales	Actinomycetaceae	Actinomyces
339	Bacteria	Actinomycetota	Actinomycetes	Actinomycetales	Actinomycetaceae	Actinomyces	Actinomyces_pacaensis
0	Bacteria	Actinomycetota	Actinomycetes	Actinomycetales	Actinomycetaceae	Pauljensenia
22	Bacteria	Actinomycetota	Actinomycetes	Actinomycetales	Actinomycetaceae	Pauljensenia	Pauljensenia_hongkongensis
0	Bacteria	Actinomycetota	Actinomycetes	Micrococcales
0	Bacteria	Actinomycetota	Actinomycetes	Micrococcales	Micrococcaceae
0	Bacteria	Actinomycetota	Actinomycetes	Micrococcales	Micrococcaceae	Rothia
2241	Bacteria	Actinomycetota	Actinomycetes	Micrococcales	Micrococcaceae	Rothia	Rothia_mucilaginosa
37	Bacteria	Actinomycetota	Actinomycetes	Micrococcales	Micrococcaceae	Rothia	Rothia_dentocariosa
25	Bacteria	Actinomycetota	Actinomycetes	Micrococcales	Micrococcaceae	Rothia	Rothia_aeria
0	Bacteria	Actinomycetota	Actinomycetes	Micrococcales	Micrococcaceae	Kocuria
47	Bacteria	Actinomycetota	Actinomycetes	Micrococcales	Micrococcaceae	Kocuria	Kocuria_rhizophila
13	Bacteria	Actinomycetota	Actinomycetes	Micrococcales	Micrococcaceae	Kocuria	Kocuria_palustris
0	Bacteria	Actinomycetota	Actinomycetes	Mycobacteriales
0	Bacteria	Actinomycetota	Actinomycetes	Mycobacteriales	Lawsonellaceae
0	Bacteria	Actinomycetota	Actinomycetes	Mycobacteriales	Lawsonellaceae	Lawsonella
246	Bacteria	Actinomycetota	Actinomycetes	Mycobacteriales	Lawsonellaceae	Lawsonella	Lawsonella_clevelandensis
0	Bacteria	Actinomycetota	Actinomycetes	Mycobacteriales	Corynebacteriaceae
0	Bacteria	Actinomycetota	Actinomycetes	Mycobacteriales	Corynebacteriaceae	Corynebacterium
39	Bacteria	Actinomycetota	Actinomycetes	Mycobacteriales	Corynebacteriaceae	Corynebacterium	Corynebacterium_kroppenstedtii
13	Bacteria	Actinomycetota	Actinomycetes	Mycobacteriales	Corynebacteriaceae	Corynebacterium	Corynebacterium_matruchotii
0	Bacteria	Actinomycetota	Actinomycetes	Propionibacteriales
0	Bacteria	Actinomycetota	Actinomycetes	Propionibacteriales	Propionibacteriaceae
0	Bacteria	Actinomycetota	Actinomycetes	Propionibacteriales	Propionibacteriaceae	Cutibacterium
268	Bacteria	Actinomycetota	Actinomycetes	Propionibacteriales	Propionibacteriaceae	Cutibacterium	Cutibacterium_acnes
0	Bacteria	Actinomycetota	Coriobacteriia
0	Bacteria	Actinomycetota	Coriobacteriia	Coriobacteriales
0	Bacteria	Actinomycetota	Coriobacteriia	Coriobacteriales	Atopobiaceae
0	Bacteria	Actinomycetota	Coriobacteriia	Coriobacteriales	Atopobiaceae	Lancefieldella
1030	Bacteria	Actinomycetota	Coriobacteriia	Coriobacteriales	Atopobiaceae	Lancefieldella	Lancefieldella_parvula
0	Bacteria	Actinomycetota	Coriobacteriia	Coriobacteriales	Atopobiaceae	Olsenella
14	Bacteria	Actinomycetota	Coriobacteriia	Coriobacteriales	Atopobiaceae	Olsenella	Olsenella_uli
0	Bacteria	Cyanobacteriota
0	Bacteria	Cyanobacteriota	Cyanophyceae
0	Bacteria	Cyanobacteriota	Cyanophyceae	Oscillatoriales
0	Bacteria	Cyanobacteriota	Cyanophyceae	Oscillatoriales	Sirenicapillariaceae
0	Bacteria	Cyanobacteriota	Cyanophyceae	Oscillatoriales	Sirenicapillariaceae	Limnospira
32	Bacteria	Cyanobacteriota	Cyanophyceae	Oscillatoriales	Sirenicapillariaceae	Limnospira	Limnospira_indica
0	Bacteria	Cyanobacteriota	Cyanophyceae	Synechococcales
0	Bacteria	Cyanobacteriota	Cyanophyceae	Synechococcales	Synechococcaceae
0	Bacteria	Cyanobacteriota	Cyanophyceae	Synechococcales	Synechococcaceae	Synechococcus
29	Bacteria	Cyanobacteriota	Cyanophyceae	Synechococcales	Synechococcaceae	Synechococcus	Synechococcus_sp._PCC_7336
0	Bacteria	Cyanobacteriota	Cyanophyceae	Nostocales
0	Bacteria	Cyanobacteriota	Cyanophyceae	Nostocales	Calotrichaceae
0	Bacteria	Cyanobacteriota	Cyanophyceae	Nostocales	Calotrichaceae	Calothrix
20	Bacteria	Cyanobacteriota	Cyanophyceae	Nostocales	Calotrichaceae	Calothrix	Calothrix_sp._PCC_6303
0	Bacteria	Cyanobacteriota	Cyanophyceae	Gloeomargaritales
0	Bacteria	Cyanobacteriota	Cyanophyceae	Gloeomargaritales	Gloeomargaritaceae
0	Bacteria	Cyanobacteriota	Cyanophyceae	Gloeomargaritales	Gloeomargaritaceae	Gloeomargarita
11	Bacteria	Cyanobacteriota	Cyanophyceae	Gloeomargaritales	Gloeomargaritaceae	Gloeomargarita	Gloeomargarita_lithophora
0	Bacteria	Bacteroidota
0	Bacteria	Bacteroidota	Bacteroidia
0	Bacteria	Bacteroidota	Bacteroidia	Bacteroidales
0	Bacteria	Bacteroidota	Bacteroidia	Bacteroidales	Prevotellaceae
0	Bacteria	Bacteroidota	Bacteroidia	Bacteroidales	Prevotellaceae	Prevotella
13646	Bacteria	Bacteroidota	Bacteroidia	Bacteroidales	Prevotellaceae	Prevotella	Prevotella_jejuni
6436	Bacteria	Bacteroidota	Bacteroidia	Bacteroidales	Prevotellaceae	Prevotella	Prevotella_melaninogenica
2708	Bacteria	Bacteroidota	Bacteroidia	Bacteroidales	Prevotellaceae	Prevotella	Prevotella_veroralis
2477	Bacteria	Bacteroidota	Bacteroidia	Bacteroidales	Prevotellaceae	Prevotella	Prevotella_histicola
693	Bacteria	Bacteroidota	Bacteroidia	Bacteroidales	Prevotellaceae	Prevotella	Prevotella_oris
579	Bacteria	Bacteroidota	Bacteroidia	Bacteroidales	Prevotellaceae	Prevotella	Prevotella_intermedia
399	Bacteria	Bacteroidota	Bacteroidia	Bacteroidales	Prevotellaceae	Prevotella	Prevotella_nigrescens
250	Bacteria	Bacteroidota	Bacteroidia	Bacteroidales	Prevotellaceae	Prevotella	Prevotella_scopos
120	Bacteria	Bacteroidota	Bacteroidia	Bacteroidales	Prevotellaceae	Prevotella	Prevotella_sp._oral_taxon_299
65	Bacteria	Bacteroidota	Bacteroidia	Bacteroidales	Prevotellaceae	Prevotella	Prevotella_sp._oral_taxon_475
29	Bacteria	Bacteroidota	Bacteroidia	Bacteroidales	Prevotellaceae	Prevotella	Prevotella_sp._E13-17
146	Bacteria	Bacteroidota	Bacteroidia	Bacteroidales	Prevotellaceae	Prevotella	Prevotella_denticola
84	Bacteria	Bacteroidota	Bacteroidia	Bacteroidales	Prevotellaceae	Prevotella	Prevotella_herbatica
62	Bacteria	Bacteroidota	Bacteroidia	Bacteroidales	Prevotellaceae	Prevotella	Prevotella_fusca
50	Bacteria	Bacteroidota	Bacteroidia	Bacteroidales	Prevotellaceae	Prevotella	Prevotella_corporis
47	Bacteria	Bacteroidota	Bacteroidia	Bacteroidales	Prevotellaceae	Prevotella	Prevotella_multiformis
26	Bacteria	Bacteroidota	Bacteroidia	Bacteroidales	Prevotellaceae	Prevotella	Prevotella_bryantii
26	Bacteria	Bacteroidota	Bacteroidia	Bacteroidales	Prevotellaceae	Prevotella	Prevotella_dentalis
25	Bacteria	Bacteroidota	Bacteroidia	Bacteroidales	Prevotellaceae	Prevotella	Prevotella_copri
18	Bacteria	Bacteroidota	Bacteroidia	Bacteroidales	Prevotellaceae	Prevotella	Prevotella_ruminicola
0	Bacteria	Bacteroidota	Bacteroidia	Bacteroidales	Prevotellaceae	Hoylesella
153	Bacteria	Bacteroidota	Bacteroidia	Bacteroidales	Prevotellaceae	Hoylesella	Hoylesella_enoeca
52	Bacteria	Bacteroidota	Bacteroidia	Bacteroidales	Prevotellaceae	Hoylesella	Hoylesella_buccalis
0	Bacteria	Bacteroidota	Bacteroidia	Bacteroidales	Prevotellaceae	Pseudoprevotella
21	Bacteria	Bacteroidota	Bacteroidia	Bacteroidales	Prevotellaceae	Pseudoprevotella	Pseudoprevotella_muciniphila
0	Bacteria	Bacteroidota	Bacteroidia	Bacteroidales	Porphyromonadaceae
0	Bacteria	Bacteroidota	Bacteroidia	Bacteroidales	Porphyromonadaceae	Porphyromonas
307	Bacteria	Bacteroidota	Bacteroidia	Bacteroidales	Porphyromonadaceae	Porphyromonas	Porphyromonas_endodontalis
48	Bacteria	Bacteroidota	Bacteroidia	Bacteroidales	Porphyromonadaceae	Porphyromonas	Porphyromonas_sp._oral_taxon_275
42	Bacteria	Bacteroidota	Bacteroidia	Bacteroidales	Porphyromonadaceae	Porphyromonas	Porphyromonas_gingivalis
0	Bacteria	Bacteroidota	Bacteroidia	Bacteroidales	Tannerellaceae
0	Bacteria	Bacteroidota	Bacteroidia	Bacteroidales	Tannerellaceae	Tannerella
110	Bacteria	Bacteroidota	Bacteroidia	Bacteroidales	Tannerellaceae	Tannerella	Tannerella_forsythia
38	Bacteria	Bacteroidota	Bacteroidia	Bacteroidales	Tannerellaceae	Tannerella	Tannerella_serpentiformis
0	Bacteria	Bacteroidota	Bacteroidia	Bacteroidales	Bacteroidaceae
0	Bacteria	Bacteroidota	Bacteroidia	Bacteroidales	Bacteroidaceae	Bacteroides
30	Bacteria	Bacteroidota	Bacteroidia	Bacteroidales	Bacteroidaceae	Bacteroides	Bacteroides_heparinolyticus
39	Bacteria	Bacteroidota	Bacteroidia	Bacteroidales	Bacteroidaceae	Bacteroides	Bacteroides_uniformis
15	Bacteria	Bacteroidota	Bacteroidia	Bacteroidales	Bacteroidaceae	Bacteroides	Bacteroides_zhangwenhongii
0	Bacteria	Bacteroidota	Bacteroidia	Bacteroidales	Bacteroidaceae	Phocaeicola
23	Bacteria	Bacteroidota	Bacteroidia	Bacteroidales	Bacteroidaceae	Phocaeicola	Phocaeicola_vulgatus
14	Bacteria	Bacteroidota	Bacteroidia	Bacteroidales	Bacteroidaceae	Phocaeicola	Phocaeicola_dorei
0	Bacteria	Bacteroidota	Flavobacteriia
0	Bacteria	Bacteroidota	Flavobacteriia	Flavobacteriales
0	Bacteria	Bacteroidota	Flavobacteriia	Flavobacteriales	Flavobacteriaceae
0	Bacteria	Bacteroidota	Flavobacteriia	Flavobacteriales	Flavobacteriaceae	Capnocytophaga
27	Bacteria	Bacteroidota	Flavobacteriia	Flavobacteriales	Flavobacteriaceae	Capnocytophaga	Capnocytophaga_sp._FDAARGOS_737
19	Bacteria	Bacteroidota	Flavobacteriia	Flavobacteriales	Flavobacteriaceae	Capnocytophaga	Capnocytophaga_gingivalis
21	Bacteria	Bacteroidota	Flavobacteriia	Flavobacteriales	Flavobacteriaceae	Capnocytophaga	Capnocytophaga_sputigena
23	Bacteria	Bacteroidota	Flavobacteriia	Flavobacteriales	Flavobacteriaceae	Capnocytophaga	Capnocytophaga_leadbetteri
0	Bacteria	Bacteroidota	Flavobacteriia	Flavobacteriales	Weeksellaceae
0	Bacteria	Bacteroidota	Flavobacteriia	Flavobacteriales	Weeksellaceae	Chryseobacterium
28	Bacteria	Bacteroidota	Flavobacteriia	Flavobacteriales	Weeksellaceae	Chryseobacterium	Chryseobacterium_manosquense
0	Bacteria	Campylobacterota
0	Bacteria	Campylobacterota	Epsilonproteobacteria
0	Bacteria	Campylobacterota	Epsilonproteobacteria	Campylobacterales
0	Bacteria	Campylobacterota	Epsilonproteobacteria	Campylobacterales	Campylobacteraceae
0	Bacteria	Campylobacterota	Epsilonproteobacteria	Campylobacterales	Campylobacteraceae	Campylobacter
4305	Bacteria	Campylobacterota	Epsilonproteobacteria	Campylobacterales	Campylobacteraceae	Campylobacter	Campylobacter_concisus
28	Bacteria	Campylobacterota	Epsilonproteobacteria	Campylobacterales	Campylobacteraceae	Campylobacter	Campylobacter_rectus
25	Bacteria	Campylobacterota	Epsilonproteobacteria	Campylobacterales	Campylobacteraceae	Campylobacter	Campylobacter_showae
0	Bacteria	Fusobacteriota
0	Bacteria	Fusobacteriota	Fusobacteriia
0	Bacteria	Fusobacteriota	Fusobacteriia	Fusobacteriales
0	Bacteria	Fusobacteriota	Fusobacteriia	Fusobacteriales	Leptotrichiaceae
0	Bacteria	Fusobacteriota	Fusobacteriia	Fusobacteriales	Leptotrichiaceae	Leptotrichia
2375	Bacteria	Fusobacteriota	Fusobacteriia	Fusobacteriales	Leptotrichiaceae	Leptotrichia	Leptotrichia_wadei
211	Bacteria	Fusobacteriota	Fusobacteriia	Fusobacteriales	Leptotrichiaceae	Leptotrichia	Leptotrichia_sp._oral_taxon_221
170	Bacteria	Fusobacteriota	Fusobacteriia	Fusobacteriales	Leptotrichiaceae	Leptotrichia	Leptotrichia_sp._oral_taxon_218
74	Bacteria	Fusobacteriota	Fusobacteriia	Fusobacteriales	Leptotrichiaceae	Leptotrichia	Leptotrichia_sp._oral_taxon_498
45	Bacteria	Fusobacteriota	Fusobacteriia	Fusobacteriales	Leptotrichiaceae	Leptotrichia	Leptotrichia_sp._oral_taxon_847
33	Bacteria	Fusobacteriota	Fusobacteriia	Fusobacteriales	Leptotrichiaceae	Leptotrichia	Leptotrichia_sp._oral_taxon_212
131	Bacteria	Fusobacteriota	Fusobacteriia	Fusobacteriales	Leptotrichiaceae	Leptotrichia	Leptotrichia_shahii
76	Bacteria	Fusobacteriota	Fusobacteriia	Fusobacteriales	Leptotrichiaceae	Leptotrichia	Leptotrichia_trevisanii
53	Bacteria	Fusobacteriota	Fusobacteriia	Fusobacteriales	Leptotrichiaceae	Leptotrichia	Leptotrichia_buccalis
41	Bacteria	Fusobacteriota	Fusobacteriia	Fusobacteriales	Leptotrichiaceae	Leptotrichia	Leptotrichia_hofstadii
24	Bacteria	Fusobacteriota	Fusobacteriia	Fusobacteriales	Leptotrichiaceae	Leptotrichia	Leptotrichia_hongkongensis
0	Bacteria	Fusobacteriota	Fusobacteriia	Fusobacteriales	Fusobacteriaceae
0	Bacteria	Fusobacteriota	Fusobacteriia	Fusobacteriales	Fusobacteriaceae	Fusobacterium
335	Bacteria	Fusobacteriota	Fusobacteriia	Fusobacteriales	Fusobacteriaceae	Fusobacterium	Fusobacterium_pseudoperiodonticum
265	Bacteria	Fusobacteriota	Fusobacteriia	Fusobacteriales	Fusobacteriaceae	Fusobacterium	Fusobacterium_nucleatum
76	Bacteria	Fusobacteriota	Fusobacteriia	Fusobacteriales	Fusobacteriaceae	Fusobacterium	Fusobacterium_periodonticum
0	Bacteria	Pseudomonadota
0	Bacteria	Pseudomonadota	Gammaproteobacteria
0	Bacteria	Pseudomonadota	Gammaproteobacteria	Moraxellales
0	Bacteria	Pseudomonadota	Gammaproteobacteria	Moraxellales	Moraxellaceae
0	Bacteria	Pseudomonadota	Gammaproteobacteria	Moraxellales	Moraxellaceae	Acinetobacter
294	Bacteria	Pseudomonadota	Gammaproteobacteria	Moraxellales	Moraxellaceae	Acinetobacter	Acinetobacter_baumannii
124	Bacteria	Pseudomonadota	Gammaproteobacteria	Moraxellales	Moraxellaceae	Acinetobacter	Acinetobacter_junii
0	Bacteria	Pseudomonadota	Gammaproteobacteria	Moraxellales	Moraxellaceae	Moraxella
28	Bacteria	Pseudomonadota	Gammaproteobacteria	Moraxellales	Moraxellaceae	Moraxella	Moraxella_osloensis
0	Bacteria	Pseudomonadota	Gammaproteobacteria	Vibrionales
0	Bacteria	Pseudomonadota	Gammaproteobacteria	Vibrionales	Vibrionaceae
0	Bacteria	Pseudomonadota	Gammaproteobacteria	Vibrionales	Vibrionaceae	Vibrio
195	Bacteria	Pseudomonadota	Gammaproteobacteria	Vibrionales	Vibrionaceae	Vibrio	Vibrio_kanaloae
93	Bacteria	Pseudomonadota	Gammaproteobacteria	Vibrionales	Vibrionaceae	Vibrio	Vibrio_plantisponsor
0	Bacteria	Pseudomonadota	Gammaproteobacteria	Pasteurellales
0	Bacteria	Pseudomonadota	Gammaproteobacteria	Pasteurellales	Pasteurellaceae
0	Bacteria	Pseudomonadota	Gammaproteobacteria	Pasteurellales	Pasteurellaceae	Haemophilus
217	Bacteria	Pseudomonadota	Gammaproteobacteria	Pasteurellales	Pasteurellaceae	Haemophilus	Haemophilus_parainfluenzae
20	Bacteria	Pseudomonadota	Gammaproteobacteria	Pasteurellales	Pasteurellaceae	Haemophilus	Haemophilus_haemolyticus
0	Bacteria	Pseudomonadota	Gammaproteobacteria	Enterobacterales
0	Bacteria	Pseudomonadota	Gammaproteobacteria	Enterobacterales	Enterobacteriaceae
0	Bacteria	Pseudomonadota	Gammaproteobacteria	Enterobacterales	Enterobacteriaceae	Escherichia
207	Bacteria	Pseudomonadota	Gammaproteobacteria	Enterobacterales	Enterobacteriaceae	Escherichia	Escherichia_coli
0	Bacteria	Pseudomonadota	Gammaproteobacteria	Alteromonadales
0	Bacteria	Pseudomonadota	Gammaproteobacteria	Alteromonadales	Pseudoalteromonadaceae
0	Bacteria	Pseudomonadota	Gammaproteobacteria	Alteromonadales	Pseudoalteromonadaceae	Pseudoalteromonas
114	Bacteria	Pseudomonadota	Gammaproteobacteria	Alteromonadales	Pseudoalteromonadaceae	Pseudoalteromonas	Pseudoalteromonas_prydzensis
23	Bacteria	Pseudomonadota	Gammaproteobacteria	Alteromonadales	Pseudoalteromonadaceae	Pseudoalteromonas	Pseudoalteromonas_rhizosphaerae
0	Bacteria	Pseudomonadota	Gammaproteobacteria	Pseudomonadales
0	Bacteria	Pseudomonadota	Gammaproteobacteria	Pseudomonadales	Pseudomonadaceae
0	Bacteria	Pseudomonadota	Gammaproteobacteria	Pseudomonadales	Pseudomonadaceae	Pseudomonas
77	Bacteria	Pseudomonadota	Gammaproteobacteria	Pseudomonadales	Pseudomonadaceae	Pseudomonas	Pseudomonas_fluorescens
0	Bacteria	Pseudomonadota	Gammaproteobacteria	Oceanospirillales
0	Bacteria	Pseudomonadota	Gammaproteobacteria	Oceanospirillales	Halomonadaceae
0	Bacteria	Pseudomonadota	Gammaproteobacteria	Oceanospirillales	Halomonadaceae	Halomonas
29	Bacteria	Pseudomonadota	Gammaproteobacteria	Oceanospirillales	Halomonadaceae	Halomonas	Halomonas_sp._JS92-SW72
0	Bacteria	Pseudomonadota	Gammaproteobacteria	Xanthomonadales
0	Bacteria	Pseudomonadota	Gammaproteobacteria	Xanthomonadales	Xanthomonadaceae
0	Bacteria	Pseudomonadota	Gammaproteobacteria	Xanthomonadales	Xanthomonadaceae	Xanthomonas
24	Bacteria	Pseudomonadota	Gammaproteobacteria	Xanthomonadales	Xanthomonadaceae	Xanthomonas	Xanthomonas_campestris
0	Bacteria	Pseudomonadota	Betaproteobacteria
0	Bacteria	Pseudomonadota	Betaproteobacteria	Neisseriales
0	Bacteria	Pseudomonadota	Betaproteobacteria	Neisseriales	Neisseriaceae
0	Bacteria	Pseudomonadota	Betaproteobacteria	Neisseriales	Neisseriaceae	Neisseria
105	Bacteria	Pseudomonadota	Betaproteobacteria	Neisseriales	Neisseriaceae	Neisseria	Neisseria_sicca
128	Bacteria	Pseudomonadota	Betaproteobacteria	Neisseriales	Neisseriaceae	Neisseria	Neisseria_mucosa
43	Bacteria	Pseudomonadota	Betaproteobacteria	Neisseriales	Neisseriaceae	Neisseria	Neisseria_subflava
56	Bacteria	Pseudomonadota	Betaproteobacteria	Neisseriales	Neisseriaceae	Neisseria	Neisseria_macacae
31	Bacteria	Pseudomonadota	Betaproteobacteria	Neisseriales	Neisseriaceae	Neisseria	Neisseria_flavescens
101	Bacteria	Pseudomonadota	Betaproteobacteria	Neisseriales	Neisseriaceae	Neisseria	Neisseria_meningitidis
14	Bacteria	Pseudomonadota	Betaproteobacteria	Neisseriales	Neisseriaceae	Neisseria	Neisseria_elongata
0	Bacteria	Pseudomonadota	Betaproteobacteria	Neisseriales	Neisseriaceae	Kingella
18	Bacteria	Pseudomonadota	Betaproteobacteria	Neisseriales	Neisseriaceae	Kingella	Kingella_denitrificans
0	Bacteria	Pseudomonadota	Betaproteobacteria	Burkholderiales
0	Bacteria	Pseudomonadota	Betaproteobacteria	Burkholderiales	Burkholderiaceae
0	Bacteria	Pseudomonadota	Betaproteobacteria	Burkholderiales	Burkholderiaceae	Burkholderia
181	Bacteria	Pseudomonadota	Betaproteobacteria	Burkholderiales	Burkholderiaceae	Burkholderia	Burkholderia_cenocepacia
0	Bacteria	Pseudomonadota	Betaproteobacteria	Burkholderiales	Comamonadaceae
0	Bacteria	Pseudomonadota	Betaproteobacteria	Burkholderiales	Comamonadaceae	Polaromonas
67	Bacteria	Pseudomonadota	Betaproteobacteria	Burkholderiales	Comamonadaceae	Polaromonas	Polaromonas_naphthalenivorans
0	Bacteria	Pseudomonadota	Alphaproteobacteria
0	Bacteria	Pseudomonadota	Alphaproteobacteria	Hyphomicrobiales
0	Bacteria	Pseudomonadota	Alphaproteobacteria	Hyphomicrobiales	Nitrobacteraceae
0	Bacteria	Pseudomonadota	Alphaproteobacteria	Hyphomicrobiales	Nitrobacteraceae	Bradyrhizobium
96	Bacteria	Pseudomonadota	Alphaproteobacteria	Hyphomicrobiales	Nitrobacteraceae	Bradyrhizobium	Bradyrhizobium_sp._SK17
0	Bacteria	Pseudomonadota	Alphaproteobacteria	Hyphomicrobiales	Phyllobacteriaceae
0	Bacteria	Pseudomonadota	Alphaproteobacteria	Hyphomicrobiales	Phyllobacteriaceae	Mesorhizobium
34	Bacteria	Pseudomonadota	Alphaproteobacteria	Hyphomicrobiales	Phyllobacteriaceae	Mesorhizobium	Mesorhizobium_terrae
0	Bacteria	Candidatus_Saccharibacteria
0	Bacteria	Candidatus_Saccharibacteria	Candidatus_Saccharimonadia
0	Bacteria	Candidatus_Saccharibacteria	Candidatus_Saccharimonadia	Candidatus_Nanosynbacterales
0	Bacteria	Candidatus_Saccharibacteria	Candidatus_Saccharimonadia	Candidatus_Nanosynbacterales	Candidatus_Nanosynbacteraceae
0	Bacteria	Candidatus_Saccharibacteria	Candidatus_Saccharimonadia	Candidatus_Nanosynbacterales	Candidatus_Nanosynbacteraceae	Candidatus_Nanosynbacter
1000	Bacteria	Candidatus_Saccharibacteria	Candidatus_Saccharimonadia	Candidatus_Nanosynbacterales	Candidatus_Nanosynbacteraceae	Candidatus_Nanosynbacter	Candidatus_Nanosynbacter_sp._HMT-352
12	Bacteria	Candidatus_Saccharibacteria	Candidatus_Saccharimonadia	Candidatus_Nanosynbacterales	Candidatus_Nanosynbacteraceae	Candidatus_Nanosynbacter	Candidatus_Nanosynbacter_lyticus
0	Bacteria	Candidatus_Saccharibacteria	Candidatus_Minimicrobia
149	Bacteria	Candidatus_Saccharibacteria	Candidatus_Minimicrobia	Candidatus_Minimicrobia_vallesae
0	Bacteria	Spirochaetota
0	Bacteria	Spirochaetota	Spirochaetia
0	Bacteria	Spirochaetota	Spirochaetia	Spirochaetales
0	Bacteria	Spirochaetota	Spirochaetia	Spirochaetales	Treponemataceae
0	Bacteria	Spirochaetota	Spirochaetia	Spirochaetales	Treponemataceae	Treponema
71	Bacteria	Spirochaetota	Spirochaetia	Spirochaetales	Treponemataceae	Treponema	Treponema_sp._OMZ_803
59	Bacteria	Spirochaetota	Spirochaetia	Spirochaetales	Treponemataceae	Treponema	Treponema_vincentii
47	Bacteria	Spirochaetota	Spirochaetia	Spirochaetales	Treponemataceae	Treponema	Treponema_medium
24	Bacteria	Spirochaetota	Spirochaetia	Spirochaetales	Treponemataceae	Treponema	Treponema_socranskii
19	Bacteria	Spirochaetota	Spirochaetia	Spirochaetales	Treponemataceae	Treponema	Treponema_denticola
0	Bacteria	Verrucomicrobiota
0	Bacteria	Verrucomicrobiota	Verrucomicrobiae
0	Bacteria	Verrucomicrobiota	Verrucomicrobiae	Verrucomicrobiales
0	Bacteria	Verrucomicrobiota	Verrucomicrobiae	Verrucomicrobiales	Verrucomicrobiaceae
0	Bacteria	Verrucomicrobiota	Verrucomicrobiae	Verrucomicrobiales	Verrucomicrobiaceae	Luteolibacter
27	Bacteria	Verrucomicrobiota	Verrucomicrobiae	Verrucomicrobiales	Verrucomicrobiaceae	Luteolibacter	Luteolibacter_ambystomatis
0	Eukaryota
0	Eukaryota	Bacillariophyta
0	Eukaryota	Bacillariophyta	Bacillariophyceae
0	Eukaryota	Bacillariophyta	Bacillariophyceae	Naviculales
0	Eukaryota	Bacillariophyta	Bacillariophyceae	Naviculales	Phaeodactylaceae
0	Eukaryota	Bacillariophyta	Bacillariophyceae	Naviculales	Phaeodactylaceae	Phaeodactylum
124	Eukaryota	Bacillariophyta	Bacillariophyceae	Naviculales	Phaeodactylaceae	Phaeodactylum	Phaeodactylum_tricornutum
0	Eukaryota	Bacillariophyta	Coscinodiscophyceae
0	Eukaryota	Bacillariophyta	Coscinodiscophyceae	Thalassiosirales
0	Eukaryota	Bacillariophyta	Coscinodiscophyceae	Thalassiosirales	Thalassiosiraceae
0	Eukaryota	Bacillariophyta	Coscinodiscophyceae	Thalassiosirales	Thalassiosiraceae	Thalassiosira
122	Eukaryota	Bacillariophyta	Coscinodiscophyceae	Thalassiosirales	Thalassiosiraceae	Thalassiosira	Thalassiosira_pseudonana
0	Eukaryota	Chordata
0	Eukaryota	Chordata	Mammalia
0	Eukaryota	Chordata	Mammalia	Primates
0	Eukaryota	Chordata	Mammalia	Primates	Hominidae
0	Eukaryota	Chordata	Mammalia	Primates	Hominidae	Homo
134	Eukaryota	Chordata	Mammalia	Primates	Hominidae	Homo	Homo_sapiens
0	Eukaryota	Cryptophyceae
0	Eukaryota	Cryptophyceae	Pyrenomonadales
0	Eukaryota	Cryptophyceae	Pyrenomonadales	Geminigeraceae
0	Eukaryota	Cryptophyceae	Pyrenomonadales	Geminigeraceae	Guillardia
34	Eukaryota	Cryptophyceae	Pyrenomonadales	Geminigeraceae	Guillardia	Guillardia_theta
0	Viruses
0	Viruses	Pisuviricota
0	Viruses	Pisuviricota	Pisoniviricetes
0	Viruses	Pisuviricota	Pisoniviricetes	Nidovirales
0	Viruses	Pisuviricota	Pisoniviricetes	Nidovirales	Coronaviridae
0	Viruses	Pisuviricota	Pisoniviricetes	Nidovirales	Coronaviridae	Betacoronavirus
1532	Viruses	Pisuviricota	Pisoniviricetes	Nidovirales	Coronaviridae	Betacoronavirus	Severe_acute_respiratory_syndrome-related_coronavirus
