0	Bacteria
0	Bacteria	Pseudomonadota
0	Bacteria	Pseudomonadota	Gammaproteobacteria
0	Bacteria	Pseudomonadota	Gammaproteobacteria	Vibrionales
0	Bacteria	Pseudomonadota	Gammaproteobacteria	Vibrionales	Vibrionaceae
0	Bacteria	Pseudomonadota	Gammaproteobacteria	Vibrionales	Vibrionaceae	Vibrio
1803	Bacteria	Pseudomonadota	Gammaproteobacteria	Vibrionales	Vibrionaceae	Vibrio	Vibrio_kanaloae
740	Bacteria	Pseudomonadota	Gammaproteobacteria	Vibrionales	Vibrionaceae	Vibrio	Vibrio_plantisponsor
54	Bacteria	Pseudomonadota	Gammaproteobacteria	Vibrionales	Vibrionaceae	Vibrio	Vibrio_diabolicus
60	Bacteria	Pseudomonadota	Gammaproteobacteria	Vibrionales	Vibrionaceae	Vibrio	Vibrio_alginolyticus
96	Bacteria	Pseudomonadota	Gammaproteobacteria	Vibrionales	Vibrionaceae	Vibrio	Vibrio_toranzoniae
72	Bacteria	Pseudomonadota	Gammaproteobacteria	Vibrionales	Vibrionaceae	Vibrio	Vibrio_cholerae
21	Bacteria	Pseudomonadota	Gammaproteobacteria	Vibrionales	Vibrionaceae	Vibrio	Vibrio_ziniensis
24	Bacteria	Pseudomonadota	Gammaproteobacteria	Vibrionales	Vibrionaceae	Vibrio	Vibrio_crassostreae
23	Bacteria	Pseudomonadota	Gammaproteobacteria	Vibrionales	Vibrionaceae	Vibrio	Vibrio_celticus
25	Bacteria	Pseudomonadota	Gammaproteobacteria	Vibrionales	Vibrionaceae	Vibrio	Vibrio_fluvialis
18	Bacteria	Pseudomonadota	Gammaproteobacteria	Vibrionales	Vibrionaceae	Vibrio	Vibrio_cyclitrophicus
0	Bacteria	Pseudomonadota	Gammaproteobacteria	Alteromonadales
0	Bacteria	Pseudomonadota	Gammaproteobacteria	Alteromonadales	Pseudoalteromonadaceae
0	Bacteria	Pseudomonadota	Gammaproteobacteria	Alteromonadales	Pseudoalteromonadaceae	Pseudoalteromonas
950	Bacteria	Pseudomonadota	Gammaproteobacteria	Alteromonadales	Pseudoalteromonadaceae	Pseudoalteromonas	Pseudoalteromonas_prydzensis
285	Bacteria	Pseudomonadota	Gammaproteobacteria	Alteromonadales	Pseudoalteromonadaceae	Pseudoalteromonas	Pseudoalteromonas_rhizosphaerae
69	Bacteria	Pseudomonadota	Gammaproteobacteria	Alteromonadales	Pseudoalteromonadaceae	Pseudoalteromonas	Pseudoalteromonas_sp._KAN5
137	Bacteria	Pseudomonadota	Gammaproteobacteria	Alteromonadales	Pseudoalteromonadaceae	Pseudoalteromonas	Pseudoalteromonas_mariniglutinosa
0	Bacteria	Pseudomonadota	Gammaproteobacteria	Alteromonadales	Idiomarinaceae
0	Bacteria	Pseudomonadota	Gammaproteobacteria	Alteromonadales	Idiomarinaceae	Idiomarina
31	Bacteria	Pseudomonadota	Gammaproteobacteria	Alteromonadales	Idiomarinaceae	Idiomarina	Idiomarina_loihiensis
0	Bacteria	Pseudomonadota	Gammaproteobacteria	Pseudomonadales
0	Bacteria	Pseudomonadota	Gammaproteobacteria	Pseudomonadales	Pseudomonadaceae
0	Bacteria	Pseudomonadota	Gammaproteobacteria	Pseudomonadales	Pseudomonadaceae	Pseudomonas
200	Bacteria	Pseudomonadota	Gammaproteobacteria	Pseudomonadales	Pseudomonadaceae	Pseudomonas	Pseudomonas_aeruginosa
46	Bacteria	Pseudomonadota	Gammaproteobacteria	Pseudomonadales	Pseudomonadaceae	Pseudomonas	Pseudomonas_fluorescens
30	Bacteria	Pseudomonadota	Gammaproteobacteria	Pseudomonadales	Pseudomonadaceae	Pseudomonas	Pseudomonas_putida
122	Bacteria	Pseudomonadota	Gammaproteobacteria	Pseudomonadales	Pseudomonadaceae	Pseudomonas	Pseudomonas_sessilinigenes
0	Bacteria	Pseudomonadota	Gammaproteobacteria	Moraxellales
0	Bacteria	Pseudomonadota	Gammaproteobacteria	Moraxellales	Moraxellaceae
0	Bacteria	Pseudomonadota	Gammaproteobacteria	Moraxellales	Moraxellaceae	Acinetobacter
54	Bacteria	Pseudomonadota	Gammaproteobacteria	Moraxellales	Moraxellaceae	Acinetobacter	Acinetobacter_sp._TTH0-4
44	Bacteria	Pseudomonadota	Gammaproteobacteria	Moraxellales	Moraxellaceae	Acinetobacter	Acinetobacter_junii
115	Bacteria	Pseudomonadota	Gammaproteobacteria	Moraxellales	Moraxellaceae	Acinetobacter	Acinetobacter_johnsonii
73	Bacteria	Pseudomonadota	Gammaproteobacteria	Moraxellales	Moraxellaceae	Acinetobacter	Acinetobacter_pseudolwoffii
0	Bacteria	Pseudomonadota	Gammaproteobacteria	Moraxellales	Moraxellaceae	Psychrobacter
41	Bacteria	Pseudomonadota	Gammaproteobacteria	Moraxellales	Moraxellaceae	Psychrobacter	Psychrobacter_sp._DAB_AL43B
0	Bacteria	Pseudomonadota	Gammaproteobacteria	Moraxellales	Moraxellaceae	Moraxella
24	Bacteria	Pseudomonadota	Gammaproteobacteria	Moraxellales	Moraxellaceae	Moraxella	Moraxella_osloensis
0	Bacteria	Pseudomonadota	Gammaproteobacteria	Xanthomonadales
0	Bacteria	Pseudomonadota	Gammaproteobacteria	Xanthomonadales	Xanthomonadaceae
0	Bacteria	Pseudomonadota	Gammaproteobacteria	Xanthomonadales	Xanthomonadaceae	Stenotrophomonas
71	Bacteria	Pseudomonadota	Gammaproteobacteria	Xanthomonadales	Xanthomonadaceae	Stenotrophomonas	Stenotrophomonas_maltophilia
0	Bacteria	Pseudomonadota	Gammaproteobacteria	Xanthomonadales	Xanthomonadaceae	Lysobacter
29	Bacteria	Pseudomonadota	Gammaproteobacteria	Xanthomonadales	Xanthomonadaceae	Lysobacter	Lysobacter_enzymogenes
0	Bacteria	Pseudomonadota	Gammaproteobacteria	Xanthomonadales	Xanthomonadaceae	Xanthomonas
26	Bacteria	Pseudomonadota	Gammaproteobacteria	Xanthomonadales	Xanthomonadaceae	Xanthomonas	Xanthomonas_campestris
0	Bacteria	Pseudomonadota	Gammaproteobacteria	Aeromonadales
0	Bacteria	Pseudomonadota	Gammaproteobacteria	Aeromonadales	Aeromonadaceae
0	Bacteria	Pseudomonadota	Gammaproteobacteria	Aeromonadales	Aeromonadaceae	Aeromonas
63	Bacteria	Pseudomonadota	Gammaproteobacteria	Aeromonadales	Aeromonadaceae	Aeromonas	Aeromonas_media
0	Bacteria	Pseudomonadota	Betaproteobacteria
0	Bacteria	Pseudomonadota	Betaproteobacteria	Burkholderiales
0	Bacteria	Pseudomonadota	Betaproteobacteria	Burkholderiales	Comamonadaceae
0	Bacteria	Pseudomonadota	Betaproteobacteria	Burkholderiales	Comamonadaceae	Acidovorax
23	Bacteria	Pseudomonadota	Betaproteobacteria	Burkholderiales	Comamonadaceae	Acidovorax	Acidovorax_sp._JMULE5
43	Bacteria	Pseudomonadota	Betaproteobacteria	Burkholderiales	Comamonadaceae	Acidovorax	Acidovorax_sp._KKS102
28	Bacteria	Pseudomonadota	Betaproteobacteria	Burkholderiales	Comamonadaceae	Acidovorax	Acidovorax_sp._RAC01
81	Bacteria	Pseudomonadota	Betaproteobacteria	Burkholderiales	Comamonadaceae	Acidovorax	Acidovorax_carolinensis
24	Bacteria	Pseudomonadota	Betaproteobacteria	Burkholderiales	Comamonadaceae	Acidovorax	Acidovorax_radicis
0	Bacteria	Pseudomonadota	Betaproteobacteria	Burkholderiales	Comamonadaceae	Rhodoferax
17	Bacteria	Pseudomonadota	Betaproteobacteria	Burkholderiales	Comamonadaceae	Rhodoferax	Rhodoferax_sp._AJA081-3
15	Bacteria	Pseudomonadota	Betaproteobacteria	Burkholderiales	Comamonadaceae	Rhodoferax	Rhodoferax_sp._PAMC_29310
14	Bacteria	Pseudomonadota	Betaproteobacteria	Burkholderiales	Comamonadaceae	Rhodoferax	Rhodoferax_sp._MIZ03
21	Bacteria	Pseudomonadota	Betaproteobacteria	Burkholderiales	Comamonadaceae	Rhodoferax	Rhodoferax_saidenbachensis
39	Bacteria	Pseudomonadota	Betaproteobacteria	Burkholderiales	Comamonadaceae	Rhodoferax	Rhodoferax_koreense
13	Bacteria	Pseudomonadota	Betaproteobacteria	Burkholderiales	Comamonadaceae	Rhodoferax	Rhodoferax_ferrireducens
0	Bacteria	Pseudomonadota	Betaproteobacteria	Burkholderiales	Comamonadaceae	Variovorax
82	Bacteria	Pseudomonadota	Betaproteobacteria	Burkholderiales	Comamonadaceae	Variovorax	Variovorax_paradoxus
33	Bacteria	Pseudomonadota	Betaproteobacteria	Burkholderiales	Comamonadaceae	Variovorax	Variovorax_boronicumulans
0	Bacteria	Pseudomonadota	Betaproteobacteria	Burkholderiales	Comamonadaceae	Polaromonas
56	Bacteria	Pseudomonadota	Betaproteobacteria	Burkholderiales	Comamonadaceae	Polaromonas	Polaromonas_naphthalenivorans
30	Bacteria	Pseudomonadota	Betaproteobacteria	Burkholderiales	Comamonadaceae	Polaromonas	Polaromonas_sp._JS666
0	Bacteria	Pseudomonadota	Betaproteobacteria	Burkholderiales	Comamonadaceae	Comamonas
53	Bacteria	Pseudomonadota	Betaproteobacteria	Burkholderiales	Comamonadaceae	Comamonas	Comamonas_aquatica
0	Bacteria	Pseudomonadota	Betaproteobacteria	Burkholderiales	Comamonadaceae	Ramlibacter
43	Bacteria	Pseudomonadota	Betaproteobacteria	Burkholderiales	Comamonadaceae	Ramlibacter	Ramlibacter_tataouinensis
0	Bacteria	Pseudomonadota	Betaproteobacteria	Burkholderiales	Comamonadaceae	Hydrogenophaga
28	Bacteria	Pseudomonadota	Betaproteobacteria	Burkholderiales	Comamonadaceae	Hydrogenophaga	Hydrogenophaga_sp._SL48
0	Bacteria	Pseudomonadota	Betaproteobacteria	Burkholderiales	Comamonadaceae	Simplicispira
23	Bacteria	Pseudomonadota	Betaproteobacteria	Burkholderiales	Comamonadaceae	Simplicispira	Simplicispira_suum
0	Bacteria	Pseudomonadota	Betaproteobacteria	Burkholderiales	Comamonadaceae	Curvibacter
18	Bacteria	Pseudomonadota	Betaproteobacteria	Burkholderiales	Comamonadaceae	Curvibacter	Curvibacter_sp._AEP1-3
0	Bacteria	Pseudomonadota	Betaproteobacteria	Burkholderiales	Comamonadaceae	Kinneretia
18	Bacteria	Pseudomonadota	Betaproteobacteria	Burkholderiales	Comamonadaceae	Kinneretia	Kinneretia_sp._DAIF2
0	Bacteria	Pseudomonadota	Betaproteobacteria	Burkholderiales	Comamonadaceae	Ottowia
18	Bacteria	Pseudomonadota	Betaproteobacteria	Burkholderiales	Comamonadaceae	Ottowia	Ottowia_oryzae
0	Bacteria	Pseudomonadota	Betaproteobacteria	Burkholderiales	Sphaerotilaceae
0	Bacteria	Pseudomonadota	Betaproteobacteria	Burkholderiales	Sphaerotilaceae	Sphaerotilus
28	Bacteria	Pseudomonadota	Betaproteobacteria	Burkholderiales	Sphaerotilaceae	Sphaerotilus	Sphaerotilus_sp._FB-5
25	Bacteria	Pseudomonadota	Betaproteobacteria	Burkholderiales	Sphaerotilaceae	Sphaerotilus	Sphaerotilus_sulfidivorans
0	Bacteria	Pseudomonadota	Betaproteobacteria	Burkholderiales	Sphaerotilaceae	Schlegelella
40	Bacteria	Pseudomonadota	Betaproteobacteria	Burkholderiales	Sphaerotilaceae	Schlegelella	Schlegelella_aquatica
0	Bacteria	Pseudomonadota	Betaproteobacteria	Burkholderiales	Sphaerotilaceae	Ideonella
31	Bacteria	Pseudomonadota	Betaproteobacteria	Burkholderiales	Sphaerotilaceae	Ideonella	Ideonella_dechloratans
0	Bacteria	Pseudomonadota	Betaproteobacteria	Burkholderiales	Sphaerotilaceae	Aquincola
21	Bacteria	Pseudomonadota	Betaproteobacteria	Burkholderiales	Sphaerotilaceae	Aquincola	Aquincola_tertiaricarbonis
0	Bacteria	Pseudomonadota	Betaproteobacteria	Burkholderiales	Sphaerotilaceae	Caldimonas
18	Bacteria	Pseudomonadota	Betaproteobacteria	Burkholderiales	Sphaerotilaceae	Caldimonas	Caldimonas_brevitalea
0	Bacteria	Pseudomonadota	Betaproteobacteria	Burkholderiales	Sphaerotilaceae	Rubrivivax
14	Bacteria	Pseudomonadota	Betaproteobacteria	Burkholderiales	Sphaerotilaceae	Rubrivivax	Rubrivivax_gelatinosus
0	Bacteria	Pseudomonadota	Betaproteobacteria	Burkholderiales	Oxalobacteraceae
0	Bacteria	Pseudomonadota	Betaproteobacteria	Burkholderiales	Oxalobacteraceae	Massilia
45	Bacteria	Pseudomonadota	Betaproteobacteria	Burkholderiales	Oxalobacteraceae	Massilia	Massilia_sp._HC52
40	Bacteria	Pseudomonadota	Betaproteobacteria	Burkholderiales	Oxalobacteraceae	Massilia	Massilia_violaceinigra
0	Bacteria	Pseudomonadota	Betaproteobacteria	Burkholderiales	Oxalobacteraceae	Duganella
27	Bacteria	Pseudomonadota	Betaproteobacteria	Burkholderiales	Oxalobacteraceae	Duganella	Duganella_dendranthematis
0	Bacteria	Pseudomonadota	Betaproteobacteria	Burkholderiales	Oxalobacteraceae	Janthinobacterium
43	Bacteria	Pseudomonadota	Betaproteobacteria	Burkholderiales	Oxalobacteraceae	Janthinobacterium	Janthinobacterium_agaricidamnosum
0	Bacteria	Pseudomonadota	Betaproteobacteria	Burkholderiales	Burkholderiaceae
0	Bacteria	Pseudomonadota	Betaproteobacteria	Burkholderiales	Burkholderiaceae	Cupriavidus
44	Bacteria	Pseudomonadota	Betaproteobacteria	Burkholderiales	Burkholderiaceae	Cupriavidus	Cupriavidus_taiwanensis
0	Bacteria	Pseudomonadota	Betaproteobacteria	Burkholderiales	Burkholderiaceae	Ralstonia
44	Bacteria	Pseudomonadota	Betaproteobacteria	Burkholderiales	Burkholderiaceae	Ralstonia	Ralstonia_solanacearum
0	Bacteria	Pseudomonadota	Betaproteobacteria	Burkholderiales	Rhizobacter
25	Bacteria	Pseudomonadota	Betaproteobacteria	Burkholderiales	Rhizobacter	Rhizobacter_sp._AJA081-3
14	Bacteria	Pseudomonadota	Betaproteobacteria	Burkholderiales	Rhizobacter	Rhizobacter_gummiphilus
0	Bacteria	Pseudomonadota	Betaproteobacteria	Burkholderiales	Xylophilus
15	Bacteria	Pseudomonadota	Betaproteobacteria	Burkholderiales	Xylophilus	Xylophilus_rhododendri
0	Bacteria	Pseudomonadota	Betaproteobacteria	Burkholderiales	Alcaligenaceae
0	Bacteria	Pseudomonadota	Betaproteobacteria	Burkholderiales	Alcaligenaceae	Achromobacter
46	Bacteria	Pseudomonadota	Betaproteobacteria	Burkholderiales	Alcaligenaceae	Achromobacter	Achromobacter_xylosoxidans
0	Bacteria	Pseudomonadota	Betaproteobacteria	Rhodocyclales
0	Bacteria	Pseudomonadota	Betaproteobacteria	Rhodocyclales	Azonexaceae
0	Bacteria	Pseudomonadota	Betaproteobacteria	Rhodocyclales	Azonexaceae	Ferribacterium
44	Bacteria	Pseudomonadota	Betaproteobacteria	Rhodocyclales	Azonexaceae	Ferribacterium	Ferribacterium_limneticum
0	Bacteria	Pseudomonadota	Betaproteobacteria	Neisseriales
0	Bacteria	Pseudomonadota	Betaproteobacteria	Neisseriales	Chromobacteriaceae
0	Bacteria	Pseudomonadota	Betaproteobacteria	Neisseriales	Chromobacteriaceae	Aquaspirillum
33	Bacteria	Pseudomonadota	Betaproteobacteria	Neisseriales	Chromobacteriaceae	Aquaspirillum	Aquaspirillum_sp._LM1
0	Bacteria	Pseudomonadota	Alphaproteobacteria
0	Bacteria	Pseudomonadota	Alphaproteobacteria	Hyphomicrobiales
0	Bacteria	Pseudomonadota	Alphaproteobacteria	Hyphomicrobiales	Nitrobacteraceae
0	Bacteria	Pseudomonadota	Alphaproteobacteria	Hyphomicrobiales	Nitrobacteraceae	Bradyrhizobium
46	Bacteria	Pseudomonadota	Alphaproteobacteria	Hyphomicrobiales	Nitrobacteraceae	Bradyrhizobium	Bradyrhizobium_sp._200
31	Bacteria	Pseudomonadota	Alphaproteobacteria	Hyphomicrobiales	Nitrobacteraceae	Bradyrhizobium	Bradyrhizobium_erythrophlei
126	Bacteria	Pseudomonadota	Alphaproteobacteria	Hyphomicrobiales	Nitrobacteraceae	Bradyrhizobium	Bradyrhizobium_lablabi
17	Bacteria	Pseudomonadota	Alphaproteobacteria	Hyphomicrobiales	Nitrobacteraceae	Bradyrhizobium	Bradyrhizobium_sediminis
0	Bacteria	Pseudomonadota	Alphaproteobacteria	Hyphomicrobiales	Nitrobacteraceae	Rhodopseudomonas
17	Bacteria	Pseudomonadota	Alphaproteobacteria	Hyphomicrobiales	Nitrobacteraceae	Rhodopseudomonas	Rhodopseudomonas_sp._SK50-23
21	Bacteria	Pseudomonadota	Alphaproteobacteria	Hyphomicrobiales	Nitrobacteraceae	Rhodopseudomonas	Rhodopseudomonas_palustris
0	Bacteria	Pseudomonadota	Alphaproteobacteria	Hyphomicrobiales	Rhizobiaceae
0	Bacteria	Pseudomonadota	Alphaproteobacteria	Hyphomicrobiales	Rhizobiaceae	Agrobacterium
48	Bacteria	Pseudomonadota	Alphaproteobacteria	Hyphomicrobiales	Rhizobiaceae	Agrobacterium	Agrobacterium_tumefaciens
0	Bacteria	Pseudomonadota	Alphaproteobacteria	Hyphomicrobiales	Rhizobiaceae	Rhizobium
39	Bacteria	Pseudomonadota	Alphaproteobacteria	Hyphomicrobiales	Rhizobiaceae	Rhizobium	Rhizobium_leguminosarum
0	Bacteria	Pseudomonadota	Alphaproteobacteria	Hyphomicrobiales	Rhizobiaceae	Shinella
35	Bacteria	Pseudomonadota	Alphaproteobacteria	Hyphomicrobiales	Rhizobiaceae	Shinella	Shinella_sp._XGS7
0	Bacteria	Pseudomonadota	Alphaproteobacteria	Hyphomicrobiales	Rhizobiaceae	Ensifer
23	Bacteria	Pseudomonadota	Alphaproteobacteria	Hyphomicrobiales	Rhizobiaceae	Ensifer	Ensifer_adhaerens
0	Bacteria	Pseudomonadota	Alphaproteobacteria	Hyphomicrobiales	Methylobacteriaceae
0	Bacteria	Pseudomonadota	Alphaproteobacteria	Hyphomicrobiales	Methylobacteriaceae	Methylobacterium
32	Bacteria	Pseudomonadota	Alphaproteobacteria	Hyphomicrobiales	Methylobacteriaceae	Methylobacterium	Methylobacterium_sp._FF17
0	Bacteria	Pseudomonadota	Alphaproteobacteria	Hyphomicrobiales	Hyphomicrobiaceae
0	Bacteria	Pseudomonadota	Alphaproteobacteria	Hyphomicrobiales	Hyphomicrobiaceae	Rhodoplanes
31	Bacteria	Pseudomonadota	Alphaproteobacteria	Hyphomicrobiales	Hyphomicrobiaceae	Rhodoplanes	Rhodoplanes_sp._Z2-YC6860
0	Bacteria	Pseudomonadota	Alphaproteobacteria	Sphingomonadales
0	Bacteria	Pseudomonadota	Alphaproteobacteria	Sphingomonadales	Sphingomonadaceae
0	Bacteria	Pseudomonadota	Alphaproteobacteria	Sphingomonadales	Sphingomonadaceae	Sphingomonas
47	Bacteria	Pseudomonadota	Alphaproteobacteria	Sphingomonadales	Sphingomonadaceae	Sphingomonas	Sphingomonas_sp._PAMC26645
72	Bacteria	Pseudomonadota	Alphaproteobacteria	Sphingomonadales	Sphingomonadaceae	Sphingomonas	Sphingomonas_sp._AAP5
36	Bacteria	Pseudomonadota	Alphaproteobacteria	Sphingomonadales	Sphingomonadaceae	Sphingomonas	Sphingomonas_sp._HMP9
82	Bacteria	Pseudomonadota	Alphaproteobacteria	Sphingomonadales	Sphingomonadaceae	Sphingomonas	Sphingomonas_sp._FARSPH
0	Bacteria	Pseudomonadota	Alphaproteobacteria	Rhodobacterales
0	Bacteria	Pseudomonadota	Alphaproteobacteria	Rhodobacterales	Paracoccaceae
0	Bacteria	Pseudomonadota	Alphaproteobacteria	Rhodobacterales	Paracoccaceae	Gemmobacter
38	Bacteria	Pseudomonadota	Alphaproteobacteria	Rhodobacterales	Paracoccaceae	Gemmobacter	Gemmobacter_aquarius
0	Bacteria	Actinomycetota
0	Bacteria	Actinomycetota	Actinomycetes
0	Bacteria	Actinomycetota	Actinomycetes	Mycobacteriales
0	Bacteria	Actinomycetota	Actinomycetes	Mycobacteriales	Corynebacteriaceae
0	Bacteria	Actinomycetota	Actinomycetes	Mycobacteriales	Corynebacteriaceae	Corynebacterium
136	Bacteria	Actinomycetota	Actinomycetes	Mycobacteriales	Corynebacteriaceae	Corynebacterium	Corynebacterium_accolens
107	Bacteria	Actinomycetota	Actinomycetes	Mycobacteriales	Corynebacteriaceae	Corynebacterium	Corynebacterium_segmentosum
57	Bacteria	Actinomycetota	Actinomycetes	Mycobacteriales	Corynebacteriaceae	Corynebacterium	Corynebacterium_macginleyi
19	Bacteria	Actinomycetota	Actinomycetes	Mycobacteriales	Corynebacteriaceae	Corynebacterium	Corynebacterium_efficiens
0	Bacteria	Actinomycetota	Actinomycetes	Propionibacteriales
0	Bacteria	Actinomycetota	Actinomycetes	Propionibacteriales	Propionibacteriaceae
0	Bacteria	Actinomycetota	Actinomycetes	Propionibacteriales	Propionibacteriaceae	Cutibacterium
84	Bacteria	Actinomycetota	Actinomycetes	Propionibacteriales	Propionibacteriaceae	Cutibacterium	Cutibacterium_acnes
29	Bacteria	Actinomycetota	Actinomycetes	Propionibacteriales	Propionibacteriaceae	Cutibacterium	Cutibacterium_granulosum
0	Bacteria	Actinomycetota	Actinomycetes	Propionibacteriales	Nocardioidaceae
0	Bacteria	Actinomycetota	Actinomycetes	Propionibacteriales	Nocardioidaceae	Nocardioides
59	Bacteria	Actinomycetota	Actinomycetes	Propionibacteriales	Nocardioidaceae	Nocardioides	Nocardioides_sp._zg-579
0	Bacteria	Actinomycetota	Actinomycetes	Kitasatosporales
0	Bacteria	Actinomycetota	Actinomycetes	Kitasatosporales	Streptomycetaceae
0	Bacteria	Actinomycetota	Actinomycetes	Kitasatosporales	Streptomycetaceae	Streptomyces
137	Bacteria	Actinomycetota	Actinomycetes	Kitasatosporales	Streptomycetaceae	Streptomyces	Streptomyces_venezuelae
0	Bacteria	Actinomycetota	Actinomycetes	Micrococcales
0	Bacteria	Actinomycetota	Actinomycetes	Micrococcales	Microbacteriaceae
0	Bacteria	Actinomycetota	Actinomycetes	Micrococcales	Microbacteriaceae	Microbacterium
72	Bacteria	Actinomycetota	Actinomycetes	Micrococcales	Microbacteriaceae	Microbacterium	Microbacterium_sp._PM5
0	Bacteria	Actinomycetota	Actinomycetes	Micrococcales	Microbacteriaceae	Agreia
37	Bacteria	Actinomycetota	Actinomycetes	Micrococcales	Microbacteriaceae	Agreia	Agreia_sp._COWG
0	Bacteria	Actinomycetota	Actinomycetes	Micrococcales	Micrococcaceae
0	Bacteria	Actinomycetota	Actinomycetes	Micrococcales	Micrococcaceae	Paeniglutamicibacter
26	Bacteria	Actinomycetota	Actinomycetes	Micrococcales	Micrococcaceae	Paeniglutamicibacter	Paeniglutamicibacter_sp._Y32M11
0	Bacteria	Actinomycetota	Actinomycetes	Bifidobacteriales
0	Bacteria	Actinomycetota	Actinomycetes	Bifidobacteriales	Bifidobacteriaceae
0	Bacteria	Actinomycetota	Actinomycetes	Bifidobacteriales	Bifidobacteriaceae	Bifidobacterium
22	Bacteria	Actinomycetota	Actinomycetes	Bifidobacteriales	Bifidobacteriaceae	Bifidobacterium	Bifidobacterium_longum
26	Bacteria	Actinomycetota	Actinomycetes	Bifidobacteriales	Bifidobacteriaceae	Bifidobacterium	Bifidobacterium_adolescentis
0	Bacteria	Actinomycetota	Actinomycetes	Streptosporangiales
0	Bacteria	Actinomycetota	Actinomycetes	Streptosporangiales	Thermomonosporaceae
0	Bacteria	Actinomycetota	Actinomycetes	Streptosporangiales	Thermomonosporaceae	Actinomadura
24	Bacteria	Actinomycetota	Actinomycetes	Streptosporangiales	Thermomonosporaceae	Actinomadura	Actinomadura_madurae
0	Bacteria	Actinomycetota	Acidimicrobiia
0	Bacteria	Actinomycetota	Acidimicrobiia	Acidimicrobiales
0	Bacteria	Actinomycetota	Acidimicrobiia	Acidimicrobiales	Iamiaceae
0	Bacteria	Actinomycetota	Acidimicrobiia	Acidimicrobiales	Iamiaceae	Aquihabitans
35	Bacteria	Actinomycetota	Acidimicrobiia	Acidimicrobiales	Iamiaceae	Aquihabitans	Aquihabitans_sp._G128
17	Bacteria	Actinomycetota	Acidimicrobiia	Acidimicrobiales	Iamiaceae	Aquihabitans	Aquihabitans_sp._Kera_3
0	Bacteria	Bacillota
0	Bacteria	Bacillota	Clostridia
0	Bacteria	Bacillota	Clostridia	Eubacteriales
0	Bacteria	Bacillota	Clostridia	Eubacteriales	Lachnospiraceae
0	Bacteria	Bacillota	Clostridia	Eubacteriales	Lachnospiraceae	Blautia
185	Bacteria	Bacillota	Clostridia	Eubacteriales	Lachnospiraceae	Blautia	Blautia_wexlerae
34	Bacteria	Bacillota	Clostridia	Eubacteriales	Lachnospiraceae	Blautia	Blautia_obeum
0	Bacteria	Bacillota	Clostridia	Eubacteriales	Lachnospiraceae	Anaerostipes
30	Bacteria	Bacillota	Clostridia	Eubacteriales	Lachnospiraceae	Anaerostipes	Anaerostipes_hadrus
0	Bacteria	Bacillota	Clostridia	Eubacteriales	Lachnospiraceae	Anaerobutyricum
27	Bacteria	Bacillota	Clostridia	Eubacteriales	Lachnospiraceae	Anaerobutyricum	Anaerobutyricum_hallii
0	Bacteria	Bacillota	Clostridia	Eubacteriales	Oscillospiraceae
0	Bacteria	Bacillota	Clostridia	Eubacteriales	Oscillospiraceae	Faecalibacterium
64	Bacteria	Bacillota	Clostridia	Eubacteriales	Oscillospiraceae	Faecalibacterium	Faecalibacterium_prausnitzii
0	Bacteria	Bacillota	Bacilli
0	Bacteria	Bacillota	Bacilli	Lactobacillales
0	Bacteria	Bacillota	Bacilli	Lactobacillales	Streptococcaceae
0	Bacteria	Bacillota	Bacilli	Lactobacillales	Streptococcaceae	Streptococcus
62	Bacteria	Bacillota	Bacilli	Lactobacillales	Streptococcaceae	Streptococcus	Streptococcus_suis
43	Bacteria	Bacillota	Bacilli	Lactobacillales	Streptococcaceae	Streptococcus	Streptococcus_parauberis
28	Bacteria	Bacillota	Bacilli	Lactobacillales	Streptococcaceae	Streptococcus	Streptococcus_thermophilus
0	Bacteria	Bacillota	Bacilli	Bacillales
0	Bacteria	Bacillota	Bacilli	Bacillales	Staphylococcaceae
0	Bacteria	Bacillota	Bacilli	Bacillales	Staphylococcaceae	Staphylococcus
36	Bacteria	Bacillota	Bacilli	Bacillales	Staphylococcaceae	Staphylococcus	Staphylococcus_cohnii
23	Bacteria	Bacillota	Bacilli	Bacillales	Staphylococcaceae	Staphylococcus	Staphylococcus_epidermidis
19	Bacteria	Bacillota	Bacilli	Bacillales	Staphylococcaceae	Staphylococcus	Staphylococcus_hominis
0	Bacteria	Bacillota	Erysipelotrichia
0	Bacteria	Bacillota	Erysipelotrichia	Erysipelotrichales
0	Bacteria	Bacillota	Erysipelotrichia	Erysipelotrichales	Erysipelotrichaceae
0	Bacteria	Bacillota	Erysipelotrichia	Erysipelotrichales	Erysipelotrichaceae	Faecalibacillus
26	Bacteria	Bacillota	Erysipelotrichia	Erysipelotrichales	Erysipelotrichaceae	Faecalibacillus	Faecalibacillus_intestinalis
0	Bacteria	Cyanobacteriota
0	Bacteria	Cyanobacteriota	Cyanophyceae
0	Bacteria	Cyanobacteriota	Cyanophyceae	Oscillatoriales
0	Bacteria	Cyanobacteriota	Cyanophyceae	Oscillatoriales	Oscillatoriaceae
0	Bacteria	Cyanobacteriota	Cyanophyceae	Oscillatoriales	Oscillatoriaceae	Oscillatoria
25	Bacteria	Cyanobacteriota	Cyanophyceae	Oscillatoriales	Oscillatoriaceae	Oscillatoria	Oscillatoria_nigro-viridis
0	Bacteria	Cyanobacteriota	Cyanophyceae	Oscillatoriales	Microcoleaceae
0	Bacteria	Cyanobacteriota	Cyanophyceae	Oscillatoriales	Microcoleaceae	Microcoleus
22	Bacteria	Cyanobacteriota	Cyanophyceae	Oscillatoriales	Microcoleaceae	Microcoleus	Microcoleus_vaginatus
0	Bacteria	Bacteroidota
0	Bacteria	Bacteroidota	Bacteroidia
0	Bacteria	Bacteroidota	Bacteroidia	Bacteroidales
0	Bacteria	Bacteroidota	Bacteroidia	Bacteroidales	Bacteroidaceae
0	Bacteria	Bacteroidota	Bacteroidia	Bacteroidales	Bacteroidaceae	Bacteroides
43	Bacteria	Bacteroidota	Bacteroidia	Bacteroidales	Bacteroidaceae	Bacteroides	Bacteroides_thetaiotaomicron
49	Bacteria	Bacteroidota	Bacteroidia	Bacteroidales	Bacteroidaceae	Bacteroides	Bacteroides_uniformis
26	Bacteria	Bacteroidota	Bacteroidia	Bacteroidales	Bacteroidaceae	Bacteroides	Bacteroides_fragilis
41	Bacteria	Bacteroidota	Bacteroidia	Bacteroidales	Bacteroidaceae	Bacteroides	Bacteroides_xylanisolvens
0	Bacteria	Bacteroidota	Bacteroidia	Bacteroidales	Bacteroidaceae	Phocaeicola
113	Bacteria	Bacteroidota	Bacteroidia	Bacteroidales	Bacteroidaceae	Phocaeicola	Phocaeicola_vulgatus
42	Bacteria	Bacteroidota	Bacteroidia	Bacteroidales	Bacteroidaceae	Phocaeicola	Phocaeicola_dorei
0	Bacteria	Bacteroidota	Bacteroidia	Bacteroidales	Tannerellaceae
0	Bacteria	Bacteroidota	Bacteroidia	Bacteroidales	Tannerellaceae	Parabacteroides
38	Bacteria	Bacteroidota	Bacteroidia	Bacteroidales	Tannerellaceae	Parabacteroides	Parabacteroides_distasonis
0	Bacteria	Bacteroidota	Bacteroidia	Bacteroidales	Prevotellaceae
0	Bacteria	Bacteroidota	Bacteroidia	Bacteroidales	Prevotellaceae	Prevotella
37	Bacteria	Bacteroidota	Bacteroidia	Bacteroidales	Prevotellaceae	Prevotella	Prevotella_copri
0	Bacteria	Bacteroidota	Flavobacteriia
0	Bacteria	Bacteroidota	Flavobacteriia	Flavobacteriales
0	Bacteria	Bacteroidota	Flavobacteriia	Flavobacteriales	Flavobacteriaceae
0	Bacteria	Bacteroidota	Flavobacteriia	Flavobacteriales	Flavobacteriaceae	Flavobacterium
64	Bacteria	Bacteroidota	Flavobacteriia	Flavobacteriales	Flavobacteriaceae	Flavobacterium	Flavobacterium_sp._Sr18
66	Bacteria	Bacteroidota	Flavobacteriia	Flavobacteriales	Flavobacteriaceae	Flavobacterium	Flavobacterium_sp._F-340
42	Bacteria	Bacteroidota	Flavobacteriia	Flavobacteriales	Flavobacteriaceae	Flavobacterium	Flavobacterium_sp._IMCC36792
18	Bacteria	Bacteroidota	Flavobacteriia	Flavobacteriales	Flavobacteriaceae	Flavobacterium	Flavobacterium_sp._IMCC36793
23	Bacteria	Bacteroidota	Flavobacteriia	Flavobacteriales	Flavobacteriaceae	Flavobacterium	Flavobacterium_nackdongense
20	Bacteria	Bacteroidota	Flavobacteriia	Flavobacteriales	Flavobacteriaceae	Flavobacterium	Flavobacterium_sangjuense
0	Bacteria	Bacteroidota	Chitinophagia
0	Bacteria	Bacteroidota	Chitinophagia	Chitinophagales
0	Bacteria	Bacteroidota	Chitinophagia	Chitinophagales	Chitinophagaceae
0	Bacteria	Bacteroidota	Chitinophagia	Chitinophagales	Chitinophagaceae	Panacibacter
24	Bacteria	Bacteroidota	Chitinophagia	Chitinophagales	Chitinophagaceae	Panacibacter	Panacibacter_ginsenosidivorans
0	Bacteria	Bacteroidota	Chitinophagia	Chitinophagales	Chitinophagaceae	Pseudobacter
16	Bacteria	Bacteroidota	Chitinophagia	Chitinophagales	Chitinophagaceae	Pseudobacter	Pseudobacter_ginsenosidimutans
0	Bacteria	Bacteroidota	Chitinophagia	Chitinophagales	Chitinophagaceae	Ferruginibacter
15	Bacteria	Bacteroidota	Chitinophagia	Chitinophagales	Chitinophagaceae	Ferruginibacter	Ferruginibacter_lapsinanis
0	Bacteria	Bacteroidota	Sphingobacteriia
0	Bacteria	Bacteroidota	Sphingobacteriia	Sphingobacteriales
0	Bacteria	Bacteroidota	Sphingobacteriia	Sphingobacteriales	Sphingobacteriaceae
0	Bacteria	Bacteroidota	Sphingobacteriia	Sphingobacteriales	Sphingobacteriaceae	Pedobacter
27	Bacteria	Bacteroidota	Sphingobacteriia	Sphingobacteriales	Sphingobacteriaceae	Pedobacter	Pedobacter_cryoconitis
16	Bacteria	Bacteroidota	Sphingobacteriia	Sphingobacteriales	Sphingobacteriaceae	Pedobacter	Pedobacter_sp._D749
0	Bacteria	Planctomycetota
0	Bacteria	Planctomycetota	Planctomycetia
0	Bacteria	Planctomycetota	Planctomycetia	Isosphaerales
0	Bacteria	Planctomycetota	Planctomycetia	Isosphaerales	Isosphaeraceae
0	Bacteria	Planctomycetota	Planctomycetia	Isosphaerales	Isosphaeraceae	Aquisphaera
19	Bacteria	Planctomycetota	Planctomycetia	Isosphaerales	Isosphaeraceae	Aquisphaera	Aquisphaera_giovannonii
0	Bacteria	Planctomycetota	Planctomycetia	Isosphaerales	Isosphaeraceae	Singulisphaera
18	Bacteria	Planctomycetota	Planctomycetia	Isosphaerales	Isosphaeraceae	Singulisphaera	Singulisphaera_acidiphila
0	Bacteria	Planctomycetota	Planctomycetia	Gemmatales
0	Bacteria	Planctomycetota	Planctomycetia	Gemmatales	Gemmataceae
0	Bacteria	Planctomycetota	Planctomycetia	Gemmatales	Gemmataceae	Frigoriglobus
17	Bacteria	Planctomycetota	Planctomycetia	Gemmatales	Gemmataceae	Frigoriglobus	Frigoriglobus_tundricola
0	Bacteria	Planctomycetota	Planctomycetia	Gemmatales	Gemmataceae	Limnoglobus
16	Bacteria	Planctomycetota	Planctomycetia	Gemmatales	Gemmataceae	Limnoglobus	Limnoglobus_roseus
0	Bacteria	Verrucomicrobiota
0	Bacteria	Verrucomicrobiota	Opitutae
0	Bacteria	Verrucomicrobiota	Opitutae	Opitutales
0	Bacteria	Verrucomicrobiota	Opitutae	Opitutales	Opitutaceae
0	Bacteria	Verrucomicrobiota	Opitutae	Opitutales	Opitutaceae	Lacunisphaera
17	Bacteria	Verrucomicrobiota	Opitutae	Opitutales	Opitutaceae	Lacunisphaera	Lacunisphaera_limnophila
0	Bacteria	Verrucomicrobiota	Opitutae	Opitutales	Opitutaceae	Opitutus
16	Bacteria	Verrucomicrobiota	Opitutae	Opitutales	Opitutaceae	Opitutus	Opitutus_sp._GAS368
0	Bacteria	Myxococcota
0	Bacteria	Myxococcota	Myxococcia
0	Bacteria	Myxococcota	Myxococcia	Polyangiales
0	Bacteria	Myxococcota	Myxococcia	Polyangiales	Polyangiaceae
0	Bacteria	Myxococcota	Myxococcia	Polyangiales	Polyangiaceae	Sorangium
33	Bacteria	Myxococcota	Myxococcia	Polyangiales	Polyangiaceae	Sorangium	Sorangium_cellulosum
0	Bacteria	Myxococcota	Myxococcia	Polyangiales	Sandaracinaceae
0	Bacteria	Myxococcota	Myxococcia	Polyangiales	Sandaracinaceae	Sandaracinus
13	Bacteria	Myxococcota	Myxococcia	Polyangiales	Sandaracinaceae	Sandaracinus	Sandaracinus_amylolyticus
0	Bacteria	Myxococcota	Myxococcia	Nannocystales
0	Bacteria	Myxococcota	Myxococcia	Nannocystales	Nannocystaceae
0	Bacteria	Myxococcota	Myxococcia	Nannocystales	Nannocystaceae	Nannocystis
15	Bacteria	Myxococcota	Myxococcia	Nannocystales	Nannocystaceae	Nannocystis	Nannocystis_sp._fl3
0	Bacteria	Campylobacterota
0	Bacteria	Campylobacterota	Epsilonproteobacteria
0	Bacteria	Campylobacterota	Epsilonproteobacteria	Campylobacterales
0	Bacteria	Campylobacterota	Epsilonproteobacteria	Campylobacterales	Arcobacteraceae
0	Bacteria	Campylobacterota	Epsilonproteobacteria	Campylobacterales	Arcobacteraceae	Arcobacter
23	Bacteria	Campylobacterota	Epsilonproteobacteria	Campylobacterales	Arcobacteraceae	Arcobacter	Arcobacter_venerupis
0	Bacteria	Campylobacterota	Epsilonproteobacteria	Campylobacterales	Arcobacteraceae	Aliarcobacter
22	Bacteria	Campylobacterota	Epsilonproteobacteria	Campylobacterales	Arcobacteraceae	Aliarcobacter	Aliarcobacter_cryaerophilus
0	Bacteria	Bdellovibrionota
0	Bacteria	Bdellovibrionota	Bacteriovoracia
0	Bacteria	Bdellovibrionota	Bacteriovoracia	Bacteriovoracales
0	Bacteria	Bdellovibrionota	Bacteriovoracia	Bacteriovoracales	Bacteriovoracaceae
0	Bacteria	Bdellovibrionota	Bacteriovoracia	Bacteriovoracales	Bacteriovoracaceae	Bacteriovorax
10	Bacteria	Bdellovibrionota	Bacteriovoracia	Bacteriovoracales	Bacteriovoracaceae	Bacteriovorax	Bacteriovorax_stolpii
0	Eukaryota
0	Eukaryota	Chordata
0	Eukaryota	Chordata	Mammalia
0	Eukaryota	Chordata	Mammalia	Primates
0	Eukaryota	Chordata	Mammalia	Primates	Hominidae
0	Eukaryota	Chordata	Mammalia	Primates	Hominidae	Homo
569	Eukaryota	Chordata	Mammalia	Primates	Hominidae	Homo	Homo_sapiens
0	Eukaryota	Basidiomycota
0	Eukaryota	Basidiomycota	Malasseziomycetes
0	Eukaryota	Basidiomycota	Malasseziomycetes	Malasseziales
0	Eukaryota	Basidiomycota	Malasseziomycetes	Malasseziales	Malasseziaceae
0	Eukaryota	Basidiomycota	Malasseziomycetes	Malasseziales	Malasseziaceae	Malassezia
17	Eukaryota	Basidiomycota	Malasseziomycetes	Malasseziales	Malasseziaceae	Malassezia	Malassezia_restricta
0	Viruses
0	Viruses	Uroviricota
0	Viruses	Uroviricota	Caudoviricetes
0	Viruses	Uroviricota	Caudoviricetes	Vhmlvirus
47	Viruses	Uroviricota	Caudoviricetes	Vhmlvirus	Vhmlvirus_VP585
24	Viruses	Uroviricota	Caudoviricetes	Vhmlvirus	Vhmlvirus_mar
