0	Bacteria
0	Bacteria	Bacillota
0	Bacteria	Bacillota	Bacilli
0	Bacteria	Bacillota	Bacilli	Lactobacillales
0	Bacteria	Bacillota	Bacilli	Lactobacillales	Streptococcaceae
0	Bacteria	Bacillota	Bacilli	Lactobacillales	Streptococcaceae	Streptococcus
454	Bacteria	Bacillota	Bacilli	Lactobacillales	Streptococcaceae	Streptococcus	Streptococcus_oralis
78	Bacteria	Bacillota	Bacilli	Lactobacillales	Streptococcaceae	Streptococcus	Streptococcus_sp._LPB0220
60	Bacteria	Bacillota	Bacilli	Lactobacillales	Streptococcaceae	Streptococcus	Streptococcus_sp._HSISM1
35	Bacteria	Bacillota	Bacilli	Lactobacillales	Streptococcaceae	Streptococcus	Streptococcus_sp._oral_taxon_064
12	Bacteria	Bacillota	Bacilli	Lactobacillales	Streptococcaceae	Streptococcus	Streptococcus_sp._oral_taxon_061
231	Bacteria	Bacillota	Bacilli	Lactobacillales	Streptococcaceae	Streptococcus	Streptococcus_salivarius
138	Bacteria	Bacillota	Bacilli	Lactobacillales	Streptococcaceae	Streptococcus	Streptococcus_intermedius
159	Bacteria	Bacillota	Bacilli	Lactobacillales	Streptococcaceae	Streptococcus	Streptococcus_mitis
79	Bacteria	Bacillota	Bacilli	Lactobacillales	Streptococcaceae	Streptococcus	Streptococcus_vestibularis
68	Bacteria	Bacillota	Bacilli	Lactobacillales	Streptococcaceae	Streptococcus	Streptococcus_parasanguinis
59	Bacteria	Bacillota	Bacilli	Lactobacillales	Streptococcaceae	Streptococcus	Streptococcus_gordonii
42	Bacteria	Bacillota	Bacilli	Lactobacillales	Streptococcaceae	Streptococcus	Streptococcus_pneumoniae
25	Bacteria	Bacillota	Bacilli	Lactobacillales	Streptococcaceae	Streptococcus	Streptococcus_mutans
23	Bacteria	Bacillota	Bacilli	Lactobacillales	Streptococcaceae	Streptococcus	Streptococcus_infantis
22	Bacteria	Bacillota	Bacilli	Lactobacillales	Streptococcaceae	Streptococcus	Streptococcus_gwangjuense
14	Bacteria	Bacillota	Bacilli	Lactobacillales	Streptococcaceae	Streptococcus	Streptococcus_pseudopneumoniae
0	Bacteria	Bacillota	Bacilli	Lactobacillales	Carnobacteriaceae
0	Bacteria	Bacillota	Bacilli	Lactobacillales	Carnobacteriaceae	Dolosigranulum
518	Bacteria	Bacillota	Bacilli	Lactobacillales	Carnobacteriaceae	Dolosigranulum	Dolosigranulum_pigrum
0	Bacteria	Bacillota	Bacilli	Lactobacillales	Carnobacteriaceae	Granulicatella
21	Bacteria	Bacillota	Bacilli	Lactobacillales	Carnobacteriaceae	Granulicatella	Granulicatella_adiacens
0	Bacteria	Bacillota	Bacilli	Lactobacillales	Lactobacillaceae
0	Bacteria	Bacillota	Bacilli	Lactobacillales	Lactobacillaceae	Ligilactobacillus
113	Bacteria	Bacillota	Bacilli	Lactobacillales	Lactobacillaceae	Ligilactobacillus	Ligilactobacillus_salivarius
0	Bacteria	Bacillota	Bacilli	Lactobacillales	Lactobacillaceae	Limosilactobacillus
57	Bacteria	Bacillota	Bacilli	Lactobacillales	Lactobacillaceae	Limosilactobacillus	Limosilactobacillus_portuensis
14	Bacteria	Bacillota	Bacilli	Lactobacillales	Lactobacillaceae	Limosilactobacillus	Limosilactobacillus_fermentum
0	Bacteria	Bacillota	Bacilli	Lactobacillales	Lactobacillaceae	Lactobacillus
33	Bacteria	Bacillota	Bacilli	Lactobacillales	Lactobacillaceae	Lactobacillus	Lactobacillus_gasseri
13	Bacteria	Bacillota	Bacilli	Lactobacillales	Lactobacillaceae	Lactobacillus	Lactobacillus_crispatus
0	Bacteria	Bacillota	Bacilli	Lactobacillales	Enterococcaceae
0	Bacteria	Bacillota	Bacilli	Lactobacillales	Enterococcaceae	Enterococcus
48	Bacteria	Bacillota	Bacilli	Lactobacillales	Enterococcaceae	Enterococcus	Enterococcus_cecorum
0	Bacteria	Bacillota	Bacilli	Bacillales
0	Bacteria	Bacillota	Bacilli	Bacillales	Staphylococcaceae
0	Bacteria	Bacillota	Bacilli	Bacillales	Staphylococcaceae	Staphylococcus
46	Bacteria	Bacillota	Bacilli	Bacillales	Staphylococcaceae	Staphylococcus	Staphylococcus_epidermidis
0	Bacteria	Bacillota	Negativicutes
0	Bacteria	Bacillota	Negativicutes	Veillonellales
0	Bacteria	Bacillota	Negativicutes	Veillonellales	Veillonellaceae
0	Bacteria	Bacillota	Negativicutes	Veillonellales	Veillonellaceae	Veillonella
245	Bacteria	Bacillota	Negativicutes	Veillonellales	Veillonellaceae	Veillonella	Veillonella_parvula
145	Bacteria	Bacillota	Negativicutes	Veillonellales	Veillonellaceae	Veillonella	Veillonella_nakazawae
114	Bacteria	Bacillota	Negativicutes	Veillonellales	Veillonellaceae	Veillonella	Veillonella_atypica
80	Bacteria	Bacillota	Negativicutes	Veillonellales	Veillonellaceae	Veillonella	Veillonella_sp._S12025-13
88	Bacteria	Bacillota	Negativicutes	Veillonellales	Veillonellaceae	Veillonella	Veillonella_dispar
53	Bacteria	Bacillota	Negativicutes	Veillonellales	Veillonellaceae	Veillonella	Veillonella_rogosae
0	Bacteria	Bacillota	Negativicutes	Selenomonadales
0	Bacteria	Bacillota	Negativicutes	Selenomonadales	Selenomonadaceae
0	Bacteria	Bacillota	Negativicutes	Selenomonadales	Selenomonadaceae	Selenomonas
19	Bacteria	Bacillota	Negativicutes	Selenomonadales	Selenomonadaceae	Selenomonas	Selenomonas_sputigena
0	Bacteria	Actinomycetota
0	Bacteria	Actinomycetota	Actinomycetes
0	Bacteria	Actinomycetota	Actinomycetes	Actinomycetales
0	Bacteria	Actinomycetota	Actinomycetes	Actinomycetales	Actinomycetaceae
0	Bacteria	Actinomycetota	Actinomycetes	Actinomycetales	Actinomycetaceae	Actinomyces
469	Bacteria	Actinomycetota	Actinomycetes	Actinomycetales	Actinomycetaceae	Actinomyces	Actinomyces_oris
139	Bacteria	Actinomycetota	Actinomycetes	Actinomycetales	Actinomycetaceae	Actinomyces	Actinomyces_sp._oral_taxon_169
130	Bacteria	Actinomycetota	Actinomycetes	Actinomycetales	Actinomycetaceae	Actinomyces	Actinomyces_sp._HMT_175
30	Bacteria	Actinomycetota	Actinomycetes	Actinomycetales	Actinomycetaceae	Actinomyces	Actinomyces_sp._oral_taxon_171
29	Bacteria	Actinomycetota	Actinomycetes	Actinomycetales	Actinomycetaceae	Actinomyces	Actinomyces_viscosus
28	Bacteria	Actinomycetota	Actinomycetes	Actinomycetales	Actinomycetaceae	Actinomyces	Actinomyces_naeslundii
11	Bacteria	Actinomycetota	Actinomycetes	Actinomycetales	Actinomycetaceae	Actinomyces	Actinomyces_pacaensis
0	Bacteria	Actinomycetota	Actinomycetes	Mycobacteriales
0	Bacteria	Actinomycetota	Actinomycetes	Mycobacteriales	Corynebacteriaceae
0	Bacteria	Actinomycetota	Actinomycetes	Mycobacteriales	Corynebacteriaceae	Corynebacterium
504	Bacteria	Actinomycetota	Actinomycetes	Mycobacteriales	Corynebacteriaceae	Corynebacterium	Corynebacterium_pseudodiphtheriticum
53	Bacteria	Actinomycetota	Actinomycetes	Mycobacteriales	Corynebacteriaceae	Corynebacterium	Corynebacterium_propinquum
48	Bacteria	Actinomycetota	Actinomycetes	Mycobacteriales	Corynebacteriaceae	Corynebacterium	Corynebacterium_segmentosum
35	Bacteria	Actinomycetota	Actinomycetes	Mycobacteriales	Corynebacteriaceae	Corynebacterium	Corynebacterium_accolens
16	Bacteria	Actinomycetota	Actinomycetes	Mycobacteriales	Corynebacteriaceae	Corynebacterium	Corynebacterium_kefirresidentii
15	Bacteria	Actinomycetota	Actinomycetes	Mycobacteriales	Corynebacteriaceae	Corynebacterium	Corynebacterium_macginleyi
0	Bacteria	Actinomycetota	Actinomycetes	Micrococcales
0	Bacteria	Actinomycetota	Actinomycetes	Micrococcales	Micrococcaceae
0	Bacteria	Actinomycetota	Actinomycetes	Micrococcales	Micrococcaceae	Rothia
213	Bacteria	Actinomycetota	Actinomycetes	Micrococcales	Micrococcaceae	Rothia	Rothia_dentocariosa
210	Bacteria	Actinomycetota	Actinomycetes	Micrococcales	Micrococcaceae	Rothia	Rothia_mucilaginosa
18	Bacteria	Actinomycetota	Actinomycetes	Micrococcales	Micrococcaceae	Rothia	Rothia_aeria
0	Bacteria	Actinomycetota	Actinomycetes	Propionibacteriales
0	Bacteria	Actinomycetota	Actinomycetes	Propionibacteriales	Propionibacteriaceae
0	Bacteria	Actinomycetota	Actinomycetes	Propionibacteriales	Propionibacteriaceae	Cutibacterium
132	Bacteria	Actinomycetota	Actinomycetes	Propionibacteriales	Propionibacteriaceae	Cutibacterium	Cutibacterium_acnes
0	Bacteria	Actinomycetota	Coriobacteriia
0	Bacteria	Actinomycetota	Coriobacteriia	Coriobacteriales
0	Bacteria	Actinomycetota	Coriobacteriia	Coriobacteriales	Atopobiaceae
0	Bacteria	Actinomycetota	Coriobacteriia	Coriobacteriales	Atopobiaceae	Lancefieldella
57	Bacteria	Actinomycetota	Coriobacteriia	Coriobacteriales	Atopobiaceae	Lancefieldella	Lancefieldella_parvula
0	Bacteria	Actinomycetota	Coriobacteriia	Coriobacteriales	Atopobiaceae	Olsenella
17	Bacteria	Actinomycetota	Coriobacteriia	Coriobacteriales	Atopobiaceae	Olsenella	Olsenella_uli
0	Bacteria	Pseudomonadota
0	Bacteria	Pseudomonadota	Gammaproteobacteria
0	Bacteria	Pseudomonadota	Gammaproteobacteria	Moraxellales
0	Bacteria	Pseudomonadota	Gammaproteobacteria	Moraxellales	Moraxellaceae
0	Bacteria	Pseudomonadota	Gammaproteobacteria	Moraxellales	Moraxellaceae	Moraxella
3347	Bacteria	Pseudomonadota	Gammaproteobacteria	Moraxellales	Moraxellaceae	Moraxella	Moraxella_nonliquefaciens
157	Bacteria	Pseudomonadota	Gammaproteobacteria	Moraxellales	Moraxellaceae	Moraxella	Moraxella_catarrhalis
129	Bacteria	Pseudomonadota	Gammaproteobacteria	Moraxellales	Moraxellaceae	Moraxella	Moraxella_bovis
42	Bacteria	Pseudomonadota	Gammaproteobacteria	Moraxellales	Moraxellaceae	Moraxella	Moraxella_bovoculi
22	Bacteria	Pseudomonadota	Gammaproteobacteria	Moraxellales	Moraxellaceae	Moraxella	Moraxella_sp._ZY201224
0	Bacteria	Pseudomonadota	Gammaproteobacteria	Moraxellales	Moraxellaceae	Acinetobacter
37	Bacteria	Pseudomonadota	Gammaproteobacteria	Moraxellales	Moraxellaceae	Acinetobacter	Acinetobacter_junii
0	Bacteria	Pseudomonadota	Gammaproteobacteria	Vibrionales
0	Bacteria	Pseudomonadota	Gammaproteobacteria	Vibrionales	Vibrionaceae
0	Bacteria	Pseudomonadota	Gammaproteobacteria	Vibrionales	Vibrionaceae	Vibrio
72	Bacteria	Pseudomonadota	Gammaproteobacteria	Vibrionales	Vibrionaceae	Vibrio	Vibrio_fluvialis
0	Bacteria	Pseudomonadota	Gammaproteobacteria	Pseudomonadales
0	Bacteria	Pseudomonadota	Gammaproteobacteria	Pseudomonadales	Pseudomonadaceae
0	Bacteria	Pseudomonadota	Gammaproteobacteria	Pseudomonadales	Pseudomonadaceae	Pseudomonas
49	Bacteria	Pseudomonadota	Gammaproteobacteria	Pseudomonadales	Pseudomonadaceae	Pseudomonas	Pseudomonas_fluorescens
0	Bacteria	Pseudomonadota	Gammaproteobacteria	Alteromonadales
0	Bacteria	Pseudomonadota	Gammaproteobacteria	Alteromonadales	Shewanellaceae
0	Bacteria	Pseudomonadota	Gammaproteobacteria	Alteromonadales	Shewanellaceae	Shewanella
25	Bacteria	Pseudomonadota	Gammaproteobacteria	Alteromonadales	Shewanellaceae	Shewanella	Shewanella_algae
0	Bacteria	Pseudomonadota	Gammaproteobacteria	Xanthomonadales
0	Bacteria	Pseudomonadota	Gammaproteobacteria	Xanthomonadales	Xanthomonadaceae
0	Bacteria	Pseudomonadota	Gammaproteobacteria	Xanthomonadales	Xanthomonadaceae	Xanthomonas
25	Bacteria	Pseudomonadota	Gammaproteobacteria	Xanthomonadales	Xanthomonadaceae	Xanthomonas	Xanthomonas_campestris
0	Bacteria	Pseudomonadota	Gammaproteobacteria	Cardiobacteriales
0	Bacteria	Pseudomonadota	Gammaproteobacteria	Cardiobacteriales	Cardiobacteriaceae
0	Bacteria	Pseudomonadota	Gammaproteobacteria	Cardiobacteriales	Cardiobacteriaceae	Cardiobacterium
24	Bacteria	Pseudomonadota	Gammaproteobacteria	Cardiobacteriales	Cardiobacteriaceae	Cardiobacterium	Cardiobacterium_sp._Marseille-Q4385
0	Bacteria	Pseudomonadota	Betaproteobacteria
0	Bacteria	Pseudomonadota	Betaproteobacteria	Burkholderiales
0	Bacteria	Pseudomonadota	Betaproteobacteria	Burkholderiales	Burkholderiaceae
0	Bacteria	Pseudomonadota	Betaproteobacteria	Burkholderiales	Burkholderiaceae	Burkholderia
75	Bacteria	Pseudomonadota	Betaproteobacteria	Burkholderiales	Burkholderiaceae	Burkholderia	Burkholderia_multivorans
0	Bacteria	Pseudomonadota	Betaproteobacteria	Burkholderiales	Burkholderiaceae	Ralstonia
16	Bacteria	Pseudomonadota	Betaproteobacteria	Burkholderiales	Burkholderiaceae	Ralstonia	Ralstonia_insidiosa
0	Bacteria	Pseudomonadota	Betaproteobacteria	Neisseriales
0	Bacteria	Pseudomonadota	Betaproteobacteria	Neisseriales	Neisseriaceae
0	Bacteria	Pseudomonadota	Betaproteobacteria	Neisseriales	Neisseriaceae	Kingella
23	Bacteria	Pseudomonadota	Betaproteobacteria	Neisseriales	Neisseriaceae	Kingella	Kingella_oralis
0	Bacteria	Pseudomonadota	Alphaproteobacteria
0	Bacteria	Pseudomonadota	Alphaproteobacteria	Caulobacterales
0	Bacteria	Pseudomonadota	Alphaproteobacteria	Caulobacterales	Caulobacteraceae
0	Bacteria	Pseudomonadota	Alphaproteobacteria	Caulobacterales	Caulobacteraceae	Brevundimonas
16	Bacteria	Pseudomonadota	Alphaproteobacteria	Caulobacterales	Caulobacteraceae	Brevundimonas	Brevundimonas_nasdae
0	Bacteria	Bacteroidota
0	Bacteria	Bacteroidota	Bacteroidia
0	Bacteria	Bacteroidota	Bacteroidia	Bacteroidales
0	Bacteria	Bacteroidota	Bacteroidia	Bacteroidales	Prevotellaceae
0	Bacteria	Bacteroidota	Bacteroidia	Bacteroidales	Prevotellaceae	Prevotella
469	Bacteria	Bacteroidota	Bacteroidia	Bacteroidales	Prevotellaceae	Prevotella	Prevotella_denticola
428	Bacteria	Bacteroidota	Bacteroidia	Bacteroidales	Prevotellaceae	Prevotella	Prevotella_melaninogenica
249	Bacteria	Bacteroidota	Bacteroidia	Bacteroidales	Prevotellaceae	Prevotella	Prevotella_oris
126	Bacteria	Bacteroidota	Bacteroidia	Bacteroidales	Prevotellaceae	Prevotella	Prevotella_nigrescens
28	Bacteria	Bacteroidota	Bacteroidia	Bacteroidales	Prevotellaceae	Prevotella	Prevotella_intermedia
20	Bacteria	Bacteroidota	Bacteroidia	Bacteroidales	Prevotellaceae	Prevotella	Prevotella_jejuni
0	Bacteria	Bacteroidota	Bacteroidia	Bacteroidales	Porphyromonadaceae
0	Bacteria	Bacteroidota	Bacteroidia	Bacteroidales	Porphyromonadaceae	Porphyromonas
77	Bacteria	Bacteroidota	Bacteroidia	Bacteroidales	Porphyromonadaceae	Porphyromonas	Porphyromonas_gingivalis
0	Bacteria	Bacteroidota	Bacteroidia	Bacteroidales	Tannerellaceae
0	Bacteria	Bacteroidota	Bacteroidia	Bacteroidales	Tannerellaceae	Tannerella
43	Bacteria	Bacteroidota	Bacteroidia	Bacteroidales	Tannerellaceae	Tannerella	Tannerella_forsythia
0	Bacteria	Bacteroidota	Flavobacteriia
0	Bacteria	Bacteroidota	Flavobacteriia	Flavobacteriales
0	Bacteria	Bacteroidota	Flavobacteriia	Flavobacteriales	Flavobacteriaceae
0	Bacteria	Bacteroidota	Flavobacteriia	Flavobacteriales	Flavobacteriaceae	Capnocytophaga
16	Bacteria	Bacteroidota	Flavobacteriia	Flavobacteriales	Flavobacteriaceae	Capnocytophaga	Capnocytophaga_gingivalis
12	Bacteria	Bacteroidota	Flavobacteriia	Flavobacteriales	Flavobacteriaceae	Capnocytophaga	Capnocytophaga_leadbetteri
0	Bacteria	Fusobacteriota
0	Bacteria	Fusobacteriota	Fusobacteriia
0	Bacteria	Fusobacteriota	Fusobacteriia	Fusobacteriales
0	Bacteria	Fusobacteriota	Fusobacteriia	Fusobacteriales	Fusobacteriaceae
0	Bacteria	Fusobacteriota	Fusobacteriia	Fusobacteriales	Fusobacteriaceae	Fusobacterium
32	Bacteria	Fusobacteriota	Fusobacteriia	Fusobacteriales	Fusobacteriaceae	Fusobacterium	Fusobacterium_nucleatum
0	Bacteria	Spirochaetota
0	Bacteria	Spirochaetota	Spirochaetia
0	Bacteria	Spirochaetota	Spirochaetia	Spirochaetales
0	Bacteria	Spirochaetota	Spirochaetia	Spirochaetales	Treponemataceae
0	Bacteria	Spirochaetota	Spirochaetia	Spirochaetales	Treponemataceae	Treponema
18	Bacteria	Spirochaetota	Spirochaetia	Spirochaetales	Treponemataceae	Treponema	Treponema_denticola
0	Eukaryota
0	Eukaryota	Chordata
0	Eukaryota	Chordata	Mammalia
0	Eukaryota	Chordata	Mammalia	Primates
0	Eukaryota	Chordata	Mammalia	Primates	Hominidae
0	Eukaryota	Chordata	Mammalia	Primates	Hominidae	Homo
170	Eukaryota	Chordata	Mammalia	Primates	Hominidae	Homo	Homo_sapiens
0	Eukaryota	Ascomycota
0	Eukaryota	Ascomycota	Eurotiomycetes
0	Eukaryota	Ascomycota	Eurotiomycetes	Eurotiales
0	Eukaryota	Ascomycota	Eurotiomycetes	Eurotiales	Aspergillaceae
0	Eukaryota	Ascomycota	Eurotiomycetes	Eurotiales	Aspergillaceae	Aspergillus
19	Eukaryota	Ascomycota	Eurotiomycetes	Eurotiales	Aspergillaceae	Aspergillus	Aspergillus_fumigatus
0	Viruses
0	Viruses	Peploviricota
0	Viruses	Peploviricota	Herviviricetes
0	Viruses	Peploviricota	Herviviricetes	Herpesvirales
0	Viruses	Peploviricota	Herviviricetes	Herpesvirales	Herpesviridae
0	Viruses	Peploviricota	Herviviricetes	Herpesvirales	Herpesviridae	Lymphocryptovirus
12	Viruses	Peploviricota	Herviviricetes	Herpesvirales	Herpesviridae	Lymphocryptovirus	Human_gammaherpesvirus_4
