[2023-05-31 14:06:20,829] multiqc                                            [DEBUG  ]  This is MultiQC v1.13
[2023-05-31 14:06:20,830] multiqc                                            [DEBUG  ]  Command used: /shared/ifbstor1/software/miniconda/envs/multiqc-1.13/bin/multiqc --force --title rgrochowski all kraken2 ../data/merged_pairs/ ./fastqc/ ./rgrochowski_flash2.log ./bowtie/ ./kraken2/all/ERR6913112_kraken2_bracken_report.tsv ./kraken2/all/ERR6913113_kraken2_bracken_report.tsv ./kraken2/all/ERR6913122_kraken2_bracken_report.tsv ./kraken2/all/ERR6913208_kraken2_bracken_report.tsv ./kraken2/all/ERR6913209_kraken2_bracken_report.tsv ./kraken2/all/ERR6913218_kraken2_bracken_report.tsv ./kraken2/all/ERR6913320_kraken2_bracken_report.tsv ./kraken2/all/ERR6913349_kraken2_bracken_report.tsv ./krona/ERR6913112_kraken2_krona.out ./krona/ERR6913113_kraken2_krona.out ./krona/ERR6913122_kraken2_krona.out ./krona/ERR6913208_kraken2_krona.out ./krona/ERR6913209_kraken2_krona.out ./krona/ERR6913218_kraken2_krona.out ./krona/ERR6913320_kraken2_krona.out ./krona/ERR6913349_kraken2_krona.out
[2023-05-31 14:06:21,112] multiqc                                            [WARNING]  MultiQC Version v1.14 now available!
[2023-05-31 14:06:21,112] multiqc                                            [DEBUG  ]  Working dir : /shared/ifbstor1/projects/2314_medbioinfo/radoslaw/MedBioinfo/analyses
[2023-05-31 14:06:21,112] multiqc                                            [DEBUG  ]  Template    : default
[2023-05-31 14:06:21,113] multiqc                                            [DEBUG  ]  Running Python 3.10.6 | packaged by conda-forge | (main, Aug 22 2022, 20:36:39) [GCC 10.4.0]
[2023-05-31 14:06:21,113] multiqc                                            [INFO   ]  Report title: rgrochowski all kraken2
[2023-05-31 14:06:21,114] multiqc                                            [DEBUG  ]  Analysing modules: custom_content, ccs, ngsderive, purple, conpair, lima, peddy, somalier, methylQA, mosdepth, phantompeakqualtools, qualimap, preseq, quast, qorts, rna_seqc, rockhopper, rsem, rseqc, busco, bustools, goleft_indexcov, gffcompare, disambiguate, supernova, deeptools, sargasso, verifybamid, mirtrace, happy, mirtop, sambamba, homer, hops, macs2, theta2, snpeff, gatk, htseq, bcftools, featureCounts, fgbio, dragen, dedup, pbmarkdup, damageprofiler, biobambam2, jcvi, mtnucratio, picard, vep, sentieon, prokka, qc3C, nanostat, samblaster, samtools, sexdeterrmine, eigenstratdatabasetools, bamtools, jellyfish, vcftools, longranger, stacks, varscan2, snippy, bbmap, bismark, biscuit, hicexplorer, hicup, hicpro, salmon, kallisto, slamdunk, star, hisat2, tophat, bowtie2, bowtie1, snpsplit, odgi, pangolin, kat, leehom, adapterRemoval, clipandmerge, cutadapt, flexbar, kaiju, kraken, malt, trimmomatic, sickle, skewer, sortmerna, biobloomtools, fastq_screen, afterqc, fastp, fastqc, pychopper, pycoqc, minionqc, multivcfanalyzer, clusterflow, checkqc, bcl2fastq, bclconvert, interop, ivar, flash, seqyclean, optitype, whatshap
[2023-05-31 14:06:21,114] multiqc                                            [DEBUG  ]  Using temporary directory for creating report: /tmp/tmpb9mawlyg
[2023-05-31 14:06:21,340] multiqc                                            [INFO   ]  Search path : /shared/ifbstor1/projects/2314_medbioinfo/radoslaw/MedBioinfo/data/merged_pairs
[2023-05-31 14:06:21,340] multiqc                                            [INFO   ]  Search path : /shared/ifbstor1/projects/2314_medbioinfo/radoslaw/MedBioinfo/analyses/fastqc
[2023-05-31 14:06:21,341] multiqc                                            [INFO   ]  Search path : /shared/ifbstor1/projects/2314_medbioinfo/radoslaw/MedBioinfo/analyses/rgrochowski_flash2.log
[2023-05-31 14:06:21,341] multiqc                                            [INFO   ]  Search path : /shared/ifbstor1/projects/2314_medbioinfo/radoslaw/MedBioinfo/analyses/bowtie
[2023-05-31 14:06:21,341] multiqc                                            [INFO   ]  Search path : /shared/ifbstor1/projects/2314_medbioinfo/radoslaw/MedBioinfo/analyses/kraken2/all/ERR6913112_kraken2_bracken_report.tsv
[2023-05-31 14:06:21,341] multiqc                                            [INFO   ]  Search path : /shared/ifbstor1/projects/2314_medbioinfo/radoslaw/MedBioinfo/analyses/kraken2/all/ERR6913113_kraken2_bracken_report.tsv
[2023-05-31 14:06:21,341] multiqc                                            [INFO   ]  Search path : /shared/ifbstor1/projects/2314_medbioinfo/radoslaw/MedBioinfo/analyses/kraken2/all/ERR6913122_kraken2_bracken_report.tsv
[2023-05-31 14:06:21,341] multiqc                                            [INFO   ]  Search path : /shared/ifbstor1/projects/2314_medbioinfo/radoslaw/MedBioinfo/analyses/kraken2/all/ERR6913208_kraken2_bracken_report.tsv
[2023-05-31 14:06:21,342] multiqc                                            [INFO   ]  Search path : /shared/ifbstor1/projects/2314_medbioinfo/radoslaw/MedBioinfo/analyses/kraken2/all/ERR6913209_kraken2_bracken_report.tsv
[2023-05-31 14:06:21,342] multiqc                                            [INFO   ]  Search path : /shared/ifbstor1/projects/2314_medbioinfo/radoslaw/MedBioinfo/analyses/kraken2/all/ERR6913218_kraken2_bracken_report.tsv
[2023-05-31 14:06:21,342] multiqc                                            [INFO   ]  Search path : /shared/ifbstor1/projects/2314_medbioinfo/radoslaw/MedBioinfo/analyses/kraken2/all/ERR6913320_kraken2_bracken_report.tsv
[2023-05-31 14:06:21,342] multiqc                                            [INFO   ]  Search path : /shared/ifbstor1/projects/2314_medbioinfo/radoslaw/MedBioinfo/analyses/kraken2/all/ERR6913349_kraken2_bracken_report.tsv
[2023-05-31 14:06:21,342] multiqc                                            [INFO   ]  Search path : /shared/ifbstor1/projects/2314_medbioinfo/radoslaw/MedBioinfo/analyses/krona/ERR6913112_kraken2_krona.out
[2023-05-31 14:06:21,342] multiqc                                            [INFO   ]  Search path : /shared/ifbstor1/projects/2314_medbioinfo/radoslaw/MedBioinfo/analyses/krona/ERR6913113_kraken2_krona.out
[2023-05-31 14:06:21,342] multiqc                                            [INFO   ]  Search path : /shared/ifbstor1/projects/2314_medbioinfo/radoslaw/MedBioinfo/analyses/krona/ERR6913122_kraken2_krona.out
[2023-05-31 14:06:21,343] multiqc                                            [INFO   ]  Search path : /shared/ifbstor1/projects/2314_medbioinfo/radoslaw/MedBioinfo/analyses/krona/ERR6913208_kraken2_krona.out
[2023-05-31 14:06:21,343] multiqc                                            [INFO   ]  Search path : /shared/ifbstor1/projects/2314_medbioinfo/radoslaw/MedBioinfo/analyses/krona/ERR6913209_kraken2_krona.out
[2023-05-31 14:06:21,343] multiqc                                            [INFO   ]  Search path : /shared/ifbstor1/projects/2314_medbioinfo/radoslaw/MedBioinfo/analyses/krona/ERR6913218_kraken2_krona.out
[2023-05-31 14:06:21,343] multiqc                                            [INFO   ]  Search path : /shared/ifbstor1/projects/2314_medbioinfo/radoslaw/MedBioinfo/analyses/krona/ERR6913320_kraken2_krona.out
[2023-05-31 14:06:21,343] multiqc                                            [INFO   ]  Search path : /shared/ifbstor1/projects/2314_medbioinfo/radoslaw/MedBioinfo/analyses/krona/ERR6913349_kraken2_krona.out
[2023-05-31 14:06:32,125] multiqc                                            [DEBUG  ]  Summary of files that were skipped by the search: [skipped_module_specific_max_filesize: 388] // [skipped_no_match: 82] // [skipped_ignore_pattern: 30] // [skipped_filesize_limit: 5]
[2023-05-31 14:06:32,631] multiqc.plots.bargraph                             [DEBUG  ]  Using matplotlib version 3.6.1
[2023-05-31 14:06:32,632] multiqc.plots.linegraph                            [DEBUG  ]  Using matplotlib version 3.6.1
[2023-05-31 14:06:32,634] multiqc                                            [DEBUG  ]  No samples found: custom_content
[2023-05-31 14:06:32,641] multiqc.modules.bowtie2.bowtie2                    [DEBUG  ]  Duplicate sample name found! Overwriting: rgrochowski_bowtie2_sc2
[2023-05-31 14:06:32,641] multiqc.modules.bowtie2.bowtie2                    [DEBUG  ]  Duplicate sample name found! Overwriting: rgrochowski_bowtie2_sc2
[2023-05-31 14:06:32,641] multiqc.modules.bowtie2.bowtie2                    [DEBUG  ]  Duplicate sample name found! Overwriting: rgrochowski_bowtie2_sc2
[2023-05-31 14:06:32,642] multiqc.modules.bowtie2.bowtie2                    [DEBUG  ]  Duplicate sample name found! Overwriting: rgrochowski_bowtie2_PhiX
[2023-05-31 14:06:32,642] multiqc.modules.bowtie2.bowtie2                    [DEBUG  ]  Duplicate sample name found! Overwriting: rgrochowski_bowtie2_PhiX
[2023-05-31 14:06:32,642] multiqc.modules.bowtie2.bowtie2                    [DEBUG  ]  Duplicate sample name found! Overwriting: rgrochowski_bowtie2_PhiX
[2023-05-31 14:06:32,643] multiqc.modules.bowtie2.bowtie2                    [INFO   ]  Found 2 reports
[2023-05-31 14:06:32,735] multiqc.modules.kraken.kraken                      [INFO   ]  Found 8 reports
[2023-05-31 14:06:32,767] multiqc.modules.kraken.kraken                      [DEBUG  ]  Found negative 'other' count for ERR6913112_kraken2_bracken_report (Domain): -33
[2023-05-31 14:06:32,767] multiqc.modules.kraken.kraken                      [DEBUG  ]  Found negative 'other' count for ERR6913113_kraken2_bracken_report (Domain): -82
[2023-05-31 14:06:32,767] multiqc.modules.kraken.kraken                      [DEBUG  ]  Found negative 'other' count for ERR6913122_kraken2_bracken_report (Domain): -221
[2023-05-31 14:06:32,767] multiqc.modules.kraken.kraken                      [DEBUG  ]  Found negative 'other' count for ERR6913208_kraken2_bracken_report (Domain): -14
[2023-05-31 14:06:32,767] multiqc.modules.kraken.kraken                      [DEBUG  ]  Found negative 'other' count for ERR6913209_kraken2_bracken_report (Domain): -17
[2023-05-31 14:06:32,767] multiqc.modules.kraken.kraken                      [DEBUG  ]  Found negative 'other' count for ERR6913218_kraken2_bracken_report (Domain): -84
[2023-05-31 14:06:32,768] multiqc.modules.kraken.kraken                      [DEBUG  ]  Found negative 'other' count for ERR6913320_kraken2_bracken_report (Domain): -638
[2023-05-31 14:06:32,768] multiqc.modules.kraken.kraken                      [DEBUG  ]  Found negative 'other' count for ERR6913349_kraken2_bracken_report (Domain): -226
[2023-05-31 14:06:32,768] multiqc.modules.kraken.kraken                      [DEBUG  ]  Found negative 'other' count for ERR6913112_kraken2_bracken_report (Root): -33
[2023-05-31 14:06:32,768] multiqc.modules.kraken.kraken                      [DEBUG  ]  Found negative 'other' count for ERR6913113_kraken2_bracken_report (Root): -83
[2023-05-31 14:06:32,768] multiqc.modules.kraken.kraken                      [DEBUG  ]  Found negative 'other' count for ERR6913122_kraken2_bracken_report (Root): -221
[2023-05-31 14:06:32,768] multiqc.modules.kraken.kraken                      [DEBUG  ]  Found negative 'other' count for ERR6913208_kraken2_bracken_report (Root): -15
[2023-05-31 14:06:32,768] multiqc.modules.kraken.kraken                      [DEBUG  ]  Found negative 'other' count for ERR6913209_kraken2_bracken_report (Root): -18
[2023-05-31 14:06:32,768] multiqc.modules.kraken.kraken                      [DEBUG  ]  Found negative 'other' count for ERR6913218_kraken2_bracken_report (Root): -85
[2023-05-31 14:06:32,769] multiqc.modules.kraken.kraken                      [DEBUG  ]  Found negative 'other' count for ERR6913320_kraken2_bracken_report (Root): -640
[2023-05-31 14:06:32,769] multiqc.modules.kraken.kraken                      [DEBUG  ]  Found negative 'other' count for ERR6913349_kraken2_bracken_report (Root): -227
[2023-05-31 14:06:32,809] multiqc.modules.fastqc.fastqc                      [INFO   ]  Found 16 reports
[2023-05-31 14:06:32,986] multiqc.modules.flash.flash                        [INFO   ]  Found 8 log reports
[2023-05-31 14:06:32,994] multiqc.modules.flash.flash                        [INFO   ]  Found 8 histogram reports
[2023-05-31 14:06:33,032] multiqc                                            [INFO   ]  Compressing plot data
[2023-05-31 14:06:33,290] multiqc                                            [WARNING]  Deleting    : rgrochowski-all-kraken2_multiqc_report.html   (-f was specified)
[2023-05-31 14:06:33,292] multiqc                                            [WARNING]  Deleting    : rgrochowski-all-kraken2_multiqc_report_data   (-f was specified)
[2023-05-31 14:06:33,298] multiqc                                            [INFO   ]  Report      : rgrochowski-all-kraken2_multiqc_report.html
[2023-05-31 14:06:33,299] multiqc                                            [INFO   ]  Data        : rgrochowski-all-kraken2_multiqc_report_data
[2023-05-31 14:06:33,299] multiqc                                            [DEBUG  ]  Moving data file from '/tmp/tmpb9mawlyg/multiqc_data' to '/shared/ifbstor1/projects/2314_medbioinfo/radoslaw/MedBioinfo/analyses/rgrochowski-all-kraken2_multiqc_report_data'
[2023-05-31 14:06:33,435] multiqc                                            [INFO   ]  MultiQC complete
